[0.118s] DEBUG:colcon:Command line arguments: ['/usr/bin/colcon', 'build']
[0.118s] DEBUG:colcon:Parsed command line arguments: Namespace(log_base=None, log_level=None, verb_name='build', build_base='build', install_base='install', merge_install=False, symlink_install=False, test_result_base=None, continue_on_error=False, executor='parallel', parallel_workers=4, event_handlers=None, ignore_user_meta=False, metas=['./colcon.meta'], base_paths=['.'], packages_ignore=None, packages_ignore_regex=None, paths=None, packages_up_to=None, packages_up_to_regex=None, packages_above=None, packages_above_and_dependencies=None, packages_above_depth=None, packages_select_by_dep=None, packages_skip_by_dep=None, packages_skip_up_to=None, packages_select_build_failed=False, packages_skip_build_finished=False, packages_select_test_failures=False, packages_skip_test_passed=False, packages_select=None, packages_skip=None, packages_select_regex=None, packages_skip_regex=None, packages_start=None, packages_end=None, allow_overriding=[], cmake_args=None, cmake_target=None, cmake_target_skip_unavailable=False, cmake_clean_cache=False, cmake_clean_first=False, cmake_force_configure=False, ament_cmake_args=None, catkin_cmake_args=None, catkin_skip_building_tests=False, verb_parser=<colcon_defaults.argument_parser.defaults.DefaultArgumentsDecorator object at 0x730452327d00>, verb_extension=<colcon_core.verb.build.BuildVerb object at 0x730452326ec0>, main=<bound method BuildVerb.main of <colcon_core.verb.build.BuildVerb object at 0x730452326ec0>>)
[0.266s] Level 1:colcon.colcon_core.package_discovery:discover_packages(colcon_meta) check parameters
[0.269s] Level 1:colcon.colcon_core.package_discovery:discover_packages(recursive) check parameters
[0.269s] Level 1:colcon.colcon_core.package_discovery:discover_packages(ignore) check parameters
[0.269s] Level 1:colcon.colcon_core.package_discovery:discover_packages(path) check parameters
[0.269s] Level 1:colcon.colcon_core.package_discovery:discover_packages(colcon_meta) discover
[0.269s] Level 1:colcon.colcon_core.package_discovery:discover_packages(recursive) discover
[0.269s] INFO:colcon.colcon_core.package_discovery:Crawling recursively for packages in '/home/emma/turtlebot3_rl_ws'
[0.269s] Level 1:colcon.colcon_core.package_identification:_identify(.) by extensions ['ignore', 'ignore_ament_install']
[0.269s] Level 1:colcon.colcon_core.package_identification:_identify(.) by extension 'ignore'
[0.269s] Level 1:colcon.colcon_core.package_identification:_identify(.) by extension 'ignore_ament_install'
[0.269s] Level 1:colcon.colcon_core.package_identification:_identify(.) by extensions ['colcon_pkg']
[0.269s] Level 1:colcon.colcon_core.package_identification:_identify(.) by extension 'colcon_pkg'
[0.269s] Level 1:colcon.colcon_core.package_identification:_identify(.) by extensions ['colcon_meta']
[0.269s] Level 1:colcon.colcon_core.package_identification:_identify(.) by extension 'colcon_meta'
[0.269s] Level 1:colcon.colcon_core.package_identification:_identify(.) by extensions ['ros']
[0.269s] Level 1:colcon.colcon_core.package_identification:_identify(.) by extension 'ros'
[0.285s] Level 1:colcon.colcon_core.package_identification:_identify(.) by extensions ['cmake', 'python']
[0.287s] Level 1:colcon.colcon_core.package_identification:_identify(.) by extension 'cmake'
[0.287s] Level 1:colcon.colcon_core.package_identification:_identify(.) by extension 'python'
[0.287s] Level 1:colcon.colcon_core.package_identification:_identify(.) by extensions ['python_setup_py']
[0.288s] Level 1:colcon.colcon_core.package_identification:_identify(.) by extension 'python_setup_py'
[0.289s] Level 1:colcon.colcon_core.package_identification:_identify(build) by extensions ['ignore', 'ignore_ament_install']
[0.289s] Level 1:colcon.colcon_core.package_identification:_identify(build) by extension 'ignore'
[0.289s] Level 1:colcon.colcon_core.package_identification:_identify(build) ignored
[0.289s] Level 1:colcon.colcon_core.package_identification:_identify(install) by extensions ['ignore', 'ignore_ament_install']
[0.290s] Level 1:colcon.colcon_core.package_identification:_identify(install) by extension 'ignore'
[0.290s] Level 1:colcon.colcon_core.package_identification:_identify(install) ignored
[0.290s] Level 1:colcon.colcon_core.package_identification:_identify(log) by extensions ['ignore', 'ignore_ament_install']
[0.290s] Level 1:colcon.colcon_core.package_identification:_identify(log) by extension 'ignore'
[0.290s] Level 1:colcon.colcon_core.package_identification:_identify(log) ignored
[0.290s] Level 1:colcon.colcon_core.package_identification:_identify(src) by extensions ['ignore', 'ignore_ament_install']
[0.290s] Level 1:colcon.colcon_core.package_identification:_identify(src) by extension 'ignore'
[0.291s] Level 1:colcon.colcon_core.package_identification:_identify(src) by extension 'ignore_ament_install'
[0.291s] Level 1:colcon.colcon_core.package_identification:_identify(src) by extensions ['colcon_pkg']
[0.291s] Level 1:colcon.colcon_core.package_identification:_identify(src) by extension 'colcon_pkg'
[0.291s] Level 1:colcon.colcon_core.package_identification:_identify(src) by extensions ['colcon_meta']
[0.291s] Level 1:colcon.colcon_core.package_identification:_identify(src) by extension 'colcon_meta'
[0.291s] Level 1:colcon.colcon_core.package_identification:_identify(src) by extensions ['ros']
[0.291s] Level 1:colcon.colcon_core.package_identification:_identify(src) by extension 'ros'
[0.291s] Level 1:colcon.colcon_core.package_identification:_identify(src) by extensions ['cmake', 'python']
[0.291s] Level 1:colcon.colcon_core.package_identification:_identify(src) by extension 'cmake'
[0.291s] Level 1:colcon.colcon_core.package_identification:_identify(src) by extension 'python'
[0.291s] Level 1:colcon.colcon_core.package_identification:_identify(src) by extensions ['python_setup_py']
[0.291s] Level 1:colcon.colcon_core.package_identification:_identify(src) by extension 'python_setup_py'
[0.291s] Level 1:colcon.colcon_core.package_identification:_identify(src/build) by extensions ['ignore', 'ignore_ament_install']
[0.291s] Level 1:colcon.colcon_core.package_identification:_identify(src/build) by extension 'ignore'
[0.292s] Level 1:colcon.colcon_core.package_identification:_identify(src/build) ignored
[0.292s] Level 1:colcon.colcon_core.package_identification:_identify(src/install) by extensions ['ignore', 'ignore_ament_install']
[0.292s] Level 1:colcon.colcon_core.package_identification:_identify(src/install) by extension 'ignore'
[0.292s] Level 1:colcon.colcon_core.package_identification:_identify(src/install) ignored
[0.292s] Level 1:colcon.colcon_core.package_identification:_identify(src/log) by extensions ['ignore', 'ignore_ament_install']
[0.292s] Level 1:colcon.colcon_core.package_identification:_identify(src/log) by extension 'ignore'
[0.292s] Level 1:colcon.colcon_core.package_identification:_identify(src/log) ignored
[0.292s] Level 1:colcon.colcon_core.package_identification:_identify(src/my_turtlebot3_gazebo) by extensions ['ignore', 'ignore_ament_install']
[0.293s] Level 1:colcon.colcon_core.package_identification:_identify(src/my_turtlebot3_gazebo) by extension 'ignore'
[0.293s] Level 1:colcon.colcon_core.package_identification:_identify(src/my_turtlebot3_gazebo) by extension 'ignore_ament_install'
[0.293s] Level 1:colcon.colcon_core.package_identification:_identify(src/my_turtlebot3_gazebo) by extensions ['colcon_pkg']
[0.293s] Level 1:colcon.colcon_core.package_identification:_identify(src/my_turtlebot3_gazebo) by extension 'colcon_pkg'
[0.293s] Level 1:colcon.colcon_core.package_identification:_identify(src/my_turtlebot3_gazebo) by extensions ['colcon_meta']
[0.293s] Level 1:colcon.colcon_core.package_identification:_identify(src/my_turtlebot3_gazebo) by extension 'colcon_meta'
[0.293s] Level 1:colcon.colcon_core.package_identification:_identify(src/my_turtlebot3_gazebo) by extensions ['ros']
[0.293s] Level 1:colcon.colcon_core.package_identification:_identify(src/my_turtlebot3_gazebo) by extension 'ros'
[0.296s] DEBUG:colcon.colcon_core.package_identification:Package 'src/my_turtlebot3_gazebo' with type 'ros.ament_cmake' and name 'my_turtlebot3_gazebo'
[0.296s] Level 1:colcon.colcon_core.package_identification:_identify(src/train_controller) by extensions ['ignore', 'ignore_ament_install']
[0.296s] Level 1:colcon.colcon_core.package_identification:_identify(src/train_controller) by extension 'ignore'
[0.296s] Level 1:colcon.colcon_core.package_identification:_identify(src/train_controller) by extension 'ignore_ament_install'
[0.297s] Level 1:colcon.colcon_core.package_identification:_identify(src/train_controller) by extensions ['colcon_pkg']
[0.297s] Level 1:colcon.colcon_core.package_identification:_identify(src/train_controller) by extension 'colcon_pkg'
[0.297s] Level 1:colcon.colcon_core.package_identification:_identify(src/train_controller) by extensions ['colcon_meta']
[0.297s] Level 1:colcon.colcon_core.package_identification:_identify(src/train_controller) by extension 'colcon_meta'
[0.297s] Level 1:colcon.colcon_core.package_identification:_identify(src/train_controller) by extensions ['ros']
[0.297s] Level 1:colcon.colcon_core.package_identification:_identify(src/train_controller) by extension 'ros'
[0.297s] DEBUG:colcon.colcon_core.package_identification:Package 'src/train_controller' with type 'ros.ament_python' and name 'train_controller'
[0.298s] Level 1:colcon.colcon_core.package_identification:_identify(src/train_reset_plugin) by extensions ['ignore', 'ignore_ament_install']
[0.298s] Level 1:colcon.colcon_core.package_identification:_identify(src/train_reset_plugin) by extension 'ignore'
[0.298s] Level 1:colcon.colcon_core.package_identification:_identify(src/train_reset_plugin) by extension 'ignore_ament_install'
[0.298s] Level 1:colcon.colcon_core.package_identification:_identify(src/train_reset_plugin) by extensions ['colcon_pkg']
[0.298s] Level 1:colcon.colcon_core.package_identification:_identify(src/train_reset_plugin) by extension 'colcon_pkg'
[0.298s] Level 1:colcon.colcon_core.package_identification:_identify(src/train_reset_plugin) by extensions ['colcon_meta']
[0.298s] Level 1:colcon.colcon_core.package_identification:_identify(src/train_reset_plugin) by extension 'colcon_meta'
[0.298s] Level 1:colcon.colcon_core.package_identification:_identify(src/train_reset_plugin) by extensions ['ros']
[0.298s] Level 1:colcon.colcon_core.package_identification:_identify(src/train_reset_plugin) by extension 'ros'
[0.299s] DEBUG:colcon.colcon_core.package_identification:Package 'src/train_reset_plugin' with type 'ros.catkin' and name 'train_reset_plugin'
[0.299s] Level 1:colcon.colcon_core.package_identification:_identify(src/turtlebot3_rl) by extensions ['ignore', 'ignore_ament_install']
[0.299s] Level 1:colcon.colcon_core.package_identification:_identify(src/turtlebot3_rl) by extension 'ignore'
[0.299s] Level 1:colcon.colcon_core.package_identification:_identify(src/turtlebot3_rl) by extension 'ignore_ament_install'
[0.299s] Level 1:colcon.colcon_core.package_identification:_identify(src/turtlebot3_rl) by extensions ['colcon_pkg']
[0.299s] Level 1:colcon.colcon_core.package_identification:_identify(src/turtlebot3_rl) by extension 'colcon_pkg'
[0.299s] Level 1:colcon.colcon_core.package_identification:_identify(src/turtlebot3_rl) by extensions ['colcon_meta']
[0.300s] Level 1:colcon.colcon_core.package_identification:_identify(src/turtlebot3_rl) by extension 'colcon_meta'
[0.300s] Level 1:colcon.colcon_core.package_identification:_identify(src/turtlebot3_rl) by extensions ['ros']
[0.300s] Level 1:colcon.colcon_core.package_identification:_identify(src/turtlebot3_rl) by extension 'ros'
[0.300s] DEBUG:colcon.colcon_core.package_identification:Package 'src/turtlebot3_rl' with type 'ros.ament_python' and name 'turtlebot3_rl'
[0.300s] Level 1:colcon.colcon_core.package_discovery:discover_packages(recursive) using defaults
[0.300s] Level 1:colcon.colcon_core.package_discovery:discover_packages(ignore) discover
[0.300s] Level 1:colcon.colcon_core.package_discovery:discover_packages(ignore) using defaults
[0.300s] Level 1:colcon.colcon_core.package_discovery:discover_packages(path) discover
[0.300s] Level 1:colcon.colcon_core.package_discovery:discover_packages(path) using defaults
[0.323s] Level 1:colcon.colcon_core.package_discovery:discover_packages(prefix_path) check parameters
[0.324s] Level 1:colcon.colcon_core.package_discovery:discover_packages(prefix_path) discover
[0.326s] DEBUG:colcon.colcon_installed_package_information.package_discovery:Found 5 installed packages in /home/emma/turtlebot3_rl_ws/install
[0.328s] DEBUG:colcon.colcon_installed_package_information.package_discovery:Found 295 installed packages in /opt/ros/humble
[0.330s] Level 1:colcon.colcon_core.package_discovery:discover_packages(prefix_path) using defaults
[0.365s] Level 5:colcon.colcon_core.verb:set package 'my_turtlebot3_gazebo' build argument 'cmake_args' from command line to 'None'
[0.366s] Level 5:colcon.colcon_core.verb:set package 'my_turtlebot3_gazebo' build argument 'cmake_target' from command line to 'None'
[0.366s] Level 5:colcon.colcon_core.verb:set package 'my_turtlebot3_gazebo' build argument 'cmake_target_skip_unavailable' from command line to 'False'
[0.366s] Level 5:colcon.colcon_core.verb:set package 'my_turtlebot3_gazebo' build argument 'cmake_clean_cache' from command line to 'False'
[0.366s] Level 5:colcon.colcon_core.verb:set package 'my_turtlebot3_gazebo' build argument 'cmake_clean_first' from command line to 'False'
[0.366s] Level 5:colcon.colcon_core.verb:set package 'my_turtlebot3_gazebo' build argument 'cmake_force_configure' from command line to 'False'
[0.366s] Level 5:colcon.colcon_core.verb:set package 'my_turtlebot3_gazebo' build argument 'ament_cmake_args' from command line to 'None'
[0.366s] Level 5:colcon.colcon_core.verb:set package 'my_turtlebot3_gazebo' build argument 'catkin_cmake_args' from command line to 'None'
[0.366s] Level 5:colcon.colcon_core.verb:set package 'my_turtlebot3_gazebo' build argument 'catkin_skip_building_tests' from command line to 'False'
[0.366s] DEBUG:colcon.colcon_core.verb:Building package 'my_turtlebot3_gazebo' with the following arguments: {'ament_cmake_args': None, 'build_base': '/home/emma/turtlebot3_rl_ws/build/my_turtlebot3_gazebo', 'catkin_cmake_args': None, 'catkin_skip_building_tests': False, 'cmake_args': None, 'cmake_clean_cache': False, 'cmake_clean_first': False, 'cmake_force_configure': False, 'cmake_target': None, 'cmake_target_skip_unavailable': False, 'install_base': '/home/emma/turtlebot3_rl_ws/install/my_turtlebot3_gazebo', 'merge_install': False, 'path': '/home/emma/turtlebot3_rl_ws/src/my_turtlebot3_gazebo', 'symlink_install': False, 'test_result_base': None}
[0.367s] Level 5:colcon.colcon_core.verb:set package 'train_controller' build argument 'cmake_args' from command line to 'None'
[0.367s] Level 5:colcon.colcon_core.verb:set package 'train_controller' build argument 'cmake_target' from command line to 'None'
[0.367s] Level 5:colcon.colcon_core.verb:set package 'train_controller' build argument 'cmake_target_skip_unavailable' from command line to 'False'
[0.367s] Level 5:colcon.colcon_core.verb:set package 'train_controller' build argument 'cmake_clean_cache' from command line to 'False'
[0.367s] Level 5:colcon.colcon_core.verb:set package 'train_controller' build argument 'cmake_clean_first' from command line to 'False'
[0.367s] Level 5:colcon.colcon_core.verb:set package 'train_controller' build argument 'cmake_force_configure' from command line to 'False'
[0.367s] Level 5:colcon.colcon_core.verb:set package 'train_controller' build argument 'ament_cmake_args' from command line to 'None'
[0.367s] Level 5:colcon.colcon_core.verb:set package 'train_controller' build argument 'catkin_cmake_args' from command line to 'None'
[0.367s] Level 5:colcon.colcon_core.verb:set package 'train_controller' build argument 'catkin_skip_building_tests' from command line to 'False'
[0.367s] DEBUG:colcon.colcon_core.verb:Building package 'train_controller' with the following arguments: {'ament_cmake_args': None, 'build_base': '/home/emma/turtlebot3_rl_ws/build/train_controller', 'catkin_cmake_args': None, 'catkin_skip_building_tests': False, 'cmake_args': None, 'cmake_clean_cache': False, 'cmake_clean_first': False, 'cmake_force_configure': False, 'cmake_target': None, 'cmake_target_skip_unavailable': False, 'install_base': '/home/emma/turtlebot3_rl_ws/install/train_controller', 'merge_install': False, 'path': '/home/emma/turtlebot3_rl_ws/src/train_controller', 'symlink_install': False, 'test_result_base': None}
[0.368s] Level 5:colcon.colcon_core.verb:set package 'train_reset_plugin' build argument 'cmake_args' from command line to 'None'
[0.368s] Level 5:colcon.colcon_core.verb:set package 'train_reset_plugin' build argument 'cmake_target' from command line to 'None'
[0.368s] Level 5:colcon.colcon_core.verb:set package 'train_reset_plugin' build argument 'cmake_target_skip_unavailable' from command line to 'False'
[0.368s] Level 5:colcon.colcon_core.verb:set package 'train_reset_plugin' build argument 'cmake_clean_cache' from command line to 'False'
[0.368s] Level 5:colcon.colcon_core.verb:set package 'train_reset_plugin' build argument 'cmake_clean_first' from command line to 'False'
[0.368s] Level 5:colcon.colcon_core.verb:set package 'train_reset_plugin' build argument 'cmake_force_configure' from command line to 'False'
[0.368s] Level 5:colcon.colcon_core.verb:set package 'train_reset_plugin' build argument 'ament_cmake_args' from command line to 'None'
[0.368s] Level 5:colcon.colcon_core.verb:set package 'train_reset_plugin' build argument 'catkin_cmake_args' from command line to 'None'
[0.368s] Level 5:colcon.colcon_core.verb:set package 'train_reset_plugin' build argument 'catkin_skip_building_tests' from command line to 'False'
[0.368s] DEBUG:colcon.colcon_core.verb:Building package 'train_reset_plugin' with the following arguments: {'ament_cmake_args': None, 'build_base': '/home/emma/turtlebot3_rl_ws/build/train_reset_plugin', 'catkin_cmake_args': None, 'catkin_skip_building_tests': False, 'cmake_args': None, 'cmake_clean_cache': False, 'cmake_clean_first': False, 'cmake_force_configure': False, 'cmake_target': None, 'cmake_target_skip_unavailable': False, 'install_base': '/home/emma/turtlebot3_rl_ws/install/train_reset_plugin', 'merge_install': False, 'path': '/home/emma/turtlebot3_rl_ws/src/train_reset_plugin', 'symlink_install': False, 'test_result_base': None}
[0.369s] Level 5:colcon.colcon_core.verb:set package 'turtlebot3_rl' build argument 'cmake_args' from command line to 'None'
[0.369s] Level 5:colcon.colcon_core.verb:set package 'turtlebot3_rl' build argument 'cmake_target' from command line to 'None'
[0.369s] Level 5:colcon.colcon_core.verb:set package 'turtlebot3_rl' build argument 'cmake_target_skip_unavailable' from command line to 'False'
[0.369s] Level 5:colcon.colcon_core.verb:set package 'turtlebot3_rl' build argument 'cmake_clean_cache' from command line to 'False'
[0.369s] Level 5:colcon.colcon_core.verb:set package 'turtlebot3_rl' build argument 'cmake_clean_first' from command line to 'False'
[0.369s] Level 5:colcon.colcon_core.verb:set package 'turtlebot3_rl' build argument 'cmake_force_configure' from command line to 'False'
[0.369s] Level 5:colcon.colcon_core.verb:set package 'turtlebot3_rl' build argument 'ament_cmake_args' from command line to 'None'
[0.369s] Level 5:colcon.colcon_core.verb:set package 'turtlebot3_rl' build argument 'catkin_cmake_args' from command line to 'None'
[0.369s] Level 5:colcon.colcon_core.verb:set package 'turtlebot3_rl' build argument 'catkin_skip_building_tests' from command line to 'False'
[0.369s] DEBUG:colcon.colcon_core.verb:Building package 'turtlebot3_rl' with the following arguments: {'ament_cmake_args': None, 'build_base': '/home/emma/turtlebot3_rl_ws/build/turtlebot3_rl', 'catkin_cmake_args': None, 'catkin_skip_building_tests': False, 'cmake_args': None, 'cmake_clean_cache': False, 'cmake_clean_first': False, 'cmake_force_configure': False, 'cmake_target': None, 'cmake_target_skip_unavailable': False, 'install_base': '/home/emma/turtlebot3_rl_ws/install/turtlebot3_rl', 'merge_install': False, 'path': '/home/emma/turtlebot3_rl_ws/src/turtlebot3_rl', 'symlink_install': False, 'test_result_base': None}
[0.369s] INFO:colcon.colcon_core.executor:Executing jobs using 'parallel' executor
[0.371s] DEBUG:colcon.colcon_parallel_executor.executor.parallel:run_until_complete
[0.371s] INFO:colcon.colcon_ros.task.ament_cmake.build:Building ROS package in '/home/emma/turtlebot3_rl_ws/src/my_turtlebot3_gazebo' with build type 'ament_cmake'
[0.372s] INFO:colcon.colcon_cmake.task.cmake.build:Building CMake package in '/home/emma/turtlebot3_rl_ws/src/my_turtlebot3_gazebo'
[0.375s] INFO:colcon.colcon_core.plugin_system:Skipping extension 'colcon_core.shell.bat': Not used on non-Windows systems
[0.375s] INFO:colcon.colcon_core.shell:Skip shell extension 'powershell' for command environment: Not usable outside of PowerShell
[0.376s] DEBUG:colcon.colcon_core.shell:Skip shell extension 'dsv' for command environment
[0.380s] INFO:colcon.colcon_ros.task.ament_python.build:Building ROS package in '/home/emma/turtlebot3_rl_ws/src/train_controller' with build type 'ament_python'
[0.381s] Level 1:colcon.colcon_core.shell:create_environment_hook('train_controller', 'ament_prefix_path')
[0.381s] INFO:colcon.colcon_core.shell:Creating environment hook '/home/emma/turtlebot3_rl_ws/install/train_controller/share/train_controller/hook/ament_prefix_path.ps1'
[0.382s] INFO:colcon.colcon_core.shell:Creating environment descriptor '/home/emma/turtlebot3_rl_ws/install/train_controller/share/train_controller/hook/ament_prefix_path.dsv'
[0.383s] INFO:colcon.colcon_core.shell:Creating environment hook '/home/emma/turtlebot3_rl_ws/install/train_controller/share/train_controller/hook/ament_prefix_path.sh'
[0.384s] INFO:colcon.colcon_core.shell:Skip shell extension 'powershell' for command environment: Not usable outside of PowerShell
[0.384s] DEBUG:colcon.colcon_core.shell:Skip shell extension 'dsv' for command environment
[0.389s] INFO:colcon.colcon_ros.task.catkin.build:Building ROS package in '/home/emma/turtlebot3_rl_ws/src/train_reset_plugin' with build type 'catkin'
[0.389s] INFO:colcon.colcon_cmake.task.cmake.build:Building CMake package in '/home/emma/turtlebot3_rl_ws/src/train_reset_plugin'
[0.390s] INFO:colcon.colcon_core.shell:Skip shell extension 'powershell' for command environment: Not usable outside of PowerShell
[0.390s] DEBUG:colcon.colcon_core.shell:Skip shell extension 'dsv' for command environment
[0.394s] INFO:colcon.colcon_ros.task.ament_python.build:Building ROS package in '/home/emma/turtlebot3_rl_ws/src/turtlebot3_rl' with build type 'ament_python'
[0.394s] Level 1:colcon.colcon_core.shell:create_environment_hook('turtlebot3_rl', 'ament_prefix_path')
[0.394s] INFO:colcon.colcon_core.shell:Creating environment hook '/home/emma/turtlebot3_rl_ws/install/turtlebot3_rl/share/turtlebot3_rl/hook/ament_prefix_path.ps1'
[0.395s] INFO:colcon.colcon_core.shell:Creating environment descriptor '/home/emma/turtlebot3_rl_ws/install/turtlebot3_rl/share/turtlebot3_rl/hook/ament_prefix_path.dsv'
[0.397s] INFO:colcon.colcon_core.shell:Creating environment hook '/home/emma/turtlebot3_rl_ws/install/turtlebot3_rl/share/turtlebot3_rl/hook/ament_prefix_path.sh'
[0.398s] INFO:colcon.colcon_core.shell:Skip shell extension 'powershell' for command environment: Not usable outside of PowerShell
[0.398s] DEBUG:colcon.colcon_core.shell:Skip shell extension 'dsv' for command environment
[0.416s] DEBUG:colcon.colcon_core.event_handler.log_command:Invoking command in '/home/emma/turtlebot3_rl_ws/build/my_turtlebot3_gazebo': CMAKE_PREFIX_PATH=/home/emma/turtlebot3_rl_ws/install/turtlebot3_rl:/home/emma/turtlebot3_rl_ws/install/train_controller:/opt/ros/humble:${CMAKE_PREFIX_PATH} /usr/bin/cmake --build /home/emma/turtlebot3_rl_ws/build/my_turtlebot3_gazebo -- -j4 -l4
[0.794s] INFO:colcon.colcon_core.task.python.build:Building Python package in '/home/emma/turtlebot3_rl_ws/src/train_controller'
[0.795s] INFO:colcon.colcon_core.shell:Skip shell extension 'powershell' for command environment: Not usable outside of PowerShell
[0.795s] DEBUG:colcon.colcon_core.shell:Skip shell extension 'dsv' for command environment
[0.815s] DEBUG:colcon.colcon_core.event_handler.log_command:Invoking command in '/home/emma/turtlebot3_rl_ws/build/train_reset_plugin': /usr/bin/cmake --build /home/emma/turtlebot3_rl_ws/build/train_reset_plugin -- -j4 -l4
[1.175s] INFO:colcon.colcon_core.task.python.build:Building Python package in '/home/emma/turtlebot3_rl_ws/src/turtlebot3_rl'
[1.175s] INFO:colcon.colcon_core.shell:Skip shell extension 'powershell' for command environment: Not usable outside of PowerShell
[1.180s] DEBUG:colcon.colcon_core.shell:Skip shell extension 'dsv' for command environment
[1.202s] DEBUG:colcon.colcon_core.event_handler.log_command:Invoked command in '/home/emma/turtlebot3_rl_ws/build/my_turtlebot3_gazebo' returned '0': CMAKE_PREFIX_PATH=/home/emma/turtlebot3_rl_ws/install/turtlebot3_rl:/home/emma/turtlebot3_rl_ws/install/train_controller:/opt/ros/humble:${CMAKE_PREFIX_PATH} /usr/bin/cmake --build /home/emma/turtlebot3_rl_ws/build/my_turtlebot3_gazebo -- -j4 -l4
[1.215s] DEBUG:colcon.colcon_core.event_handler.log_command:Invoking command in '/home/emma/turtlebot3_rl_ws/build/my_turtlebot3_gazebo': CMAKE_PREFIX_PATH=/home/emma/turtlebot3_rl_ws/install/turtlebot3_rl:/home/emma/turtlebot3_rl_ws/install/train_controller:/opt/ros/humble:${CMAKE_PREFIX_PATH} /usr/bin/cmake --install /home/emma/turtlebot3_rl_ws/build/my_turtlebot3_gazebo
[1.288s] Level 1:colcon.colcon_core.environment:create_environment_scripts_only(my_turtlebot3_gazebo)
[1.289s] DEBUG:colcon.colcon_core.event_handler.log_command:Invoked command in '/home/emma/turtlebot3_rl_ws/build/my_turtlebot3_gazebo' returned '0': CMAKE_PREFIX_PATH=/home/emma/turtlebot3_rl_ws/install/turtlebot3_rl:/home/emma/turtlebot3_rl_ws/install/train_controller:/opt/ros/humble:${CMAKE_PREFIX_PATH} /usr/bin/cmake --install /home/emma/turtlebot3_rl_ws/build/my_turtlebot3_gazebo
[1.291s] Level 1:colcon.colcon_core.environment:checking '/home/emma/turtlebot3_rl_ws/install/my_turtlebot3_gazebo' for CMake module files
[1.292s] Level 1:colcon.colcon_core.environment:checking '/home/emma/turtlebot3_rl_ws/install/my_turtlebot3_gazebo' for CMake config files
[1.293s] Level 1:colcon.colcon_core.shell:create_environment_hook('my_turtlebot3_gazebo', 'cmake_prefix_path')
[1.293s] INFO:colcon.colcon_core.shell:Creating environment hook '/home/emma/turtlebot3_rl_ws/install/my_turtlebot3_gazebo/share/my_turtlebot3_gazebo/hook/cmake_prefix_path.ps1'
[1.293s] INFO:colcon.colcon_core.shell:Creating environment descriptor '/home/emma/turtlebot3_rl_ws/install/my_turtlebot3_gazebo/share/my_turtlebot3_gazebo/hook/cmake_prefix_path.dsv'
[1.294s] INFO:colcon.colcon_core.shell:Creating environment hook '/home/emma/turtlebot3_rl_ws/install/my_turtlebot3_gazebo/share/my_turtlebot3_gazebo/hook/cmake_prefix_path.sh'
[1.295s] Level 1:colcon.colcon_core.environment:checking '/home/emma/turtlebot3_rl_ws/install/my_turtlebot3_gazebo/lib'
[1.295s] Level 1:colcon.colcon_core.environment:checking '/home/emma/turtlebot3_rl_ws/install/my_turtlebot3_gazebo/bin'
[1.295s] Level 1:colcon.colcon_core.environment:checking '/home/emma/turtlebot3_rl_ws/install/my_turtlebot3_gazebo/lib/pkgconfig/my_turtlebot3_gazebo.pc'
[1.295s] Level 1:colcon.colcon_core.environment:checking '/home/emma/turtlebot3_rl_ws/install/my_turtlebot3_gazebo/lib/python3.10/site-packages'
[1.296s] Level 1:colcon.colcon_core.environment:checking '/home/emma/turtlebot3_rl_ws/install/my_turtlebot3_gazebo/bin'
[1.296s] INFO:colcon.colcon_core.shell:Creating package script '/home/emma/turtlebot3_rl_ws/install/my_turtlebot3_gazebo/share/my_turtlebot3_gazebo/package.ps1'
[1.297s] INFO:colcon.colcon_core.shell:Creating package descriptor '/home/emma/turtlebot3_rl_ws/install/my_turtlebot3_gazebo/share/my_turtlebot3_gazebo/package.dsv'
[1.297s] INFO:colcon.colcon_core.shell:Creating package script '/home/emma/turtlebot3_rl_ws/install/my_turtlebot3_gazebo/share/my_turtlebot3_gazebo/package.sh'
[1.298s] INFO:colcon.colcon_core.shell:Creating package script '/home/emma/turtlebot3_rl_ws/install/my_turtlebot3_gazebo/share/my_turtlebot3_gazebo/package.bash'
[1.299s] INFO:colcon.colcon_core.shell:Creating package script '/home/emma/turtlebot3_rl_ws/install/my_turtlebot3_gazebo/share/my_turtlebot3_gazebo/package.zsh'
[1.300s] Level 1:colcon.colcon_core.environment:create_file_with_runtime_dependencies(/home/emma/turtlebot3_rl_ws/install/my_turtlebot3_gazebo/share/colcon-core/packages/my_turtlebot3_gazebo)
[1.301s] Level 1:colcon.colcon_core.environment:create_environment_scripts_only(my_turtlebot3_gazebo)
[1.301s] Level 1:colcon.colcon_core.environment:checking '/home/emma/turtlebot3_rl_ws/install/my_turtlebot3_gazebo' for CMake module files
[1.301s] Level 1:colcon.colcon_core.environment:checking '/home/emma/turtlebot3_rl_ws/install/my_turtlebot3_gazebo' for CMake config files
[1.302s] Level 1:colcon.colcon_core.shell:create_environment_hook('my_turtlebot3_gazebo', 'cmake_prefix_path')
[1.302s] INFO:colcon.colcon_core.shell:Creating environment hook '/home/emma/turtlebot3_rl_ws/install/my_turtlebot3_gazebo/share/my_turtlebot3_gazebo/hook/cmake_prefix_path.ps1'
[1.303s] INFO:colcon.colcon_core.shell:Creating environment descriptor '/home/emma/turtlebot3_rl_ws/install/my_turtlebot3_gazebo/share/my_turtlebot3_gazebo/hook/cmake_prefix_path.dsv'
[1.306s] INFO:colcon.colcon_core.shell:Creating environment hook '/home/emma/turtlebot3_rl_ws/install/my_turtlebot3_gazebo/share/my_turtlebot3_gazebo/hook/cmake_prefix_path.sh'
[1.307s] Level 1:colcon.colcon_core.environment:checking '/home/emma/turtlebot3_rl_ws/install/my_turtlebot3_gazebo/lib'
[1.308s] Level 1:colcon.colcon_core.environment:checking '/home/emma/turtlebot3_rl_ws/install/my_turtlebot3_gazebo/bin'
[1.308s] Level 1:colcon.colcon_core.environment:checking '/home/emma/turtlebot3_rl_ws/install/my_turtlebot3_gazebo/lib/pkgconfig/my_turtlebot3_gazebo.pc'
[1.308s] Level 1:colcon.colcon_core.environment:checking '/home/emma/turtlebot3_rl_ws/install/my_turtlebot3_gazebo/lib/python3.10/site-packages'
[1.308s] Level 1:colcon.colcon_core.environment:checking '/home/emma/turtlebot3_rl_ws/install/my_turtlebot3_gazebo/bin'
[1.309s] INFO:colcon.colcon_core.shell:Creating package script '/home/emma/turtlebot3_rl_ws/install/my_turtlebot3_gazebo/share/my_turtlebot3_gazebo/package.ps1'
[1.311s] INFO:colcon.colcon_core.shell:Creating package descriptor '/home/emma/turtlebot3_rl_ws/install/my_turtlebot3_gazebo/share/my_turtlebot3_gazebo/package.dsv'
[1.313s] INFO:colcon.colcon_core.shell:Creating package script '/home/emma/turtlebot3_rl_ws/install/my_turtlebot3_gazebo/share/my_turtlebot3_gazebo/package.sh'
[1.314s] INFO:colcon.colcon_core.shell:Creating package script '/home/emma/turtlebot3_rl_ws/install/my_turtlebot3_gazebo/share/my_turtlebot3_gazebo/package.bash'
[1.315s] INFO:colcon.colcon_core.shell:Creating package script '/home/emma/turtlebot3_rl_ws/install/my_turtlebot3_gazebo/share/my_turtlebot3_gazebo/package.zsh'
[1.316s] Level 1:colcon.colcon_core.environment:create_file_with_runtime_dependencies(/home/emma/turtlebot3_rl_ws/install/my_turtlebot3_gazebo/share/colcon-core/packages/my_turtlebot3_gazebo)
[1.632s] DEBUG:colcon.colcon_core.event_handler.log_command:Invoking command in '/home/emma/turtlebot3_rl_ws/src/turtlebot3_rl': PYTHONPATH=/home/emma/turtlebot3_rl_ws/build/turtlebot3_rl/prefix_override:/usr/lib/python3/dist-packages/colcon_core/task/python/colcon_distutils_commands:/home/emma/turtlebot3_rl_ws/install/turtlebot3_rl/lib/python3.10/site-packages:${PYTHONPATH} /usr/bin/python3 -W ignore:setup.py install is deprecated -W ignore:easy_install command is deprecated setup.py egg_info --egg-base ../../build/turtlebot3_rl build --build-base /home/emma/turtlebot3_rl_ws/build/turtlebot3_rl/build install --record /home/emma/turtlebot3_rl_ws/build/turtlebot3_rl/install.log --single-version-externally-managed install_data
[1.642s] DEBUG:colcon.colcon_core.event_handler.log_command:Invoking command in '/home/emma/turtlebot3_rl_ws/src/train_controller': PYTHONPATH=/home/emma/turtlebot3_rl_ws/build/train_controller/prefix_override:/usr/lib/python3/dist-packages/colcon_core/task/python/colcon_distutils_commands:/home/emma/turtlebot3_rl_ws/install/train_controller/lib/python3.10/site-packages:${PYTHONPATH} /usr/bin/python3 -W ignore:setup.py install is deprecated -W ignore:easy_install command is deprecated setup.py egg_info --egg-base ../../build/train_controller build --build-base /home/emma/turtlebot3_rl_ws/build/train_controller/build install --record /home/emma/turtlebot3_rl_ws/build/train_controller/install.log --single-version-externally-managed install_data
[1.951s] Level 1:colcon.colcon_core.environment:checking '/home/emma/turtlebot3_rl_ws/install/turtlebot3_rl' for CMake module files
[1.953s] DEBUG:colcon.colcon_core.event_handler.log_command:Invoked command in '/home/emma/turtlebot3_rl_ws/src/turtlebot3_rl' returned '0': PYTHONPATH=/home/emma/turtlebot3_rl_ws/build/turtlebot3_rl/prefix_override:/usr/lib/python3/dist-packages/colcon_core/task/python/colcon_distutils_commands:/home/emma/turtlebot3_rl_ws/install/turtlebot3_rl/lib/python3.10/site-packages:${PYTHONPATH} /usr/bin/python3 -W ignore:setup.py install is deprecated -W ignore:easy_install command is deprecated setup.py egg_info --egg-base ../../build/turtlebot3_rl build --build-base /home/emma/turtlebot3_rl_ws/build/turtlebot3_rl/build install --record /home/emma/turtlebot3_rl_ws/build/turtlebot3_rl/install.log --single-version-externally-managed install_data
[1.954s] Level 1:colcon.colcon_core.environment:checking '/home/emma/turtlebot3_rl_ws/install/turtlebot3_rl' for CMake config files
[1.954s] Level 1:colcon.colcon_core.environment:checking '/home/emma/turtlebot3_rl_ws/install/turtlebot3_rl/lib'
[1.955s] Level 1:colcon.colcon_core.environment:checking '/home/emma/turtlebot3_rl_ws/install/turtlebot3_rl/bin'
[1.955s] Level 1:colcon.colcon_core.environment:checking '/home/emma/turtlebot3_rl_ws/install/turtlebot3_rl/lib/pkgconfig/turtlebot3_rl.pc'
[1.955s] Level 1:colcon.colcon_core.environment:checking '/home/emma/turtlebot3_rl_ws/install/turtlebot3_rl/lib/python3.10/site-packages'
[1.955s] Level 1:colcon.colcon_core.shell:create_environment_hook('turtlebot3_rl', 'pythonpath')
[1.956s] INFO:colcon.colcon_core.shell:Creating environment hook '/home/emma/turtlebot3_rl_ws/install/turtlebot3_rl/share/turtlebot3_rl/hook/pythonpath.ps1'
[1.957s] INFO:colcon.colcon_core.shell:Creating environment descriptor '/home/emma/turtlebot3_rl_ws/install/turtlebot3_rl/share/turtlebot3_rl/hook/pythonpath.dsv'
[1.958s] INFO:colcon.colcon_core.shell:Creating environment hook '/home/emma/turtlebot3_rl_ws/install/turtlebot3_rl/share/turtlebot3_rl/hook/pythonpath.sh'
[1.959s] Level 1:colcon.colcon_core.environment:checking '/home/emma/turtlebot3_rl_ws/install/turtlebot3_rl/bin'
[1.960s] Level 1:colcon.colcon_core.environment:create_environment_scripts_only(turtlebot3_rl)
[1.960s] INFO:colcon.colcon_core.shell:Creating package script '/home/emma/turtlebot3_rl_ws/install/turtlebot3_rl/share/turtlebot3_rl/package.ps1'
[1.961s] INFO:colcon.colcon_core.shell:Creating package descriptor '/home/emma/turtlebot3_rl_ws/install/turtlebot3_rl/share/turtlebot3_rl/package.dsv'
[1.962s] INFO:colcon.colcon_core.shell:Creating package script '/home/emma/turtlebot3_rl_ws/install/turtlebot3_rl/share/turtlebot3_rl/package.sh'
[1.963s] INFO:colcon.colcon_core.shell:Creating package script '/home/emma/turtlebot3_rl_ws/install/turtlebot3_rl/share/turtlebot3_rl/package.bash'
[1.964s] INFO:colcon.colcon_core.shell:Creating package script '/home/emma/turtlebot3_rl_ws/install/turtlebot3_rl/share/turtlebot3_rl/package.zsh'
[1.965s] Level 1:colcon.colcon_core.environment:create_file_with_runtime_dependencies(/home/emma/turtlebot3_rl_ws/install/turtlebot3_rl/share/colcon-core/packages/turtlebot3_rl)
[1.968s] Level 1:colcon.colcon_core.environment:checking '/home/emma/turtlebot3_rl_ws/install/train_controller' for CMake module files
[1.970s] DEBUG:colcon.colcon_core.event_handler.log_command:Invoked command in '/home/emma/turtlebot3_rl_ws/src/train_controller' returned '0': PYTHONPATH=/home/emma/turtlebot3_rl_ws/build/train_controller/prefix_override:/usr/lib/python3/dist-packages/colcon_core/task/python/colcon_distutils_commands:/home/emma/turtlebot3_rl_ws/install/train_controller/lib/python3.10/site-packages:${PYTHONPATH} /usr/bin/python3 -W ignore:setup.py install is deprecated -W ignore:easy_install command is deprecated setup.py egg_info --egg-base ../../build/train_controller build --build-base /home/emma/turtlebot3_rl_ws/build/train_controller/build install --record /home/emma/turtlebot3_rl_ws/build/train_controller/install.log --single-version-externally-managed install_data
[1.970s] Level 1:colcon.colcon_core.environment:checking '/home/emma/turtlebot3_rl_ws/install/train_controller' for CMake config files
[1.971s] Level 1:colcon.colcon_core.environment:checking '/home/emma/turtlebot3_rl_ws/install/train_controller/lib'
[1.971s] Level 1:colcon.colcon_core.environment:checking '/home/emma/turtlebot3_rl_ws/install/train_controller/bin'
[1.971s] Level 1:colcon.colcon_core.environment:checking '/home/emma/turtlebot3_rl_ws/install/train_controller/lib/pkgconfig/train_controller.pc'
[1.972s] Level 1:colcon.colcon_core.environment:checking '/home/emma/turtlebot3_rl_ws/install/train_controller/lib/python3.10/site-packages'
[1.972s] Level 1:colcon.colcon_core.shell:create_environment_hook('train_controller', 'pythonpath')
[1.972s] INFO:colcon.colcon_core.shell:Creating environment hook '/home/emma/turtlebot3_rl_ws/install/train_controller/share/train_controller/hook/pythonpath.ps1'
[1.973s] INFO:colcon.colcon_core.shell:Creating environment descriptor '/home/emma/turtlebot3_rl_ws/install/train_controller/share/train_controller/hook/pythonpath.dsv'
[1.974s] INFO:colcon.colcon_core.shell:Creating environment hook '/home/emma/turtlebot3_rl_ws/install/train_controller/share/train_controller/hook/pythonpath.sh'
[1.975s] Level 1:colcon.colcon_core.environment:checking '/home/emma/turtlebot3_rl_ws/install/train_controller/bin'
[1.975s] Level 1:colcon.colcon_core.environment:create_environment_scripts_only(train_controller)
[1.975s] INFO:colcon.colcon_core.shell:Creating package script '/home/emma/turtlebot3_rl_ws/install/train_controller/share/train_controller/package.ps1'
[1.976s] INFO:colcon.colcon_core.shell:Creating package descriptor '/home/emma/turtlebot3_rl_ws/install/train_controller/share/train_controller/package.dsv'
[1.977s] INFO:colcon.colcon_core.shell:Creating package script '/home/emma/turtlebot3_rl_ws/install/train_controller/share/train_controller/package.sh'
[1.977s] INFO:colcon.colcon_core.shell:Creating package script '/home/emma/turtlebot3_rl_ws/install/train_controller/share/train_controller/package.bash'
[1.978s] INFO:colcon.colcon_core.shell:Creating package script '/home/emma/turtlebot3_rl_ws/install/train_controller/share/train_controller/package.zsh'
[1.979s] Level 1:colcon.colcon_core.environment:create_file_with_runtime_dependencies(/home/emma/turtlebot3_rl_ws/install/train_controller/share/colcon-core/packages/train_controller)
[20.206s] DEBUG:colcon.colcon_core.event_handler.log_command:Invoked command in '/home/emma/turtlebot3_rl_ws/build/train_reset_plugin' returned '2': /usr/bin/cmake --build /home/emma/turtlebot3_rl_ws/build/train_reset_plugin -- -j4 -l4
[20.206s] Level 1:colcon.colcon_core.shell:create_environment_hook('train_reset_plugin', 'ros_package_path')
[20.206s] INFO:colcon.colcon_core.shell:Creating environment hook '/home/emma/turtlebot3_rl_ws/install/train_reset_plugin/share/train_reset_plugin/hook/ros_package_path.ps1'
[20.207s] INFO:colcon.colcon_core.shell:Creating environment descriptor '/home/emma/turtlebot3_rl_ws/install/train_reset_plugin/share/train_reset_plugin/hook/ros_package_path.dsv'
[20.208s] INFO:colcon.colcon_core.shell:Creating environment hook '/home/emma/turtlebot3_rl_ws/install/train_reset_plugin/share/train_reset_plugin/hook/ros_package_path.sh'
[20.209s] Level 1:colcon.colcon_core.shell:create_environment_hook('train_reset_plugin', 'pkg_config_path')
[20.209s] INFO:colcon.colcon_core.shell:Creating environment hook '/home/emma/turtlebot3_rl_ws/install/train_reset_plugin/share/train_reset_plugin/hook/pkg_config_path.ps1'
[20.210s] INFO:colcon.colcon_core.shell:Creating environment descriptor '/home/emma/turtlebot3_rl_ws/install/train_reset_plugin/share/train_reset_plugin/hook/pkg_config_path.dsv'
[20.211s] INFO:colcon.colcon_core.shell:Creating environment hook '/home/emma/turtlebot3_rl_ws/install/train_reset_plugin/share/train_reset_plugin/hook/pkg_config_path.sh'
[20.214s] Level 1:colcon.colcon_core.shell:create_environment_hook('train_reset_plugin', 'pkg_config_path_multiarch')
[20.214s] INFO:colcon.colcon_core.shell:Creating environment hook '/home/emma/turtlebot3_rl_ws/install/train_reset_plugin/share/train_reset_plugin/hook/pkg_config_path_multiarch.ps1'
[20.215s] INFO:colcon.colcon_core.shell:Creating environment descriptor '/home/emma/turtlebot3_rl_ws/install/train_reset_plugin/share/train_reset_plugin/hook/pkg_config_path_multiarch.dsv'
[20.216s] INFO:colcon.colcon_core.shell:Creating environment hook '/home/emma/turtlebot3_rl_ws/install/train_reset_plugin/share/train_reset_plugin/hook/pkg_config_path_multiarch.sh'
[20.217s] Level 1:colcon.colcon_core.environment:create_environment_scripts_only(train_reset_plugin)
[20.217s] Level 1:colcon.colcon_core.environment:checking '/home/emma/turtlebot3_rl_ws/install/train_reset_plugin' for CMake module files
[20.218s] Level 1:colcon.colcon_core.environment:checking '/home/emma/turtlebot3_rl_ws/install/train_reset_plugin' for CMake config files
[20.218s] Level 1:colcon.colcon_core.shell:create_environment_hook('train_reset_plugin', 'cmake_prefix_path')
[20.219s] INFO:colcon.colcon_core.shell:Creating environment hook '/home/emma/turtlebot3_rl_ws/install/train_reset_plugin/share/train_reset_plugin/hook/cmake_prefix_path.ps1'
[20.219s] INFO:colcon.colcon_core.shell:Creating environment descriptor '/home/emma/turtlebot3_rl_ws/install/train_reset_plugin/share/train_reset_plugin/hook/cmake_prefix_path.dsv'
[20.220s] INFO:colcon.colcon_core.shell:Creating environment hook '/home/emma/turtlebot3_rl_ws/install/train_reset_plugin/share/train_reset_plugin/hook/cmake_prefix_path.sh'
[20.221s] Level 1:colcon.colcon_core.environment:checking '/home/emma/turtlebot3_rl_ws/install/train_reset_plugin/lib'
[20.221s] Level 1:colcon.colcon_core.shell:create_environment_hook('train_reset_plugin', 'ld_library_path_lib')
[20.221s] INFO:colcon.colcon_core.shell:Creating environment hook '/home/emma/turtlebot3_rl_ws/install/train_reset_plugin/share/train_reset_plugin/hook/ld_library_path_lib.ps1'
[20.222s] INFO:colcon.colcon_core.shell:Creating environment descriptor '/home/emma/turtlebot3_rl_ws/install/train_reset_plugin/share/train_reset_plugin/hook/ld_library_path_lib.dsv'
[20.222s] INFO:colcon.colcon_core.shell:Creating environment hook '/home/emma/turtlebot3_rl_ws/install/train_reset_plugin/share/train_reset_plugin/hook/ld_library_path_lib.sh'
[20.223s] Level 1:colcon.colcon_core.environment:checking '/home/emma/turtlebot3_rl_ws/install/train_reset_plugin/bin'
[20.223s] Level 1:colcon.colcon_core.environment:checking '/home/emma/turtlebot3_rl_ws/install/train_reset_plugin/lib/pkgconfig/train_reset_plugin.pc'
[20.224s] Level 1:colcon.colcon_core.environment:checking '/home/emma/turtlebot3_rl_ws/install/train_reset_plugin/lib/python3.10/site-packages'
[20.224s] Level 1:colcon.colcon_core.environment:checking '/home/emma/turtlebot3_rl_ws/install/train_reset_plugin/bin'
[20.225s] INFO:colcon.colcon_core.shell:Creating package script '/home/emma/turtlebot3_rl_ws/install/train_reset_plugin/share/train_reset_plugin/package.ps1'
[20.225s] INFO:colcon.colcon_core.shell:Creating package descriptor '/home/emma/turtlebot3_rl_ws/install/train_reset_plugin/share/train_reset_plugin/package.dsv'
[20.226s] INFO:colcon.colcon_core.shell:Creating package script '/home/emma/turtlebot3_rl_ws/install/train_reset_plugin/share/train_reset_plugin/package.sh'
[20.227s] INFO:colcon.colcon_core.shell:Creating package script '/home/emma/turtlebot3_rl_ws/install/train_reset_plugin/share/train_reset_plugin/package.bash'
[20.228s] INFO:colcon.colcon_core.shell:Creating package script '/home/emma/turtlebot3_rl_ws/install/train_reset_plugin/share/train_reset_plugin/package.zsh'
[20.228s] Level 1:colcon.colcon_core.environment:create_file_with_runtime_dependencies(/home/emma/turtlebot3_rl_ws/install/train_reset_plugin/share/colcon-core/packages/train_reset_plugin)
[20.240s] DEBUG:colcon.colcon_parallel_executor.executor.parallel:closing loop
[20.240s] DEBUG:colcon.colcon_parallel_executor.executor.parallel:loop closed
[20.240s] DEBUG:colcon.colcon_parallel_executor.executor.parallel:run_until_complete finished with '2'
[20.240s] DEBUG:colcon.colcon_core.event_reactor:joining thread
[20.249s] INFO:colcon.colcon_core.plugin_system:Skipping extension 'colcon_notification.desktop_notification.terminal_notifier': Not used on non-Darwin systems
[20.249s] INFO:colcon.colcon_core.plugin_system:Skipping extension 'colcon_notification.desktop_notification.win32': Not used on non-Windows systems
[20.249s] INFO:colcon.colcon_notification.desktop_notification:Sending desktop notification using 'notify2'
[20.266s] DEBUG:colcon.colcon_core.event_reactor:joined thread
[20.266s] INFO:colcon.colcon_core.shell:Creating prefix script '/home/emma/turtlebot3_rl_ws/install/local_setup.ps1'
[20.267s] INFO:colcon.colcon_core.shell:Creating prefix util module '/home/emma/turtlebot3_rl_ws/install/_local_setup_util_ps1.py'
[20.271s] INFO:colcon.colcon_core.shell:Creating prefix chain script '/home/emma/turtlebot3_rl_ws/install/setup.ps1'
[20.273s] INFO:colcon.colcon_core.shell:Creating prefix script '/home/emma/turtlebot3_rl_ws/install/local_setup.sh'
[20.274s] INFO:colcon.colcon_core.shell:Creating prefix util module '/home/emma/turtlebot3_rl_ws/install/_local_setup_util_sh.py'
[20.275s] INFO:colcon.colcon_core.shell:Creating prefix chain script '/home/emma/turtlebot3_rl_ws/install/setup.sh'
[20.276s] INFO:colcon.colcon_core.shell:Creating prefix script '/home/emma/turtlebot3_rl_ws/install/local_setup.bash'
[20.277s] INFO:colcon.colcon_core.shell:Creating prefix chain script '/home/emma/turtlebot3_rl_ws/install/setup.bash'
[20.279s] INFO:colcon.colcon_core.shell:Creating prefix script '/home/emma/turtlebot3_rl_ws/install/local_setup.zsh'
[20.279s] INFO:colcon.colcon_core.shell:Creating prefix chain script '/home/emma/turtlebot3_rl_ws/install/setup.zsh'
