[0.203s] Invoking command in '/home/emma/turtlebot3_rl_ws/build/my_turtlebot3_gazebo': CMAKE_PREFIX_PATH=/opt/ros/humble /usr/bin/cmake --build /home/emma/turtlebot3_rl_ws/build/my_turtlebot3_gazebo -- -j4 -l4
[2.117s] -- Found ament_cmake: 1.3.11 (/opt/ros/humble/share/ament_cmake/cmake)
[2.117s] -- Override CMake install command with custom implementation using symlinks instead of copying resources
[2.117s] -- Found ros_gz_sim: 0.244.16 (/opt/ros/humble/share/ros_gz_sim/cmake)
[2.117s] -- Found rosidl_generator_c: 3.1.6 (/opt/ros/humble/share/rosidl_generator_c/cmake)
[2.118s] -- Found rosidl_adapter: 3.1.6 (/opt/ros/humble/share/rosidl_adapter/cmake)
[2.118s] -- Found rosidl_generator_cpp: 3.1.6 (/opt/ros/humble/share/rosidl_generator_cpp/cmake)
[2.118s] -- Using all available rosidl_typesupport_c: rosidl_typesupport_fastrtps_c;rosidl_typesupport_introspection_c
[2.118s] -- Using all available rosidl_typesupport_cpp: rosidl_typesupport_fastrtps_cpp;rosidl_typesupport_introspection_cpp
[2.118s] -- Found rmw_implementation_cmake: 6.1.2 (/opt/ros/humble/share/rmw_implementation_cmake/cmake)
[2.118s] -- Found rmw_fastrtps_cpp: 6.2.7 (/opt/ros/humble/share/rmw_fastrtps_cpp/cmake)
[2.673s] -- Using RMW implementation 'rmw_fastrtps_cpp' as default
[3.295s] -- Found geometry_msgs: 4.8.0 (/opt/ros/humble/share/geometry_msgs/cmake)
[3.402s] -- Found nav_msgs: 4.8.0 (/opt/ros/humble/share/nav_msgs/cmake)
[3.584s] -- Found sensor_msgs: 4.8.0 (/opt/ros/humble/share/sensor_msgs/cmake)
[3.749s] -- Found tf2: 0.25.12 (/opt/ros/humble/share/tf2/cmake)
[4.286s] -- Configuring done
[4.371s] -- Generating done
[4.424s] -- Build files have been written to: /home/emma/turtlebot3_rl_ws/build/my_turtlebot3_gazebo
[4.798s] [35m[1mConsolidate compiler generated dependencies of target turtlebot3_drive[0m
[4.931s] [100%] Built target turtlebot3_drive
[5.122s] Invoked command in '/home/emma/turtlebot3_rl_ws/build/my_turtlebot3_gazebo' returned '0': CMAKE_PREFIX_PATH=/opt/ros/humble /usr/bin/cmake --build /home/emma/turtlebot3_rl_ws/build/my_turtlebot3_gazebo -- -j4 -l4
[5.200s] Invoking command in '/home/emma/turtlebot3_rl_ws/build/my_turtlebot3_gazebo': CMAKE_PREFIX_PATH=/opt/ros/humble /usr/bin/cmake --install /home/emma/turtlebot3_rl_ws/build/my_turtlebot3_gazebo
[5.257s] -- Install configuration: ""
[5.257s] -- Execute custom install script
[5.262s] -- Up-to-date symlink: /home/emma/turtlebot3_rl_ws/install/my_turtlebot3_gazebo/lib/my_turtlebot3_gazebo/turtlebot3_drive
[5.262s] -- Up-to-date symlink: /home/emma/turtlebot3_rl_ws/install/my_turtlebot3_gazebo/share/my_turtlebot3_gazebo//launch/empty_world.launch.py
[5.263s] -- Up-to-date symlink: /home/emma/turtlebot3_rl_ws/install/my_turtlebot3_gazebo/share/my_turtlebot3_gazebo//launch/robot_state_publisher.launch.py
[5.263s] -- Up-to-date symlink: /home/emma/turtlebot3_rl_ws/install/my_turtlebot3_gazebo/share/my_turtlebot3_gazebo//launch/spawn_turtlebot3.launch.py
[5.263s] -- Up-to-date symlink: /home/emma/turtlebot3_rl_ws/install/my_turtlebot3_gazebo/share/my_turtlebot3_gazebo//launch/train_world.launch.py
[5.263s] -- Up-to-date symlink: /home/emma/turtlebot3_rl_ws/install/my_turtlebot3_gazebo/share/my_turtlebot3_gazebo//launch/turtlebot3_dqn_stage1.launch.py
[5.263s] -- Up-to-date symlink: /home/emma/turtlebot3_rl_ws/install/my_turtlebot3_gazebo/share/my_turtlebot3_gazebo//launch/turtlebot3_dqn_stage2.launch.py
[5.270s] -- Up-to-date symlink: /home/emma/turtlebot3_rl_ws/install/my_turtlebot3_gazebo/share/my_turtlebot3_gazebo//launch/turtlebot3_dqn_stage3.launch.py
[5.270s] -- Up-to-date symlink: /home/emma/turtlebot3_rl_ws/install/my_turtlebot3_gazebo/share/my_turtlebot3_gazebo//launch/turtlebot3_dqn_stage4.launch.py
[5.270s] -- Up-to-date symlink: /home/emma/turtlebot3_rl_ws/install/my_turtlebot3_gazebo/share/my_turtlebot3_gazebo//launch/turtlebot3_house.launch.py
[5.270s] -- Up-to-date symlink: /home/emma/turtlebot3_rl_ws/install/my_turtlebot3_gazebo/share/my_turtlebot3_gazebo//launch/turtlebot3_world.launch.py
[5.270s] -- Up-to-date symlink: /home/emma/turtlebot3_rl_ws/install/my_turtlebot3_gazebo/share/my_turtlebot3_gazebo//models/turtlebot3_burger/model-1_4.sdf
[5.270s] -- Up-to-date symlink: /home/emma/turtlebot3_rl_ws/install/my_turtlebot3_gazebo/share/my_turtlebot3_gazebo//models/turtlebot3_burger/model.config
[5.270s] -- Up-to-date symlink: /home/emma/turtlebot3_rl_ws/install/my_turtlebot3_gazebo/share/my_turtlebot3_gazebo//models/turtlebot3_burger/model.sdf
[5.270s] -- Up-to-date symlink: /home/emma/turtlebot3_rl_ws/install/my_turtlebot3_gazebo/share/my_turtlebot3_gazebo//models/turtlebot3_common/meshes/burger_base.dae
[5.271s] -- Up-to-date symlink: /home/emma/turtlebot3_rl_ws/install/my_turtlebot3_gazebo/share/my_turtlebot3_gazebo//models/turtlebot3_common/meshes/lds.dae
[5.271s] -- Up-to-date symlink: /home/emma/turtlebot3_rl_ws/install/my_turtlebot3_gazebo/share/my_turtlebot3_gazebo//models/turtlebot3_common/meshes/r200.dae
[5.271s] -- Up-to-date symlink: /home/emma/turtlebot3_rl_ws/install/my_turtlebot3_gazebo/share/my_turtlebot3_gazebo//models/turtlebot3_common/meshes/tire.dae
[5.271s] -- Up-to-date symlink: /home/emma/turtlebot3_rl_ws/install/my_turtlebot3_gazebo/share/my_turtlebot3_gazebo//models/turtlebot3_common/meshes/waffle_base.dae
[5.271s] -- Up-to-date symlink: /home/emma/turtlebot3_rl_ws/install/my_turtlebot3_gazebo/share/my_turtlebot3_gazebo//models/turtlebot3_common/meshes/waffle_pi_base.dae
[5.271s] -- Up-to-date symlink: /home/emma/turtlebot3_rl_ws/install/my_turtlebot3_gazebo/share/my_turtlebot3_gazebo//models/turtlebot3_common/model.config
[5.271s] -- Up-to-date symlink: /home/emma/turtlebot3_rl_ws/install/my_turtlebot3_gazebo/share/my_turtlebot3_gazebo//models/turtlebot3_dqn_world/goal_box/model.config
[5.271s] -- Up-to-date symlink: /home/emma/turtlebot3_rl_ws/install/my_turtlebot3_gazebo/share/my_turtlebot3_gazebo//models/turtlebot3_dqn_world/goal_box/model.sdf
[5.271s] -- Up-to-date symlink: /home/emma/turtlebot3_rl_ws/install/my_turtlebot3_gazebo/share/my_turtlebot3_gazebo//models/turtlebot3_dqn_world/inner_walls/model.config
[5.271s] -- Up-to-date symlink: /home/emma/turtlebot3_rl_ws/install/my_turtlebot3_gazebo/share/my_turtlebot3_gazebo//models/turtlebot3_dqn_world/inner_walls/model.sdf
[5.271s] -- Up-to-date symlink: /home/emma/turtlebot3_rl_ws/install/my_turtlebot3_gazebo/share/my_turtlebot3_gazebo//models/turtlebot3_dqn_world/model.config
[5.271s] -- Up-to-date symlink: /home/emma/turtlebot3_rl_ws/install/my_turtlebot3_gazebo/share/my_turtlebot3_gazebo//models/turtlebot3_dqn_world/model.sdf
[5.271s] -- Up-to-date symlink: /home/emma/turtlebot3_rl_ws/install/my_turtlebot3_gazebo/share/my_turtlebot3_gazebo//models/turtlebot3_dqn_world/obstacle1/model.config
[5.272s] -- Up-to-date symlink: /home/emma/turtlebot3_rl_ws/install/my_turtlebot3_gazebo/share/my_turtlebot3_gazebo//models/turtlebot3_dqn_world/obstacle1/model.sdf
[5.272s] -- Up-to-date symlink: /home/emma/turtlebot3_rl_ws/install/my_turtlebot3_gazebo/share/my_turtlebot3_gazebo//models/turtlebot3_dqn_world/obstacle2/model.config
[5.282s] -- Up-to-date symlink: /home/emma/turtlebot3_rl_ws/install/my_turtlebot3_gazebo/share/my_turtlebot3_gazebo//models/turtlebot3_dqn_world/obstacle2/model.sdf
[5.306s] -- Up-to-date symlink: /home/emma/turtlebot3_rl_ws/install/my_turtlebot3_gazebo/share/my_turtlebot3_gazebo//models/turtlebot3_dqn_world/obstacle_plugin/CMakeLists.txt
[5.307s] -- Up-to-date symlink: /home/emma/turtlebot3_rl_ws/install/my_turtlebot3_gazebo/share/my_turtlebot3_gazebo//models/turtlebot3_dqn_world/obstacle_plugin/obstacle1.cc
[5.307s] -- Up-to-date symlink: /home/emma/turtlebot3_rl_ws/install/my_turtlebot3_gazebo/share/my_turtlebot3_gazebo//models/turtlebot3_dqn_world/obstacle_plugin/obstacle2.cc
[5.310s] -- Up-to-date symlink: /home/emma/turtlebot3_rl_ws/install/my_turtlebot3_gazebo/share/my_turtlebot3_gazebo//models/turtlebot3_dqn_world/obstacle_plugin/obstacles.cc
[5.312s] -- Up-to-date symlink: /home/emma/turtlebot3_rl_ws/install/my_turtlebot3_gazebo/share/my_turtlebot3_gazebo//models/turtlebot3_dqn_world/obstacles/model.config
[5.312s] -- Up-to-date symlink: /home/emma/turtlebot3_rl_ws/install/my_turtlebot3_gazebo/share/my_turtlebot3_gazebo//models/turtlebot3_dqn_world/obstacles/model.sdf
[5.312s] -- Up-to-date symlink: /home/emma/turtlebot3_rl_ws/install/my_turtlebot3_gazebo/share/my_turtlebot3_gazebo//models/turtlebot3_house/model.config
[5.312s] -- Up-to-date symlink: /home/emma/turtlebot3_rl_ws/install/my_turtlebot3_gazebo/share/my_turtlebot3_gazebo//models/turtlebot3_house/model.sdf
[5.321s] -- Up-to-date symlink: /home/emma/turtlebot3_rl_ws/install/my_turtlebot3_gazebo/share/my_turtlebot3_gazebo//models/turtlebot3_waffle/model-1_4.sdf
[5.329s] -- Up-to-date symlink: /home/emma/turtlebot3_rl_ws/install/my_turtlebot3_gazebo/share/my_turtlebot3_gazebo//models/turtlebot3_waffle/model.config
[5.334s] -- Up-to-date symlink: /home/emma/turtlebot3_rl_ws/install/my_turtlebot3_gazebo/share/my_turtlebot3_gazebo//models/turtlebot3_waffle/model.sdf
[5.341s] -- Up-to-date symlink: /home/emma/turtlebot3_rl_ws/install/my_turtlebot3_gazebo/share/my_turtlebot3_gazebo//models/turtlebot3_waffle_pi/model-1_4_.sdf
[5.341s] -- Up-to-date symlink: /home/emma/turtlebot3_rl_ws/install/my_turtlebot3_gazebo/share/my_turtlebot3_gazebo//models/turtlebot3_waffle_pi/model.config
[5.341s] -- Up-to-date symlink: /home/emma/turtlebot3_rl_ws/install/my_turtlebot3_gazebo/share/my_turtlebot3_gazebo//models/turtlebot3_waffle_pi/model.sdf
[5.341s] -- Up-to-date symlink: /home/emma/turtlebot3_rl_ws/install/my_turtlebot3_gazebo/share/my_turtlebot3_gazebo//models/turtlebot3_world/meshes/hexagon.dae
[5.341s] -- Up-to-date symlink: /home/emma/turtlebot3_rl_ws/install/my_turtlebot3_gazebo/share/my_turtlebot3_gazebo//models/turtlebot3_world/meshes/wall.dae
[5.341s] -- Up-to-date symlink: /home/emma/turtlebot3_rl_ws/install/my_turtlebot3_gazebo/share/my_turtlebot3_gazebo//models/turtlebot3_world/model-1_4.sdf
[5.341s] -- Up-to-date symlink: /home/emma/turtlebot3_rl_ws/install/my_turtlebot3_gazebo/share/my_turtlebot3_gazebo//models/turtlebot3_world/model.config
[5.341s] -- Up-to-date symlink: /home/emma/turtlebot3_rl_ws/install/my_turtlebot3_gazebo/share/my_turtlebot3_gazebo//models/turtlebot3_world/model.sdf
[5.341s] -- Symlinking: /home/emma/turtlebot3_rl_ws/install/my_turtlebot3_gazebo/share/my_turtlebot3_gazebo//rviz/tb3_gazebo.rviz
[5.353s] -- Symlinking: /home/emma/turtlebot3_rl_ws/install/my_turtlebot3_gazebo/share/my_turtlebot3_gazebo//urdf/common_properties.urdf
[5.414s] -- Symlinking: /home/emma/turtlebot3_rl_ws/install/my_turtlebot3_gazebo/share/my_turtlebot3_gazebo//urdf/turtlebot3_burger.urdf
[5.442s] -- Symlinking: /home/emma/turtlebot3_rl_ws/install/my_turtlebot3_gazebo/share/my_turtlebot3_gazebo//urdf/turtlebot3_waffle.urdf
[5.477s] -- Symlinking: /home/emma/turtlebot3_rl_ws/install/my_turtlebot3_gazebo/share/my_turtlebot3_gazebo//urdf/turtlebot3_waffle_pi.urdf
[5.556s] -- Symlinking: /home/emma/turtlebot3_rl_ws/install/my_turtlebot3_gazebo/share/my_turtlebot3_gazebo//worlds/empty_world.world
[5.611s] -- Symlinking: /home/emma/turtlebot3_rl_ws/install/my_turtlebot3_gazebo/share/my_turtlebot3_gazebo//worlds/turtlebot3_dqn_stage1.world
[5.627s] -- Symlinking: /home/emma/turtlebot3_rl_ws/install/my_turtlebot3_gazebo/share/my_turtlebot3_gazebo//worlds/turtlebot3_dqn_stage2.world
[5.727s] -- Symlinking: /home/emma/turtlebot3_rl_ws/install/my_turtlebot3_gazebo/share/my_turtlebot3_gazebo//worlds/turtlebot3_dqn_stage3.world
[5.781s] -- Symlinking: /home/emma/turtlebot3_rl_ws/install/my_turtlebot3_gazebo/share/my_turtlebot3_gazebo//worlds/turtlebot3_dqn_stage4.world
[5.886s] -- Symlinking: /home/emma/turtlebot3_rl_ws/install/my_turtlebot3_gazebo/share/my_turtlebot3_gazebo//worlds/turtlebot3_house.world
[5.938s] -- Symlinking: /home/emma/turtlebot3_rl_ws/install/my_turtlebot3_gazebo/share/my_turtlebot3_gazebo//worlds/turtlebot3_world.world
[5.977s] -- Up-to-date symlink: /home/emma/turtlebot3_rl_ws/install/my_turtlebot3_gazebo/share/my_turtlebot3_gazebo//worlds/empty_world.world
[5.979s] -- Up-to-date symlink: /home/emma/turtlebot3_rl_ws/install/my_turtlebot3_gazebo/share/my_turtlebot3_gazebo//worlds/turtlebot3_dqn_stage1.world
[5.979s] -- Up-to-date symlink: /home/emma/turtlebot3_rl_ws/install/my_turtlebot3_gazebo/share/my_turtlebot3_gazebo//worlds/turtlebot3_dqn_stage2.world
[5.979s] -- Up-to-date symlink: /home/emma/turtlebot3_rl_ws/install/my_turtlebot3_gazebo/share/my_turtlebot3_gazebo//worlds/turtlebot3_dqn_stage3.world
[5.979s] -- Up-to-date symlink: /home/emma/turtlebot3_rl_ws/install/my_turtlebot3_gazebo/share/my_turtlebot3_gazebo//worlds/turtlebot3_dqn_stage4.world
[5.979s] -- Up-to-date symlink: /home/emma/turtlebot3_rl_ws/install/my_turtlebot3_gazebo/share/my_turtlebot3_gazebo//worlds/turtlebot3_house.world
[5.979s] -- Up-to-date symlink: /home/emma/turtlebot3_rl_ws/install/my_turtlebot3_gazebo/share/my_turtlebot3_gazebo//worlds/turtlebot3_world.world
[5.980s] -- Symlinking: /home/emma/turtlebot3_rl_ws/install/my_turtlebot3_gazebo/include//turtlebot3_gazebo/turtlebot3_drive.hpp
[6.094s] -- Symlinking: /home/emma/turtlebot3_rl_ws/install/my_turtlebot3_gazebo/share/ament_index/resource_index/package_run_dependencies/my_turtlebot3_gazebo
[6.201s] -- Symlinking: /home/emma/turtlebot3_rl_ws/install/my_turtlebot3_gazebo/share/ament_index/resource_index/parent_prefix_path/my_turtlebot3_gazebo
[6.272s] -- Symlinking: /home/emma/turtlebot3_rl_ws/install/my_turtlebot3_gazebo/share/my_turtlebot3_gazebo/environment/ament_prefix_path.sh
[6.377s] -- Symlinking: /home/emma/turtlebot3_rl_ws/install/my_turtlebot3_gazebo/share/my_turtlebot3_gazebo/environment/ament_prefix_path.dsv
[6.465s] -- Symlinking: /home/emma/turtlebot3_rl_ws/install/my_turtlebot3_gazebo/share/my_turtlebot3_gazebo/environment/path.sh
[6.554s] -- Symlinking: /home/emma/turtlebot3_rl_ws/install/my_turtlebot3_gazebo/share/my_turtlebot3_gazebo/environment/path.dsv
[6.637s] -- Symlinking: /home/emma/turtlebot3_rl_ws/install/my_turtlebot3_gazebo/share/my_turtlebot3_gazebo/local_setup.bash
[6.797s] -- Symlinking: /home/emma/turtlebot3_rl_ws/install/my_turtlebot3_gazebo/share/my_turtlebot3_gazebo/local_setup.sh
[6.946s] -- Symlinking: /home/emma/turtlebot3_rl_ws/install/my_turtlebot3_gazebo/share/my_turtlebot3_gazebo/local_setup.zsh
[7.045s] -- Symlinking: /home/emma/turtlebot3_rl_ws/install/my_turtlebot3_gazebo/share/my_turtlebot3_gazebo/local_setup.dsv
[7.222s] -- Symlinking: /home/emma/turtlebot3_rl_ws/install/my_turtlebot3_gazebo/share/my_turtlebot3_gazebo/package.dsv
[7.322s] -- Symlinking: /home/emma/turtlebot3_rl_ws/install/my_turtlebot3_gazebo/share/ament_index/resource_index/packages/my_turtlebot3_gazebo
[7.415s] -- Symlinking: /home/emma/turtlebot3_rl_ws/install/my_turtlebot3_gazebo/share/my_turtlebot3_gazebo/cmake/ament_cmake_export_include_directories-extras.cmake
[7.559s] -- Symlinking: /home/emma/turtlebot3_rl_ws/install/my_turtlebot3_gazebo/share/my_turtlebot3_gazebo/cmake/ament_cmake_export_dependencies-extras.cmake
[7.706s] -- Symlinking: /home/emma/turtlebot3_rl_ws/install/my_turtlebot3_gazebo/share/my_turtlebot3_gazebo/cmake/my_turtlebot3_gazeboConfig.cmake
[7.830s] -- Symlinking: /home/emma/turtlebot3_rl_ws/install/my_turtlebot3_gazebo/share/my_turtlebot3_gazebo/cmake/my_turtlebot3_gazeboConfig-version.cmake
[7.969s] -- Symlinking: /home/emma/turtlebot3_rl_ws/install/my_turtlebot3_gazebo/share/my_turtlebot3_gazebo/package.xml
[8.105s] Invoked command in '/home/emma/turtlebot3_rl_ws/build/my_turtlebot3_gazebo' returned '0': CMAKE_PREFIX_PATH=/opt/ros/humble /usr/bin/cmake --install /home/emma/turtlebot3_rl_ws/build/my_turtlebot3_gazebo
