[0.762s] Invoking command in '/home/emma/turtlebot3_rl_ws/build/train_reset_plugin': /usr/bin/cmake --build /home/emma/turtlebot3_rl_ws/build/train_reset_plugin -- -j4 -l4
[1.010s] [35m[1mConsolidate compiler generated dependencies of target train_reset_plugin[0m
[1.097s] [ 50%] [32mBuilding CXX object CMakeFiles/train_reset_plugin.dir/src/train_reset_plugin.cpp.o[0m
[30.386s] [100%] [32m[1mLinking CXX shared library libtrain_reset_plugin.so[0m
[31.017s] [100%] Built target train_reset_plugin
[31.038s] Invoked command in '/home/emma/turtlebot3_rl_ws/build/train_reset_plugin' returned '0': /usr/bin/cmake --build /home/emma/turtlebot3_rl_ws/build/train_reset_plugin -- -j4 -l4
[31.047s] Invoking command in '/home/emma/turtlebot3_rl_ws/build/train_reset_plugin': /usr/bin/cmake --install /home/emma/turtlebot3_rl_ws/build/train_reset_plugin
[31.060s] -- Install configuration: ""
[31.060s] -- Installing: /home/emma/turtlebot3_rl_ws/install/train_reset_plugin/lib/libtrain_reset_plugin.so
[31.076s] -- Set runtime path of "/home/emma/turtlebot3_rl_ws/install/train_reset_plugin/lib/libtrain_reset_plugin.so" to ""
[31.077s] -- Up-to-date: /home/emma/turtlebot3_rl_ws/install/train_reset_plugin/share/ament_index/resource_index/package_run_dependencies/train_reset_plugin
[31.077s] -- Up-to-date: /home/emma/turtlebot3_rl_ws/install/train_reset_plugin/share/ament_index/resource_index/parent_prefix_path/train_reset_plugin
[31.077s] -- Up-to-date: /home/emma/turtlebot3_rl_ws/install/train_reset_plugin/share/train_reset_plugin/environment/ament_prefix_path.sh
[31.078s] -- Up-to-date: /home/emma/turtlebot3_rl_ws/install/train_reset_plugin/share/train_reset_plugin/environment/ament_prefix_path.dsv
[31.078s] -- Up-to-date: /home/emma/turtlebot3_rl_ws/install/train_reset_plugin/share/train_reset_plugin/environment/path.sh
[31.079s] -- Up-to-date: /home/emma/turtlebot3_rl_ws/install/train_reset_plugin/share/train_reset_plugin/environment/path.dsv
[31.079s] -- Up-to-date: /home/emma/turtlebot3_rl_ws/install/train_reset_plugin/share/train_reset_plugin/local_setup.bash
[31.080s] -- Up-to-date: /home/emma/turtlebot3_rl_ws/install/train_reset_plugin/share/train_reset_plugin/local_setup.sh
[31.080s] -- Up-to-date: /home/emma/turtlebot3_rl_ws/install/train_reset_plugin/share/train_reset_plugin/local_setup.zsh
[31.080s] -- Up-to-date: /home/emma/turtlebot3_rl_ws/install/train_reset_plugin/share/train_reset_plugin/local_setup.dsv
[31.081s] -- Installing: /home/emma/turtlebot3_rl_ws/install/train_reset_plugin/share/train_reset_plugin/package.dsv
[31.081s] -- Up-to-date: /home/emma/turtlebot3_rl_ws/install/train_reset_plugin/share/ament_index/resource_index/packages/train_reset_plugin
[31.081s] -- Up-to-date: /home/emma/turtlebot3_rl_ws/install/train_reset_plugin/share/train_reset_plugin/cmake/train_reset_pluginConfig.cmake
[31.082s] -- Up-to-date: /home/emma/turtlebot3_rl_ws/install/train_reset_plugin/share/train_reset_plugin/cmake/train_reset_pluginConfig-version.cmake
[31.082s] -- Up-to-date: /home/emma/turtlebot3_rl_ws/install/train_reset_plugin/share/train_reset_plugin/package.xml
[31.085s] Invoked command in '/home/emma/turtlebot3_rl_ws/build/train_reset_plugin' returned '0': /usr/bin/cmake --install /home/emma/turtlebot3_rl_ws/build/train_reset_plugin
