[1.288s] Invoking command in '/home/emma/turtlebot3_rl_ws/src/turtlebot3_rl': PYTHONPATH=/home/emma/turtlebot3_rl_ws/src/build/turtlebot3_rl/prefix_override:/usr/lib/python3/dist-packages/colcon_core/task/python/colcon_distutils_commands:/home/emma/turtlebot3_rl_ws/src/install/turtlebot3_rl/lib/python3.10/site-packages:${PYTHONPATH} /usr/bin/python3 -W ignore:setup.py install is deprecated -W ignore:easy_install command is deprecated setup.py egg_info --egg-base ../build/turtlebot3_rl build --build-base /home/emma/turtlebot3_rl_ws/src/build/turtlebot3_rl/build install --record /home/emma/turtlebot3_rl_ws/src/build/turtlebot3_rl/install.log --single-version-externally-managed install_data
[1.546s] running egg_info
[1.547s] writing ../build/turtlebot3_rl/turtlebot3_rl.egg-info/PKG-INFO
[1.549s] writing dependency_links to ../build/turtlebot3_rl/turtlebot3_rl.egg-info/dependency_links.txt
[1.549s] writing entry points to ../build/turtlebot3_rl/turtlebot3_rl.egg-info/entry_points.txt
[1.549s] writing requirements to ../build/turtlebot3_rl/turtlebot3_rl.egg-info/requires.txt
[1.551s] writing top-level names to ../build/turtlebot3_rl/turtlebot3_rl.egg-info/top_level.txt
[1.551s] reading manifest file '../build/turtlebot3_rl/turtlebot3_rl.egg-info/SOURCES.txt'
[1.553s] writing manifest file '../build/turtlebot3_rl/turtlebot3_rl.egg-info/SOURCES.txt'
[1.553s] running build
[1.553s] running build_py
[1.553s] copying turtlebot3_rl/train_test.py -> /home/emma/turtlebot3_rl_ws/src/build/turtlebot3_rl/build/lib/turtlebot3_rl
[1.554s] running install
[1.555s] running install_lib
[1.556s] copying /home/emma/turtlebot3_rl_ws/src/build/turtlebot3_rl/build/lib/turtlebot3_rl/train_test.py -> /home/emma/turtlebot3_rl_ws/src/install/turtlebot3_rl/lib/python3.10/site-packages/turtlebot3_rl
[1.556s] byte-compiling /home/emma/turtlebot3_rl_ws/src/install/turtlebot3_rl/lib/python3.10/site-packages/turtlebot3_rl/train_test.py to train_test.cpython-310.pyc
[1.557s] running install_data
[1.557s] running install_egg_info
[1.557s] removing '/home/emma/turtlebot3_rl_ws/src/install/turtlebot3_rl/lib/python3.10/site-packages/turtlebot3_rl-0.0.0-py3.10.egg-info' (and everything under it)
[1.558s] Copying ../build/turtlebot3_rl/turtlebot3_rl.egg-info to /home/emma/turtlebot3_rl_ws/src/install/turtlebot3_rl/lib/python3.10/site-packages/turtlebot3_rl-0.0.0-py3.10.egg-info
[1.559s] running install_scripts
[1.601s] writing list of installed files to '/home/emma/turtlebot3_rl_ws/src/build/turtlebot3_rl/install.log'
[1.644s] Invoked command in '/home/emma/turtlebot3_rl_ws/src/turtlebot3_rl' returned '0': PYTHONPATH=/home/emma/turtlebot3_rl_ws/src/build/turtlebot3_rl/prefix_override:/usr/lib/python3/dist-packages/colcon_core/task/python/colcon_distutils_commands:/home/emma/turtlebot3_rl_ws/src/install/turtlebot3_rl/lib/python3.10/site-packages:${PYTHONPATH} /usr/bin/python3 -W ignore:setup.py install is deprecated -W ignore:easy_install command is deprecated setup.py egg_info --egg-base ../build/turtlebot3_rl build --build-base /home/emma/turtlebot3_rl_ws/src/build/turtlebot3_rl/build install --record /home/emma/turtlebot3_rl_ws/src/build/turtlebot3_rl/install.log --single-version-externally-managed install_data
