[1.297s] Invoking command in '/home/emma/turtlebot3_rl_ws/src/turtlebot3_rl': PYTHONPATH=/home/emma/turtlebot3_rl_ws/build/turtlebot3_rl/prefix_override:/usr/lib/python3/dist-packages/colcon_core/task/python/colcon_distutils_commands:/home/emma/turtlebot3_rl_ws/install/turtlebot3_rl/lib/python3.10/site-packages:${PYTHONPATH} /usr/bin/python3 -W ignore:setup.py install is deprecated -W ignore:easy_install command is deprecated setup.py egg_info --egg-base ../../build/turtlebot3_rl build --build-base /home/emma/turtlebot3_rl_ws/build/turtlebot3_rl/build install --record /home/emma/turtlebot3_rl_ws/build/turtlebot3_rl/install.log --single-version-externally-managed install_data
[1.551s] running egg_info
[1.552s] writing ../../build/turtlebot3_rl/turtlebot3_rl.egg-info/PKG-INFO
[1.554s] writing dependency_links to ../../build/turtlebot3_rl/turtlebot3_rl.egg-info/dependency_links.txt
[1.554s] writing entry points to ../../build/turtlebot3_rl/turtlebot3_rl.egg-info/entry_points.txt
[1.555s] writing requirements to ../../build/turtlebot3_rl/turtlebot3_rl.egg-info/requires.txt
[1.556s] writing top-level names to ../../build/turtlebot3_rl/turtlebot3_rl.egg-info/top_level.txt
[1.558s] reading manifest file '../../build/turtlebot3_rl/turtlebot3_rl.egg-info/SOURCES.txt'
[1.559s] writing manifest file '../../build/turtlebot3_rl/turtlebot3_rl.egg-info/SOURCES.txt'
[1.560s] running build
[1.560s] running build_py
[1.561s] copying turtlebot3_rl/turtlebot3_env_test2.py -> /home/emma/turtlebot3_rl_ws/build/turtlebot3_rl/build/lib/turtlebot3_rl
[1.562s] running install
[1.563s] running install_lib
[1.564s] copying /home/emma/turtlebot3_rl_ws/build/turtlebot3_rl/build/lib/turtlebot3_rl/turtlebot3_env_test2.py -> /home/emma/turtlebot3_rl_ws/install/turtlebot3_rl/lib/python3.10/site-packages/turtlebot3_rl
[1.565s] byte-compiling /home/emma/turtlebot3_rl_ws/install/turtlebot3_rl/lib/python3.10/site-packages/turtlebot3_rl/turtlebot3_env_test2.py to turtlebot3_env_test2.cpython-310.pyc
[1.567s] running install_data
[1.567s] running install_egg_info
[1.569s] removing '/home/emma/turtlebot3_rl_ws/install/turtlebot3_rl/lib/python3.10/site-packages/turtlebot3_rl-0.0.0-py3.10.egg-info' (and everything under it)
[1.573s] Copying ../../build/turtlebot3_rl/turtlebot3_rl.egg-info to /home/emma/turtlebot3_rl_ws/install/turtlebot3_rl/lib/python3.10/site-packages/turtlebot3_rl-0.0.0-py3.10.egg-info
[1.573s] running install_scripts
[1.591s] writing list of installed files to '/home/emma/turtlebot3_rl_ws/build/turtlebot3_rl/install.log'
[1.619s] Invoked command in '/home/emma/turtlebot3_rl_ws/src/turtlebot3_rl' returned '0': PYTHONPATH=/home/emma/turtlebot3_rl_ws/build/turtlebot3_rl/prefix_override:/usr/lib/python3/dist-packages/colcon_core/task/python/colcon_distutils_commands:/home/emma/turtlebot3_rl_ws/install/turtlebot3_rl/lib/python3.10/site-packages:${PYTHONPATH} /usr/bin/python3 -W ignore:setup.py install is deprecated -W ignore:easy_install command is deprecated setup.py egg_info --egg-base ../../build/turtlebot3_rl build --build-base /home/emma/turtlebot3_rl_ws/build/turtlebot3_rl/build install --record /home/emma/turtlebot3_rl_ws/build/turtlebot3_rl/install.log --single-version-externally-managed install_data
