[0.444s] Invoking command in '/home/emma/turtlebot3_rl_ws/build/train_velocity_plugin': /usr/bin/cmake --build /home/emma/turtlebot3_rl_ws/build/train_velocity_plugin -- -j4 -l4
[0.517s] [35m[1mConsolidate compiler generated dependencies of target train_velocity_plugin[0m
[0.560s] [ 50%] [32mBuilding CXX object CMakeFiles/train_velocity_plugin.dir/src/train_velocity_plugin.cpp.o[0m
[25.345s] [100%] [32m[1mLinking CXX shared library libtrain_velocity_plugin.so[0m
[26.267s] [100%] Built target train_velocity_plugin
[26.284s] Invoked command in '/home/emma/turtlebot3_rl_ws/build/train_velocity_plugin' returned '0': /usr/bin/cmake --build /home/emma/turtlebot3_rl_ws/build/train_velocity_plugin -- -j4 -l4
[26.288s] Invoking command in '/home/emma/turtlebot3_rl_ws/build/train_velocity_plugin': /usr/bin/cmake --install /home/emma/turtlebot3_rl_ws/build/train_velocity_plugin
[26.298s] -- Install configuration: ""
[26.298s] -- Installing: /home/emma/turtlebot3_rl_ws/install/train_velocity_plugin/lib/libtrain_velocity_plugin.so
[26.309s] -- Set runtime path of "/home/emma/turtlebot3_rl_ws/install/train_velocity_plugin/lib/libtrain_velocity_plugin.so" to ""
[26.309s] -- Up-to-date: /home/emma/turtlebot3_rl_ws/install/train_velocity_plugin/share/ament_index/resource_index/package_run_dependencies/train_velocity_plugin
[26.310s] -- Up-to-date: /home/emma/turtlebot3_rl_ws/install/train_velocity_plugin/share/ament_index/resource_index/parent_prefix_path/train_velocity_plugin
[26.310s] -- Up-to-date: /home/emma/turtlebot3_rl_ws/install/train_velocity_plugin/share/train_velocity_plugin/environment/ament_prefix_path.sh
[26.310s] -- Up-to-date: /home/emma/turtlebot3_rl_ws/install/train_velocity_plugin/share/train_velocity_plugin/environment/ament_prefix_path.dsv
[26.310s] -- Up-to-date: /home/emma/turtlebot3_rl_ws/install/train_velocity_plugin/share/train_velocity_plugin/environment/path.sh
[26.311s] -- Up-to-date: /home/emma/turtlebot3_rl_ws/install/train_velocity_plugin/share/train_velocity_plugin/environment/path.dsv
[26.311s] -- Up-to-date: /home/emma/turtlebot3_rl_ws/install/train_velocity_plugin/share/train_velocity_plugin/local_setup.bash
[26.311s] -- Up-to-date: /home/emma/turtlebot3_rl_ws/install/train_velocity_plugin/share/train_velocity_plugin/local_setup.sh
[26.311s] -- Up-to-date: /home/emma/turtlebot3_rl_ws/install/train_velocity_plugin/share/train_velocity_plugin/local_setup.zsh
[26.311s] -- Up-to-date: /home/emma/turtlebot3_rl_ws/install/train_velocity_plugin/share/train_velocity_plugin/local_setup.dsv
[26.311s] -- Installing: /home/emma/turtlebot3_rl_ws/install/train_velocity_plugin/share/train_velocity_plugin/package.dsv
[26.311s] -- Up-to-date: /home/emma/turtlebot3_rl_ws/install/train_velocity_plugin/share/ament_index/resource_index/packages/train_velocity_plugin
[26.311s] -- Up-to-date: /home/emma/turtlebot3_rl_ws/install/train_velocity_plugin/share/train_velocity_plugin/cmake/train_velocity_pluginConfig.cmake
[26.311s] -- Up-to-date: /home/emma/turtlebot3_rl_ws/install/train_velocity_plugin/share/train_velocity_plugin/cmake/train_velocity_pluginConfig-version.cmake
[26.311s] -- Up-to-date: /home/emma/turtlebot3_rl_ws/install/train_velocity_plugin/share/train_velocity_plugin/package.xml
[26.313s] Invoked command in '/home/emma/turtlebot3_rl_ws/build/train_velocity_plugin' returned '0': /usr/bin/cmake --install /home/emma/turtlebot3_rl_ws/build/train_velocity_plugin
