[0.040s] Invoking command in '/home/emma/turtlebot3_rl_ws/build/contact_plugin': /usr/bin/cmake --build /home/emma/turtlebot3_rl_ws/build/contact_plugin -- -j4 -l4
[0.275s] [100%] Built target contact_plugin
[0.405s] Invoked command in '/home/emma/turtlebot3_rl_ws/build/contact_plugin' returned '0': /usr/bin/cmake --build /home/emma/turtlebot3_rl_ws/build/contact_plugin -- -j4 -l4
[0.411s] Invoking command in '/home/emma/turtlebot3_rl_ws/build/contact_plugin': /usr/bin/cmake --install /home/emma/turtlebot3_rl_ws/build/contact_plugin
[0.449s] -- Install configuration: ""
[0.453s] -- Up-to-date: /home/emma/turtlebot3_rl_ws/install/contact_plugin/lib/libcontact_plugin.so
[0.454s] -- Up-to-date: /home/emma/turtlebot3_rl_ws/install/contact_plugin/share/ament_index/resource_index/package_run_dependencies/contact_plugin
[0.456s] -- Up-to-date: /home/emma/turtlebot3_rl_ws/install/contact_plugin/share/ament_index/resource_index/parent_prefix_path/contact_plugin
[0.456s] -- Up-to-date: /home/emma/turtlebot3_rl_ws/install/contact_plugin/share/contact_plugin/environment/ament_prefix_path.sh
[0.457s] -- Up-to-date: /home/emma/turtlebot3_rl_ws/install/contact_plugin/share/contact_plugin/environment/ament_prefix_path.dsv
[0.457s] -- Up-to-date: /home/emma/turtlebot3_rl_ws/install/contact_plugin/share/contact_plugin/environment/path.sh
[0.462s] -- Up-to-date: /home/emma/turtlebot3_rl_ws/install/contact_plugin/share/contact_plugin/environment/path.dsv
[0.462s] -- Up-to-date: /home/emma/turtlebot3_rl_ws/install/contact_plugin/share/contact_plugin/local_setup.bash
[0.462s] -- Up-to-date: /home/emma/turtlebot3_rl_ws/install/contact_plugin/share/contact_plugin/local_setup.sh
[0.463s] -- Up-to-date: /home/emma/turtlebot3_rl_ws/install/contact_plugin/share/contact_plugin/local_setup.zsh
[0.463s] -- Up-to-date: /home/emma/turtlebot3_rl_ws/install/contact_plugin/share/contact_plugin/local_setup.dsv
[0.466s] -- Installing: /home/emma/turtlebot3_rl_ws/install/contact_plugin/share/contact_plugin/package.dsv
[0.467s] -- Up-to-date: /home/emma/turtlebot3_rl_ws/install/contact_plugin/share/ament_index/resource_index/packages/contact_plugin
[0.467s] -- Up-to-date: /home/emma/turtlebot3_rl_ws/install/contact_plugin/share/contact_plugin/cmake/contact_pluginConfig.cmake
[0.467s] -- Up-to-date: /home/emma/turtlebot3_rl_ws/install/contact_plugin/share/contact_plugin/cmake/contact_pluginConfig-version.cmake
[0.468s] -- Up-to-date: /home/emma/turtlebot3_rl_ws/install/contact_plugin/share/contact_plugin/package.xml
[0.903s] Invoked command in '/home/emma/turtlebot3_rl_ws/build/contact_plugin' returned '0': /usr/bin/cmake --install /home/emma/turtlebot3_rl_ws/build/contact_plugin
