[0.127s] DEBUG:colcon:Command line arguments: ['/usr/bin/colcon', 'build']
[0.127s] DEBUG:colcon:Parsed command line arguments: Namespace(log_base=None, log_level=None, verb_name='build', build_base='build', install_base='install', merge_install=False, symlink_install=False, test_result_base=None, continue_on_error=False, executor='parallel', parallel_workers=4, event_handlers=None, ignore_user_meta=False, metas=['./colcon.meta'], base_paths=['.'], packages_ignore=None, packages_ignore_regex=None, paths=None, packages_up_to=None, packages_up_to_regex=None, packages_above=None, packages_above_and_dependencies=None, packages_above_depth=None, packages_select_by_dep=None, packages_skip_by_dep=None, packages_skip_up_to=None, packages_select_build_failed=False, packages_skip_build_finished=False, packages_select_test_failures=False, packages_skip_test_passed=False, packages_select=None, packages_skip=None, packages_select_regex=None, packages_skip_regex=None, packages_start=None, packages_end=None, allow_overriding=[], cmake_args=None, cmake_target=None, cmake_target_skip_unavailable=False, cmake_clean_cache=False, cmake_clean_first=False, cmake_force_configure=False, ament_cmake_args=None, catkin_cmake_args=None, catkin_skip_building_tests=False, verb_parser=<colcon_defaults.argument_parser.defaults.DefaultArgumentsDecorator object at 0x7e9482a1fd00>, verb_extension=<colcon_core.verb.build.BuildVerb object at 0x7e9482a1eec0>, main=<bound method BuildVerb.main of <colcon_core.verb.build.BuildVerb object at 0x7e9482a1eec0>>)
[0.321s] Level 1:colcon.colcon_core.package_discovery:discover_packages(colcon_meta) check parameters
[0.321s] Level 1:colcon.colcon_core.package_discovery:discover_packages(recursive) check parameters
[0.322s] Level 1:colcon.colcon_core.package_discovery:discover_packages(ignore) check parameters
[0.322s] Level 1:colcon.colcon_core.package_discovery:discover_packages(path) check parameters
[0.322s] Level 1:colcon.colcon_core.package_discovery:discover_packages(colcon_meta) discover
[0.322s] Level 1:colcon.colcon_core.package_discovery:discover_packages(recursive) discover
[0.322s] INFO:colcon.colcon_core.package_discovery:Crawling recursively for packages in '/home/emma/turtlebot3_rl_ws'
[0.322s] Level 1:colcon.colcon_core.package_identification:_identify(.) by extensions ['ignore', 'ignore_ament_install']
[0.322s] Level 1:colcon.colcon_core.package_identification:_identify(.) by extension 'ignore'
[0.322s] Level 1:colcon.colcon_core.package_identification:_identify(.) by extension 'ignore_ament_install'
[0.322s] Level 1:colcon.colcon_core.package_identification:_identify(.) by extensions ['colcon_pkg']
[0.322s] Level 1:colcon.colcon_core.package_identification:_identify(.) by extension 'colcon_pkg'
[0.322s] Level 1:colcon.colcon_core.package_identification:_identify(.) by extensions ['colcon_meta']
[0.322s] Level 1:colcon.colcon_core.package_identification:_identify(.) by extension 'colcon_meta'
[0.322s] Level 1:colcon.colcon_core.package_identification:_identify(.) by extensions ['ros']
[0.323s] Level 1:colcon.colcon_core.package_identification:_identify(.) by extension 'ros'
[0.334s] Level 1:colcon.colcon_core.package_identification:_identify(.) by extensions ['cmake', 'python']
[0.334s] Level 1:colcon.colcon_core.package_identification:_identify(.) by extension 'cmake'
[0.334s] Level 1:colcon.colcon_core.package_identification:_identify(.) by extension 'python'
[0.334s] Level 1:colcon.colcon_core.package_identification:_identify(.) by extensions ['python_setup_py']
[0.334s] Level 1:colcon.colcon_core.package_identification:_identify(.) by extension 'python_setup_py'
[0.335s] Level 1:colcon.colcon_core.package_identification:_identify(build) by extensions ['ignore', 'ignore_ament_install']
[0.335s] Level 1:colcon.colcon_core.package_identification:_identify(build) by extension 'ignore'
[0.335s] Level 1:colcon.colcon_core.package_identification:_identify(build) ignored
[0.335s] Level 1:colcon.colcon_core.package_identification:_identify(install) by extensions ['ignore', 'ignore_ament_install']
[0.335s] Level 1:colcon.colcon_core.package_identification:_identify(install) by extension 'ignore'
[0.335s] Level 1:colcon.colcon_core.package_identification:_identify(install) ignored
[0.335s] Level 1:colcon.colcon_core.package_identification:_identify(log) by extensions ['ignore', 'ignore_ament_install']
[0.336s] Level 1:colcon.colcon_core.package_identification:_identify(log) by extension 'ignore'
[0.336s] Level 1:colcon.colcon_core.package_identification:_identify(log) ignored
[0.336s] Level 1:colcon.colcon_core.package_identification:_identify(src) by extensions ['ignore', 'ignore_ament_install']
[0.336s] Level 1:colcon.colcon_core.package_identification:_identify(src) by extension 'ignore'
[0.336s] Level 1:colcon.colcon_core.package_identification:_identify(src) by extension 'ignore_ament_install'
[0.336s] Level 1:colcon.colcon_core.package_identification:_identify(src) by extensions ['colcon_pkg']
[0.336s] Level 1:colcon.colcon_core.package_identification:_identify(src) by extension 'colcon_pkg'
[0.336s] Level 1:colcon.colcon_core.package_identification:_identify(src) by extensions ['colcon_meta']
[0.336s] Level 1:colcon.colcon_core.package_identification:_identify(src) by extension 'colcon_meta'
[0.336s] Level 1:colcon.colcon_core.package_identification:_identify(src) by extensions ['ros']
[0.336s] Level 1:colcon.colcon_core.package_identification:_identify(src) by extension 'ros'
[0.336s] Level 1:colcon.colcon_core.package_identification:_identify(src) by extensions ['cmake', 'python']
[0.336s] Level 1:colcon.colcon_core.package_identification:_identify(src) by extension 'cmake'
[0.337s] Level 1:colcon.colcon_core.package_identification:_identify(src) by extension 'python'
[0.337s] Level 1:colcon.colcon_core.package_identification:_identify(src) by extensions ['python_setup_py']
[0.337s] Level 1:colcon.colcon_core.package_identification:_identify(src) by extension 'python_setup_py'
[0.337s] Level 1:colcon.colcon_core.package_identification:_identify(src/bot_reset_plugin) by extensions ['ignore', 'ignore_ament_install']
[0.337s] Level 1:colcon.colcon_core.package_identification:_identify(src/bot_reset_plugin) by extension 'ignore'
[0.337s] Level 1:colcon.colcon_core.package_identification:_identify(src/bot_reset_plugin) by extension 'ignore_ament_install'
[0.337s] Level 1:colcon.colcon_core.package_identification:_identify(src/bot_reset_plugin) by extensions ['colcon_pkg']
[0.337s] Level 1:colcon.colcon_core.package_identification:_identify(src/bot_reset_plugin) by extension 'colcon_pkg'
[0.337s] Level 1:colcon.colcon_core.package_identification:_identify(src/bot_reset_plugin) by extensions ['colcon_meta']
[0.337s] Level 1:colcon.colcon_core.package_identification:_identify(src/bot_reset_plugin) by extension 'colcon_meta'
[0.337s] Level 1:colcon.colcon_core.package_identification:_identify(src/bot_reset_plugin) by extensions ['ros']
[0.337s] Level 1:colcon.colcon_core.package_identification:_identify(src/bot_reset_plugin) by extension 'ros'
[0.340s] DEBUG:colcon.colcon_core.package_identification:Package 'src/bot_reset_plugin' with type 'ros.catkin' and name 'bot_reset_plugin'
[0.340s] Level 1:colcon.colcon_core.package_identification:_identify(src/build) by extensions ['ignore', 'ignore_ament_install']
[0.340s] Level 1:colcon.colcon_core.package_identification:_identify(src/build) by extension 'ignore'
[0.340s] Level 1:colcon.colcon_core.package_identification:_identify(src/build) ignored
[0.340s] Level 1:colcon.colcon_core.package_identification:_identify(src/install) by extensions ['ignore', 'ignore_ament_install']
[0.341s] Level 1:colcon.colcon_core.package_identification:_identify(src/install) by extension 'ignore'
[0.341s] Level 1:colcon.colcon_core.package_identification:_identify(src/install) ignored
[0.341s] Level 1:colcon.colcon_core.package_identification:_identify(src/log) by extensions ['ignore', 'ignore_ament_install']
[0.341s] Level 1:colcon.colcon_core.package_identification:_identify(src/log) by extension 'ignore'
[0.341s] Level 1:colcon.colcon_core.package_identification:_identify(src/log) ignored
[0.341s] Level 1:colcon.colcon_core.package_identification:_identify(src/my_turtlebot3_gazebo) by extensions ['ignore', 'ignore_ament_install']
[0.341s] Level 1:colcon.colcon_core.package_identification:_identify(src/my_turtlebot3_gazebo) by extension 'ignore'
[0.341s] Level 1:colcon.colcon_core.package_identification:_identify(src/my_turtlebot3_gazebo) by extension 'ignore_ament_install'
[0.342s] Level 1:colcon.colcon_core.package_identification:_identify(src/my_turtlebot3_gazebo) by extensions ['colcon_pkg']
[0.342s] Level 1:colcon.colcon_core.package_identification:_identify(src/my_turtlebot3_gazebo) by extension 'colcon_pkg'
[0.342s] Level 1:colcon.colcon_core.package_identification:_identify(src/my_turtlebot3_gazebo) by extensions ['colcon_meta']
[0.342s] Level 1:colcon.colcon_core.package_identification:_identify(src/my_turtlebot3_gazebo) by extension 'colcon_meta'
[0.342s] Level 1:colcon.colcon_core.package_identification:_identify(src/my_turtlebot3_gazebo) by extensions ['ros']
[0.342s] Level 1:colcon.colcon_core.package_identification:_identify(src/my_turtlebot3_gazebo) by extension 'ros'
[0.343s] DEBUG:colcon.colcon_core.package_identification:Package 'src/my_turtlebot3_gazebo' with type 'ros.ament_cmake' and name 'my_turtlebot3_gazebo'
[0.343s] Level 1:colcon.colcon_core.package_identification:_identify(src/train_reset_plugin) by extensions ['ignore', 'ignore_ament_install']
[0.343s] Level 1:colcon.colcon_core.package_identification:_identify(src/train_reset_plugin) by extension 'ignore'
[0.343s] Level 1:colcon.colcon_core.package_identification:_identify(src/train_reset_plugin) by extension 'ignore_ament_install'
[0.343s] Level 1:colcon.colcon_core.package_identification:_identify(src/train_reset_plugin) by extensions ['colcon_pkg']
[0.343s] Level 1:colcon.colcon_core.package_identification:_identify(src/train_reset_plugin) by extension 'colcon_pkg'
[0.343s] Level 1:colcon.colcon_core.package_identification:_identify(src/train_reset_plugin) by extensions ['colcon_meta']
[0.343s] Level 1:colcon.colcon_core.package_identification:_identify(src/train_reset_plugin) by extension 'colcon_meta'
[0.343s] Level 1:colcon.colcon_core.package_identification:_identify(src/train_reset_plugin) by extensions ['ros']
[0.343s] Level 1:colcon.colcon_core.package_identification:_identify(src/train_reset_plugin) by extension 'ros'
[0.344s] DEBUG:colcon.colcon_core.package_identification:Package 'src/train_reset_plugin' with type 'ros.catkin' and name 'train_reset_plugin'
[0.344s] Level 1:colcon.colcon_core.package_identification:_identify(src/turtlebot3_rl) by extensions ['ignore', 'ignore_ament_install']
[0.345s] Level 1:colcon.colcon_core.package_identification:_identify(src/turtlebot3_rl) by extension 'ignore'
[0.345s] Level 1:colcon.colcon_core.package_identification:_identify(src/turtlebot3_rl) by extension 'ignore_ament_install'
[0.345s] Level 1:colcon.colcon_core.package_identification:_identify(src/turtlebot3_rl) by extensions ['colcon_pkg']
[0.345s] Level 1:colcon.colcon_core.package_identification:_identify(src/turtlebot3_rl) by extension 'colcon_pkg'
[0.345s] Level 1:colcon.colcon_core.package_identification:_identify(src/turtlebot3_rl) by extensions ['colcon_meta']
[0.345s] Level 1:colcon.colcon_core.package_identification:_identify(src/turtlebot3_rl) by extension 'colcon_meta'
[0.345s] Level 1:colcon.colcon_core.package_identification:_identify(src/turtlebot3_rl) by extensions ['ros']
[0.345s] Level 1:colcon.colcon_core.package_identification:_identify(src/turtlebot3_rl) by extension 'ros'
[0.345s] DEBUG:colcon.colcon_core.package_identification:Package 'src/turtlebot3_rl' with type 'ros.ament_python' and name 'turtlebot3_rl'
[0.346s] Level 1:colcon.colcon_core.package_discovery:discover_packages(recursive) using defaults
[0.346s] Level 1:colcon.colcon_core.package_discovery:discover_packages(ignore) discover
[0.346s] Level 1:colcon.colcon_core.package_discovery:discover_packages(ignore) using defaults
[0.346s] Level 1:colcon.colcon_core.package_discovery:discover_packages(path) discover
[0.346s] Level 1:colcon.colcon_core.package_discovery:discover_packages(path) using defaults
[0.377s] Level 1:colcon.colcon_core.package_discovery:discover_packages(prefix_path) check parameters
[0.377s] Level 1:colcon.colcon_core.package_discovery:discover_packages(prefix_path) discover
[0.379s] DEBUG:colcon.colcon_installed_package_information.package_discovery:Found 6 installed packages in /home/emma/turtlebot3_rl_ws/install
[0.381s] DEBUG:colcon.colcon_installed_package_information.package_discovery:Found 295 installed packages in /opt/ros/humble
[0.382s] Level 1:colcon.colcon_core.package_discovery:discover_packages(prefix_path) using defaults
[0.425s] Level 5:colcon.colcon_core.verb:set package 'bot_reset_plugin' build argument 'cmake_args' from command line to 'None'
[0.426s] Level 5:colcon.colcon_core.verb:set package 'bot_reset_plugin' build argument 'cmake_target' from command line to 'None'
[0.426s] Level 5:colcon.colcon_core.verb:set package 'bot_reset_plugin' build argument 'cmake_target_skip_unavailable' from command line to 'False'
[0.426s] Level 5:colcon.colcon_core.verb:set package 'bot_reset_plugin' build argument 'cmake_clean_cache' from command line to 'False'
[0.426s] Level 5:colcon.colcon_core.verb:set package 'bot_reset_plugin' build argument 'cmake_clean_first' from command line to 'False'
[0.426s] Level 5:colcon.colcon_core.verb:set package 'bot_reset_plugin' build argument 'cmake_force_configure' from command line to 'False'
[0.426s] Level 5:colcon.colcon_core.verb:set package 'bot_reset_plugin' build argument 'ament_cmake_args' from command line to 'None'
[0.426s] Level 5:colcon.colcon_core.verb:set package 'bot_reset_plugin' build argument 'catkin_cmake_args' from command line to 'None'
[0.426s] Level 5:colcon.colcon_core.verb:set package 'bot_reset_plugin' build argument 'catkin_skip_building_tests' from command line to 'False'
[0.426s] DEBUG:colcon.colcon_core.verb:Building package 'bot_reset_plugin' with the following arguments: {'ament_cmake_args': None, 'build_base': '/home/emma/turtlebot3_rl_ws/build/bot_reset_plugin', 'catkin_cmake_args': None, 'catkin_skip_building_tests': False, 'cmake_args': None, 'cmake_clean_cache': False, 'cmake_clean_first': False, 'cmake_force_configure': False, 'cmake_target': None, 'cmake_target_skip_unavailable': False, 'install_base': '/home/emma/turtlebot3_rl_ws/install/bot_reset_plugin', 'merge_install': False, 'path': '/home/emma/turtlebot3_rl_ws/src/bot_reset_plugin', 'symlink_install': False, 'test_result_base': None}
[0.426s] Level 5:colcon.colcon_core.verb:set package 'my_turtlebot3_gazebo' build argument 'cmake_args' from command line to 'None'
[0.426s] Level 5:colcon.colcon_core.verb:set package 'my_turtlebot3_gazebo' build argument 'cmake_target' from command line to 'None'
[0.426s] Level 5:colcon.colcon_core.verb:set package 'my_turtlebot3_gazebo' build argument 'cmake_target_skip_unavailable' from command line to 'False'
[0.426s] Level 5:colcon.colcon_core.verb:set package 'my_turtlebot3_gazebo' build argument 'cmake_clean_cache' from command line to 'False'
[0.426s] Level 5:colcon.colcon_core.verb:set package 'my_turtlebot3_gazebo' build argument 'cmake_clean_first' from command line to 'False'
[0.426s] Level 5:colcon.colcon_core.verb:set package 'my_turtlebot3_gazebo' build argument 'cmake_force_configure' from command line to 'False'
[0.427s] Level 5:colcon.colcon_core.verb:set package 'my_turtlebot3_gazebo' build argument 'ament_cmake_args' from command line to 'None'
[0.427s] Level 5:colcon.colcon_core.verb:set package 'my_turtlebot3_gazebo' build argument 'catkin_cmake_args' from command line to 'None'
[0.427s] Level 5:colcon.colcon_core.verb:set package 'my_turtlebot3_gazebo' build argument 'catkin_skip_building_tests' from command line to 'False'
[0.427s] DEBUG:colcon.colcon_core.verb:Building package 'my_turtlebot3_gazebo' with the following arguments: {'ament_cmake_args': None, 'build_base': '/home/emma/turtlebot3_rl_ws/build/my_turtlebot3_gazebo', 'catkin_cmake_args': None, 'catkin_skip_building_tests': False, 'cmake_args': None, 'cmake_clean_cache': False, 'cmake_clean_first': False, 'cmake_force_configure': False, 'cmake_target': None, 'cmake_target_skip_unavailable': False, 'install_base': '/home/emma/turtlebot3_rl_ws/install/my_turtlebot3_gazebo', 'merge_install': False, 'path': '/home/emma/turtlebot3_rl_ws/src/my_turtlebot3_gazebo', 'symlink_install': False, 'test_result_base': None}
[0.427s] Level 5:colcon.colcon_core.verb:set package 'train_reset_plugin' build argument 'cmake_args' from command line to 'None'
[0.427s] Level 5:colcon.colcon_core.verb:set package 'train_reset_plugin' build argument 'cmake_target' from command line to 'None'
[0.427s] Level 5:colcon.colcon_core.verb:set package 'train_reset_plugin' build argument 'cmake_target_skip_unavailable' from command line to 'False'
[0.427s] Level 5:colcon.colcon_core.verb:set package 'train_reset_plugin' build argument 'cmake_clean_cache' from command line to 'False'
[0.427s] Level 5:colcon.colcon_core.verb:set package 'train_reset_plugin' build argument 'cmake_clean_first' from command line to 'False'
[0.427s] Level 5:colcon.colcon_core.verb:set package 'train_reset_plugin' build argument 'cmake_force_configure' from command line to 'False'
[0.427s] Level 5:colcon.colcon_core.verb:set package 'train_reset_plugin' build argument 'ament_cmake_args' from command line to 'None'
[0.427s] Level 5:colcon.colcon_core.verb:set package 'train_reset_plugin' build argument 'catkin_cmake_args' from command line to 'None'
[0.427s] Level 5:colcon.colcon_core.verb:set package 'train_reset_plugin' build argument 'catkin_skip_building_tests' from command line to 'False'
[0.427s] DEBUG:colcon.colcon_core.verb:Building package 'train_reset_plugin' with the following arguments: {'ament_cmake_args': None, 'build_base': '/home/emma/turtlebot3_rl_ws/build/train_reset_plugin', 'catkin_cmake_args': None, 'catkin_skip_building_tests': False, 'cmake_args': None, 'cmake_clean_cache': False, 'cmake_clean_first': False, 'cmake_force_configure': False, 'cmake_target': None, 'cmake_target_skip_unavailable': False, 'install_base': '/home/emma/turtlebot3_rl_ws/install/train_reset_plugin', 'merge_install': False, 'path': '/home/emma/turtlebot3_rl_ws/src/train_reset_plugin', 'symlink_install': False, 'test_result_base': None}
[0.428s] Level 5:colcon.colcon_core.verb:set package 'turtlebot3_rl' build argument 'cmake_args' from command line to 'None'
[0.428s] Level 5:colcon.colcon_core.verb:set package 'turtlebot3_rl' build argument 'cmake_target' from command line to 'None'
[0.428s] Level 5:colcon.colcon_core.verb:set package 'turtlebot3_rl' build argument 'cmake_target_skip_unavailable' from command line to 'False'
[0.428s] Level 5:colcon.colcon_core.verb:set package 'turtlebot3_rl' build argument 'cmake_clean_cache' from command line to 'False'
[0.428s] Level 5:colcon.colcon_core.verb:set package 'turtlebot3_rl' build argument 'cmake_clean_first' from command line to 'False'
[0.428s] Level 5:colcon.colcon_core.verb:set package 'turtlebot3_rl' build argument 'cmake_force_configure' from command line to 'False'
[0.428s] Level 5:colcon.colcon_core.verb:set package 'turtlebot3_rl' build argument 'ament_cmake_args' from command line to 'None'
[0.428s] Level 5:colcon.colcon_core.verb:set package 'turtlebot3_rl' build argument 'catkin_cmake_args' from command line to 'None'
[0.428s] Level 5:colcon.colcon_core.verb:set package 'turtlebot3_rl' build argument 'catkin_skip_building_tests' from command line to 'False'
[0.428s] DEBUG:colcon.colcon_core.verb:Building package 'turtlebot3_rl' with the following arguments: {'ament_cmake_args': None, 'build_base': '/home/emma/turtlebot3_rl_ws/build/turtlebot3_rl', 'catkin_cmake_args': None, 'catkin_skip_building_tests': False, 'cmake_args': None, 'cmake_clean_cache': False, 'cmake_clean_first': False, 'cmake_force_configure': False, 'cmake_target': None, 'cmake_target_skip_unavailable': False, 'install_base': '/home/emma/turtlebot3_rl_ws/install/turtlebot3_rl', 'merge_install': False, 'path': '/home/emma/turtlebot3_rl_ws/src/turtlebot3_rl', 'symlink_install': False, 'test_result_base': None}
[0.428s] INFO:colcon.colcon_core.executor:Executing jobs using 'parallel' executor
[0.430s] DEBUG:colcon.colcon_parallel_executor.executor.parallel:run_until_complete
[0.430s] INFO:colcon.colcon_ros.task.catkin.build:Building ROS package in '/home/emma/turtlebot3_rl_ws/src/bot_reset_plugin' with build type 'catkin'
[0.431s] INFO:colcon.colcon_cmake.task.cmake.build:Building CMake package in '/home/emma/turtlebot3_rl_ws/src/bot_reset_plugin'
[0.434s] INFO:colcon.colcon_core.plugin_system:Skipping extension 'colcon_core.shell.bat': Not used on non-Windows systems
[0.434s] INFO:colcon.colcon_core.shell:Skip shell extension 'powershell' for command environment: Not usable outside of PowerShell
[0.434s] DEBUG:colcon.colcon_core.shell:Skip shell extension 'dsv' for command environment
[0.439s] INFO:colcon.colcon_ros.task.ament_cmake.build:Building ROS package in '/home/emma/turtlebot3_rl_ws/src/my_turtlebot3_gazebo' with build type 'ament_cmake'
[0.440s] INFO:colcon.colcon_cmake.task.cmake.build:Building CMake package in '/home/emma/turtlebot3_rl_ws/src/my_turtlebot3_gazebo'
[0.440s] INFO:colcon.colcon_core.shell:Skip shell extension 'powershell' for command environment: Not usable outside of PowerShell
[0.440s] DEBUG:colcon.colcon_core.shell:Skip shell extension 'dsv' for command environment
[0.445s] INFO:colcon.colcon_ros.task.catkin.build:Building ROS package in '/home/emma/turtlebot3_rl_ws/src/train_reset_plugin' with build type 'catkin'
[0.445s] INFO:colcon.colcon_cmake.task.cmake.build:Building CMake package in '/home/emma/turtlebot3_rl_ws/src/train_reset_plugin'
[0.445s] INFO:colcon.colcon_core.shell:Skip shell extension 'powershell' for command environment: Not usable outside of PowerShell
[0.446s] DEBUG:colcon.colcon_core.shell:Skip shell extension 'dsv' for command environment
[0.450s] INFO:colcon.colcon_ros.task.ament_python.build:Building ROS package in '/home/emma/turtlebot3_rl_ws/src/turtlebot3_rl' with build type 'ament_python'
[0.451s] Level 1:colcon.colcon_core.shell:create_environment_hook('turtlebot3_rl', 'ament_prefix_path')
[0.451s] INFO:colcon.colcon_core.shell:Creating environment hook '/home/emma/turtlebot3_rl_ws/install/turtlebot3_rl/share/turtlebot3_rl/hook/ament_prefix_path.ps1'
[0.452s] INFO:colcon.colcon_core.shell:Creating environment descriptor '/home/emma/turtlebot3_rl_ws/install/turtlebot3_rl/share/turtlebot3_rl/hook/ament_prefix_path.dsv'
[0.453s] INFO:colcon.colcon_core.shell:Creating environment hook '/home/emma/turtlebot3_rl_ws/install/turtlebot3_rl/share/turtlebot3_rl/hook/ament_prefix_path.sh'
[0.454s] INFO:colcon.colcon_core.shell:Skip shell extension 'powershell' for command environment: Not usable outside of PowerShell
[0.454s] DEBUG:colcon.colcon_core.shell:Skip shell extension 'dsv' for command environment
[0.470s] DEBUG:colcon.colcon_core.event_handler.log_command:Invoking command in '/home/emma/turtlebot3_rl_ws/build/bot_reset_plugin': /usr/bin/cmake --build /home/emma/turtlebot3_rl_ws/build/bot_reset_plugin -- -j4 -l4
[0.485s] DEBUG:colcon.colcon_core.event_handler.log_command:Invoking command in '/home/emma/turtlebot3_rl_ws/build/my_turtlebot3_gazebo': CMAKE_PREFIX_PATH=/home/emma/turtlebot3_rl_ws/install/turtlebot3_rl:/home/emma/turtlebot3_rl_ws/install/train_controller:/opt/ros/humble:${CMAKE_PREFIX_PATH} /usr/bin/cmake --build /home/emma/turtlebot3_rl_ws/build/my_turtlebot3_gazebo -- -j4 -l4
[0.486s] DEBUG:colcon.colcon_core.event_handler.log_command:Invoking command in '/home/emma/turtlebot3_rl_ws/build/train_reset_plugin': /usr/bin/cmake --build /home/emma/turtlebot3_rl_ws/build/train_reset_plugin -- -j4 -l4
[0.945s] INFO:colcon.colcon_core.task.python.build:Building Python package in '/home/emma/turtlebot3_rl_ws/src/turtlebot3_rl'
[0.948s] INFO:colcon.colcon_core.shell:Skip shell extension 'powershell' for command environment: Not usable outside of PowerShell
[0.948s] DEBUG:colcon.colcon_core.shell:Skip shell extension 'dsv' for command environment
[0.961s] DEBUG:colcon.colcon_core.event_handler.log_command:Invoked command in '/home/emma/turtlebot3_rl_ws/build/bot_reset_plugin' returned '0': /usr/bin/cmake --build /home/emma/turtlebot3_rl_ws/build/bot_reset_plugin -- -j4 -l4
[0.982s] DEBUG:colcon.colcon_core.event_handler.log_command:Invoking command in '/home/emma/turtlebot3_rl_ws/build/bot_reset_plugin': /usr/bin/cmake --install /home/emma/turtlebot3_rl_ws/build/bot_reset_plugin
[0.983s] DEBUG:colcon.colcon_core.event_handler.log_command:Invoked command in '/home/emma/turtlebot3_rl_ws/build/my_turtlebot3_gazebo' returned '0': CMAKE_PREFIX_PATH=/home/emma/turtlebot3_rl_ws/install/turtlebot3_rl:/home/emma/turtlebot3_rl_ws/install/train_controller:/opt/ros/humble:${CMAKE_PREFIX_PATH} /usr/bin/cmake --build /home/emma/turtlebot3_rl_ws/build/my_turtlebot3_gazebo -- -j4 -l4
[0.984s] DEBUG:colcon.colcon_core.event_handler.log_command:Invoking command in '/home/emma/turtlebot3_rl_ws/build/my_turtlebot3_gazebo': CMAKE_PREFIX_PATH=/home/emma/turtlebot3_rl_ws/install/turtlebot3_rl:/home/emma/turtlebot3_rl_ws/install/train_controller:/opt/ros/humble:${CMAKE_PREFIX_PATH} /usr/bin/cmake --install /home/emma/turtlebot3_rl_ws/build/my_turtlebot3_gazebo
[1.037s] DEBUG:colcon.colcon_core.event_handler.log_command:Invoked command in '/home/emma/turtlebot3_rl_ws/build/bot_reset_plugin' returned '0': /usr/bin/cmake --install /home/emma/turtlebot3_rl_ws/build/bot_reset_plugin
[1.043s] Level 1:colcon.colcon_core.shell:create_environment_hook('bot_reset_plugin', 'ros_package_path')
[1.043s] INFO:colcon.colcon_core.shell:Creating environment hook '/home/emma/turtlebot3_rl_ws/install/bot_reset_plugin/share/bot_reset_plugin/hook/ros_package_path.ps1'
[1.045s] INFO:colcon.colcon_core.shell:Creating environment descriptor '/home/emma/turtlebot3_rl_ws/install/bot_reset_plugin/share/bot_reset_plugin/hook/ros_package_path.dsv'
[1.046s] INFO:colcon.colcon_core.shell:Creating environment hook '/home/emma/turtlebot3_rl_ws/install/bot_reset_plugin/share/bot_reset_plugin/hook/ros_package_path.sh'
[1.048s] Level 1:colcon.colcon_core.shell:create_environment_hook('bot_reset_plugin', 'pkg_config_path')
[1.051s] INFO:colcon.colcon_core.shell:Creating environment hook '/home/emma/turtlebot3_rl_ws/install/bot_reset_plugin/share/bot_reset_plugin/hook/pkg_config_path.ps1'
[1.064s] INFO:colcon.colcon_core.shell:Creating environment descriptor '/home/emma/turtlebot3_rl_ws/install/bot_reset_plugin/share/bot_reset_plugin/hook/pkg_config_path.dsv'
[1.065s] INFO:colcon.colcon_core.shell:Creating environment hook '/home/emma/turtlebot3_rl_ws/install/bot_reset_plugin/share/bot_reset_plugin/hook/pkg_config_path.sh'
[1.068s] Level 1:colcon.colcon_core.shell:create_environment_hook('bot_reset_plugin', 'pkg_config_path_multiarch')
[1.069s] INFO:colcon.colcon_core.shell:Creating environment hook '/home/emma/turtlebot3_rl_ws/install/bot_reset_plugin/share/bot_reset_plugin/hook/pkg_config_path_multiarch.ps1'
[1.069s] INFO:colcon.colcon_core.shell:Creating environment descriptor '/home/emma/turtlebot3_rl_ws/install/bot_reset_plugin/share/bot_reset_plugin/hook/pkg_config_path_multiarch.dsv'
[1.070s] INFO:colcon.colcon_core.shell:Creating environment hook '/home/emma/turtlebot3_rl_ws/install/bot_reset_plugin/share/bot_reset_plugin/hook/pkg_config_path_multiarch.sh'
[1.071s] Level 1:colcon.colcon_core.environment:create_environment_scripts_only(bot_reset_plugin)
[1.073s] Level 1:colcon.colcon_core.environment:checking '/home/emma/turtlebot3_rl_ws/install/bot_reset_plugin' for CMake module files
[1.074s] Level 1:colcon.colcon_core.environment:checking '/home/emma/turtlebot3_rl_ws/install/bot_reset_plugin' for CMake config files
[1.074s] Level 1:colcon.colcon_core.shell:create_environment_hook('bot_reset_plugin', 'cmake_prefix_path')
[1.074s] INFO:colcon.colcon_core.shell:Creating environment hook '/home/emma/turtlebot3_rl_ws/install/bot_reset_plugin/share/bot_reset_plugin/hook/cmake_prefix_path.ps1'
[1.075s] INFO:colcon.colcon_core.shell:Creating environment descriptor '/home/emma/turtlebot3_rl_ws/install/bot_reset_plugin/share/bot_reset_plugin/hook/cmake_prefix_path.dsv'
[1.076s] INFO:colcon.colcon_core.shell:Creating environment hook '/home/emma/turtlebot3_rl_ws/install/bot_reset_plugin/share/bot_reset_plugin/hook/cmake_prefix_path.sh'
[1.077s] Level 1:colcon.colcon_core.environment:checking '/home/emma/turtlebot3_rl_ws/install/bot_reset_plugin/lib'
[1.077s] Level 1:colcon.colcon_core.shell:create_environment_hook('bot_reset_plugin', 'ld_library_path_lib')
[1.077s] INFO:colcon.colcon_core.shell:Creating environment hook '/home/emma/turtlebot3_rl_ws/install/bot_reset_plugin/share/bot_reset_plugin/hook/ld_library_path_lib.ps1'
[1.078s] INFO:colcon.colcon_core.shell:Creating environment descriptor '/home/emma/turtlebot3_rl_ws/install/bot_reset_plugin/share/bot_reset_plugin/hook/ld_library_path_lib.dsv'
[1.079s] INFO:colcon.colcon_core.shell:Creating environment hook '/home/emma/turtlebot3_rl_ws/install/bot_reset_plugin/share/bot_reset_plugin/hook/ld_library_path_lib.sh'
[1.079s] Level 1:colcon.colcon_core.environment:checking '/home/emma/turtlebot3_rl_ws/install/bot_reset_plugin/bin'
[1.080s] Level 1:colcon.colcon_core.environment:checking '/home/emma/turtlebot3_rl_ws/install/bot_reset_plugin/lib/pkgconfig/bot_reset_plugin.pc'
[1.080s] Level 1:colcon.colcon_core.environment:checking '/home/emma/turtlebot3_rl_ws/install/bot_reset_plugin/lib/python3.10/site-packages'
[1.080s] Level 1:colcon.colcon_core.environment:checking '/home/emma/turtlebot3_rl_ws/install/bot_reset_plugin/bin'
[1.081s] INFO:colcon.colcon_core.shell:Creating package script '/home/emma/turtlebot3_rl_ws/install/bot_reset_plugin/share/bot_reset_plugin/package.ps1'
[1.082s] INFO:colcon.colcon_core.shell:Creating package descriptor '/home/emma/turtlebot3_rl_ws/install/bot_reset_plugin/share/bot_reset_plugin/package.dsv'
[1.083s] INFO:colcon.colcon_core.shell:Creating package script '/home/emma/turtlebot3_rl_ws/install/bot_reset_plugin/share/bot_reset_plugin/package.sh'
[1.084s] INFO:colcon.colcon_core.shell:Creating package script '/home/emma/turtlebot3_rl_ws/install/bot_reset_plugin/share/bot_reset_plugin/package.bash'
[1.085s] INFO:colcon.colcon_core.shell:Creating package script '/home/emma/turtlebot3_rl_ws/install/bot_reset_plugin/share/bot_reset_plugin/package.zsh'
[1.086s] Level 1:colcon.colcon_core.environment:create_file_with_runtime_dependencies(/home/emma/turtlebot3_rl_ws/install/bot_reset_plugin/share/colcon-core/packages/bot_reset_plugin)
[1.089s] Level 1:colcon.colcon_core.environment:create_environment_scripts_only(my_turtlebot3_gazebo)
[1.089s] Level 1:colcon.colcon_core.environment:checking '/home/emma/turtlebot3_rl_ws/install/my_turtlebot3_gazebo' for CMake module files
[1.091s] DEBUG:colcon.colcon_core.event_handler.log_command:Invoked command in '/home/emma/turtlebot3_rl_ws/build/my_turtlebot3_gazebo' returned '0': CMAKE_PREFIX_PATH=/home/emma/turtlebot3_rl_ws/install/turtlebot3_rl:/home/emma/turtlebot3_rl_ws/install/train_controller:/opt/ros/humble:${CMAKE_PREFIX_PATH} /usr/bin/cmake --install /home/emma/turtlebot3_rl_ws/build/my_turtlebot3_gazebo
[1.091s] Level 1:colcon.colcon_core.environment:checking '/home/emma/turtlebot3_rl_ws/install/my_turtlebot3_gazebo' for CMake config files
[1.091s] Level 1:colcon.colcon_core.shell:create_environment_hook('my_turtlebot3_gazebo', 'cmake_prefix_path')
[1.091s] INFO:colcon.colcon_core.shell:Creating environment hook '/home/emma/turtlebot3_rl_ws/install/my_turtlebot3_gazebo/share/my_turtlebot3_gazebo/hook/cmake_prefix_path.ps1'
[1.092s] INFO:colcon.colcon_core.shell:Creating environment descriptor '/home/emma/turtlebot3_rl_ws/install/my_turtlebot3_gazebo/share/my_turtlebot3_gazebo/hook/cmake_prefix_path.dsv'
[1.092s] INFO:colcon.colcon_core.shell:Creating environment hook '/home/emma/turtlebot3_rl_ws/install/my_turtlebot3_gazebo/share/my_turtlebot3_gazebo/hook/cmake_prefix_path.sh'
[1.093s] Level 1:colcon.colcon_core.environment:checking '/home/emma/turtlebot3_rl_ws/install/my_turtlebot3_gazebo/lib'
[1.093s] Level 1:colcon.colcon_core.environment:checking '/home/emma/turtlebot3_rl_ws/install/my_turtlebot3_gazebo/bin'
[1.093s] Level 1:colcon.colcon_core.environment:checking '/home/emma/turtlebot3_rl_ws/install/my_turtlebot3_gazebo/lib/pkgconfig/my_turtlebot3_gazebo.pc'
[1.094s] Level 1:colcon.colcon_core.environment:checking '/home/emma/turtlebot3_rl_ws/install/my_turtlebot3_gazebo/lib/python3.10/site-packages'
[1.094s] Level 1:colcon.colcon_core.environment:checking '/home/emma/turtlebot3_rl_ws/install/my_turtlebot3_gazebo/bin'
[1.094s] INFO:colcon.colcon_core.shell:Creating package script '/home/emma/turtlebot3_rl_ws/install/my_turtlebot3_gazebo/share/my_turtlebot3_gazebo/package.ps1'
[1.095s] INFO:colcon.colcon_core.shell:Creating package descriptor '/home/emma/turtlebot3_rl_ws/install/my_turtlebot3_gazebo/share/my_turtlebot3_gazebo/package.dsv'
[1.095s] INFO:colcon.colcon_core.shell:Creating package script '/home/emma/turtlebot3_rl_ws/install/my_turtlebot3_gazebo/share/my_turtlebot3_gazebo/package.sh'
[1.096s] INFO:colcon.colcon_core.shell:Creating package script '/home/emma/turtlebot3_rl_ws/install/my_turtlebot3_gazebo/share/my_turtlebot3_gazebo/package.bash'
[1.096s] INFO:colcon.colcon_core.shell:Creating package script '/home/emma/turtlebot3_rl_ws/install/my_turtlebot3_gazebo/share/my_turtlebot3_gazebo/package.zsh'
[1.097s] Level 1:colcon.colcon_core.environment:create_file_with_runtime_dependencies(/home/emma/turtlebot3_rl_ws/install/my_turtlebot3_gazebo/share/colcon-core/packages/my_turtlebot3_gazebo)
[1.097s] Level 1:colcon.colcon_core.environment:create_environment_scripts_only(my_turtlebot3_gazebo)
[1.098s] Level 1:colcon.colcon_core.environment:checking '/home/emma/turtlebot3_rl_ws/install/my_turtlebot3_gazebo' for CMake module files
[1.098s] Level 1:colcon.colcon_core.environment:checking '/home/emma/turtlebot3_rl_ws/install/my_turtlebot3_gazebo' for CMake config files
[1.098s] Level 1:colcon.colcon_core.shell:create_environment_hook('my_turtlebot3_gazebo', 'cmake_prefix_path')
[1.099s] INFO:colcon.colcon_core.shell:Creating environment hook '/home/emma/turtlebot3_rl_ws/install/my_turtlebot3_gazebo/share/my_turtlebot3_gazebo/hook/cmake_prefix_path.ps1'
[1.099s] INFO:colcon.colcon_core.shell:Creating environment descriptor '/home/emma/turtlebot3_rl_ws/install/my_turtlebot3_gazebo/share/my_turtlebot3_gazebo/hook/cmake_prefix_path.dsv'
[1.100s] INFO:colcon.colcon_core.shell:Creating environment hook '/home/emma/turtlebot3_rl_ws/install/my_turtlebot3_gazebo/share/my_turtlebot3_gazebo/hook/cmake_prefix_path.sh'
[1.100s] Level 1:colcon.colcon_core.environment:checking '/home/emma/turtlebot3_rl_ws/install/my_turtlebot3_gazebo/lib'
[1.100s] Level 1:colcon.colcon_core.environment:checking '/home/emma/turtlebot3_rl_ws/install/my_turtlebot3_gazebo/bin'
[1.101s] Level 1:colcon.colcon_core.environment:checking '/home/emma/turtlebot3_rl_ws/install/my_turtlebot3_gazebo/lib/pkgconfig/my_turtlebot3_gazebo.pc'
[1.101s] Level 1:colcon.colcon_core.environment:checking '/home/emma/turtlebot3_rl_ws/install/my_turtlebot3_gazebo/lib/python3.10/site-packages'
[1.101s] Level 1:colcon.colcon_core.environment:checking '/home/emma/turtlebot3_rl_ws/install/my_turtlebot3_gazebo/bin'
[1.101s] INFO:colcon.colcon_core.shell:Creating package script '/home/emma/turtlebot3_rl_ws/install/my_turtlebot3_gazebo/share/my_turtlebot3_gazebo/package.ps1'
[1.102s] INFO:colcon.colcon_core.shell:Creating package descriptor '/home/emma/turtlebot3_rl_ws/install/my_turtlebot3_gazebo/share/my_turtlebot3_gazebo/package.dsv'
[1.102s] INFO:colcon.colcon_core.shell:Creating package script '/home/emma/turtlebot3_rl_ws/install/my_turtlebot3_gazebo/share/my_turtlebot3_gazebo/package.sh'
[1.103s] INFO:colcon.colcon_core.shell:Creating package script '/home/emma/turtlebot3_rl_ws/install/my_turtlebot3_gazebo/share/my_turtlebot3_gazebo/package.bash'
[1.104s] INFO:colcon.colcon_core.shell:Creating package script '/home/emma/turtlebot3_rl_ws/install/my_turtlebot3_gazebo/share/my_turtlebot3_gazebo/package.zsh'
[1.104s] Level 1:colcon.colcon_core.environment:create_file_with_runtime_dependencies(/home/emma/turtlebot3_rl_ws/install/my_turtlebot3_gazebo/share/colcon-core/packages/my_turtlebot3_gazebo)
[1.413s] DEBUG:colcon.colcon_core.event_handler.log_command:Invoking command in '/home/emma/turtlebot3_rl_ws/src/turtlebot3_rl': PYTHONPATH=/home/emma/turtlebot3_rl_ws/build/turtlebot3_rl/prefix_override:/usr/lib/python3/dist-packages/colcon_core/task/python/colcon_distutils_commands:/home/emma/turtlebot3_rl_ws/install/turtlebot3_rl/lib/python3.10/site-packages:${PYTHONPATH} /usr/bin/python3 -W ignore:setup.py install is deprecated -W ignore:easy_install command is deprecated setup.py egg_info --egg-base ../../build/turtlebot3_rl build --build-base /home/emma/turtlebot3_rl_ws/build/turtlebot3_rl/build install --record /home/emma/turtlebot3_rl_ws/build/turtlebot3_rl/install.log --single-version-externally-managed install_data
[1.710s] Level 1:colcon.colcon_core.environment:checking '/home/emma/turtlebot3_rl_ws/install/turtlebot3_rl' for CMake module files
[1.711s] DEBUG:colcon.colcon_core.event_handler.log_command:Invoked command in '/home/emma/turtlebot3_rl_ws/src/turtlebot3_rl' returned '0': PYTHONPATH=/home/emma/turtlebot3_rl_ws/build/turtlebot3_rl/prefix_override:/usr/lib/python3/dist-packages/colcon_core/task/python/colcon_distutils_commands:/home/emma/turtlebot3_rl_ws/install/turtlebot3_rl/lib/python3.10/site-packages:${PYTHONPATH} /usr/bin/python3 -W ignore:setup.py install is deprecated -W ignore:easy_install command is deprecated setup.py egg_info --egg-base ../../build/turtlebot3_rl build --build-base /home/emma/turtlebot3_rl_ws/build/turtlebot3_rl/build install --record /home/emma/turtlebot3_rl_ws/build/turtlebot3_rl/install.log --single-version-externally-managed install_data
[1.711s] Level 1:colcon.colcon_core.environment:checking '/home/emma/turtlebot3_rl_ws/install/turtlebot3_rl' for CMake config files
[1.715s] Level 1:colcon.colcon_core.environment:checking '/home/emma/turtlebot3_rl_ws/install/turtlebot3_rl/lib'
[1.715s] Level 1:colcon.colcon_core.environment:checking '/home/emma/turtlebot3_rl_ws/install/turtlebot3_rl/bin'
[1.715s] Level 1:colcon.colcon_core.environment:checking '/home/emma/turtlebot3_rl_ws/install/turtlebot3_rl/lib/pkgconfig/turtlebot3_rl.pc'
[1.715s] Level 1:colcon.colcon_core.environment:checking '/home/emma/turtlebot3_rl_ws/install/turtlebot3_rl/lib/python3.10/site-packages'
[1.716s] Level 1:colcon.colcon_core.shell:create_environment_hook('turtlebot3_rl', 'pythonpath')
[1.720s] INFO:colcon.colcon_core.shell:Creating environment hook '/home/emma/turtlebot3_rl_ws/install/turtlebot3_rl/share/turtlebot3_rl/hook/pythonpath.ps1'
[1.725s] INFO:colcon.colcon_core.shell:Creating environment descriptor '/home/emma/turtlebot3_rl_ws/install/turtlebot3_rl/share/turtlebot3_rl/hook/pythonpath.dsv'
[1.726s] INFO:colcon.colcon_core.shell:Creating environment hook '/home/emma/turtlebot3_rl_ws/install/turtlebot3_rl/share/turtlebot3_rl/hook/pythonpath.sh'
[1.729s] Level 1:colcon.colcon_core.environment:checking '/home/emma/turtlebot3_rl_ws/install/turtlebot3_rl/bin'
[1.729s] Level 1:colcon.colcon_core.environment:create_environment_scripts_only(turtlebot3_rl)
[1.730s] INFO:colcon.colcon_core.shell:Creating package script '/home/emma/turtlebot3_rl_ws/install/turtlebot3_rl/share/turtlebot3_rl/package.ps1'
[1.731s] INFO:colcon.colcon_core.shell:Creating package descriptor '/home/emma/turtlebot3_rl_ws/install/turtlebot3_rl/share/turtlebot3_rl/package.dsv'
[1.732s] INFO:colcon.colcon_core.shell:Creating package script '/home/emma/turtlebot3_rl_ws/install/turtlebot3_rl/share/turtlebot3_rl/package.sh'
[1.733s] INFO:colcon.colcon_core.shell:Creating package script '/home/emma/turtlebot3_rl_ws/install/turtlebot3_rl/share/turtlebot3_rl/package.bash'
[1.737s] INFO:colcon.colcon_core.shell:Creating package script '/home/emma/turtlebot3_rl_ws/install/turtlebot3_rl/share/turtlebot3_rl/package.zsh'
[1.738s] Level 1:colcon.colcon_core.environment:create_file_with_runtime_dependencies(/home/emma/turtlebot3_rl_ws/install/turtlebot3_rl/share/colcon-core/packages/turtlebot3_rl)
[29.053s] DEBUG:colcon.colcon_core.event_handler.log_command:Invoked command in '/home/emma/turtlebot3_rl_ws/build/train_reset_plugin' returned '0': /usr/bin/cmake --build /home/emma/turtlebot3_rl_ws/build/train_reset_plugin -- -j4 -l4
[29.058s] DEBUG:colcon.colcon_core.event_handler.log_command:Invoking command in '/home/emma/turtlebot3_rl_ws/build/train_reset_plugin': /usr/bin/cmake --install /home/emma/turtlebot3_rl_ws/build/train_reset_plugin
[29.096s] DEBUG:colcon.colcon_core.event_handler.log_command:Invoked command in '/home/emma/turtlebot3_rl_ws/build/train_reset_plugin' returned '0': /usr/bin/cmake --install /home/emma/turtlebot3_rl_ws/build/train_reset_plugin
[29.097s] Level 1:colcon.colcon_core.shell:create_environment_hook('train_reset_plugin', 'ros_package_path')
[29.097s] INFO:colcon.colcon_core.shell:Creating environment hook '/home/emma/turtlebot3_rl_ws/install/train_reset_plugin/share/train_reset_plugin/hook/ros_package_path.ps1'
[29.098s] INFO:colcon.colcon_core.shell:Creating environment descriptor '/home/emma/turtlebot3_rl_ws/install/train_reset_plugin/share/train_reset_plugin/hook/ros_package_path.dsv'
[29.099s] INFO:colcon.colcon_core.shell:Creating environment hook '/home/emma/turtlebot3_rl_ws/install/train_reset_plugin/share/train_reset_plugin/hook/ros_package_path.sh'
[29.100s] Level 1:colcon.colcon_core.shell:create_environment_hook('train_reset_plugin', 'pkg_config_path')
[29.101s] INFO:colcon.colcon_core.shell:Creating environment hook '/home/emma/turtlebot3_rl_ws/install/train_reset_plugin/share/train_reset_plugin/hook/pkg_config_path.ps1'
[29.102s] INFO:colcon.colcon_core.shell:Creating environment descriptor '/home/emma/turtlebot3_rl_ws/install/train_reset_plugin/share/train_reset_plugin/hook/pkg_config_path.dsv'
[29.102s] INFO:colcon.colcon_core.shell:Creating environment hook '/home/emma/turtlebot3_rl_ws/install/train_reset_plugin/share/train_reset_plugin/hook/pkg_config_path.sh'
[29.103s] Level 1:colcon.colcon_core.shell:create_environment_hook('train_reset_plugin', 'pkg_config_path_multiarch')
[29.104s] INFO:colcon.colcon_core.shell:Creating environment hook '/home/emma/turtlebot3_rl_ws/install/train_reset_plugin/share/train_reset_plugin/hook/pkg_config_path_multiarch.ps1'
[29.104s] INFO:colcon.colcon_core.shell:Creating environment descriptor '/home/emma/turtlebot3_rl_ws/install/train_reset_plugin/share/train_reset_plugin/hook/pkg_config_path_multiarch.dsv'
[29.106s] INFO:colcon.colcon_core.shell:Creating environment hook '/home/emma/turtlebot3_rl_ws/install/train_reset_plugin/share/train_reset_plugin/hook/pkg_config_path_multiarch.sh'
[29.107s] Level 1:colcon.colcon_core.environment:create_environment_scripts_only(train_reset_plugin)
[29.107s] Level 1:colcon.colcon_core.environment:checking '/home/emma/turtlebot3_rl_ws/install/train_reset_plugin' for CMake module files
[29.108s] Level 1:colcon.colcon_core.environment:checking '/home/emma/turtlebot3_rl_ws/install/train_reset_plugin' for CMake config files
[29.108s] Level 1:colcon.colcon_core.shell:create_environment_hook('train_reset_plugin', 'cmake_prefix_path')
[29.109s] INFO:colcon.colcon_core.shell:Creating environment hook '/home/emma/turtlebot3_rl_ws/install/train_reset_plugin/share/train_reset_plugin/hook/cmake_prefix_path.ps1'
[29.110s] INFO:colcon.colcon_core.shell:Creating environment descriptor '/home/emma/turtlebot3_rl_ws/install/train_reset_plugin/share/train_reset_plugin/hook/cmake_prefix_path.dsv'
[29.110s] INFO:colcon.colcon_core.shell:Creating environment hook '/home/emma/turtlebot3_rl_ws/install/train_reset_plugin/share/train_reset_plugin/hook/cmake_prefix_path.sh'
[29.112s] Level 1:colcon.colcon_core.environment:checking '/home/emma/turtlebot3_rl_ws/install/train_reset_plugin/lib'
[29.112s] Level 1:colcon.colcon_core.shell:create_environment_hook('train_reset_plugin', 'ld_library_path_lib')
[29.112s] INFO:colcon.colcon_core.shell:Creating environment hook '/home/emma/turtlebot3_rl_ws/install/train_reset_plugin/share/train_reset_plugin/hook/ld_library_path_lib.ps1'
[29.113s] INFO:colcon.colcon_core.shell:Creating environment descriptor '/home/emma/turtlebot3_rl_ws/install/train_reset_plugin/share/train_reset_plugin/hook/ld_library_path_lib.dsv'
[29.114s] INFO:colcon.colcon_core.shell:Creating environment hook '/home/emma/turtlebot3_rl_ws/install/train_reset_plugin/share/train_reset_plugin/hook/ld_library_path_lib.sh'
[29.114s] Level 1:colcon.colcon_core.environment:checking '/home/emma/turtlebot3_rl_ws/install/train_reset_plugin/bin'
[29.114s] Level 1:colcon.colcon_core.environment:checking '/home/emma/turtlebot3_rl_ws/install/train_reset_plugin/lib/pkgconfig/train_reset_plugin.pc'
[29.115s] Level 1:colcon.colcon_core.environment:checking '/home/emma/turtlebot3_rl_ws/install/train_reset_plugin/lib/python3.10/site-packages'
[29.115s] Level 1:colcon.colcon_core.environment:checking '/home/emma/turtlebot3_rl_ws/install/train_reset_plugin/bin'
[29.116s] INFO:colcon.colcon_core.shell:Creating package script '/home/emma/turtlebot3_rl_ws/install/train_reset_plugin/share/train_reset_plugin/package.ps1'
[29.117s] INFO:colcon.colcon_core.shell:Creating package descriptor '/home/emma/turtlebot3_rl_ws/install/train_reset_plugin/share/train_reset_plugin/package.dsv'
[29.118s] INFO:colcon.colcon_core.shell:Creating package script '/home/emma/turtlebot3_rl_ws/install/train_reset_plugin/share/train_reset_plugin/package.sh'
[29.120s] INFO:colcon.colcon_core.shell:Creating package script '/home/emma/turtlebot3_rl_ws/install/train_reset_plugin/share/train_reset_plugin/package.bash'
[29.124s] INFO:colcon.colcon_core.shell:Creating package script '/home/emma/turtlebot3_rl_ws/install/train_reset_plugin/share/train_reset_plugin/package.zsh'
[29.125s] Level 1:colcon.colcon_core.environment:create_file_with_runtime_dependencies(/home/emma/turtlebot3_rl_ws/install/train_reset_plugin/share/colcon-core/packages/train_reset_plugin)
[29.126s] DEBUG:colcon.colcon_parallel_executor.executor.parallel:closing loop
[29.127s] DEBUG:colcon.colcon_parallel_executor.executor.parallel:loop closed
[29.127s] DEBUG:colcon.colcon_parallel_executor.executor.parallel:run_until_complete finished with '0'
[29.127s] DEBUG:colcon.colcon_core.event_reactor:joining thread
[29.138s] INFO:colcon.colcon_core.plugin_system:Skipping extension 'colcon_notification.desktop_notification.terminal_notifier': Not used on non-Darwin systems
[29.138s] INFO:colcon.colcon_core.plugin_system:Skipping extension 'colcon_notification.desktop_notification.win32': Not used on non-Windows systems
[29.138s] INFO:colcon.colcon_notification.desktop_notification:Sending desktop notification using 'notify2'
[29.159s] DEBUG:colcon.colcon_core.event_reactor:joined thread
[29.159s] INFO:colcon.colcon_core.shell:Creating prefix script '/home/emma/turtlebot3_rl_ws/install/local_setup.ps1'
[29.161s] INFO:colcon.colcon_core.shell:Creating prefix util module '/home/emma/turtlebot3_rl_ws/install/_local_setup_util_ps1.py'
[29.162s] INFO:colcon.colcon_core.shell:Creating prefix chain script '/home/emma/turtlebot3_rl_ws/install/setup.ps1'
[29.164s] INFO:colcon.colcon_core.shell:Creating prefix script '/home/emma/turtlebot3_rl_ws/install/local_setup.sh'
[29.165s] INFO:colcon.colcon_core.shell:Creating prefix util module '/home/emma/turtlebot3_rl_ws/install/_local_setup_util_sh.py'
[29.166s] INFO:colcon.colcon_core.shell:Creating prefix chain script '/home/emma/turtlebot3_rl_ws/install/setup.sh'
[29.167s] INFO:colcon.colcon_core.shell:Creating prefix script '/home/emma/turtlebot3_rl_ws/install/local_setup.bash'
[29.168s] INFO:colcon.colcon_core.shell:Creating prefix chain script '/home/emma/turtlebot3_rl_ws/install/setup.bash'
[29.169s] INFO:colcon.colcon_core.shell:Creating prefix script '/home/emma/turtlebot3_rl_ws/install/local_setup.zsh'
[29.169s] INFO:colcon.colcon_core.shell:Creating prefix chain script '/home/emma/turtlebot3_rl_ws/install/setup.zsh'
