[0.135s] DEBUG:colcon:Command line arguments: ['/usr/bin/colcon', 'build']
[0.135s] DEBUG:colcon:Parsed command line arguments: Namespace(log_base=None, log_level=None, verb_name='build', build_base='build', install_base='install', merge_install=False, symlink_install=False, test_result_base=None, continue_on_error=False, executor='parallel', parallel_workers=4, event_handlers=None, ignore_user_meta=False, metas=['./colcon.meta'], base_paths=['.'], packages_ignore=None, packages_ignore_regex=None, paths=None, packages_up_to=None, packages_up_to_regex=None, packages_above=None, packages_above_and_dependencies=None, packages_above_depth=None, packages_select_by_dep=None, packages_skip_by_dep=None, packages_skip_up_to=None, packages_select_build_failed=False, packages_skip_build_finished=False, packages_select_test_failures=False, packages_skip_test_passed=False, packages_select=None, packages_skip=None, packages_select_regex=None, packages_skip_regex=None, packages_start=None, packages_end=None, allow_overriding=[], cmake_args=None, cmake_target=None, cmake_target_skip_unavailable=False, cmake_clean_cache=False, cmake_clean_first=False, cmake_force_configure=False, ament_cmake_args=None, catkin_cmake_args=None, catkin_skip_building_tests=False, verb_parser=<colcon_defaults.argument_parser.defaults.DefaultArgumentsDecorator object at 0x7bd2cd41fd00>, verb_extension=<colcon_core.verb.build.BuildVerb object at 0x7bd2cd41eec0>, main=<bound method BuildVerb.main of <colcon_core.verb.build.BuildVerb object at 0x7bd2cd41eec0>>)
[0.334s] Level 1:colcon.colcon_core.package_discovery:discover_packages(colcon_meta) check parameters
[0.334s] Level 1:colcon.colcon_core.package_discovery:discover_packages(recursive) check parameters
[0.334s] Level 1:colcon.colcon_core.package_discovery:discover_packages(ignore) check parameters
[0.334s] Level 1:colcon.colcon_core.package_discovery:discover_packages(path) check parameters
[0.334s] Level 1:colcon.colcon_core.package_discovery:discover_packages(colcon_meta) discover
[0.334s] Level 1:colcon.colcon_core.package_discovery:discover_packages(recursive) discover
[0.334s] INFO:colcon.colcon_core.package_discovery:Crawling recursively for packages in '/home/emma/turtlebot3_rl_ws'
[0.334s] Level 1:colcon.colcon_core.package_identification:_identify(.) by extensions ['ignore', 'ignore_ament_install']
[0.334s] Level 1:colcon.colcon_core.package_identification:_identify(.) by extension 'ignore'
[0.335s] Level 1:colcon.colcon_core.package_identification:_identify(.) by extension 'ignore_ament_install'
[0.335s] Level 1:colcon.colcon_core.package_identification:_identify(.) by extensions ['colcon_pkg']
[0.335s] Level 1:colcon.colcon_core.package_identification:_identify(.) by extension 'colcon_pkg'
[0.335s] Level 1:colcon.colcon_core.package_identification:_identify(.) by extensions ['colcon_meta']
[0.335s] Level 1:colcon.colcon_core.package_identification:_identify(.) by extension 'colcon_meta'
[0.335s] Level 1:colcon.colcon_core.package_identification:_identify(.) by extensions ['ros']
[0.335s] Level 1:colcon.colcon_core.package_identification:_identify(.) by extension 'ros'
[0.349s] Level 1:colcon.colcon_core.package_identification:_identify(.) by extensions ['cmake', 'python']
[0.349s] Level 1:colcon.colcon_core.package_identification:_identify(.) by extension 'cmake'
[0.350s] Level 1:colcon.colcon_core.package_identification:_identify(.) by extension 'python'
[0.350s] Level 1:colcon.colcon_core.package_identification:_identify(.) by extensions ['python_setup_py']
[0.350s] Level 1:colcon.colcon_core.package_identification:_identify(.) by extension 'python_setup_py'
[0.351s] Level 1:colcon.colcon_core.package_identification:_identify(build) by extensions ['ignore', 'ignore_ament_install']
[0.351s] Level 1:colcon.colcon_core.package_identification:_identify(build) by extension 'ignore'
[0.351s] Level 1:colcon.colcon_core.package_identification:_identify(build) ignored
[0.351s] Level 1:colcon.colcon_core.package_identification:_identify(install) by extensions ['ignore', 'ignore_ament_install']
[0.351s] Level 1:colcon.colcon_core.package_identification:_identify(install) by extension 'ignore'
[0.351s] Level 1:colcon.colcon_core.package_identification:_identify(install) ignored
[0.352s] Level 1:colcon.colcon_core.package_identification:_identify(log) by extensions ['ignore', 'ignore_ament_install']
[0.352s] Level 1:colcon.colcon_core.package_identification:_identify(log) by extension 'ignore'
[0.352s] Level 1:colcon.colcon_core.package_identification:_identify(log) ignored
[0.352s] Level 1:colcon.colcon_core.package_identification:_identify(src) by extensions ['ignore', 'ignore_ament_install']
[0.352s] Level 1:colcon.colcon_core.package_identification:_identify(src) by extension 'ignore'
[0.352s] Level 1:colcon.colcon_core.package_identification:_identify(src) by extension 'ignore_ament_install'
[0.352s] Level 1:colcon.colcon_core.package_identification:_identify(src) by extensions ['colcon_pkg']
[0.352s] Level 1:colcon.colcon_core.package_identification:_identify(src) by extension 'colcon_pkg'
[0.352s] Level 1:colcon.colcon_core.package_identification:_identify(src) by extensions ['colcon_meta']
[0.352s] Level 1:colcon.colcon_core.package_identification:_identify(src) by extension 'colcon_meta'
[0.352s] Level 1:colcon.colcon_core.package_identification:_identify(src) by extensions ['ros']
[0.352s] Level 1:colcon.colcon_core.package_identification:_identify(src) by extension 'ros'
[0.352s] Level 1:colcon.colcon_core.package_identification:_identify(src) by extensions ['cmake', 'python']
[0.353s] Level 1:colcon.colcon_core.package_identification:_identify(src) by extension 'cmake'
[0.353s] Level 1:colcon.colcon_core.package_identification:_identify(src) by extension 'python'
[0.353s] Level 1:colcon.colcon_core.package_identification:_identify(src) by extensions ['python_setup_py']
[0.353s] Level 1:colcon.colcon_core.package_identification:_identify(src) by extension 'python_setup_py'
[0.353s] Level 1:colcon.colcon_core.package_identification:_identify(src/bot_reset_plugin) by extensions ['ignore', 'ignore_ament_install']
[0.353s] Level 1:colcon.colcon_core.package_identification:_identify(src/bot_reset_plugin) by extension 'ignore'
[0.353s] Level 1:colcon.colcon_core.package_identification:_identify(src/bot_reset_plugin) by extension 'ignore_ament_install'
[0.353s] Level 1:colcon.colcon_core.package_identification:_identify(src/bot_reset_plugin) by extensions ['colcon_pkg']
[0.353s] Level 1:colcon.colcon_core.package_identification:_identify(src/bot_reset_plugin) by extension 'colcon_pkg'
[0.353s] Level 1:colcon.colcon_core.package_identification:_identify(src/bot_reset_plugin) by extensions ['colcon_meta']
[0.353s] Level 1:colcon.colcon_core.package_identification:_identify(src/bot_reset_plugin) by extension 'colcon_meta'
[0.353s] Level 1:colcon.colcon_core.package_identification:_identify(src/bot_reset_plugin) by extensions ['ros']
[0.353s] Level 1:colcon.colcon_core.package_identification:_identify(src/bot_reset_plugin) by extension 'ros'
[0.356s] DEBUG:colcon.colcon_core.package_identification:Package 'src/bot_reset_plugin' with type 'ros.catkin' and name 'bot_reset_plugin'
[0.357s] Level 1:colcon.colcon_core.package_identification:_identify(src/build) by extensions ['ignore', 'ignore_ament_install']
[0.357s] Level 1:colcon.colcon_core.package_identification:_identify(src/build) by extension 'ignore'
[0.357s] Level 1:colcon.colcon_core.package_identification:_identify(src/build) ignored
[0.357s] Level 1:colcon.colcon_core.package_identification:_identify(src/contact_plugin) by extensions ['ignore', 'ignore_ament_install']
[0.357s] Level 1:colcon.colcon_core.package_identification:_identify(src/contact_plugin) by extension 'ignore'
[0.357s] Level 1:colcon.colcon_core.package_identification:_identify(src/contact_plugin) by extension 'ignore_ament_install'
[0.357s] Level 1:colcon.colcon_core.package_identification:_identify(src/contact_plugin) by extensions ['colcon_pkg']
[0.357s] Level 1:colcon.colcon_core.package_identification:_identify(src/contact_plugin) by extension 'colcon_pkg'
[0.357s] Level 1:colcon.colcon_core.package_identification:_identify(src/contact_plugin) by extensions ['colcon_meta']
[0.358s] Level 1:colcon.colcon_core.package_identification:_identify(src/contact_plugin) by extension 'colcon_meta'
[0.358s] Level 1:colcon.colcon_core.package_identification:_identify(src/contact_plugin) by extensions ['ros']
[0.358s] Level 1:colcon.colcon_core.package_identification:_identify(src/contact_plugin) by extension 'ros'
[0.360s] DEBUG:colcon.colcon_core.package_identification:Package 'src/contact_plugin' with type 'ros.catkin' and name 'contact_plugin'
[0.361s] Level 1:colcon.colcon_core.package_identification:_identify(src/install) by extensions ['ignore', 'ignore_ament_install']
[0.361s] Level 1:colcon.colcon_core.package_identification:_identify(src/install) by extension 'ignore'
[0.361s] Level 1:colcon.colcon_core.package_identification:_identify(src/install) ignored
[0.361s] Level 1:colcon.colcon_core.package_identification:_identify(src/log) by extensions ['ignore', 'ignore_ament_install']
[0.361s] Level 1:colcon.colcon_core.package_identification:_identify(src/log) by extension 'ignore'
[0.361s] Level 1:colcon.colcon_core.package_identification:_identify(src/log) ignored
[0.361s] Level 1:colcon.colcon_core.package_identification:_identify(src/my_turtlebot3_gazebo) by extensions ['ignore', 'ignore_ament_install']
[0.362s] Level 1:colcon.colcon_core.package_identification:_identify(src/my_turtlebot3_gazebo) by extension 'ignore'
[0.362s] Level 1:colcon.colcon_core.package_identification:_identify(src/my_turtlebot3_gazebo) by extension 'ignore_ament_install'
[0.362s] Level 1:colcon.colcon_core.package_identification:_identify(src/my_turtlebot3_gazebo) by extensions ['colcon_pkg']
[0.362s] Level 1:colcon.colcon_core.package_identification:_identify(src/my_turtlebot3_gazebo) by extension 'colcon_pkg'
[0.362s] Level 1:colcon.colcon_core.package_identification:_identify(src/my_turtlebot3_gazebo) by extensions ['colcon_meta']
[0.362s] Level 1:colcon.colcon_core.package_identification:_identify(src/my_turtlebot3_gazebo) by extension 'colcon_meta'
[0.362s] Level 1:colcon.colcon_core.package_identification:_identify(src/my_turtlebot3_gazebo) by extensions ['ros']
[0.362s] Level 1:colcon.colcon_core.package_identification:_identify(src/my_turtlebot3_gazebo) by extension 'ros'
[0.363s] DEBUG:colcon.colcon_core.package_identification:Package 'src/my_turtlebot3_gazebo' with type 'ros.ament_cmake' and name 'my_turtlebot3_gazebo'
[0.364s] Level 1:colcon.colcon_core.package_identification:_identify(src/train_reset_plugin) by extensions ['ignore', 'ignore_ament_install']
[0.364s] Level 1:colcon.colcon_core.package_identification:_identify(src/train_reset_plugin) by extension 'ignore'
[0.364s] Level 1:colcon.colcon_core.package_identification:_identify(src/train_reset_plugin) by extension 'ignore_ament_install'
[0.364s] Level 1:colcon.colcon_core.package_identification:_identify(src/train_reset_plugin) by extensions ['colcon_pkg']
[0.364s] Level 1:colcon.colcon_core.package_identification:_identify(src/train_reset_plugin) by extension 'colcon_pkg'
[0.364s] Level 1:colcon.colcon_core.package_identification:_identify(src/train_reset_plugin) by extensions ['colcon_meta']
[0.364s] Level 1:colcon.colcon_core.package_identification:_identify(src/train_reset_plugin) by extension 'colcon_meta'
[0.364s] Level 1:colcon.colcon_core.package_identification:_identify(src/train_reset_plugin) by extensions ['ros']
[0.364s] Level 1:colcon.colcon_core.package_identification:_identify(src/train_reset_plugin) by extension 'ros'
[0.365s] DEBUG:colcon.colcon_core.package_identification:Package 'src/train_reset_plugin' with type 'ros.catkin' and name 'train_reset_plugin'
[0.365s] Level 1:colcon.colcon_core.package_identification:_identify(src/turtlebot3_rl) by extensions ['ignore', 'ignore_ament_install']
[0.366s] Level 1:colcon.colcon_core.package_identification:_identify(src/turtlebot3_rl) by extension 'ignore'
[0.366s] Level 1:colcon.colcon_core.package_identification:_identify(src/turtlebot3_rl) by extension 'ignore_ament_install'
[0.366s] Level 1:colcon.colcon_core.package_identification:_identify(src/turtlebot3_rl) by extensions ['colcon_pkg']
[0.366s] Level 1:colcon.colcon_core.package_identification:_identify(src/turtlebot3_rl) by extension 'colcon_pkg'
[0.366s] Level 1:colcon.colcon_core.package_identification:_identify(src/turtlebot3_rl) by extensions ['colcon_meta']
[0.366s] Level 1:colcon.colcon_core.package_identification:_identify(src/turtlebot3_rl) by extension 'colcon_meta'
[0.366s] Level 1:colcon.colcon_core.package_identification:_identify(src/turtlebot3_rl) by extensions ['ros']
[0.366s] Level 1:colcon.colcon_core.package_identification:_identify(src/turtlebot3_rl) by extension 'ros'
[0.367s] DEBUG:colcon.colcon_core.package_identification:Package 'src/turtlebot3_rl' with type 'ros.ament_python' and name 'turtlebot3_rl'
[0.367s] Level 1:colcon.colcon_core.package_discovery:discover_packages(recursive) using defaults
[0.367s] Level 1:colcon.colcon_core.package_discovery:discover_packages(ignore) discover
[0.367s] Level 1:colcon.colcon_core.package_discovery:discover_packages(ignore) using defaults
[0.367s] Level 1:colcon.colcon_core.package_discovery:discover_packages(path) discover
[0.367s] Level 1:colcon.colcon_core.package_discovery:discover_packages(path) using defaults
[0.401s] Level 1:colcon.colcon_core.package_discovery:discover_packages(prefix_path) check parameters
[0.402s] Level 1:colcon.colcon_core.package_discovery:discover_packages(prefix_path) discover
[0.405s] DEBUG:colcon.colcon_installed_package_information.package_discovery:Found 7 installed packages in /home/emma/turtlebot3_rl_ws/install
[0.407s] DEBUG:colcon.colcon_installed_package_information.package_discovery:Found 295 installed packages in /opt/ros/humble
[0.408s] Level 1:colcon.colcon_core.package_discovery:discover_packages(prefix_path) using defaults
[0.461s] Level 5:colcon.colcon_core.verb:set package 'bot_reset_plugin' build argument 'cmake_args' from command line to 'None'
[0.461s] Level 5:colcon.colcon_core.verb:set package 'bot_reset_plugin' build argument 'cmake_target' from command line to 'None'
[0.461s] Level 5:colcon.colcon_core.verb:set package 'bot_reset_plugin' build argument 'cmake_target_skip_unavailable' from command line to 'False'
[0.461s] Level 5:colcon.colcon_core.verb:set package 'bot_reset_plugin' build argument 'cmake_clean_cache' from command line to 'False'
[0.461s] Level 5:colcon.colcon_core.verb:set package 'bot_reset_plugin' build argument 'cmake_clean_first' from command line to 'False'
[0.461s] Level 5:colcon.colcon_core.verb:set package 'bot_reset_plugin' build argument 'cmake_force_configure' from command line to 'False'
[0.461s] Level 5:colcon.colcon_core.verb:set package 'bot_reset_plugin' build argument 'ament_cmake_args' from command line to 'None'
[0.461s] Level 5:colcon.colcon_core.verb:set package 'bot_reset_plugin' build argument 'catkin_cmake_args' from command line to 'None'
[0.461s] Level 5:colcon.colcon_core.verb:set package 'bot_reset_plugin' build argument 'catkin_skip_building_tests' from command line to 'False'
[0.461s] DEBUG:colcon.colcon_core.verb:Building package 'bot_reset_plugin' with the following arguments: {'ament_cmake_args': None, 'build_base': '/home/emma/turtlebot3_rl_ws/build/bot_reset_plugin', 'catkin_cmake_args': None, 'catkin_skip_building_tests': False, 'cmake_args': None, 'cmake_clean_cache': False, 'cmake_clean_first': False, 'cmake_force_configure': False, 'cmake_target': None, 'cmake_target_skip_unavailable': False, 'install_base': '/home/emma/turtlebot3_rl_ws/install/bot_reset_plugin', 'merge_install': False, 'path': '/home/emma/turtlebot3_rl_ws/src/bot_reset_plugin', 'symlink_install': False, 'test_result_base': None}
[0.462s] Level 5:colcon.colcon_core.verb:set package 'contact_plugin' build argument 'cmake_args' from command line to 'None'
[0.462s] Level 5:colcon.colcon_core.verb:set package 'contact_plugin' build argument 'cmake_target' from command line to 'None'
[0.462s] Level 5:colcon.colcon_core.verb:set package 'contact_plugin' build argument 'cmake_target_skip_unavailable' from command line to 'False'
[0.462s] Level 5:colcon.colcon_core.verb:set package 'contact_plugin' build argument 'cmake_clean_cache' from command line to 'False'
[0.462s] Level 5:colcon.colcon_core.verb:set package 'contact_plugin' build argument 'cmake_clean_first' from command line to 'False'
[0.462s] Level 5:colcon.colcon_core.verb:set package 'contact_plugin' build argument 'cmake_force_configure' from command line to 'False'
[0.462s] Level 5:colcon.colcon_core.verb:set package 'contact_plugin' build argument 'ament_cmake_args' from command line to 'None'
[0.462s] Level 5:colcon.colcon_core.verb:set package 'contact_plugin' build argument 'catkin_cmake_args' from command line to 'None'
[0.462s] Level 5:colcon.colcon_core.verb:set package 'contact_plugin' build argument 'catkin_skip_building_tests' from command line to 'False'
[0.462s] DEBUG:colcon.colcon_core.verb:Building package 'contact_plugin' with the following arguments: {'ament_cmake_args': None, 'build_base': '/home/emma/turtlebot3_rl_ws/build/contact_plugin', 'catkin_cmake_args': None, 'catkin_skip_building_tests': False, 'cmake_args': None, 'cmake_clean_cache': False, 'cmake_clean_first': False, 'cmake_force_configure': False, 'cmake_target': None, 'cmake_target_skip_unavailable': False, 'install_base': '/home/emma/turtlebot3_rl_ws/install/contact_plugin', 'merge_install': False, 'path': '/home/emma/turtlebot3_rl_ws/src/contact_plugin', 'symlink_install': False, 'test_result_base': None}
[0.463s] Level 5:colcon.colcon_core.verb:set package 'my_turtlebot3_gazebo' build argument 'cmake_args' from command line to 'None'
[0.463s] Level 5:colcon.colcon_core.verb:set package 'my_turtlebot3_gazebo' build argument 'cmake_target' from command line to 'None'
[0.463s] Level 5:colcon.colcon_core.verb:set package 'my_turtlebot3_gazebo' build argument 'cmake_target_skip_unavailable' from command line to 'False'
[0.463s] Level 5:colcon.colcon_core.verb:set package 'my_turtlebot3_gazebo' build argument 'cmake_clean_cache' from command line to 'False'
[0.463s] Level 5:colcon.colcon_core.verb:set package 'my_turtlebot3_gazebo' build argument 'cmake_clean_first' from command line to 'False'
[0.463s] Level 5:colcon.colcon_core.verb:set package 'my_turtlebot3_gazebo' build argument 'cmake_force_configure' from command line to 'False'
[0.463s] Level 5:colcon.colcon_core.verb:set package 'my_turtlebot3_gazebo' build argument 'ament_cmake_args' from command line to 'None'
[0.463s] Level 5:colcon.colcon_core.verb:set package 'my_turtlebot3_gazebo' build argument 'catkin_cmake_args' from command line to 'None'
[0.463s] Level 5:colcon.colcon_core.verb:set package 'my_turtlebot3_gazebo' build argument 'catkin_skip_building_tests' from command line to 'False'
[0.463s] DEBUG:colcon.colcon_core.verb:Building package 'my_turtlebot3_gazebo' with the following arguments: {'ament_cmake_args': None, 'build_base': '/home/emma/turtlebot3_rl_ws/build/my_turtlebot3_gazebo', 'catkin_cmake_args': None, 'catkin_skip_building_tests': False, 'cmake_args': None, 'cmake_clean_cache': False, 'cmake_clean_first': False, 'cmake_force_configure': False, 'cmake_target': None, 'cmake_target_skip_unavailable': False, 'install_base': '/home/emma/turtlebot3_rl_ws/install/my_turtlebot3_gazebo', 'merge_install': False, 'path': '/home/emma/turtlebot3_rl_ws/src/my_turtlebot3_gazebo', 'symlink_install': False, 'test_result_base': None}
[0.464s] Level 5:colcon.colcon_core.verb:set package 'train_reset_plugin' build argument 'cmake_args' from command line to 'None'
[0.464s] Level 5:colcon.colcon_core.verb:set package 'train_reset_plugin' build argument 'cmake_target' from command line to 'None'
[0.464s] Level 5:colcon.colcon_core.verb:set package 'train_reset_plugin' build argument 'cmake_target_skip_unavailable' from command line to 'False'
[0.464s] Level 5:colcon.colcon_core.verb:set package 'train_reset_plugin' build argument 'cmake_clean_cache' from command line to 'False'
[0.464s] Level 5:colcon.colcon_core.verb:set package 'train_reset_plugin' build argument 'cmake_clean_first' from command line to 'False'
[0.464s] Level 5:colcon.colcon_core.verb:set package 'train_reset_plugin' build argument 'cmake_force_configure' from command line to 'False'
[0.464s] Level 5:colcon.colcon_core.verb:set package 'train_reset_plugin' build argument 'ament_cmake_args' from command line to 'None'
[0.464s] Level 5:colcon.colcon_core.verb:set package 'train_reset_plugin' build argument 'catkin_cmake_args' from command line to 'None'
[0.464s] Level 5:colcon.colcon_core.verb:set package 'train_reset_plugin' build argument 'catkin_skip_building_tests' from command line to 'False'
[0.464s] DEBUG:colcon.colcon_core.verb:Building package 'train_reset_plugin' with the following arguments: {'ament_cmake_args': None, 'build_base': '/home/emma/turtlebot3_rl_ws/build/train_reset_plugin', 'catkin_cmake_args': None, 'catkin_skip_building_tests': False, 'cmake_args': None, 'cmake_clean_cache': False, 'cmake_clean_first': False, 'cmake_force_configure': False, 'cmake_target': None, 'cmake_target_skip_unavailable': False, 'install_base': '/home/emma/turtlebot3_rl_ws/install/train_reset_plugin', 'merge_install': False, 'path': '/home/emma/turtlebot3_rl_ws/src/train_reset_plugin', 'symlink_install': False, 'test_result_base': None}
[0.464s] Level 5:colcon.colcon_core.verb:set package 'turtlebot3_rl' build argument 'cmake_args' from command line to 'None'
[0.464s] Level 5:colcon.colcon_core.verb:set package 'turtlebot3_rl' build argument 'cmake_target' from command line to 'None'
[0.465s] Level 5:colcon.colcon_core.verb:set package 'turtlebot3_rl' build argument 'cmake_target_skip_unavailable' from command line to 'False'
[0.465s] Level 5:colcon.colcon_core.verb:set package 'turtlebot3_rl' build argument 'cmake_clean_cache' from command line to 'False'
[0.465s] Level 5:colcon.colcon_core.verb:set package 'turtlebot3_rl' build argument 'cmake_clean_first' from command line to 'False'
[0.465s] Level 5:colcon.colcon_core.verb:set package 'turtlebot3_rl' build argument 'cmake_force_configure' from command line to 'False'
[0.465s] Level 5:colcon.colcon_core.verb:set package 'turtlebot3_rl' build argument 'ament_cmake_args' from command line to 'None'
[0.465s] Level 5:colcon.colcon_core.verb:set package 'turtlebot3_rl' build argument 'catkin_cmake_args' from command line to 'None'
[0.465s] Level 5:colcon.colcon_core.verb:set package 'turtlebot3_rl' build argument 'catkin_skip_building_tests' from command line to 'False'
[0.465s] DEBUG:colcon.colcon_core.verb:Building package 'turtlebot3_rl' with the following arguments: {'ament_cmake_args': None, 'build_base': '/home/emma/turtlebot3_rl_ws/build/turtlebot3_rl', 'catkin_cmake_args': None, 'catkin_skip_building_tests': False, 'cmake_args': None, 'cmake_clean_cache': False, 'cmake_clean_first': False, 'cmake_force_configure': False, 'cmake_target': None, 'cmake_target_skip_unavailable': False, 'install_base': '/home/emma/turtlebot3_rl_ws/install/turtlebot3_rl', 'merge_install': False, 'path': '/home/emma/turtlebot3_rl_ws/src/turtlebot3_rl', 'symlink_install': False, 'test_result_base': None}
[0.465s] INFO:colcon.colcon_core.executor:Executing jobs using 'parallel' executor
[0.467s] DEBUG:colcon.colcon_parallel_executor.executor.parallel:run_until_complete
[0.469s] INFO:colcon.colcon_ros.task.catkin.build:Building ROS package in '/home/emma/turtlebot3_rl_ws/src/bot_reset_plugin' with build type 'catkin'
[0.469s] INFO:colcon.colcon_cmake.task.cmake.build:Building CMake package in '/home/emma/turtlebot3_rl_ws/src/bot_reset_plugin'
[0.471s] INFO:colcon.colcon_core.plugin_system:Skipping extension 'colcon_core.shell.bat': Not used on non-Windows systems
[0.472s] INFO:colcon.colcon_core.shell:Skip shell extension 'powershell' for command environment: Not usable outside of PowerShell
[0.472s] DEBUG:colcon.colcon_core.shell:Skip shell extension 'dsv' for command environment
[0.478s] INFO:colcon.colcon_ros.task.catkin.build:Building ROS package in '/home/emma/turtlebot3_rl_ws/src/contact_plugin' with build type 'catkin'
[0.478s] INFO:colcon.colcon_cmake.task.cmake.build:Building CMake package in '/home/emma/turtlebot3_rl_ws/src/contact_plugin'
[0.478s] INFO:colcon.colcon_core.shell:Skip shell extension 'powershell' for command environment: Not usable outside of PowerShell
[0.478s] DEBUG:colcon.colcon_core.shell:Skip shell extension 'dsv' for command environment
[0.485s] INFO:colcon.colcon_ros.task.ament_cmake.build:Building ROS package in '/home/emma/turtlebot3_rl_ws/src/my_turtlebot3_gazebo' with build type 'ament_cmake'
[0.489s] INFO:colcon.colcon_cmake.task.cmake.build:Building CMake package in '/home/emma/turtlebot3_rl_ws/src/my_turtlebot3_gazebo'
[0.489s] INFO:colcon.colcon_core.shell:Skip shell extension 'powershell' for command environment: Not usable outside of PowerShell
[0.490s] DEBUG:colcon.colcon_core.shell:Skip shell extension 'dsv' for command environment
[0.496s] INFO:colcon.colcon_ros.task.catkin.build:Building ROS package in '/home/emma/turtlebot3_rl_ws/src/train_reset_plugin' with build type 'catkin'
[0.497s] INFO:colcon.colcon_cmake.task.cmake.build:Building CMake package in '/home/emma/turtlebot3_rl_ws/src/train_reset_plugin'
[0.497s] INFO:colcon.colcon_core.shell:Skip shell extension 'powershell' for command environment: Not usable outside of PowerShell
[0.497s] DEBUG:colcon.colcon_core.shell:Skip shell extension 'dsv' for command environment
[0.516s] DEBUG:colcon.colcon_core.event_handler.log_command:Invoking command in '/home/emma/turtlebot3_rl_ws/build/bot_reset_plugin': /usr/bin/cmake --build /home/emma/turtlebot3_rl_ws/build/bot_reset_plugin -- -j4 -l4
[0.527s] DEBUG:colcon.colcon_core.event_handler.log_command:Invoking command in '/home/emma/turtlebot3_rl_ws/build/contact_plugin': /usr/bin/cmake --build /home/emma/turtlebot3_rl_ws/build/contact_plugin -- -j4 -l4
[0.532s] DEBUG:colcon.colcon_core.event_handler.log_command:Invoking command in '/home/emma/turtlebot3_rl_ws/build/my_turtlebot3_gazebo': CMAKE_PREFIX_PATH=/home/emma/turtlebot3_rl_ws/install/turtlebot3_rl:/home/emma/turtlebot3_rl_ws/install/train_controller:/opt/ros/humble:${CMAKE_PREFIX_PATH} /usr/bin/cmake --build /home/emma/turtlebot3_rl_ws/build/my_turtlebot3_gazebo -- -j4 -l4
[0.569s] DEBUG:colcon.colcon_core.event_handler.log_command:Invoking command in '/home/emma/turtlebot3_rl_ws/build/train_reset_plugin': /usr/bin/cmake --build /home/emma/turtlebot3_rl_ws/build/train_reset_plugin -- -j4 -l4
[0.715s] DEBUG:colcon.colcon_core.event_handler.log_command:Invoked command in '/home/emma/turtlebot3_rl_ws/build/my_turtlebot3_gazebo' returned '0': CMAKE_PREFIX_PATH=/home/emma/turtlebot3_rl_ws/install/turtlebot3_rl:/home/emma/turtlebot3_rl_ws/install/train_controller:/opt/ros/humble:${CMAKE_PREFIX_PATH} /usr/bin/cmake --build /home/emma/turtlebot3_rl_ws/build/my_turtlebot3_gazebo -- -j4 -l4
[0.737s] DEBUG:colcon.colcon_core.event_handler.log_command:Invoking command in '/home/emma/turtlebot3_rl_ws/build/my_turtlebot3_gazebo': CMAKE_PREFIX_PATH=/home/emma/turtlebot3_rl_ws/install/turtlebot3_rl:/home/emma/turtlebot3_rl_ws/install/train_controller:/opt/ros/humble:${CMAKE_PREFIX_PATH} /usr/bin/cmake --install /home/emma/turtlebot3_rl_ws/build/my_turtlebot3_gazebo
[0.824s] Level 1:colcon.colcon_core.environment:create_environment_scripts_only(my_turtlebot3_gazebo)
[0.849s] DEBUG:colcon.colcon_core.event_handler.log_command:Invoked command in '/home/emma/turtlebot3_rl_ws/build/contact_plugin' returned '0': /usr/bin/cmake --build /home/emma/turtlebot3_rl_ws/build/contact_plugin -- -j4 -l4
[0.850s] DEBUG:colcon.colcon_core.event_handler.log_command:Invoking command in '/home/emma/turtlebot3_rl_ws/build/contact_plugin': /usr/bin/cmake --install /home/emma/turtlebot3_rl_ws/build/contact_plugin
[0.850s] DEBUG:colcon.colcon_core.event_handler.log_command:Invoked command in '/home/emma/turtlebot3_rl_ws/build/my_turtlebot3_gazebo' returned '0': CMAKE_PREFIX_PATH=/home/emma/turtlebot3_rl_ws/install/turtlebot3_rl:/home/emma/turtlebot3_rl_ws/install/train_controller:/opt/ros/humble:${CMAKE_PREFIX_PATH} /usr/bin/cmake --install /home/emma/turtlebot3_rl_ws/build/my_turtlebot3_gazebo
[0.853s] Level 1:colcon.colcon_core.environment:checking '/home/emma/turtlebot3_rl_ws/install/my_turtlebot3_gazebo' for CMake module files
[0.853s] Level 1:colcon.colcon_core.environment:checking '/home/emma/turtlebot3_rl_ws/install/my_turtlebot3_gazebo' for CMake config files
[0.853s] Level 1:colcon.colcon_core.shell:create_environment_hook('my_turtlebot3_gazebo', 'cmake_prefix_path')
[0.854s] INFO:colcon.colcon_core.shell:Creating environment hook '/home/emma/turtlebot3_rl_ws/install/my_turtlebot3_gazebo/share/my_turtlebot3_gazebo/hook/cmake_prefix_path.ps1'
[0.855s] INFO:colcon.colcon_core.shell:Creating environment descriptor '/home/emma/turtlebot3_rl_ws/install/my_turtlebot3_gazebo/share/my_turtlebot3_gazebo/hook/cmake_prefix_path.dsv'
[0.856s] INFO:colcon.colcon_core.shell:Creating environment hook '/home/emma/turtlebot3_rl_ws/install/my_turtlebot3_gazebo/share/my_turtlebot3_gazebo/hook/cmake_prefix_path.sh'
[0.857s] Level 1:colcon.colcon_core.environment:checking '/home/emma/turtlebot3_rl_ws/install/my_turtlebot3_gazebo/lib'
[0.857s] Level 1:colcon.colcon_core.environment:checking '/home/emma/turtlebot3_rl_ws/install/my_turtlebot3_gazebo/bin'
[0.857s] Level 1:colcon.colcon_core.environment:checking '/home/emma/turtlebot3_rl_ws/install/my_turtlebot3_gazebo/lib/pkgconfig/my_turtlebot3_gazebo.pc'
[0.857s] Level 1:colcon.colcon_core.environment:checking '/home/emma/turtlebot3_rl_ws/install/my_turtlebot3_gazebo/lib/python3.10/site-packages'
[0.857s] Level 1:colcon.colcon_core.environment:checking '/home/emma/turtlebot3_rl_ws/install/my_turtlebot3_gazebo/bin'
[0.858s] INFO:colcon.colcon_core.shell:Creating package script '/home/emma/turtlebot3_rl_ws/install/my_turtlebot3_gazebo/share/my_turtlebot3_gazebo/package.ps1'
[0.859s] INFO:colcon.colcon_core.shell:Creating package descriptor '/home/emma/turtlebot3_rl_ws/install/my_turtlebot3_gazebo/share/my_turtlebot3_gazebo/package.dsv'
[0.864s] INFO:colcon.colcon_core.shell:Creating package script '/home/emma/turtlebot3_rl_ws/install/my_turtlebot3_gazebo/share/my_turtlebot3_gazebo/package.sh'
[0.869s] INFO:colcon.colcon_core.shell:Creating package script '/home/emma/turtlebot3_rl_ws/install/my_turtlebot3_gazebo/share/my_turtlebot3_gazebo/package.bash'
[0.870s] INFO:colcon.colcon_core.shell:Creating package script '/home/emma/turtlebot3_rl_ws/install/my_turtlebot3_gazebo/share/my_turtlebot3_gazebo/package.zsh'
[0.871s] Level 1:colcon.colcon_core.environment:create_file_with_runtime_dependencies(/home/emma/turtlebot3_rl_ws/install/my_turtlebot3_gazebo/share/colcon-core/packages/my_turtlebot3_gazebo)
[0.872s] Level 1:colcon.colcon_core.environment:create_environment_scripts_only(my_turtlebot3_gazebo)
[0.872s] Level 1:colcon.colcon_core.environment:checking '/home/emma/turtlebot3_rl_ws/install/my_turtlebot3_gazebo' for CMake module files
[0.872s] Level 1:colcon.colcon_core.environment:checking '/home/emma/turtlebot3_rl_ws/install/my_turtlebot3_gazebo' for CMake config files
[0.872s] Level 1:colcon.colcon_core.shell:create_environment_hook('my_turtlebot3_gazebo', 'cmake_prefix_path')
[0.873s] INFO:colcon.colcon_core.shell:Creating environment hook '/home/emma/turtlebot3_rl_ws/install/my_turtlebot3_gazebo/share/my_turtlebot3_gazebo/hook/cmake_prefix_path.ps1'
[0.873s] INFO:colcon.colcon_core.shell:Creating environment descriptor '/home/emma/turtlebot3_rl_ws/install/my_turtlebot3_gazebo/share/my_turtlebot3_gazebo/hook/cmake_prefix_path.dsv'
[0.874s] INFO:colcon.colcon_core.shell:Creating environment hook '/home/emma/turtlebot3_rl_ws/install/my_turtlebot3_gazebo/share/my_turtlebot3_gazebo/hook/cmake_prefix_path.sh'
[0.875s] Level 1:colcon.colcon_core.environment:checking '/home/emma/turtlebot3_rl_ws/install/my_turtlebot3_gazebo/lib'
[0.875s] Level 1:colcon.colcon_core.environment:checking '/home/emma/turtlebot3_rl_ws/install/my_turtlebot3_gazebo/bin'
[0.875s] Level 1:colcon.colcon_core.environment:checking '/home/emma/turtlebot3_rl_ws/install/my_turtlebot3_gazebo/lib/pkgconfig/my_turtlebot3_gazebo.pc'
[0.875s] Level 1:colcon.colcon_core.environment:checking '/home/emma/turtlebot3_rl_ws/install/my_turtlebot3_gazebo/lib/python3.10/site-packages'
[0.875s] Level 1:colcon.colcon_core.environment:checking '/home/emma/turtlebot3_rl_ws/install/my_turtlebot3_gazebo/bin'
[0.875s] INFO:colcon.colcon_core.shell:Creating package script '/home/emma/turtlebot3_rl_ws/install/my_turtlebot3_gazebo/share/my_turtlebot3_gazebo/package.ps1'
[0.876s] INFO:colcon.colcon_core.shell:Creating package descriptor '/home/emma/turtlebot3_rl_ws/install/my_turtlebot3_gazebo/share/my_turtlebot3_gazebo/package.dsv'
[0.877s] INFO:colcon.colcon_core.shell:Creating package script '/home/emma/turtlebot3_rl_ws/install/my_turtlebot3_gazebo/share/my_turtlebot3_gazebo/package.sh'
[0.877s] INFO:colcon.colcon_core.shell:Creating package script '/home/emma/turtlebot3_rl_ws/install/my_turtlebot3_gazebo/share/my_turtlebot3_gazebo/package.bash'
[0.878s] INFO:colcon.colcon_core.shell:Creating package script '/home/emma/turtlebot3_rl_ws/install/my_turtlebot3_gazebo/share/my_turtlebot3_gazebo/package.zsh'
[0.879s] Level 1:colcon.colcon_core.environment:create_file_with_runtime_dependencies(/home/emma/turtlebot3_rl_ws/install/my_turtlebot3_gazebo/share/colcon-core/packages/my_turtlebot3_gazebo)
[0.881s] INFO:colcon.colcon_ros.task.ament_python.build:Building ROS package in '/home/emma/turtlebot3_rl_ws/src/turtlebot3_rl' with build type 'ament_python'
[0.883s] Level 1:colcon.colcon_core.shell:create_environment_hook('turtlebot3_rl', 'ament_prefix_path')
[0.883s] INFO:colcon.colcon_core.shell:Creating environment hook '/home/emma/turtlebot3_rl_ws/install/turtlebot3_rl/share/turtlebot3_rl/hook/ament_prefix_path.ps1'
[0.886s] INFO:colcon.colcon_core.shell:Creating environment descriptor '/home/emma/turtlebot3_rl_ws/install/turtlebot3_rl/share/turtlebot3_rl/hook/ament_prefix_path.dsv'
[0.887s] INFO:colcon.colcon_core.shell:Creating environment hook '/home/emma/turtlebot3_rl_ws/install/turtlebot3_rl/share/turtlebot3_rl/hook/ament_prefix_path.sh'
[0.888s] INFO:colcon.colcon_core.shell:Skip shell extension 'powershell' for command environment: Not usable outside of PowerShell
[0.888s] DEBUG:colcon.colcon_core.shell:Skip shell extension 'dsv' for command environment
[0.912s] DEBUG:colcon.colcon_core.event_handler.log_command:Invoked command in '/home/emma/turtlebot3_rl_ws/build/bot_reset_plugin' returned '0': /usr/bin/cmake --build /home/emma/turtlebot3_rl_ws/build/bot_reset_plugin -- -j4 -l4
[0.956s] DEBUG:colcon.colcon_core.event_handler.log_command:Invoking command in '/home/emma/turtlebot3_rl_ws/build/bot_reset_plugin': /usr/bin/cmake --install /home/emma/turtlebot3_rl_ws/build/bot_reset_plugin
[1.264s] INFO:colcon.colcon_core.task.python.build:Building Python package in '/home/emma/turtlebot3_rl_ws/src/turtlebot3_rl'
[1.265s] INFO:colcon.colcon_core.shell:Skip shell extension 'powershell' for command environment: Not usable outside of PowerShell
[1.265s] DEBUG:colcon.colcon_core.shell:Skip shell extension 'dsv' for command environment
[1.272s] Level 1:colcon.colcon_core.shell:create_environment_hook('contact_plugin', 'ros_package_path')
[1.272s] INFO:colcon.colcon_core.shell:Creating environment hook '/home/emma/turtlebot3_rl_ws/install/contact_plugin/share/contact_plugin/hook/ros_package_path.ps1'
[1.273s] INFO:colcon.colcon_core.shell:Creating environment descriptor '/home/emma/turtlebot3_rl_ws/install/contact_plugin/share/contact_plugin/hook/ros_package_path.dsv'
[1.275s] INFO:colcon.colcon_core.shell:Creating environment hook '/home/emma/turtlebot3_rl_ws/install/contact_plugin/share/contact_plugin/hook/ros_package_path.sh'
[1.276s] Level 1:colcon.colcon_core.shell:create_environment_hook('contact_plugin', 'pkg_config_path')
[1.277s] INFO:colcon.colcon_core.shell:Creating environment hook '/home/emma/turtlebot3_rl_ws/install/contact_plugin/share/contact_plugin/hook/pkg_config_path.ps1'
[1.278s] DEBUG:colcon.colcon_core.event_handler.log_command:Invoked command in '/home/emma/turtlebot3_rl_ws/build/contact_plugin' returned '0': /usr/bin/cmake --install /home/emma/turtlebot3_rl_ws/build/contact_plugin
[1.279s] INFO:colcon.colcon_core.shell:Creating environment descriptor '/home/emma/turtlebot3_rl_ws/install/contact_plugin/share/contact_plugin/hook/pkg_config_path.dsv'
[1.280s] INFO:colcon.colcon_core.shell:Creating environment hook '/home/emma/turtlebot3_rl_ws/install/contact_plugin/share/contact_plugin/hook/pkg_config_path.sh'
[1.285s] Level 1:colcon.colcon_core.shell:create_environment_hook('contact_plugin', 'pkg_config_path_multiarch')
[1.286s] INFO:colcon.colcon_core.shell:Creating environment hook '/home/emma/turtlebot3_rl_ws/install/contact_plugin/share/contact_plugin/hook/pkg_config_path_multiarch.ps1'
[1.287s] INFO:colcon.colcon_core.shell:Creating environment descriptor '/home/emma/turtlebot3_rl_ws/install/contact_plugin/share/contact_plugin/hook/pkg_config_path_multiarch.dsv'
[1.288s] INFO:colcon.colcon_core.shell:Creating environment hook '/home/emma/turtlebot3_rl_ws/install/contact_plugin/share/contact_plugin/hook/pkg_config_path_multiarch.sh'
[1.289s] Level 1:colcon.colcon_core.environment:create_environment_scripts_only(contact_plugin)
[1.290s] Level 1:colcon.colcon_core.environment:checking '/home/emma/turtlebot3_rl_ws/install/contact_plugin' for CMake module files
[1.290s] Level 1:colcon.colcon_core.environment:checking '/home/emma/turtlebot3_rl_ws/install/contact_plugin' for CMake config files
[1.290s] Level 1:colcon.colcon_core.shell:create_environment_hook('contact_plugin', 'cmake_prefix_path')
[1.291s] INFO:colcon.colcon_core.shell:Creating environment hook '/home/emma/turtlebot3_rl_ws/install/contact_plugin/share/contact_plugin/hook/cmake_prefix_path.ps1'
[1.292s] INFO:colcon.colcon_core.shell:Creating environment descriptor '/home/emma/turtlebot3_rl_ws/install/contact_plugin/share/contact_plugin/hook/cmake_prefix_path.dsv'
[1.293s] INFO:colcon.colcon_core.shell:Creating environment hook '/home/emma/turtlebot3_rl_ws/install/contact_plugin/share/contact_plugin/hook/cmake_prefix_path.sh'
[1.294s] Level 1:colcon.colcon_core.environment:checking '/home/emma/turtlebot3_rl_ws/install/contact_plugin/lib'
[1.294s] Level 1:colcon.colcon_core.shell:create_environment_hook('contact_plugin', 'ld_library_path_lib')
[1.294s] INFO:colcon.colcon_core.shell:Creating environment hook '/home/emma/turtlebot3_rl_ws/install/contact_plugin/share/contact_plugin/hook/ld_library_path_lib.ps1'
[1.295s] INFO:colcon.colcon_core.shell:Creating environment descriptor '/home/emma/turtlebot3_rl_ws/install/contact_plugin/share/contact_plugin/hook/ld_library_path_lib.dsv'
[1.296s] INFO:colcon.colcon_core.shell:Creating environment hook '/home/emma/turtlebot3_rl_ws/install/contact_plugin/share/contact_plugin/hook/ld_library_path_lib.sh'
[1.297s] Level 1:colcon.colcon_core.environment:checking '/home/emma/turtlebot3_rl_ws/install/contact_plugin/bin'
[1.297s] Level 1:colcon.colcon_core.environment:checking '/home/emma/turtlebot3_rl_ws/install/contact_plugin/lib/pkgconfig/contact_plugin.pc'
[1.297s] Level 1:colcon.colcon_core.environment:checking '/home/emma/turtlebot3_rl_ws/install/contact_plugin/lib/python3.10/site-packages'
[1.297s] Level 1:colcon.colcon_core.environment:checking '/home/emma/turtlebot3_rl_ws/install/contact_plugin/bin'
[1.298s] INFO:colcon.colcon_core.shell:Creating package script '/home/emma/turtlebot3_rl_ws/install/contact_plugin/share/contact_plugin/package.ps1'
[1.299s] INFO:colcon.colcon_core.shell:Creating package descriptor '/home/emma/turtlebot3_rl_ws/install/contact_plugin/share/contact_plugin/package.dsv'
[1.300s] INFO:colcon.colcon_core.shell:Creating package script '/home/emma/turtlebot3_rl_ws/install/contact_plugin/share/contact_plugin/package.sh'
[1.301s] INFO:colcon.colcon_core.shell:Creating package script '/home/emma/turtlebot3_rl_ws/install/contact_plugin/share/contact_plugin/package.bash'
[1.302s] INFO:colcon.colcon_core.shell:Creating package script '/home/emma/turtlebot3_rl_ws/install/contact_plugin/share/contact_plugin/package.zsh'
[1.303s] Level 1:colcon.colcon_core.environment:create_file_with_runtime_dependencies(/home/emma/turtlebot3_rl_ws/install/contact_plugin/share/colcon-core/packages/contact_plugin)
[1.306s] Level 1:colcon.colcon_core.shell:create_environment_hook('bot_reset_plugin', 'ros_package_path')
[1.307s] INFO:colcon.colcon_core.shell:Creating environment hook '/home/emma/turtlebot3_rl_ws/install/bot_reset_plugin/share/bot_reset_plugin/hook/ros_package_path.ps1'
[1.308s] INFO:colcon.colcon_core.shell:Creating environment descriptor '/home/emma/turtlebot3_rl_ws/install/bot_reset_plugin/share/bot_reset_plugin/hook/ros_package_path.dsv'
[1.308s] DEBUG:colcon.colcon_core.event_handler.log_command:Invoked command in '/home/emma/turtlebot3_rl_ws/build/bot_reset_plugin' returned '0': /usr/bin/cmake --install /home/emma/turtlebot3_rl_ws/build/bot_reset_plugin
[1.309s] INFO:colcon.colcon_core.shell:Creating environment hook '/home/emma/turtlebot3_rl_ws/install/bot_reset_plugin/share/bot_reset_plugin/hook/ros_package_path.sh'
[1.311s] Level 1:colcon.colcon_core.shell:create_environment_hook('bot_reset_plugin', 'pkg_config_path')
[1.311s] INFO:colcon.colcon_core.shell:Creating environment hook '/home/emma/turtlebot3_rl_ws/install/bot_reset_plugin/share/bot_reset_plugin/hook/pkg_config_path.ps1'
[1.312s] INFO:colcon.colcon_core.shell:Creating environment descriptor '/home/emma/turtlebot3_rl_ws/install/bot_reset_plugin/share/bot_reset_plugin/hook/pkg_config_path.dsv'
[1.313s] INFO:colcon.colcon_core.shell:Creating environment hook '/home/emma/turtlebot3_rl_ws/install/bot_reset_plugin/share/bot_reset_plugin/hook/pkg_config_path.sh'
[1.313s] Level 1:colcon.colcon_core.shell:create_environment_hook('bot_reset_plugin', 'pkg_config_path_multiarch')
[1.314s] INFO:colcon.colcon_core.shell:Creating environment hook '/home/emma/turtlebot3_rl_ws/install/bot_reset_plugin/share/bot_reset_plugin/hook/pkg_config_path_multiarch.ps1'
[1.315s] INFO:colcon.colcon_core.shell:Creating environment descriptor '/home/emma/turtlebot3_rl_ws/install/bot_reset_plugin/share/bot_reset_plugin/hook/pkg_config_path_multiarch.dsv'
[1.315s] INFO:colcon.colcon_core.shell:Creating environment hook '/home/emma/turtlebot3_rl_ws/install/bot_reset_plugin/share/bot_reset_plugin/hook/pkg_config_path_multiarch.sh'
[1.316s] Level 1:colcon.colcon_core.environment:create_environment_scripts_only(bot_reset_plugin)
[1.317s] Level 1:colcon.colcon_core.environment:checking '/home/emma/turtlebot3_rl_ws/install/bot_reset_plugin' for CMake module files
[1.317s] Level 1:colcon.colcon_core.environment:checking '/home/emma/turtlebot3_rl_ws/install/bot_reset_plugin' for CMake config files
[1.318s] Level 1:colcon.colcon_core.shell:create_environment_hook('bot_reset_plugin', 'cmake_prefix_path')
[1.318s] INFO:colcon.colcon_core.shell:Creating environment hook '/home/emma/turtlebot3_rl_ws/install/bot_reset_plugin/share/bot_reset_plugin/hook/cmake_prefix_path.ps1'
[1.319s] INFO:colcon.colcon_core.shell:Creating environment descriptor '/home/emma/turtlebot3_rl_ws/install/bot_reset_plugin/share/bot_reset_plugin/hook/cmake_prefix_path.dsv'
[1.319s] INFO:colcon.colcon_core.shell:Creating environment hook '/home/emma/turtlebot3_rl_ws/install/bot_reset_plugin/share/bot_reset_plugin/hook/cmake_prefix_path.sh'
[1.320s] Level 1:colcon.colcon_core.environment:checking '/home/emma/turtlebot3_rl_ws/install/bot_reset_plugin/lib'
[1.320s] Level 1:colcon.colcon_core.shell:create_environment_hook('bot_reset_plugin', 'ld_library_path_lib')
[1.321s] INFO:colcon.colcon_core.shell:Creating environment hook '/home/emma/turtlebot3_rl_ws/install/bot_reset_plugin/share/bot_reset_plugin/hook/ld_library_path_lib.ps1'
[1.321s] INFO:colcon.colcon_core.shell:Creating environment descriptor '/home/emma/turtlebot3_rl_ws/install/bot_reset_plugin/share/bot_reset_plugin/hook/ld_library_path_lib.dsv'
[1.322s] INFO:colcon.colcon_core.shell:Creating environment hook '/home/emma/turtlebot3_rl_ws/install/bot_reset_plugin/share/bot_reset_plugin/hook/ld_library_path_lib.sh'
[1.323s] Level 1:colcon.colcon_core.environment:checking '/home/emma/turtlebot3_rl_ws/install/bot_reset_plugin/bin'
[1.323s] Level 1:colcon.colcon_core.environment:checking '/home/emma/turtlebot3_rl_ws/install/bot_reset_plugin/lib/pkgconfig/bot_reset_plugin.pc'
[1.323s] Level 1:colcon.colcon_core.environment:checking '/home/emma/turtlebot3_rl_ws/install/bot_reset_plugin/lib/python3.10/site-packages'
[1.324s] Level 1:colcon.colcon_core.environment:checking '/home/emma/turtlebot3_rl_ws/install/bot_reset_plugin/bin'
[1.324s] INFO:colcon.colcon_core.shell:Creating package script '/home/emma/turtlebot3_rl_ws/install/bot_reset_plugin/share/bot_reset_plugin/package.ps1'
[1.325s] INFO:colcon.colcon_core.shell:Creating package descriptor '/home/emma/turtlebot3_rl_ws/install/bot_reset_plugin/share/bot_reset_plugin/package.dsv'
[1.326s] INFO:colcon.colcon_core.shell:Creating package script '/home/emma/turtlebot3_rl_ws/install/bot_reset_plugin/share/bot_reset_plugin/package.sh'
[1.327s] INFO:colcon.colcon_core.shell:Creating package script '/home/emma/turtlebot3_rl_ws/install/bot_reset_plugin/share/bot_reset_plugin/package.bash'
[1.328s] INFO:colcon.colcon_core.shell:Creating package script '/home/emma/turtlebot3_rl_ws/install/bot_reset_plugin/share/bot_reset_plugin/package.zsh'
[1.329s] Level 1:colcon.colcon_core.environment:create_file_with_runtime_dependencies(/home/emma/turtlebot3_rl_ws/install/bot_reset_plugin/share/colcon-core/packages/bot_reset_plugin)
[1.647s] DEBUG:colcon.colcon_core.event_handler.log_command:Invoking command in '/home/emma/turtlebot3_rl_ws/src/turtlebot3_rl': PYTHONPATH=/home/emma/turtlebot3_rl_ws/build/turtlebot3_rl/prefix_override:/usr/lib/python3/dist-packages/colcon_core/task/python/colcon_distutils_commands:/home/emma/turtlebot3_rl_ws/install/turtlebot3_rl/lib/python3.10/site-packages:${PYTHONPATH} /usr/bin/python3 -W ignore:setup.py install is deprecated -W ignore:easy_install command is deprecated setup.py egg_info --egg-base ../../build/turtlebot3_rl build --build-base /home/emma/turtlebot3_rl_ws/build/turtlebot3_rl/build install --record /home/emma/turtlebot3_rl_ws/build/turtlebot3_rl/install.log --single-version-externally-managed install_data
[1.969s] Level 1:colcon.colcon_core.environment:checking '/home/emma/turtlebot3_rl_ws/install/turtlebot3_rl' for CMake module files
[1.969s] Level 1:colcon.colcon_core.environment:checking '/home/emma/turtlebot3_rl_ws/install/turtlebot3_rl' for CMake config files
[1.970s] Level 1:colcon.colcon_core.environment:checking '/home/emma/turtlebot3_rl_ws/install/turtlebot3_rl/lib'
[1.970s] Level 1:colcon.colcon_core.environment:checking '/home/emma/turtlebot3_rl_ws/install/turtlebot3_rl/bin'
[1.970s] Level 1:colcon.colcon_core.environment:checking '/home/emma/turtlebot3_rl_ws/install/turtlebot3_rl/lib/pkgconfig/turtlebot3_rl.pc'
[1.971s] Level 1:colcon.colcon_core.environment:checking '/home/emma/turtlebot3_rl_ws/install/turtlebot3_rl/lib/python3.10/site-packages'
[1.971s] Level 1:colcon.colcon_core.shell:create_environment_hook('turtlebot3_rl', 'pythonpath')
[1.971s] INFO:colcon.colcon_core.shell:Creating environment hook '/home/emma/turtlebot3_rl_ws/install/turtlebot3_rl/share/turtlebot3_rl/hook/pythonpath.ps1'
[1.972s] INFO:colcon.colcon_core.shell:Creating environment descriptor '/home/emma/turtlebot3_rl_ws/install/turtlebot3_rl/share/turtlebot3_rl/hook/pythonpath.dsv'
[1.973s] DEBUG:colcon.colcon_core.event_handler.log_command:Invoked command in '/home/emma/turtlebot3_rl_ws/src/turtlebot3_rl' returned '0': PYTHONPATH=/home/emma/turtlebot3_rl_ws/build/turtlebot3_rl/prefix_override:/usr/lib/python3/dist-packages/colcon_core/task/python/colcon_distutils_commands:/home/emma/turtlebot3_rl_ws/install/turtlebot3_rl/lib/python3.10/site-packages:${PYTHONPATH} /usr/bin/python3 -W ignore:setup.py install is deprecated -W ignore:easy_install command is deprecated setup.py egg_info --egg-base ../../build/turtlebot3_rl build --build-base /home/emma/turtlebot3_rl_ws/build/turtlebot3_rl/build install --record /home/emma/turtlebot3_rl_ws/build/turtlebot3_rl/install.log --single-version-externally-managed install_data
[1.974s] INFO:colcon.colcon_core.shell:Creating environment hook '/home/emma/turtlebot3_rl_ws/install/turtlebot3_rl/share/turtlebot3_rl/hook/pythonpath.sh'
[1.975s] Level 1:colcon.colcon_core.environment:checking '/home/emma/turtlebot3_rl_ws/install/turtlebot3_rl/bin'
[1.975s] Level 1:colcon.colcon_core.environment:create_environment_scripts_only(turtlebot3_rl)
[1.976s] INFO:colcon.colcon_core.shell:Creating package script '/home/emma/turtlebot3_rl_ws/install/turtlebot3_rl/share/turtlebot3_rl/package.ps1'
[1.977s] INFO:colcon.colcon_core.shell:Creating package descriptor '/home/emma/turtlebot3_rl_ws/install/turtlebot3_rl/share/turtlebot3_rl/package.dsv'
[1.978s] INFO:colcon.colcon_core.shell:Creating package script '/home/emma/turtlebot3_rl_ws/install/turtlebot3_rl/share/turtlebot3_rl/package.sh'
[1.979s] INFO:colcon.colcon_core.shell:Creating package script '/home/emma/turtlebot3_rl_ws/install/turtlebot3_rl/share/turtlebot3_rl/package.bash'
[1.980s] INFO:colcon.colcon_core.shell:Creating package script '/home/emma/turtlebot3_rl_ws/install/turtlebot3_rl/share/turtlebot3_rl/package.zsh'
[1.981s] Level 1:colcon.colcon_core.environment:create_file_with_runtime_dependencies(/home/emma/turtlebot3_rl_ws/install/turtlebot3_rl/share/colcon-core/packages/turtlebot3_rl)
[21.739s] DEBUG:colcon.colcon_core.event_handler.log_command:Invoked command in '/home/emma/turtlebot3_rl_ws/build/train_reset_plugin' returned '2': /usr/bin/cmake --build /home/emma/turtlebot3_rl_ws/build/train_reset_plugin -- -j4 -l4
[21.741s] Level 1:colcon.colcon_core.shell:create_environment_hook('train_reset_plugin', 'ros_package_path')
[21.742s] INFO:colcon.colcon_core.shell:Creating environment hook '/home/emma/turtlebot3_rl_ws/install/train_reset_plugin/share/train_reset_plugin/hook/ros_package_path.ps1'
[21.744s] INFO:colcon.colcon_core.shell:Creating environment descriptor '/home/emma/turtlebot3_rl_ws/install/train_reset_plugin/share/train_reset_plugin/hook/ros_package_path.dsv'
[21.745s] INFO:colcon.colcon_core.shell:Creating environment hook '/home/emma/turtlebot3_rl_ws/install/train_reset_plugin/share/train_reset_plugin/hook/ros_package_path.sh'
[21.747s] Level 1:colcon.colcon_core.shell:create_environment_hook('train_reset_plugin', 'pkg_config_path')
[21.747s] INFO:colcon.colcon_core.shell:Creating environment hook '/home/emma/turtlebot3_rl_ws/install/train_reset_plugin/share/train_reset_plugin/hook/pkg_config_path.ps1'
[21.748s] INFO:colcon.colcon_core.shell:Creating environment descriptor '/home/emma/turtlebot3_rl_ws/install/train_reset_plugin/share/train_reset_plugin/hook/pkg_config_path.dsv'
[21.749s] INFO:colcon.colcon_core.shell:Creating environment hook '/home/emma/turtlebot3_rl_ws/install/train_reset_plugin/share/train_reset_plugin/hook/pkg_config_path.sh'
[21.749s] Level 1:colcon.colcon_core.shell:create_environment_hook('train_reset_plugin', 'pkg_config_path_multiarch')
[21.749s] INFO:colcon.colcon_core.shell:Creating environment hook '/home/emma/turtlebot3_rl_ws/install/train_reset_plugin/share/train_reset_plugin/hook/pkg_config_path_multiarch.ps1'
[21.750s] INFO:colcon.colcon_core.shell:Creating environment descriptor '/home/emma/turtlebot3_rl_ws/install/train_reset_plugin/share/train_reset_plugin/hook/pkg_config_path_multiarch.dsv'
[21.751s] INFO:colcon.colcon_core.shell:Creating environment hook '/home/emma/turtlebot3_rl_ws/install/train_reset_plugin/share/train_reset_plugin/hook/pkg_config_path_multiarch.sh'
[21.752s] Level 1:colcon.colcon_core.environment:create_environment_scripts_only(train_reset_plugin)
[21.752s] Level 1:colcon.colcon_core.environment:checking '/home/emma/turtlebot3_rl_ws/install/train_reset_plugin' for CMake module files
[21.752s] Level 1:colcon.colcon_core.environment:checking '/home/emma/turtlebot3_rl_ws/install/train_reset_plugin' for CMake config files
[21.753s] Level 1:colcon.colcon_core.shell:create_environment_hook('train_reset_plugin', 'cmake_prefix_path')
[21.753s] INFO:colcon.colcon_core.shell:Creating environment hook '/home/emma/turtlebot3_rl_ws/install/train_reset_plugin/share/train_reset_plugin/hook/cmake_prefix_path.ps1'
[21.754s] INFO:colcon.colcon_core.shell:Creating environment descriptor '/home/emma/turtlebot3_rl_ws/install/train_reset_plugin/share/train_reset_plugin/hook/cmake_prefix_path.dsv'
[21.754s] INFO:colcon.colcon_core.shell:Creating environment hook '/home/emma/turtlebot3_rl_ws/install/train_reset_plugin/share/train_reset_plugin/hook/cmake_prefix_path.sh'
[21.755s] Level 1:colcon.colcon_core.environment:checking '/home/emma/turtlebot3_rl_ws/install/train_reset_plugin/lib'
[21.755s] Level 1:colcon.colcon_core.shell:create_environment_hook('train_reset_plugin', 'ld_library_path_lib')
[21.756s] INFO:colcon.colcon_core.shell:Creating environment hook '/home/emma/turtlebot3_rl_ws/install/train_reset_plugin/share/train_reset_plugin/hook/ld_library_path_lib.ps1'
[21.756s] INFO:colcon.colcon_core.shell:Creating environment descriptor '/home/emma/turtlebot3_rl_ws/install/train_reset_plugin/share/train_reset_plugin/hook/ld_library_path_lib.dsv'
[21.757s] INFO:colcon.colcon_core.shell:Creating environment hook '/home/emma/turtlebot3_rl_ws/install/train_reset_plugin/share/train_reset_plugin/hook/ld_library_path_lib.sh'
[21.758s] Level 1:colcon.colcon_core.environment:checking '/home/emma/turtlebot3_rl_ws/install/train_reset_plugin/bin'
[21.758s] Level 1:colcon.colcon_core.environment:checking '/home/emma/turtlebot3_rl_ws/install/train_reset_plugin/lib/pkgconfig/train_reset_plugin.pc'
[21.758s] Level 1:colcon.colcon_core.environment:checking '/home/emma/turtlebot3_rl_ws/install/train_reset_plugin/lib/python3.10/site-packages'
[21.758s] Level 1:colcon.colcon_core.environment:checking '/home/emma/turtlebot3_rl_ws/install/train_reset_plugin/bin'
[21.759s] INFO:colcon.colcon_core.shell:Creating package script '/home/emma/turtlebot3_rl_ws/install/train_reset_plugin/share/train_reset_plugin/package.ps1'
[21.760s] INFO:colcon.colcon_core.shell:Creating package descriptor '/home/emma/turtlebot3_rl_ws/install/train_reset_plugin/share/train_reset_plugin/package.dsv'
[21.761s] INFO:colcon.colcon_core.shell:Creating package script '/home/emma/turtlebot3_rl_ws/install/train_reset_plugin/share/train_reset_plugin/package.sh'
[21.761s] INFO:colcon.colcon_core.shell:Creating package script '/home/emma/turtlebot3_rl_ws/install/train_reset_plugin/share/train_reset_plugin/package.bash'
[21.762s] INFO:colcon.colcon_core.shell:Creating package script '/home/emma/turtlebot3_rl_ws/install/train_reset_plugin/share/train_reset_plugin/package.zsh'
[21.763s] Level 1:colcon.colcon_core.environment:create_file_with_runtime_dependencies(/home/emma/turtlebot3_rl_ws/install/train_reset_plugin/share/colcon-core/packages/train_reset_plugin)
[21.774s] DEBUG:colcon.colcon_parallel_executor.executor.parallel:closing loop
[21.775s] DEBUG:colcon.colcon_parallel_executor.executor.parallel:loop closed
[21.776s] DEBUG:colcon.colcon_parallel_executor.executor.parallel:run_until_complete finished with '2'
[21.776s] DEBUG:colcon.colcon_core.event_reactor:joining thread
[21.785s] INFO:colcon.colcon_core.plugin_system:Skipping extension 'colcon_notification.desktop_notification.terminal_notifier': Not used on non-Darwin systems
[21.786s] INFO:colcon.colcon_core.plugin_system:Skipping extension 'colcon_notification.desktop_notification.win32': Not used on non-Windows systems
[21.786s] INFO:colcon.colcon_notification.desktop_notification:Sending desktop notification using 'notify2'
[21.806s] DEBUG:colcon.colcon_core.event_reactor:joined thread
[21.807s] INFO:colcon.colcon_core.shell:Creating prefix script '/home/emma/turtlebot3_rl_ws/install/local_setup.ps1'
[21.808s] INFO:colcon.colcon_core.shell:Creating prefix util module '/home/emma/turtlebot3_rl_ws/install/_local_setup_util_ps1.py'
[21.819s] INFO:colcon.colcon_core.shell:Creating prefix chain script '/home/emma/turtlebot3_rl_ws/install/setup.ps1'
[21.821s] INFO:colcon.colcon_core.shell:Creating prefix script '/home/emma/turtlebot3_rl_ws/install/local_setup.sh'
[21.821s] INFO:colcon.colcon_core.shell:Creating prefix util module '/home/emma/turtlebot3_rl_ws/install/_local_setup_util_sh.py'
[21.822s] INFO:colcon.colcon_core.shell:Creating prefix chain script '/home/emma/turtlebot3_rl_ws/install/setup.sh'
[21.823s] INFO:colcon.colcon_core.shell:Creating prefix script '/home/emma/turtlebot3_rl_ws/install/local_setup.bash'
[21.824s] INFO:colcon.colcon_core.shell:Creating prefix chain script '/home/emma/turtlebot3_rl_ws/install/setup.bash'
[21.825s] INFO:colcon.colcon_core.shell:Creating prefix script '/home/emma/turtlebot3_rl_ws/install/local_setup.zsh'
[21.826s] INFO:colcon.colcon_core.shell:Creating prefix chain script '/home/emma/turtlebot3_rl_ws/install/setup.zsh'
