[5.688s] Invoking command in '/home/emma/turtlebot3_rl_ws/src/train_controller': PYTHONPATH=/home/emma/turtlebot3_rl_ws/build/train_controller/prefix_override:/usr/lib/python3/dist-packages/colcon_core/task/python/colcon_distutils_commands:/home/emma/turtlebot3_rl_ws/install/train_controller/lib/python3.10/site-packages:${PYTHONPATH} /usr/bin/python3 -W ignore:setup.py install is deprecated -W ignore:easy_install command is deprecated setup.py egg_info --egg-base ../../build/train_controller build --build-base /home/emma/turtlebot3_rl_ws/build/train_controller/build install --record /home/emma/turtlebot3_rl_ws/build/train_controller/install.log --single-version-externally-managed install_data
[7.600s] running egg_info
[7.611s] writing ../../build/train_controller/train_controller.egg-info/PKG-INFO
[7.612s] writing dependency_links to ../../build/train_controller/train_controller.egg-info/dependency_links.txt
[7.620s] writing entry points to ../../build/train_controller/train_controller.egg-info/entry_points.txt
[7.639s] writing requirements to ../../build/train_controller/train_controller.egg-info/requires.txt
[7.639s] writing top-level names to ../../build/train_controller/train_controller.egg-info/top_level.txt
[7.661s] reading manifest file '../../build/train_controller/train_controller.egg-info/SOURCES.txt'
[7.674s] writing manifest file '../../build/train_controller/train_controller.egg-info/SOURCES.txt'
[7.680s] running build
[7.683s] running build_py
[7.684s] running install
[7.685s] running install_lib
[7.706s] running install_data
[7.706s] running install_egg_info
[7.751s] removing '/home/emma/turtlebot3_rl_ws/install/train_controller/lib/python3.10/site-packages/train_controller-1.0-py3.10.egg-info' (and everything under it)
[7.761s] Copying ../../build/train_controller/train_controller.egg-info to /home/emma/turtlebot3_rl_ws/install/train_controller/lib/python3.10/site-packages/train_controller-1.0-py3.10.egg-info
[7.763s] running install_scripts
[7.930s] Installing train_control_node script to /home/emma/turtlebot3_rl_ws/install/train_controller/lib/train_controller
[7.939s] writing list of installed files to '/home/emma/turtlebot3_rl_ws/build/train_controller/install.log'
[8.069s] Invoked command in '/home/emma/turtlebot3_rl_ws/src/train_controller' returned '0': PYTHONPATH=/home/emma/turtlebot3_rl_ws/build/train_controller/prefix_override:/usr/lib/python3/dist-packages/colcon_core/task/python/colcon_distutils_commands:/home/emma/turtlebot3_rl_ws/install/train_controller/lib/python3.10/site-packages:${PYTHONPATH} /usr/bin/python3 -W ignore:setup.py install is deprecated -W ignore:easy_install command is deprecated setup.py egg_info --egg-base ../../build/train_controller build --build-base /home/emma/turtlebot3_rl_ws/build/train_controller/build install --record /home/emma/turtlebot3_rl_ws/build/train_controller/install.log --single-version-externally-managed install_data
