[0.096s] Invoking command in '/home/emma/turtlebot3_rl_ws/build/my_turtlebot3_gazebo': CMAKE_PREFIX_PATH=/home/emma/turtlebot3_rl_ws/install/turtlebot3_rl:/home/emma/turtlebot3_rl_ws/install/train_controller:/opt/ros/humble:${CMAKE_PREFIX_PATH} /usr/bin/cmake --build /home/emma/turtlebot3_rl_ws/build/my_turtlebot3_gazebo -- -j4 -l4
[0.523s] [100%] Built target turtlebot3_drive
[0.568s] Invoked command in '/home/emma/turtlebot3_rl_ws/build/my_turtlebot3_gazebo' returned '0': CMAKE_PREFIX_PATH=/home/emma/turtlebot3_rl_ws/install/turtlebot3_rl:/home/emma/turtlebot3_rl_ws/install/train_controller:/opt/ros/humble:${CMAKE_PREFIX_PATH} /usr/bin/cmake --build /home/emma/turtlebot3_rl_ws/build/my_turtlebot3_gazebo -- -j4 -l4
[0.615s] Invoking command in '/home/emma/turtlebot3_rl_ws/build/my_turtlebot3_gazebo': CMAKE_PREFIX_PATH=/home/emma/turtlebot3_rl_ws/install/turtlebot3_rl:/home/emma/turtlebot3_rl_ws/install/train_controller:/opt/ros/humble:${CMAKE_PREFIX_PATH} /usr/bin/cmake --install /home/emma/turtlebot3_rl_ws/build/my_turtlebot3_gazebo
[0.637s] -- Install configuration: ""
[0.640s] -- Execute custom install script
[0.645s] -- Up-to-date symlink: /home/emma/turtlebot3_rl_ws/install/my_turtlebot3_gazebo/lib/my_turtlebot3_gazebo/turtlebot3_drive
[0.648s] -- Up-to-date symlink: /home/emma/turtlebot3_rl_ws/install/my_turtlebot3_gazebo/share/my_turtlebot3_gazebo//launch/empty_world.launch.py
[0.648s] -- Up-to-date symlink: /home/emma/turtlebot3_rl_ws/install/my_turtlebot3_gazebo/share/my_turtlebot3_gazebo//launch/robot_state_publisher.launch.py
[0.652s] -- Up-to-date symlink: /home/emma/turtlebot3_rl_ws/install/my_turtlebot3_gazebo/share/my_turtlebot3_gazebo//launch/spawn_turtlebot3.launch.py
[0.652s] -- Up-to-date symlink: /home/emma/turtlebot3_rl_ws/install/my_turtlebot3_gazebo/share/my_turtlebot3_gazebo//launch/spawn_turtlebot3_train.launch.py
[0.653s] -- Up-to-date symlink: /home/emma/turtlebot3_rl_ws/install/my_turtlebot3_gazebo/share/my_turtlebot3_gazebo//launch/train_world.launch.py
[0.653s] -- Up-to-date symlink: /home/emma/turtlebot3_rl_ws/install/my_turtlebot3_gazebo/share/my_turtlebot3_gazebo//launch/turtlebot3_dqn_stage1.launch.py
[0.653s] -- Up-to-date symlink: /home/emma/turtlebot3_rl_ws/install/my_turtlebot3_gazebo/share/my_turtlebot3_gazebo//launch/turtlebot3_dqn_stage2.launch.py
[0.653s] -- Up-to-date symlink: /home/emma/turtlebot3_rl_ws/install/my_turtlebot3_gazebo/share/my_turtlebot3_gazebo//launch/turtlebot3_dqn_stage3.launch.py
[0.653s] -- Up-to-date symlink: /home/emma/turtlebot3_rl_ws/install/my_turtlebot3_gazebo/share/my_turtlebot3_gazebo//launch/turtlebot3_dqn_stage4.launch.py
[0.653s] -- Up-to-date symlink: /home/emma/turtlebot3_rl_ws/install/my_turtlebot3_gazebo/share/my_turtlebot3_gazebo//launch/turtlebot3_house.launch.py
[0.653s] -- Up-to-date symlink: /home/emma/turtlebot3_rl_ws/install/my_turtlebot3_gazebo/share/my_turtlebot3_gazebo//launch/turtlebot3_world.launch.py
[0.664s] -- Up-to-date symlink: /home/emma/turtlebot3_rl_ws/install/my_turtlebot3_gazebo/share/my_turtlebot3_gazebo//models/turtlebot3_burger/model-1_4.sdf
[0.664s] -- Up-to-date symlink: /home/emma/turtlebot3_rl_ws/install/my_turtlebot3_gazebo/share/my_turtlebot3_gazebo//models/turtlebot3_burger/model.config
[0.664s] -- Up-to-date symlink: /home/emma/turtlebot3_rl_ws/install/my_turtlebot3_gazebo/share/my_turtlebot3_gazebo//models/turtlebot3_burger/model.sdf
[0.665s] -- Up-to-date symlink: /home/emma/turtlebot3_rl_ws/install/my_turtlebot3_gazebo/share/my_turtlebot3_gazebo//models/turtlebot3_common/meshes/burger_base.dae
[0.665s] -- Up-to-date symlink: /home/emma/turtlebot3_rl_ws/install/my_turtlebot3_gazebo/share/my_turtlebot3_gazebo//models/turtlebot3_common/meshes/lds.dae
[0.665s] -- Up-to-date symlink: /home/emma/turtlebot3_rl_ws/install/my_turtlebot3_gazebo/share/my_turtlebot3_gazebo//models/turtlebot3_common/meshes/r200.dae
[0.665s] -- Up-to-date symlink: /home/emma/turtlebot3_rl_ws/install/my_turtlebot3_gazebo/share/my_turtlebot3_gazebo//models/turtlebot3_common/meshes/tire.dae
[0.665s] -- Up-to-date symlink: /home/emma/turtlebot3_rl_ws/install/my_turtlebot3_gazebo/share/my_turtlebot3_gazebo//models/turtlebot3_common/meshes/waffle_base.dae
[0.665s] -- Up-to-date symlink: /home/emma/turtlebot3_rl_ws/install/my_turtlebot3_gazebo/share/my_turtlebot3_gazebo//models/turtlebot3_common/meshes/waffle_pi_base.dae
[0.665s] -- Up-to-date symlink: /home/emma/turtlebot3_rl_ws/install/my_turtlebot3_gazebo/share/my_turtlebot3_gazebo//models/turtlebot3_common/model.config
[0.665s] -- Up-to-date symlink: /home/emma/turtlebot3_rl_ws/install/my_turtlebot3_gazebo/share/my_turtlebot3_gazebo//models/turtlebot3_dqn_world/goal_box/model.config
[0.665s] -- Up-to-date symlink: /home/emma/turtlebot3_rl_ws/install/my_turtlebot3_gazebo/share/my_turtlebot3_gazebo//models/turtlebot3_dqn_world/goal_box/model.sdf
[0.670s] -- Up-to-date symlink: /home/emma/turtlebot3_rl_ws/install/my_turtlebot3_gazebo/share/my_turtlebot3_gazebo//models/turtlebot3_dqn_world/inner_walls/model.config
[0.670s] -- Up-to-date symlink: /home/emma/turtlebot3_rl_ws/install/my_turtlebot3_gazebo/share/my_turtlebot3_gazebo//models/turtlebot3_dqn_world/inner_walls/model.sdf
[0.670s] -- Up-to-date symlink: /home/emma/turtlebot3_rl_ws/install/my_turtlebot3_gazebo/share/my_turtlebot3_gazebo//models/turtlebot3_dqn_world/model.config
[0.671s] -- Up-to-date symlink: /home/emma/turtlebot3_rl_ws/install/my_turtlebot3_gazebo/share/my_turtlebot3_gazebo//models/turtlebot3_dqn_world/model.sdf
[0.671s] -- Up-to-date symlink: /home/emma/turtlebot3_rl_ws/install/my_turtlebot3_gazebo/share/my_turtlebot3_gazebo//models/turtlebot3_dqn_world/obstacle1/model.config
[0.671s] -- Up-to-date symlink: /home/emma/turtlebot3_rl_ws/install/my_turtlebot3_gazebo/share/my_turtlebot3_gazebo//models/turtlebot3_dqn_world/obstacle1/model.sdf
[0.671s] -- Up-to-date symlink: /home/emma/turtlebot3_rl_ws/install/my_turtlebot3_gazebo/share/my_turtlebot3_gazebo//models/turtlebot3_dqn_world/obstacle2/model.config
[0.671s] -- Up-to-date symlink: /home/emma/turtlebot3_rl_ws/install/my_turtlebot3_gazebo/share/my_turtlebot3_gazebo//models/turtlebot3_dqn_world/obstacle2/model.sdf
[0.671s] -- Up-to-date symlink: /home/emma/turtlebot3_rl_ws/install/my_turtlebot3_gazebo/share/my_turtlebot3_gazebo//models/turtlebot3_dqn_world/obstacle_plugin/CMakeLists.txt
[0.671s] -- Up-to-date symlink: /home/emma/turtlebot3_rl_ws/install/my_turtlebot3_gazebo/share/my_turtlebot3_gazebo//models/turtlebot3_dqn_world/obstacle_plugin/obstacle1.cc
[0.672s] -- Up-to-date symlink: /home/emma/turtlebot3_rl_ws/install/my_turtlebot3_gazebo/share/my_turtlebot3_gazebo//models/turtlebot3_dqn_world/obstacle_plugin/obstacle2.cc
[0.672s] -- Up-to-date symlink: /home/emma/turtlebot3_rl_ws/install/my_turtlebot3_gazebo/share/my_turtlebot3_gazebo//models/turtlebot3_dqn_world/obstacle_plugin/obstacles.cc
[0.672s] -- Up-to-date symlink: /home/emma/turtlebot3_rl_ws/install/my_turtlebot3_gazebo/share/my_turtlebot3_gazebo//models/turtlebot3_dqn_world/obstacles/model.config
[0.672s] -- Up-to-date symlink: /home/emma/turtlebot3_rl_ws/install/my_turtlebot3_gazebo/share/my_turtlebot3_gazebo//models/turtlebot3_dqn_world/obstacles/model.sdf
[0.672s] -- Up-to-date symlink: /home/emma/turtlebot3_rl_ws/install/my_turtlebot3_gazebo/share/my_turtlebot3_gazebo//models/turtlebot3_house/model.config
[0.672s] -- Up-to-date symlink: /home/emma/turtlebot3_rl_ws/install/my_turtlebot3_gazebo/share/my_turtlebot3_gazebo//models/turtlebot3_house/model.sdf
[0.672s] -- Up-to-date symlink: /home/emma/turtlebot3_rl_ws/install/my_turtlebot3_gazebo/share/my_turtlebot3_gazebo//models/turtlebot3_waffle/model-1_4.sdf
[0.672s] -- Up-to-date symlink: /home/emma/turtlebot3_rl_ws/install/my_turtlebot3_gazebo/share/my_turtlebot3_gazebo//models/turtlebot3_waffle/model.config
[0.672s] -- Up-to-date symlink: /home/emma/turtlebot3_rl_ws/install/my_turtlebot3_gazebo/share/my_turtlebot3_gazebo//models/turtlebot3_waffle/model.sdf
[0.672s] -- Up-to-date symlink: /home/emma/turtlebot3_rl_ws/install/my_turtlebot3_gazebo/share/my_turtlebot3_gazebo//models/turtlebot3_waffle_pi/model-1_4_.sdf
[0.673s] -- Up-to-date symlink: /home/emma/turtlebot3_rl_ws/install/my_turtlebot3_gazebo/share/my_turtlebot3_gazebo//models/turtlebot3_waffle_pi/model.config
[0.673s] -- Up-to-date symlink: /home/emma/turtlebot3_rl_ws/install/my_turtlebot3_gazebo/share/my_turtlebot3_gazebo//models/turtlebot3_waffle_pi/model.sdf
[0.673s] -- Up-to-date symlink: /home/emma/turtlebot3_rl_ws/install/my_turtlebot3_gazebo/share/my_turtlebot3_gazebo//models/turtlebot3_world/meshes/hexagon.dae
[0.673s] -- Up-to-date symlink: /home/emma/turtlebot3_rl_ws/install/my_turtlebot3_gazebo/share/my_turtlebot3_gazebo//models/turtlebot3_world/meshes/wall.dae
[0.673s] -- Up-to-date symlink: /home/emma/turtlebot3_rl_ws/install/my_turtlebot3_gazebo/share/my_turtlebot3_gazebo//models/turtlebot3_world/model-1_4.sdf
[0.673s] -- Up-to-date symlink: /home/emma/turtlebot3_rl_ws/install/my_turtlebot3_gazebo/share/my_turtlebot3_gazebo//models/turtlebot3_world/model.config
[0.673s] -- Up-to-date symlink: /home/emma/turtlebot3_rl_ws/install/my_turtlebot3_gazebo/share/my_turtlebot3_gazebo//models/turtlebot3_world/model.sdf
[0.673s] -- Up-to-date symlink: /home/emma/turtlebot3_rl_ws/install/my_turtlebot3_gazebo/share/my_turtlebot3_gazebo//rviz/tb3_gazebo.rviz
[0.673s] -- Up-to-date symlink: /home/emma/turtlebot3_rl_ws/install/my_turtlebot3_gazebo/share/my_turtlebot3_gazebo//urdf/common_properties.urdf
[0.673s] -- Up-to-date symlink: /home/emma/turtlebot3_rl_ws/install/my_turtlebot3_gazebo/share/my_turtlebot3_gazebo//urdf/turtlebot3_burger.urdf
[0.674s] -- Up-to-date symlink: /home/emma/turtlebot3_rl_ws/install/my_turtlebot3_gazebo/share/my_turtlebot3_gazebo//urdf/turtlebot3_waffle.urdf
[0.674s] -- Up-to-date symlink: /home/emma/turtlebot3_rl_ws/install/my_turtlebot3_gazebo/share/my_turtlebot3_gazebo//urdf/turtlebot3_waffle_pi.urdf
[0.674s] -- Up-to-date symlink: /home/emma/turtlebot3_rl_ws/install/my_turtlebot3_gazebo/share/my_turtlebot3_gazebo//worlds/empty_world.world
[0.674s] -- Up-to-date symlink: /home/emma/turtlebot3_rl_ws/install/my_turtlebot3_gazebo/share/my_turtlebot3_gazebo//worlds/train_world.world
[0.674s] -- Up-to-date symlink: /home/emma/turtlebot3_rl_ws/install/my_turtlebot3_gazebo/share/my_turtlebot3_gazebo//worlds/turtlebot3_dqn_stage1.world
[0.674s] -- Up-to-date symlink: /home/emma/turtlebot3_rl_ws/install/my_turtlebot3_gazebo/share/my_turtlebot3_gazebo//worlds/turtlebot3_dqn_stage2.world
[0.674s] -- Up-to-date symlink: /home/emma/turtlebot3_rl_ws/install/my_turtlebot3_gazebo/share/my_turtlebot3_gazebo//worlds/turtlebot3_dqn_stage3.world
[0.674s] -- Up-to-date symlink: /home/emma/turtlebot3_rl_ws/install/my_turtlebot3_gazebo/share/my_turtlebot3_gazebo//worlds/turtlebot3_dqn_stage4.world
[0.675s] -- Up-to-date symlink: /home/emma/turtlebot3_rl_ws/install/my_turtlebot3_gazebo/share/my_turtlebot3_gazebo//worlds/turtlebot3_house.world
[0.675s] -- Up-to-date symlink: /home/emma/turtlebot3_rl_ws/install/my_turtlebot3_gazebo/share/my_turtlebot3_gazebo//worlds/turtlebot3_world.world
[0.675s] -- Up-to-date symlink: /home/emma/turtlebot3_rl_ws/install/my_turtlebot3_gazebo/share/my_turtlebot3_gazebo//worlds/empty_world.world
[0.675s] -- Up-to-date symlink: /home/emma/turtlebot3_rl_ws/install/my_turtlebot3_gazebo/share/my_turtlebot3_gazebo//worlds/train_world.world
[0.675s] -- Up-to-date symlink: /home/emma/turtlebot3_rl_ws/install/my_turtlebot3_gazebo/share/my_turtlebot3_gazebo//worlds/turtlebot3_dqn_stage1.world
[0.675s] -- Up-to-date symlink: /home/emma/turtlebot3_rl_ws/install/my_turtlebot3_gazebo/share/my_turtlebot3_gazebo//worlds/turtlebot3_dqn_stage2.world
[0.675s] -- Up-to-date symlink: /home/emma/turtlebot3_rl_ws/install/my_turtlebot3_gazebo/share/my_turtlebot3_gazebo//worlds/turtlebot3_dqn_stage3.world
[0.675s] -- Up-to-date symlink: /home/emma/turtlebot3_rl_ws/install/my_turtlebot3_gazebo/share/my_turtlebot3_gazebo//worlds/turtlebot3_dqn_stage4.world
[0.675s] -- Up-to-date symlink: /home/emma/turtlebot3_rl_ws/install/my_turtlebot3_gazebo/share/my_turtlebot3_gazebo//worlds/turtlebot3_house.world
[0.675s] -- Up-to-date symlink: /home/emma/turtlebot3_rl_ws/install/my_turtlebot3_gazebo/share/my_turtlebot3_gazebo//worlds/turtlebot3_world.world
[0.675s] -- Up-to-date symlink: /home/emma/turtlebot3_rl_ws/install/my_turtlebot3_gazebo/include//turtlebot3_gazebo/turtlebot3_drive.hpp
[0.676s] -- Up-to-date symlink: /home/emma/turtlebot3_rl_ws/install/my_turtlebot3_gazebo/share/ament_index/resource_index/package_run_dependencies/my_turtlebot3_gazebo
[0.676s] -- Up-to-date symlink: /home/emma/turtlebot3_rl_ws/install/my_turtlebot3_gazebo/share/ament_index/resource_index/parent_prefix_path/my_turtlebot3_gazebo
[0.676s] -- Up-to-date symlink: /home/emma/turtlebot3_rl_ws/install/my_turtlebot3_gazebo/share/my_turtlebot3_gazebo/environment/ament_prefix_path.sh
[0.676s] -- Up-to-date symlink: /home/emma/turtlebot3_rl_ws/install/my_turtlebot3_gazebo/share/my_turtlebot3_gazebo/environment/ament_prefix_path.dsv
[0.676s] -- Up-to-date symlink: /home/emma/turtlebot3_rl_ws/install/my_turtlebot3_gazebo/share/my_turtlebot3_gazebo/environment/path.sh
[0.676s] -- Up-to-date symlink: /home/emma/turtlebot3_rl_ws/install/my_turtlebot3_gazebo/share/my_turtlebot3_gazebo/environment/path.dsv
[0.676s] -- Up-to-date symlink: /home/emma/turtlebot3_rl_ws/install/my_turtlebot3_gazebo/share/my_turtlebot3_gazebo/local_setup.bash
[0.676s] -- Up-to-date symlink: /home/emma/turtlebot3_rl_ws/install/my_turtlebot3_gazebo/share/my_turtlebot3_gazebo/local_setup.sh
[0.677s] -- Up-to-date symlink: /home/emma/turtlebot3_rl_ws/install/my_turtlebot3_gazebo/share/my_turtlebot3_gazebo/local_setup.zsh
[0.677s] -- Up-to-date symlink: /home/emma/turtlebot3_rl_ws/install/my_turtlebot3_gazebo/share/my_turtlebot3_gazebo/local_setup.dsv
[0.677s] -- Symlinking: /home/emma/turtlebot3_rl_ws/install/my_turtlebot3_gazebo/share/my_turtlebot3_gazebo/package.dsv
[0.709s] -- Up-to-date symlink: /home/emma/turtlebot3_rl_ws/install/my_turtlebot3_gazebo/share/ament_index/resource_index/packages/my_turtlebot3_gazebo
[0.710s] -- Up-to-date symlink: /home/emma/turtlebot3_rl_ws/install/my_turtlebot3_gazebo/share/my_turtlebot3_gazebo/cmake/ament_cmake_export_include_directories-extras.cmake
[0.711s] -- Up-to-date symlink: /home/emma/turtlebot3_rl_ws/install/my_turtlebot3_gazebo/share/my_turtlebot3_gazebo/cmake/ament_cmake_export_dependencies-extras.cmake
[0.712s] -- Up-to-date symlink: /home/emma/turtlebot3_rl_ws/install/my_turtlebot3_gazebo/share/my_turtlebot3_gazebo/cmake/my_turtlebot3_gazeboConfig.cmake
[0.712s] -- Up-to-date symlink: /home/emma/turtlebot3_rl_ws/install/my_turtlebot3_gazebo/share/my_turtlebot3_gazebo/cmake/my_turtlebot3_gazeboConfig-version.cmake
[0.712s] -- Up-to-date symlink: /home/emma/turtlebot3_rl_ws/install/my_turtlebot3_gazebo/share/my_turtlebot3_gazebo/package.xml
[0.712s] Invoked command in '/home/emma/turtlebot3_rl_ws/build/my_turtlebot3_gazebo' returned '0': CMAKE_PREFIX_PATH=/home/emma/turtlebot3_rl_ws/install/turtlebot3_rl:/home/emma/turtlebot3_rl_ws/install/train_controller:/opt/ros/humble:${CMAKE_PREFIX_PATH} /usr/bin/cmake --install /home/emma/turtlebot3_rl_ws/build/my_turtlebot3_gazebo
