[7.695s] Invoking command in '/home/emma/turtlebot3_rl_ws/build/turtlebot3_rl': PYTHONPATH=/home/emma/turtlebot3_rl_ws/build/turtlebot3_rl/prefix_override:/usr/lib/python3/dist-packages/colcon_core/task/python/colcon_distutils_commands:/home/emma/turtlebot3_rl_ws/install/turtlebot3_rl/lib/python3.10/site-packages:${PYTHONPATH} /usr/bin/python3 -W ignore:setup.py install is deprecated -W ignore:easy_install command is deprecated setup.py develop --uninstall --editable --build-directory /home/emma/turtlebot3_rl_ws/build/turtlebot3_rl/build
[9.869s] running develop
[11.252s] Removing /home/emma/turtlebot3_rl_ws/install/turtlebot3_rl/lib/python3.10/site-packages/turtlebot3-rl.egg-link (link to .)
[11.550s] Invoked command in '/home/emma/turtlebot3_rl_ws/build/turtlebot3_rl' returned '0': PYTHONPATH=/home/emma/turtlebot3_rl_ws/build/turtlebot3_rl/prefix_override:/usr/lib/python3/dist-packages/colcon_core/task/python/colcon_distutils_commands:/home/emma/turtlebot3_rl_ws/install/turtlebot3_rl/lib/python3.10/site-packages:${PYTHONPATH} /usr/bin/python3 -W ignore:setup.py install is deprecated -W ignore:easy_install command is deprecated setup.py develop --uninstall --editable --build-directory /home/emma/turtlebot3_rl_ws/build/turtlebot3_rl/build
[11.567s] Invoking command in '/home/emma/turtlebot3_rl_ws/src/turtlebot3_rl': PYTHONPATH=/home/emma/turtlebot3_rl_ws/build/turtlebot3_rl/prefix_override:/usr/lib/python3/dist-packages/colcon_core/task/python/colcon_distutils_commands:/home/emma/turtlebot3_rl_ws/install/turtlebot3_rl/lib/python3.10/site-packages:${PYTHONPATH} /usr/bin/python3 -W ignore:setup.py install is deprecated -W ignore:easy_install command is deprecated setup.py egg_info --egg-base ../../build/turtlebot3_rl build --build-base /home/emma/turtlebot3_rl_ws/build/turtlebot3_rl/build install --record /home/emma/turtlebot3_rl_ws/build/turtlebot3_rl/install.log --single-version-externally-managed install_data --force
[12.650s] running egg_info
[12.656s] writing ../../build/turtlebot3_rl/turtlebot3_rl.egg-info/PKG-INFO
[12.660s] writing dependency_links to ../../build/turtlebot3_rl/turtlebot3_rl.egg-info/dependency_links.txt
[12.662s] writing entry points to ../../build/turtlebot3_rl/turtlebot3_rl.egg-info/entry_points.txt
[12.662s] writing requirements to ../../build/turtlebot3_rl/turtlebot3_rl.egg-info/requires.txt
[12.666s] writing top-level names to ../../build/turtlebot3_rl/turtlebot3_rl.egg-info/top_level.txt
[12.671s] reading manifest file '../../build/turtlebot3_rl/turtlebot3_rl.egg-info/SOURCES.txt'
[12.678s] writing manifest file '../../build/turtlebot3_rl/turtlebot3_rl.egg-info/SOURCES.txt'
[12.681s] running build
[12.681s] running build_py
[12.681s] creating /home/emma/turtlebot3_rl_ws/build/turtlebot3_rl/build
[12.681s] creating /home/emma/turtlebot3_rl_ws/build/turtlebot3_rl/build/lib
[12.681s] creating /home/emma/turtlebot3_rl_ws/build/turtlebot3_rl/build/lib/turtlebot3_rl
[12.681s] copying turtlebot3_rl/turtlebot3_env_test.py -> /home/emma/turtlebot3_rl_ws/build/turtlebot3_rl/build/lib/turtlebot3_rl
[12.681s] copying turtlebot3_rl/train_test.py -> /home/emma/turtlebot3_rl_ws/build/turtlebot3_rl/build/lib/turtlebot3_rl
[12.681s] copying turtlebot3_rl/turtlebot3_env.py -> /home/emma/turtlebot3_rl_ws/build/turtlebot3_rl/build/lib/turtlebot3_rl
[12.682s] copying turtlebot3_rl/train.py -> /home/emma/turtlebot3_rl_ws/build/turtlebot3_rl/build/lib/turtlebot3_rl
[12.686s] copying turtlebot3_rl/__init__.py -> /home/emma/turtlebot3_rl_ws/build/turtlebot3_rl/build/lib/turtlebot3_rl
[12.690s] copying turtlebot3_rl/turtlebot3_custom_env.py -> /home/emma/turtlebot3_rl_ws/build/turtlebot3_rl/build/lib/turtlebot3_rl
[12.691s] running install
[12.691s] running install_lib
[12.691s] creating /home/emma/turtlebot3_rl_ws/install/turtlebot3_rl/lib/python3.10/site-packages/turtlebot3_rl
[12.692s] copying /home/emma/turtlebot3_rl_ws/build/turtlebot3_rl/build/lib/turtlebot3_rl/turtlebot3_env_test.py -> /home/emma/turtlebot3_rl_ws/install/turtlebot3_rl/lib/python3.10/site-packages/turtlebot3_rl
[12.692s] copying /home/emma/turtlebot3_rl_ws/build/turtlebot3_rl/build/lib/turtlebot3_rl/train_test.py -> /home/emma/turtlebot3_rl_ws/install/turtlebot3_rl/lib/python3.10/site-packages/turtlebot3_rl
[12.692s] copying /home/emma/turtlebot3_rl_ws/build/turtlebot3_rl/build/lib/turtlebot3_rl/turtlebot3_env.py -> /home/emma/turtlebot3_rl_ws/install/turtlebot3_rl/lib/python3.10/site-packages/turtlebot3_rl
[12.692s] copying /home/emma/turtlebot3_rl_ws/build/turtlebot3_rl/build/lib/turtlebot3_rl/train.py -> /home/emma/turtlebot3_rl_ws/install/turtlebot3_rl/lib/python3.10/site-packages/turtlebot3_rl
[12.692s] copying /home/emma/turtlebot3_rl_ws/build/turtlebot3_rl/build/lib/turtlebot3_rl/__init__.py -> /home/emma/turtlebot3_rl_ws/install/turtlebot3_rl/lib/python3.10/site-packages/turtlebot3_rl
[12.692s] copying /home/emma/turtlebot3_rl_ws/build/turtlebot3_rl/build/lib/turtlebot3_rl/turtlebot3_custom_env.py -> /home/emma/turtlebot3_rl_ws/install/turtlebot3_rl/lib/python3.10/site-packages/turtlebot3_rl
[12.692s] byte-compiling /home/emma/turtlebot3_rl_ws/install/turtlebot3_rl/lib/python3.10/site-packages/turtlebot3_rl/turtlebot3_env_test.py to turtlebot3_env_test.cpython-310.pyc
[12.698s] byte-compiling /home/emma/turtlebot3_rl_ws/install/turtlebot3_rl/lib/python3.10/site-packages/turtlebot3_rl/train_test.py to train_test.cpython-310.pyc
[12.699s] byte-compiling /home/emma/turtlebot3_rl_ws/install/turtlebot3_rl/lib/python3.10/site-packages/turtlebot3_rl/turtlebot3_env.py to turtlebot3_env.cpython-310.pyc
[12.707s] byte-compiling /home/emma/turtlebot3_rl_ws/install/turtlebot3_rl/lib/python3.10/site-packages/turtlebot3_rl/train.py to train.cpython-310.pyc
[12.715s] byte-compiling /home/emma/turtlebot3_rl_ws/install/turtlebot3_rl/lib/python3.10/site-packages/turtlebot3_rl/__init__.py to __init__.cpython-310.pyc
[12.715s] byte-compiling /home/emma/turtlebot3_rl_ws/install/turtlebot3_rl/lib/python3.10/site-packages/turtlebot3_rl/turtlebot3_custom_env.py to turtlebot3_custom_env.cpython-310.pyc
[12.720s] running install_data
[12.720s] copying resource/turtlebot3_rl -> /home/emma/turtlebot3_rl_ws/install/turtlebot3_rl/share/ament_index/resource_index/packages
[12.726s] copying package.xml -> /home/emma/turtlebot3_rl_ws/install/turtlebot3_rl/share/turtlebot3_rl
[12.726s] running install_egg_info
[12.736s] Copying ../../build/turtlebot3_rl/turtlebot3_rl.egg-info to /home/emma/turtlebot3_rl_ws/install/turtlebot3_rl/lib/python3.10/site-packages/turtlebot3_rl-0.0.0-py3.10.egg-info
[12.747s] running install_scripts
[12.843s] writing list of installed files to '/home/emma/turtlebot3_rl_ws/build/turtlebot3_rl/install.log'
[13.144s] Invoked command in '/home/emma/turtlebot3_rl_ws/src/turtlebot3_rl' returned '0': PYTHONPATH=/home/emma/turtlebot3_rl_ws/build/turtlebot3_rl/prefix_override:/usr/lib/python3/dist-packages/colcon_core/task/python/colcon_distutils_commands:/home/emma/turtlebot3_rl_ws/install/turtlebot3_rl/lib/python3.10/site-packages:${PYTHONPATH} /usr/bin/python3 -W ignore:setup.py install is deprecated -W ignore:easy_install command is deprecated setup.py egg_info --egg-base ../../build/turtlebot3_rl build --build-base /home/emma/turtlebot3_rl_ws/build/turtlebot3_rl/build install --record /home/emma/turtlebot3_rl_ws/build/turtlebot3_rl/install.log --single-version-externally-managed install_data --force
