[0.415s] Invoking command in '/home/emma/turtlebot3_rl_ws/build/train_reset_plugin': /usr/bin/cmake --build /home/emma/turtlebot3_rl_ws/build/train_reset_plugin -- -j4 -l4
[0.494s] [35m[1mConsolidate compiler generated dependencies of target train_reset_plugin[0m
[0.546s] [ 50%] [32mBuilding CXX object CMakeFiles/train_reset_plugin.dir/src/train_reset_plugin.cpp.o[0m
[26.431s] [100%] [32m[1mLinking CXX shared library libtrain_reset_plugin.so[0m
[27.433s] [100%] Built target train_reset_plugin
[27.450s] Invoked command in '/home/emma/turtlebot3_rl_ws/build/train_reset_plugin' returned '0': /usr/bin/cmake --build /home/emma/turtlebot3_rl_ws/build/train_reset_plugin -- -j4 -l4
[27.454s] Invoking command in '/home/emma/turtlebot3_rl_ws/build/train_reset_plugin': /usr/bin/cmake --install /home/emma/turtlebot3_rl_ws/build/train_reset_plugin
[27.466s] -- Install configuration: ""
[27.466s] -- Installing: /home/emma/turtlebot3_rl_ws/install/train_reset_plugin/lib/libtrain_reset_plugin.so
[27.480s] -- Set runtime path of "/home/emma/turtlebot3_rl_ws/install/train_reset_plugin/lib/libtrain_reset_plugin.so" to ""
[27.480s] -- Up-to-date: /home/emma/turtlebot3_rl_ws/install/train_reset_plugin/share/ament_index/resource_index/package_run_dependencies/train_reset_plugin
[27.480s] -- Up-to-date: /home/emma/turtlebot3_rl_ws/install/train_reset_plugin/share/ament_index/resource_index/parent_prefix_path/train_reset_plugin
[27.481s] -- Up-to-date: /home/emma/turtlebot3_rl_ws/install/train_reset_plugin/share/train_reset_plugin/environment/ament_prefix_path.sh
[27.481s] -- Up-to-date: /home/emma/turtlebot3_rl_ws/install/train_reset_plugin/share/train_reset_plugin/environment/ament_prefix_path.dsv
[27.481s] -- Up-to-date: /home/emma/turtlebot3_rl_ws/install/train_reset_plugin/share/train_reset_plugin/environment/path.sh
[27.481s] -- Up-to-date: /home/emma/turtlebot3_rl_ws/install/train_reset_plugin/share/train_reset_plugin/environment/path.dsv
[27.481s] -- Up-to-date: /home/emma/turtlebot3_rl_ws/install/train_reset_plugin/share/train_reset_plugin/local_setup.bash
[27.481s] -- Up-to-date: /home/emma/turtlebot3_rl_ws/install/train_reset_plugin/share/train_reset_plugin/local_setup.sh
[27.481s] -- Up-to-date: /home/emma/turtlebot3_rl_ws/install/train_reset_plugin/share/train_reset_plugin/local_setup.zsh
[27.481s] -- Up-to-date: /home/emma/turtlebot3_rl_ws/install/train_reset_plugin/share/train_reset_plugin/local_setup.dsv
[27.481s] -- Installing: /home/emma/turtlebot3_rl_ws/install/train_reset_plugin/share/train_reset_plugin/package.dsv
[27.481s] -- Up-to-date: /home/emma/turtlebot3_rl_ws/install/train_reset_plugin/share/ament_index/resource_index/packages/train_reset_plugin
[27.481s] -- Up-to-date: /home/emma/turtlebot3_rl_ws/install/train_reset_plugin/share/train_reset_plugin/cmake/train_reset_pluginConfig.cmake
[27.482s] -- Up-to-date: /home/emma/turtlebot3_rl_ws/install/train_reset_plugin/share/train_reset_plugin/cmake/train_reset_pluginConfig-version.cmake
[27.482s] -- Up-to-date: /home/emma/turtlebot3_rl_ws/install/train_reset_plugin/share/train_reset_plugin/package.xml
[27.486s] Invoked command in '/home/emma/turtlebot3_rl_ws/build/train_reset_plugin' returned '0': /usr/bin/cmake --install /home/emma/turtlebot3_rl_ws/build/train_reset_plugin
