[0.126s] DEBUG:colcon:Command line arguments: ['/usr/bin/colcon', 'build']
[0.127s] DEBUG:colcon:Parsed command line arguments: Namespace(log_base=None, log_level=None, verb_name='build', build_base='build', install_base='install', merge_install=False, symlink_install=False, test_result_base=None, continue_on_error=False, executor='parallel', parallel_workers=4, event_handlers=None, ignore_user_meta=False, metas=['./colcon.meta'], base_paths=['.'], packages_ignore=None, packages_ignore_regex=None, paths=None, packages_up_to=None, packages_up_to_regex=None, packages_above=None, packages_above_and_dependencies=None, packages_above_depth=None, packages_select_by_dep=None, packages_skip_by_dep=None, packages_skip_up_to=None, packages_select_build_failed=False, packages_skip_build_finished=False, packages_select_test_failures=False, packages_skip_test_passed=False, packages_select=None, packages_skip=None, packages_select_regex=None, packages_skip_regex=None, packages_start=None, packages_end=None, allow_overriding=[], cmake_args=None, cmake_target=None, cmake_target_skip_unavailable=False, cmake_clean_cache=False, cmake_clean_first=False, cmake_force_configure=False, ament_cmake_args=None, catkin_cmake_args=None, catkin_skip_building_tests=False, verb_parser=<colcon_defaults.argument_parser.defaults.DefaultArgumentsDecorator object at 0x7c0d1581fd00>, verb_extension=<colcon_core.verb.build.BuildVerb object at 0x7c0d1581eec0>, main=<bound method BuildVerb.main of <colcon_core.verb.build.BuildVerb object at 0x7c0d1581eec0>>)
[0.291s] Level 1:colcon.colcon_core.package_discovery:discover_packages(colcon_meta) check parameters
[0.291s] Level 1:colcon.colcon_core.package_discovery:discover_packages(recursive) check parameters
[0.291s] Level 1:colcon.colcon_core.package_discovery:discover_packages(ignore) check parameters
[0.291s] Level 1:colcon.colcon_core.package_discovery:discover_packages(path) check parameters
[0.291s] Level 1:colcon.colcon_core.package_discovery:discover_packages(colcon_meta) discover
[0.291s] Level 1:colcon.colcon_core.package_discovery:discover_packages(recursive) discover
[0.291s] INFO:colcon.colcon_core.package_discovery:Crawling recursively for packages in '/home/emma/turtlebot3_rl_ws'
[0.291s] Level 1:colcon.colcon_core.package_identification:_identify(.) by extensions ['ignore', 'ignore_ament_install']
[0.295s] Level 1:colcon.colcon_core.package_identification:_identify(.) by extension 'ignore'
[0.295s] Level 1:colcon.colcon_core.package_identification:_identify(.) by extension 'ignore_ament_install'
[0.295s] Level 1:colcon.colcon_core.package_identification:_identify(.) by extensions ['colcon_pkg']
[0.295s] Level 1:colcon.colcon_core.package_identification:_identify(.) by extension 'colcon_pkg'
[0.296s] Level 1:colcon.colcon_core.package_identification:_identify(.) by extensions ['colcon_meta']
[0.296s] Level 1:colcon.colcon_core.package_identification:_identify(.) by extension 'colcon_meta'
[0.296s] Level 1:colcon.colcon_core.package_identification:_identify(.) by extensions ['ros']
[0.296s] Level 1:colcon.colcon_core.package_identification:_identify(.) by extension 'ros'
[0.307s] Level 1:colcon.colcon_core.package_identification:_identify(.) by extensions ['cmake', 'python']
[0.307s] Level 1:colcon.colcon_core.package_identification:_identify(.) by extension 'cmake'
[0.308s] Level 1:colcon.colcon_core.package_identification:_identify(.) by extension 'python'
[0.308s] Level 1:colcon.colcon_core.package_identification:_identify(.) by extensions ['python_setup_py']
[0.308s] Level 1:colcon.colcon_core.package_identification:_identify(.) by extension 'python_setup_py'
[0.308s] Level 1:colcon.colcon_core.package_identification:_identify(build) by extensions ['ignore', 'ignore_ament_install']
[0.308s] Level 1:colcon.colcon_core.package_identification:_identify(build) by extension 'ignore'
[0.308s] Level 1:colcon.colcon_core.package_identification:_identify(build) ignored
[0.309s] Level 1:colcon.colcon_core.package_identification:_identify(install) by extensions ['ignore', 'ignore_ament_install']
[0.309s] Level 1:colcon.colcon_core.package_identification:_identify(install) by extension 'ignore'
[0.309s] Level 1:colcon.colcon_core.package_identification:_identify(install) ignored
[0.309s] Level 1:colcon.colcon_core.package_identification:_identify(log) by extensions ['ignore', 'ignore_ament_install']
[0.309s] Level 1:colcon.colcon_core.package_identification:_identify(log) by extension 'ignore'
[0.309s] Level 1:colcon.colcon_core.package_identification:_identify(log) ignored
[0.310s] Level 1:colcon.colcon_core.package_identification:_identify(src) by extensions ['ignore', 'ignore_ament_install']
[0.310s] Level 1:colcon.colcon_core.package_identification:_identify(src) by extension 'ignore'
[0.310s] Level 1:colcon.colcon_core.package_identification:_identify(src) by extension 'ignore_ament_install'
[0.310s] Level 1:colcon.colcon_core.package_identification:_identify(src) by extensions ['colcon_pkg']
[0.310s] Level 1:colcon.colcon_core.package_identification:_identify(src) by extension 'colcon_pkg'
[0.310s] Level 1:colcon.colcon_core.package_identification:_identify(src) by extensions ['colcon_meta']
[0.310s] Level 1:colcon.colcon_core.package_identification:_identify(src) by extension 'colcon_meta'
[0.310s] Level 1:colcon.colcon_core.package_identification:_identify(src) by extensions ['ros']
[0.310s] Level 1:colcon.colcon_core.package_identification:_identify(src) by extension 'ros'
[0.310s] Level 1:colcon.colcon_core.package_identification:_identify(src) by extensions ['cmake', 'python']
[0.310s] Level 1:colcon.colcon_core.package_identification:_identify(src) by extension 'cmake'
[0.310s] Level 1:colcon.colcon_core.package_identification:_identify(src) by extension 'python'
[0.310s] Level 1:colcon.colcon_core.package_identification:_identify(src) by extensions ['python_setup_py']
[0.310s] Level 1:colcon.colcon_core.package_identification:_identify(src) by extension 'python_setup_py'
[0.311s] Level 1:colcon.colcon_core.package_identification:_identify(src/build) by extensions ['ignore', 'ignore_ament_install']
[0.311s] Level 1:colcon.colcon_core.package_identification:_identify(src/build) by extension 'ignore'
[0.311s] Level 1:colcon.colcon_core.package_identification:_identify(src/build) ignored
[0.311s] Level 1:colcon.colcon_core.package_identification:_identify(src/install) by extensions ['ignore', 'ignore_ament_install']
[0.311s] Level 1:colcon.colcon_core.package_identification:_identify(src/install) by extension 'ignore'
[0.311s] Level 1:colcon.colcon_core.package_identification:_identify(src/install) ignored
[0.311s] Level 1:colcon.colcon_core.package_identification:_identify(src/log) by extensions ['ignore', 'ignore_ament_install']
[0.312s] Level 1:colcon.colcon_core.package_identification:_identify(src/log) by extension 'ignore'
[0.312s] Level 1:colcon.colcon_core.package_identification:_identify(src/log) ignored
[0.312s] Level 1:colcon.colcon_core.package_identification:_identify(src/my_turtlebot3_gazebo) by extensions ['ignore', 'ignore_ament_install']
[0.312s] Level 1:colcon.colcon_core.package_identification:_identify(src/my_turtlebot3_gazebo) by extension 'ignore'
[0.312s] Level 1:colcon.colcon_core.package_identification:_identify(src/my_turtlebot3_gazebo) by extension 'ignore_ament_install'
[0.312s] Level 1:colcon.colcon_core.package_identification:_identify(src/my_turtlebot3_gazebo) by extensions ['colcon_pkg']
[0.312s] Level 1:colcon.colcon_core.package_identification:_identify(src/my_turtlebot3_gazebo) by extension 'colcon_pkg'
[0.312s] Level 1:colcon.colcon_core.package_identification:_identify(src/my_turtlebot3_gazebo) by extensions ['colcon_meta']
[0.312s] Level 1:colcon.colcon_core.package_identification:_identify(src/my_turtlebot3_gazebo) by extension 'colcon_meta'
[0.312s] Level 1:colcon.colcon_core.package_identification:_identify(src/my_turtlebot3_gazebo) by extensions ['ros']
[0.312s] Level 1:colcon.colcon_core.package_identification:_identify(src/my_turtlebot3_gazebo) by extension 'ros'
[0.315s] DEBUG:colcon.colcon_core.package_identification:Package 'src/my_turtlebot3_gazebo' with type 'ros.ament_cmake' and name 'my_turtlebot3_gazebo'
[0.315s] Level 1:colcon.colcon_core.package_identification:_identify(src/train_controller) by extensions ['ignore', 'ignore_ament_install']
[0.316s] Level 1:colcon.colcon_core.package_identification:_identify(src/train_controller) by extension 'ignore'
[0.316s] Level 1:colcon.colcon_core.package_identification:_identify(src/train_controller) by extension 'ignore_ament_install'
[0.316s] Level 1:colcon.colcon_core.package_identification:_identify(src/train_controller) by extensions ['colcon_pkg']
[0.316s] Level 1:colcon.colcon_core.package_identification:_identify(src/train_controller) by extension 'colcon_pkg'
[0.316s] Level 1:colcon.colcon_core.package_identification:_identify(src/train_controller) by extensions ['colcon_meta']
[0.316s] Level 1:colcon.colcon_core.package_identification:_identify(src/train_controller) by extension 'colcon_meta'
[0.316s] Level 1:colcon.colcon_core.package_identification:_identify(src/train_controller) by extensions ['ros']
[0.316s] Level 1:colcon.colcon_core.package_identification:_identify(src/train_controller) by extension 'ros'
[0.316s] DEBUG:colcon.colcon_core.package_identification:Package 'src/train_controller' with type 'ros.ament_python' and name 'train_controller'
[0.317s] Level 1:colcon.colcon_core.package_identification:_identify(src/turtlebot3_rl) by extensions ['ignore', 'ignore_ament_install']
[0.317s] Level 1:colcon.colcon_core.package_identification:_identify(src/turtlebot3_rl) by extension 'ignore'
[0.317s] Level 1:colcon.colcon_core.package_identification:_identify(src/turtlebot3_rl) by extension 'ignore_ament_install'
[0.317s] Level 1:colcon.colcon_core.package_identification:_identify(src/turtlebot3_rl) by extensions ['colcon_pkg']
[0.317s] Level 1:colcon.colcon_core.package_identification:_identify(src/turtlebot3_rl) by extension 'colcon_pkg'
[0.317s] Level 1:colcon.colcon_core.package_identification:_identify(src/turtlebot3_rl) by extensions ['colcon_meta']
[0.317s] Level 1:colcon.colcon_core.package_identification:_identify(src/turtlebot3_rl) by extension 'colcon_meta'
[0.317s] Level 1:colcon.colcon_core.package_identification:_identify(src/turtlebot3_rl) by extensions ['ros']
[0.317s] Level 1:colcon.colcon_core.package_identification:_identify(src/turtlebot3_rl) by extension 'ros'
[0.318s] DEBUG:colcon.colcon_core.package_identification:Package 'src/turtlebot3_rl' with type 'ros.ament_python' and name 'turtlebot3_rl'
[0.318s] Level 1:colcon.colcon_core.package_discovery:discover_packages(recursive) using defaults
[0.318s] Level 1:colcon.colcon_core.package_discovery:discover_packages(ignore) discover
[0.318s] Level 1:colcon.colcon_core.package_discovery:discover_packages(ignore) using defaults
[0.318s] Level 1:colcon.colcon_core.package_discovery:discover_packages(path) discover
[0.318s] Level 1:colcon.colcon_core.package_discovery:discover_packages(path) using defaults
[0.346s] Level 1:colcon.colcon_core.package_discovery:discover_packages(prefix_path) check parameters
[0.346s] Level 1:colcon.colcon_core.package_discovery:discover_packages(prefix_path) discover
[0.348s] DEBUG:colcon.colcon_installed_package_information.package_discovery:Found 3 installed packages in /home/emma/turtlebot3_rl_ws/install
[0.349s] DEBUG:colcon.colcon_installed_package_information.package_discovery:Found 295 installed packages in /opt/ros/humble
[0.351s] Level 1:colcon.colcon_core.package_discovery:discover_packages(prefix_path) using defaults
[0.389s] Level 5:colcon.colcon_core.verb:set package 'my_turtlebot3_gazebo' build argument 'cmake_args' from command line to 'None'
[0.389s] Level 5:colcon.colcon_core.verb:set package 'my_turtlebot3_gazebo' build argument 'cmake_target' from command line to 'None'
[0.390s] Level 5:colcon.colcon_core.verb:set package 'my_turtlebot3_gazebo' build argument 'cmake_target_skip_unavailable' from command line to 'False'
[0.390s] Level 5:colcon.colcon_core.verb:set package 'my_turtlebot3_gazebo' build argument 'cmake_clean_cache' from command line to 'False'
[0.390s] Level 5:colcon.colcon_core.verb:set package 'my_turtlebot3_gazebo' build argument 'cmake_clean_first' from command line to 'False'
[0.390s] Level 5:colcon.colcon_core.verb:set package 'my_turtlebot3_gazebo' build argument 'cmake_force_configure' from command line to 'False'
[0.390s] Level 5:colcon.colcon_core.verb:set package 'my_turtlebot3_gazebo' build argument 'ament_cmake_args' from command line to 'None'
[0.390s] Level 5:colcon.colcon_core.verb:set package 'my_turtlebot3_gazebo' build argument 'catkin_cmake_args' from command line to 'None'
[0.390s] Level 5:colcon.colcon_core.verb:set package 'my_turtlebot3_gazebo' build argument 'catkin_skip_building_tests' from command line to 'False'
[0.390s] DEBUG:colcon.colcon_core.verb:Building package 'my_turtlebot3_gazebo' with the following arguments: {'ament_cmake_args': None, 'build_base': '/home/emma/turtlebot3_rl_ws/build/my_turtlebot3_gazebo', 'catkin_cmake_args': None, 'catkin_skip_building_tests': False, 'cmake_args': None, 'cmake_clean_cache': False, 'cmake_clean_first': False, 'cmake_force_configure': False, 'cmake_target': None, 'cmake_target_skip_unavailable': False, 'install_base': '/home/emma/turtlebot3_rl_ws/install/my_turtlebot3_gazebo', 'merge_install': False, 'path': '/home/emma/turtlebot3_rl_ws/src/my_turtlebot3_gazebo', 'symlink_install': False, 'test_result_base': None}
[0.390s] Level 5:colcon.colcon_core.verb:set package 'train_controller' build argument 'cmake_args' from command line to 'None'
[0.391s] Level 5:colcon.colcon_core.verb:set package 'train_controller' build argument 'cmake_target' from command line to 'None'
[0.391s] Level 5:colcon.colcon_core.verb:set package 'train_controller' build argument 'cmake_target_skip_unavailable' from command line to 'False'
[0.391s] Level 5:colcon.colcon_core.verb:set package 'train_controller' build argument 'cmake_clean_cache' from command line to 'False'
[0.391s] Level 5:colcon.colcon_core.verb:set package 'train_controller' build argument 'cmake_clean_first' from command line to 'False'
[0.391s] Level 5:colcon.colcon_core.verb:set package 'train_controller' build argument 'cmake_force_configure' from command line to 'False'
[0.391s] Level 5:colcon.colcon_core.verb:set package 'train_controller' build argument 'ament_cmake_args' from command line to 'None'
[0.391s] Level 5:colcon.colcon_core.verb:set package 'train_controller' build argument 'catkin_cmake_args' from command line to 'None'
[0.391s] Level 5:colcon.colcon_core.verb:set package 'train_controller' build argument 'catkin_skip_building_tests' from command line to 'False'
[0.391s] DEBUG:colcon.colcon_core.verb:Building package 'train_controller' with the following arguments: {'ament_cmake_args': None, 'build_base': '/home/emma/turtlebot3_rl_ws/build/train_controller', 'catkin_cmake_args': None, 'catkin_skip_building_tests': False, 'cmake_args': None, 'cmake_clean_cache': False, 'cmake_clean_first': False, 'cmake_force_configure': False, 'cmake_target': None, 'cmake_target_skip_unavailable': False, 'install_base': '/home/emma/turtlebot3_rl_ws/install/train_controller', 'merge_install': False, 'path': '/home/emma/turtlebot3_rl_ws/src/train_controller', 'symlink_install': False, 'test_result_base': None}
[0.392s] Level 5:colcon.colcon_core.verb:set package 'turtlebot3_rl' build argument 'cmake_args' from command line to 'None'
[0.392s] Level 5:colcon.colcon_core.verb:set package 'turtlebot3_rl' build argument 'cmake_target' from command line to 'None'
[0.392s] Level 5:colcon.colcon_core.verb:set package 'turtlebot3_rl' build argument 'cmake_target_skip_unavailable' from command line to 'False'
[0.392s] Level 5:colcon.colcon_core.verb:set package 'turtlebot3_rl' build argument 'cmake_clean_cache' from command line to 'False'
[0.392s] Level 5:colcon.colcon_core.verb:set package 'turtlebot3_rl' build argument 'cmake_clean_first' from command line to 'False'
[0.392s] Level 5:colcon.colcon_core.verb:set package 'turtlebot3_rl' build argument 'cmake_force_configure' from command line to 'False'
[0.392s] Level 5:colcon.colcon_core.verb:set package 'turtlebot3_rl' build argument 'ament_cmake_args' from command line to 'None'
[0.392s] Level 5:colcon.colcon_core.verb:set package 'turtlebot3_rl' build argument 'catkin_cmake_args' from command line to 'None'
[0.392s] Level 5:colcon.colcon_core.verb:set package 'turtlebot3_rl' build argument 'catkin_skip_building_tests' from command line to 'False'
[0.392s] DEBUG:colcon.colcon_core.verb:Building package 'turtlebot3_rl' with the following arguments: {'ament_cmake_args': None, 'build_base': '/home/emma/turtlebot3_rl_ws/build/turtlebot3_rl', 'catkin_cmake_args': None, 'catkin_skip_building_tests': False, 'cmake_args': None, 'cmake_clean_cache': False, 'cmake_clean_first': False, 'cmake_force_configure': False, 'cmake_target': None, 'cmake_target_skip_unavailable': False, 'install_base': '/home/emma/turtlebot3_rl_ws/install/turtlebot3_rl', 'merge_install': False, 'path': '/home/emma/turtlebot3_rl_ws/src/turtlebot3_rl', 'symlink_install': False, 'test_result_base': None}
[0.392s] INFO:colcon.colcon_core.executor:Executing jobs using 'parallel' executor
[0.395s] DEBUG:colcon.colcon_parallel_executor.executor.parallel:run_until_complete
[0.396s] INFO:colcon.colcon_ros.task.ament_cmake.build:Building ROS package in '/home/emma/turtlebot3_rl_ws/src/my_turtlebot3_gazebo' with build type 'ament_cmake'
[0.396s] INFO:colcon.colcon_cmake.task.cmake.build:Building CMake package in '/home/emma/turtlebot3_rl_ws/src/my_turtlebot3_gazebo'
[0.398s] INFO:colcon.colcon_core.plugin_system:Skipping extension 'colcon_core.shell.bat': Not used on non-Windows systems
[0.399s] INFO:colcon.colcon_core.shell:Skip shell extension 'powershell' for command environment: Not usable outside of PowerShell
[0.399s] DEBUG:colcon.colcon_core.shell:Skip shell extension 'dsv' for command environment
[0.403s] INFO:colcon.colcon_ros.task.ament_python.build:Building ROS package in '/home/emma/turtlebot3_rl_ws/src/train_controller' with build type 'ament_python'
[0.404s] Level 1:colcon.colcon_core.shell:create_environment_hook('train_controller', 'ament_prefix_path')
[0.404s] INFO:colcon.colcon_core.shell:Creating environment hook '/home/emma/turtlebot3_rl_ws/install/train_controller/share/train_controller/hook/ament_prefix_path.ps1'
[0.405s] INFO:colcon.colcon_core.shell:Creating environment descriptor '/home/emma/turtlebot3_rl_ws/install/train_controller/share/train_controller/hook/ament_prefix_path.dsv'
[0.406s] INFO:colcon.colcon_core.shell:Creating environment hook '/home/emma/turtlebot3_rl_ws/install/train_controller/share/train_controller/hook/ament_prefix_path.sh'
[0.409s] INFO:colcon.colcon_core.shell:Skip shell extension 'powershell' for command environment: Not usable outside of PowerShell
[0.409s] DEBUG:colcon.colcon_core.shell:Skip shell extension 'dsv' for command environment
[0.413s] INFO:colcon.colcon_ros.task.ament_python.build:Building ROS package in '/home/emma/turtlebot3_rl_ws/src/turtlebot3_rl' with build type 'ament_python'
[0.414s] Level 1:colcon.colcon_core.shell:create_environment_hook('turtlebot3_rl', 'ament_prefix_path')
[0.414s] INFO:colcon.colcon_core.shell:Creating environment hook '/home/emma/turtlebot3_rl_ws/install/turtlebot3_rl/share/turtlebot3_rl/hook/ament_prefix_path.ps1'
[0.416s] INFO:colcon.colcon_core.shell:Creating environment descriptor '/home/emma/turtlebot3_rl_ws/install/turtlebot3_rl/share/turtlebot3_rl/hook/ament_prefix_path.dsv'
[0.417s] INFO:colcon.colcon_core.shell:Creating environment hook '/home/emma/turtlebot3_rl_ws/install/turtlebot3_rl/share/turtlebot3_rl/hook/ament_prefix_path.sh'
[0.418s] INFO:colcon.colcon_core.shell:Skip shell extension 'powershell' for command environment: Not usable outside of PowerShell
[0.418s] DEBUG:colcon.colcon_core.shell:Skip shell extension 'dsv' for command environment
[0.433s] DEBUG:colcon.colcon_core.event_handler.log_command:Invoking command in '/home/emma/turtlebot3_rl_ws/build/my_turtlebot3_gazebo': CMAKE_PREFIX_PATH=${CMAKE_PREFIX_PATH}:/home/emma/turtlebot3_rl_ws/install/turtlebot3_rl:/home/emma/turtlebot3_rl_ws/install/train_controller:/opt/ros/humble /usr/bin/cmake --build /home/emma/turtlebot3_rl_ws/build/my_turtlebot3_gazebo -- -j4 -l4
[0.794s] INFO:colcon.colcon_core.task.python.build:Building Python package in '/home/emma/turtlebot3_rl_ws/src/train_controller'
[0.796s] INFO:colcon.colcon_core.shell:Skip shell extension 'powershell' for command environment: Not usable outside of PowerShell
[0.797s] DEBUG:colcon.colcon_core.shell:Skip shell extension 'dsv' for command environment
[1.097s] INFO:colcon.colcon_core.task.python.build:Building Python package in '/home/emma/turtlebot3_rl_ws/src/turtlebot3_rl'
[1.099s] INFO:colcon.colcon_core.shell:Skip shell extension 'powershell' for command environment: Not usable outside of PowerShell
[1.099s] DEBUG:colcon.colcon_core.shell:Skip shell extension 'dsv' for command environment
[1.117s] DEBUG:colcon.colcon_core.event_handler.log_command:Invoked command in '/home/emma/turtlebot3_rl_ws/build/my_turtlebot3_gazebo' returned '0': CMAKE_PREFIX_PATH=${CMAKE_PREFIX_PATH}:/home/emma/turtlebot3_rl_ws/install/turtlebot3_rl:/home/emma/turtlebot3_rl_ws/install/train_controller:/opt/ros/humble /usr/bin/cmake --build /home/emma/turtlebot3_rl_ws/build/my_turtlebot3_gazebo -- -j4 -l4
[1.140s] DEBUG:colcon.colcon_core.event_handler.log_command:Invoking command in '/home/emma/turtlebot3_rl_ws/build/my_turtlebot3_gazebo': CMAKE_PREFIX_PATH=${CMAKE_PREFIX_PATH}:/home/emma/turtlebot3_rl_ws/install/turtlebot3_rl:/home/emma/turtlebot3_rl_ws/install/train_controller:/opt/ros/humble /usr/bin/cmake --install /home/emma/turtlebot3_rl_ws/build/my_turtlebot3_gazebo
[1.195s] Level 1:colcon.colcon_core.environment:create_environment_scripts_only(my_turtlebot3_gazebo)
[1.198s] Level 1:colcon.colcon_core.environment:checking '/home/emma/turtlebot3_rl_ws/install/my_turtlebot3_gazebo' for CMake module files
[1.198s] Level 1:colcon.colcon_core.environment:checking '/home/emma/turtlebot3_rl_ws/install/my_turtlebot3_gazebo' for CMake config files
[1.199s] Level 1:colcon.colcon_core.shell:create_environment_hook('my_turtlebot3_gazebo', 'cmake_prefix_path')
[1.199s] INFO:colcon.colcon_core.shell:Creating environment hook '/home/emma/turtlebot3_rl_ws/install/my_turtlebot3_gazebo/share/my_turtlebot3_gazebo/hook/cmake_prefix_path.ps1'
[1.200s] INFO:colcon.colcon_core.shell:Creating environment descriptor '/home/emma/turtlebot3_rl_ws/install/my_turtlebot3_gazebo/share/my_turtlebot3_gazebo/hook/cmake_prefix_path.dsv'
[1.195s] DEBUG:colcon.colcon_core.event_handler.log_command:Invoked command in '/home/emma/turtlebot3_rl_ws/build/my_turtlebot3_gazebo' returned '0': CMAKE_PREFIX_PATH=${CMAKE_PREFIX_PATH}:/home/emma/turtlebot3_rl_ws/install/turtlebot3_rl:/home/emma/turtlebot3_rl_ws/install/train_controller:/opt/ros/humble /usr/bin/cmake --install /home/emma/turtlebot3_rl_ws/build/my_turtlebot3_gazebo
[1.212s] INFO:colcon.colcon_core.shell:Creating environment hook '/home/emma/turtlebot3_rl_ws/install/my_turtlebot3_gazebo/share/my_turtlebot3_gazebo/hook/cmake_prefix_path.sh'
[1.213s] Level 1:colcon.colcon_core.environment:checking '/home/emma/turtlebot3_rl_ws/install/my_turtlebot3_gazebo/lib'
[1.214s] Level 1:colcon.colcon_core.environment:checking '/home/emma/turtlebot3_rl_ws/install/my_turtlebot3_gazebo/bin'
[1.214s] Level 1:colcon.colcon_core.environment:checking '/home/emma/turtlebot3_rl_ws/install/my_turtlebot3_gazebo/lib/pkgconfig/my_turtlebot3_gazebo.pc'
[1.214s] Level 1:colcon.colcon_core.environment:checking '/home/emma/turtlebot3_rl_ws/install/my_turtlebot3_gazebo/lib/python3.10/site-packages'
[1.214s] Level 1:colcon.colcon_core.environment:checking '/home/emma/turtlebot3_rl_ws/install/my_turtlebot3_gazebo/bin'
[1.215s] INFO:colcon.colcon_core.shell:Creating package script '/home/emma/turtlebot3_rl_ws/install/my_turtlebot3_gazebo/share/my_turtlebot3_gazebo/package.ps1'
[1.216s] INFO:colcon.colcon_core.shell:Creating package descriptor '/home/emma/turtlebot3_rl_ws/install/my_turtlebot3_gazebo/share/my_turtlebot3_gazebo/package.dsv'
[1.217s] INFO:colcon.colcon_core.shell:Creating package script '/home/emma/turtlebot3_rl_ws/install/my_turtlebot3_gazebo/share/my_turtlebot3_gazebo/package.sh'
[1.218s] INFO:colcon.colcon_core.shell:Creating package script '/home/emma/turtlebot3_rl_ws/install/my_turtlebot3_gazebo/share/my_turtlebot3_gazebo/package.bash'
[1.219s] INFO:colcon.colcon_core.shell:Creating package script '/home/emma/turtlebot3_rl_ws/install/my_turtlebot3_gazebo/share/my_turtlebot3_gazebo/package.zsh'
[1.220s] Level 1:colcon.colcon_core.environment:create_file_with_runtime_dependencies(/home/emma/turtlebot3_rl_ws/install/my_turtlebot3_gazebo/share/colcon-core/packages/my_turtlebot3_gazebo)
[1.221s] Level 1:colcon.colcon_core.environment:create_environment_scripts_only(my_turtlebot3_gazebo)
[1.222s] Level 1:colcon.colcon_core.environment:checking '/home/emma/turtlebot3_rl_ws/install/my_turtlebot3_gazebo' for CMake module files
[1.222s] Level 1:colcon.colcon_core.environment:checking '/home/emma/turtlebot3_rl_ws/install/my_turtlebot3_gazebo' for CMake config files
[1.223s] Level 1:colcon.colcon_core.shell:create_environment_hook('my_turtlebot3_gazebo', 'cmake_prefix_path')
[1.223s] INFO:colcon.colcon_core.shell:Creating environment hook '/home/emma/turtlebot3_rl_ws/install/my_turtlebot3_gazebo/share/my_turtlebot3_gazebo/hook/cmake_prefix_path.ps1'
[1.224s] INFO:colcon.colcon_core.shell:Creating environment descriptor '/home/emma/turtlebot3_rl_ws/install/my_turtlebot3_gazebo/share/my_turtlebot3_gazebo/hook/cmake_prefix_path.dsv'
[1.225s] INFO:colcon.colcon_core.shell:Creating environment hook '/home/emma/turtlebot3_rl_ws/install/my_turtlebot3_gazebo/share/my_turtlebot3_gazebo/hook/cmake_prefix_path.sh'
[1.227s] Level 1:colcon.colcon_core.environment:checking '/home/emma/turtlebot3_rl_ws/install/my_turtlebot3_gazebo/lib'
[1.227s] Level 1:colcon.colcon_core.environment:checking '/home/emma/turtlebot3_rl_ws/install/my_turtlebot3_gazebo/bin'
[1.227s] Level 1:colcon.colcon_core.environment:checking '/home/emma/turtlebot3_rl_ws/install/my_turtlebot3_gazebo/lib/pkgconfig/my_turtlebot3_gazebo.pc'
[1.228s] Level 1:colcon.colcon_core.environment:checking '/home/emma/turtlebot3_rl_ws/install/my_turtlebot3_gazebo/lib/python3.10/site-packages'
[1.229s] Level 1:colcon.colcon_core.environment:checking '/home/emma/turtlebot3_rl_ws/install/my_turtlebot3_gazebo/bin'
[1.229s] INFO:colcon.colcon_core.shell:Creating package script '/home/emma/turtlebot3_rl_ws/install/my_turtlebot3_gazebo/share/my_turtlebot3_gazebo/package.ps1'
[1.230s] INFO:colcon.colcon_core.shell:Creating package descriptor '/home/emma/turtlebot3_rl_ws/install/my_turtlebot3_gazebo/share/my_turtlebot3_gazebo/package.dsv'
[1.231s] INFO:colcon.colcon_core.shell:Creating package script '/home/emma/turtlebot3_rl_ws/install/my_turtlebot3_gazebo/share/my_turtlebot3_gazebo/package.sh'
[1.232s] INFO:colcon.colcon_core.shell:Creating package script '/home/emma/turtlebot3_rl_ws/install/my_turtlebot3_gazebo/share/my_turtlebot3_gazebo/package.bash'
[1.232s] INFO:colcon.colcon_core.shell:Creating package script '/home/emma/turtlebot3_rl_ws/install/my_turtlebot3_gazebo/share/my_turtlebot3_gazebo/package.zsh'
[1.233s] Level 1:colcon.colcon_core.environment:create_file_with_runtime_dependencies(/home/emma/turtlebot3_rl_ws/install/my_turtlebot3_gazebo/share/colcon-core/packages/my_turtlebot3_gazebo)
[1.550s] DEBUG:colcon.colcon_core.event_handler.log_command:Invoking command in '/home/emma/turtlebot3_rl_ws/src/train_controller': PYTHONPATH=/home/emma/turtlebot3_rl_ws/build/train_controller/prefix_override:/usr/lib/python3/dist-packages/colcon_core/task/python/colcon_distutils_commands:/home/emma/turtlebot3_rl_ws/install/train_controller/lib/python3.10/site-packages:${PYTHONPATH} /usr/bin/python3 -W ignore:setup.py install is deprecated -W ignore:easy_install command is deprecated setup.py egg_info --egg-base ../../build/train_controller build --build-base /home/emma/turtlebot3_rl_ws/build/train_controller/build install --record /home/emma/turtlebot3_rl_ws/build/train_controller/install.log --single-version-externally-managed install_data
[1.601s] DEBUG:colcon.colcon_core.event_handler.log_command:Invoking command in '/home/emma/turtlebot3_rl_ws/src/turtlebot3_rl': PYTHONPATH=/home/emma/turtlebot3_rl_ws/build/turtlebot3_rl/prefix_override:/usr/lib/python3/dist-packages/colcon_core/task/python/colcon_distutils_commands:/home/emma/turtlebot3_rl_ws/install/turtlebot3_rl/lib/python3.10/site-packages:${PYTHONPATH} /usr/bin/python3 -W ignore:setup.py install is deprecated -W ignore:easy_install command is deprecated setup.py egg_info --egg-base ../../build/turtlebot3_rl build --build-base /home/emma/turtlebot3_rl_ws/build/turtlebot3_rl/build install --record /home/emma/turtlebot3_rl_ws/build/turtlebot3_rl/install.log --single-version-externally-managed install_data
[1.954s] Level 1:colcon.colcon_core.environment:checking '/home/emma/turtlebot3_rl_ws/install/train_controller' for CMake module files
[1.955s] DEBUG:colcon.colcon_core.event_handler.log_command:Invoked command in '/home/emma/turtlebot3_rl_ws/src/train_controller' returned '0': PYTHONPATH=/home/emma/turtlebot3_rl_ws/build/train_controller/prefix_override:/usr/lib/python3/dist-packages/colcon_core/task/python/colcon_distutils_commands:/home/emma/turtlebot3_rl_ws/install/train_controller/lib/python3.10/site-packages:${PYTHONPATH} /usr/bin/python3 -W ignore:setup.py install is deprecated -W ignore:easy_install command is deprecated setup.py egg_info --egg-base ../../build/train_controller build --build-base /home/emma/turtlebot3_rl_ws/build/train_controller/build install --record /home/emma/turtlebot3_rl_ws/build/train_controller/install.log --single-version-externally-managed install_data
[1.956s] Level 1:colcon.colcon_core.environment:checking '/home/emma/turtlebot3_rl_ws/install/train_controller' for CMake config files
[1.956s] Level 1:colcon.colcon_core.environment:checking '/home/emma/turtlebot3_rl_ws/install/train_controller/lib'
[1.956s] Level 1:colcon.colcon_core.environment:checking '/home/emma/turtlebot3_rl_ws/install/train_controller/bin'
[1.956s] Level 1:colcon.colcon_core.environment:checking '/home/emma/turtlebot3_rl_ws/install/train_controller/lib/pkgconfig/train_controller.pc'
[1.957s] Level 1:colcon.colcon_core.environment:checking '/home/emma/turtlebot3_rl_ws/install/train_controller/lib/python3.10/site-packages'
[1.957s] Level 1:colcon.colcon_core.shell:create_environment_hook('train_controller', 'pythonpath')
[1.957s] INFO:colcon.colcon_core.shell:Creating environment hook '/home/emma/turtlebot3_rl_ws/install/train_controller/share/train_controller/hook/pythonpath.ps1'
[1.958s] INFO:colcon.colcon_core.shell:Creating environment descriptor '/home/emma/turtlebot3_rl_ws/install/train_controller/share/train_controller/hook/pythonpath.dsv'
[1.959s] INFO:colcon.colcon_core.shell:Creating environment hook '/home/emma/turtlebot3_rl_ws/install/train_controller/share/train_controller/hook/pythonpath.sh'
[1.961s] Level 1:colcon.colcon_core.environment:checking '/home/emma/turtlebot3_rl_ws/install/train_controller/bin'
[1.961s] Level 1:colcon.colcon_core.environment:create_environment_scripts_only(train_controller)
[1.962s] INFO:colcon.colcon_core.shell:Creating package script '/home/emma/turtlebot3_rl_ws/install/train_controller/share/train_controller/package.ps1'
[1.963s] INFO:colcon.colcon_core.shell:Creating package descriptor '/home/emma/turtlebot3_rl_ws/install/train_controller/share/train_controller/package.dsv'
[1.964s] INFO:colcon.colcon_core.shell:Creating package script '/home/emma/turtlebot3_rl_ws/install/train_controller/share/train_controller/package.sh'
[1.966s] INFO:colcon.colcon_core.shell:Creating package script '/home/emma/turtlebot3_rl_ws/install/train_controller/share/train_controller/package.bash'
[1.967s] INFO:colcon.colcon_core.shell:Creating package script '/home/emma/turtlebot3_rl_ws/install/train_controller/share/train_controller/package.zsh'
[1.968s] Level 1:colcon.colcon_core.environment:create_file_with_runtime_dependencies(/home/emma/turtlebot3_rl_ws/install/train_controller/share/colcon-core/packages/train_controller)
[2.011s] Level 1:colcon.colcon_core.environment:checking '/home/emma/turtlebot3_rl_ws/install/turtlebot3_rl' for CMake module files
[2.014s] DEBUG:colcon.colcon_core.event_handler.log_command:Invoked command in '/home/emma/turtlebot3_rl_ws/src/turtlebot3_rl' returned '0': PYTHONPATH=/home/emma/turtlebot3_rl_ws/build/turtlebot3_rl/prefix_override:/usr/lib/python3/dist-packages/colcon_core/task/python/colcon_distutils_commands:/home/emma/turtlebot3_rl_ws/install/turtlebot3_rl/lib/python3.10/site-packages:${PYTHONPATH} /usr/bin/python3 -W ignore:setup.py install is deprecated -W ignore:easy_install command is deprecated setup.py egg_info --egg-base ../../build/turtlebot3_rl build --build-base /home/emma/turtlebot3_rl_ws/build/turtlebot3_rl/build install --record /home/emma/turtlebot3_rl_ws/build/turtlebot3_rl/install.log --single-version-externally-managed install_data
[2.014s] Level 1:colcon.colcon_core.environment:checking '/home/emma/turtlebot3_rl_ws/install/turtlebot3_rl' for CMake config files
[2.015s] Level 1:colcon.colcon_core.environment:checking '/home/emma/turtlebot3_rl_ws/install/turtlebot3_rl/lib'
[2.016s] Level 1:colcon.colcon_core.environment:checking '/home/emma/turtlebot3_rl_ws/install/turtlebot3_rl/bin'
[2.016s] Level 1:colcon.colcon_core.environment:checking '/home/emma/turtlebot3_rl_ws/install/turtlebot3_rl/lib/pkgconfig/turtlebot3_rl.pc'
[2.016s] Level 1:colcon.colcon_core.environment:checking '/home/emma/turtlebot3_rl_ws/install/turtlebot3_rl/lib/python3.10/site-packages'
[2.017s] Level 1:colcon.colcon_core.shell:create_environment_hook('turtlebot3_rl', 'pythonpath')
[2.017s] INFO:colcon.colcon_core.shell:Creating environment hook '/home/emma/turtlebot3_rl_ws/install/turtlebot3_rl/share/turtlebot3_rl/hook/pythonpath.ps1'
[2.018s] INFO:colcon.colcon_core.shell:Creating environment descriptor '/home/emma/turtlebot3_rl_ws/install/turtlebot3_rl/share/turtlebot3_rl/hook/pythonpath.dsv'
[2.020s] INFO:colcon.colcon_core.shell:Creating environment hook '/home/emma/turtlebot3_rl_ws/install/turtlebot3_rl/share/turtlebot3_rl/hook/pythonpath.sh'
[2.022s] Level 1:colcon.colcon_core.environment:checking '/home/emma/turtlebot3_rl_ws/install/turtlebot3_rl/bin'
[2.023s] Level 1:colcon.colcon_core.environment:create_environment_scripts_only(turtlebot3_rl)
[2.023s] INFO:colcon.colcon_core.shell:Creating package script '/home/emma/turtlebot3_rl_ws/install/turtlebot3_rl/share/turtlebot3_rl/package.ps1'
[2.024s] INFO:colcon.colcon_core.shell:Creating package descriptor '/home/emma/turtlebot3_rl_ws/install/turtlebot3_rl/share/turtlebot3_rl/package.dsv'
[2.026s] INFO:colcon.colcon_core.shell:Creating package script '/home/emma/turtlebot3_rl_ws/install/turtlebot3_rl/share/turtlebot3_rl/package.sh'
[2.027s] INFO:colcon.colcon_core.shell:Creating package script '/home/emma/turtlebot3_rl_ws/install/turtlebot3_rl/share/turtlebot3_rl/package.bash'
[2.028s] INFO:colcon.colcon_core.shell:Creating package script '/home/emma/turtlebot3_rl_ws/install/turtlebot3_rl/share/turtlebot3_rl/package.zsh'
[2.028s] Level 1:colcon.colcon_core.environment:create_file_with_runtime_dependencies(/home/emma/turtlebot3_rl_ws/install/turtlebot3_rl/share/colcon-core/packages/turtlebot3_rl)
[2.029s] DEBUG:colcon.colcon_parallel_executor.executor.parallel:closing loop
[2.031s] DEBUG:colcon.colcon_parallel_executor.executor.parallel:loop closed
[2.031s] DEBUG:colcon.colcon_parallel_executor.executor.parallel:run_until_complete finished with '0'
[2.031s] DEBUG:colcon.colcon_core.event_reactor:joining thread
[2.039s] INFO:colcon.colcon_core.plugin_system:Skipping extension 'colcon_notification.desktop_notification.terminal_notifier': Not used on non-Darwin systems
[2.039s] INFO:colcon.colcon_core.plugin_system:Skipping extension 'colcon_notification.desktop_notification.win32': Not used on non-Windows systems
[2.040s] INFO:colcon.colcon_notification.desktop_notification:Sending desktop notification using 'notify2'
[2.065s] DEBUG:colcon.colcon_core.event_reactor:joined thread
[2.066s] INFO:colcon.colcon_core.shell:Creating prefix script '/home/emma/turtlebot3_rl_ws/install/local_setup.ps1'
[2.070s] INFO:colcon.colcon_core.shell:Creating prefix util module '/home/emma/turtlebot3_rl_ws/install/_local_setup_util_ps1.py'
[2.075s] INFO:colcon.colcon_core.shell:Creating prefix chain script '/home/emma/turtlebot3_rl_ws/install/setup.ps1'
[2.077s] INFO:colcon.colcon_core.shell:Creating prefix script '/home/emma/turtlebot3_rl_ws/install/local_setup.sh'
[2.079s] INFO:colcon.colcon_core.shell:Creating prefix util module '/home/emma/turtlebot3_rl_ws/install/_local_setup_util_sh.py'
[2.080s] INFO:colcon.colcon_core.shell:Creating prefix chain script '/home/emma/turtlebot3_rl_ws/install/setup.sh'
[2.083s] INFO:colcon.colcon_core.shell:Creating prefix script '/home/emma/turtlebot3_rl_ws/install/local_setup.bash'
[2.084s] INFO:colcon.colcon_core.shell:Creating prefix chain script '/home/emma/turtlebot3_rl_ws/install/setup.bash'
[2.086s] INFO:colcon.colcon_core.shell:Creating prefix script '/home/emma/turtlebot3_rl_ws/install/local_setup.zsh'
[2.088s] INFO:colcon.colcon_core.shell:Creating prefix chain script '/home/emma/turtlebot3_rl_ws/install/setup.zsh'
