[0.049s] Invoking command in '/home/emma/turtlebot3_rl_ws/build/bot_reset_plugin': /usr/bin/cmake --build /home/emma/turtlebot3_rl_ws/build/bot_reset_plugin -- -j4 -l4
[0.349s] [ 50%] [32mBuilding CXX object CMakeFiles/bot_reset_plugin.dir/src/bot_reset_plugin.cpp.o[0m
[16.177s] [01m[K/home/emma/turtlebot3_rl_ws/src/bot_reset_plugin/src/bot_reset_plugin.cpp:29:36:[m[K [01;31m[Kerror: [m[K‘[01m[Kgeometry_msgs[m[K’ does not name a type
[16.177s]    29 |     void SetPositionCallback(const [01;31m[Kgeometry_msgs[m[K::Pose::ConstPtr& msg)
[16.178s]       |                                    [01;31m[K^~~~~~~~~~~~~[m[K
[16.178s] [01m[K/home/emma/turtlebot3_rl_ws/src/bot_reset_plugin/src/bot_reset_plugin.cpp:29:55:[m[K [01;31m[Kerror: [m[Kexpected unqualified-id before ‘[01m[K::[m[K’ token
[16.178s]    29 |     void SetPositionCallback(const geometry_msgs::Pose[01;31m[K::[m[KConstPtr& msg)
[16.178s]       |                                                       [01;31m[K^~[m[K
[16.178s] [01m[K/home/emma/turtlebot3_rl_ws/src/bot_reset_plugin/src/bot_reset_plugin.cpp:29:55:[m[K [01;31m[Kerror: [m[Kexpected ‘[01m[K)[m[K’ before ‘[01m[K::[m[K’ token
[16.178s]    29 |     void SetPositionCallback[34m[K([m[Kconst geometry_msgs::Pose[01;31m[K:[m[K[32m[K:[m[KConstPtr& msg)
[16.178s]       |                             [34m[K~[m[K                         [01;31m[K^[m[K[32m[K~[m[K
[16.178s]       |                                                       [32m[K)[m[K
[16.178s] [01m[K/home/emma/turtlebot3_rl_ws/src/bot_reset_plugin/src/bot_reset_plugin.cpp:29:51:[m[K [01;31m[Kerror: [m[Kexpected ‘[01m[K;[m[K’ at end of member declaration
[16.178s]    29 |     void SetPositionCallback(const geometry_msgs::[01;31m[KPose[m[K::ConstPtr& msg)
[16.178s]       |                                                   [01;31m[K^~~~[m[K
[16.178s]       |                                                       [32m[K;[m[K
[16.186s] [01m[K/home/emma/turtlebot3_rl_ws/src/bot_reset_plugin/src/bot_reset_plugin.cpp:29:57:[m[K [01;31m[Kerror: [m[K‘[01m[KConstPtr[m[K’ in namespace ‘[01m[K::[m[K’ does not name a type; did you mean ‘[01m[KConstSkyPtr[m[K’?
[16.186s]    29 |     void SetPositionCallback(const geometry_msgs::Pose::[01;31m[KConstPtr[m[K& msg)
[16.186s]       |                                                         [01;31m[K^~~~~~~~[m[K
[16.186s]       |                                                         [32m[KConstSkyPtr[m[K
[16.193s] [01m[K/home/emma/turtlebot3_rl_ws/src/bot_reset_plugin/src/bot_reset_plugin.cpp:50:5:[m[K [01;31m[Kerror: [m[K‘[01m[Kros[m[K’ does not name a type
[16.194s]    50 |     [01;31m[Kros[m[K::NodeHandlePtr rosNode;
[16.194s]       |     [01;31m[K^~~[m[K
[16.199s] [01m[K/home/emma/turtlebot3_rl_ws/src/bot_reset_plugin/src/bot_reset_plugin.cpp:51:5:[m[K [01;31m[Kerror: [m[K‘[01m[Kros[m[K’ does not name a type
[16.200s]    51 |     [01;31m[Kros[m[K::Subscriber poseSub;
[16.201s]       |     [01;31m[K^~~[m[K
[16.201s] [01m[K/home/emma/turtlebot3_rl_ws/src/bot_reset_plugin/src/bot_reset_plugin.cpp:[m[K In constructor ‘[01m[Kgazebo::BotResetPlugin::BotResetPlugin()[m[K’:
[16.201s] [01m[K/home/emma/turtlebot3_rl_ws/src/bot_reset_plugin/src/bot_reset_plugin.cpp:16:13:[m[K [01;31m[Kerror: [m[K‘[01m[Kclass gazebo::BotResetPlugin[m[K’ has no member named ‘[01m[KrosNode[m[K’
[16.201s]    16 |       this->[01;31m[KrosNode[m[K = nullptr;
[16.201s]       |             [01;31m[K^~~~~~~[m[K
[16.201s] [01m[K/home/emma/turtlebot3_rl_ws/src/bot_reset_plugin/src/bot_reset_plugin.cpp:[m[K In member function ‘[01m[Kvirtual void gazebo::BotResetPlugin::Load(gazebo::physics::ModelPtr, sdf::v9::ElementPtr)[m[K’:
[16.201s] [01m[K/home/emma/turtlebot3_rl_ws/src/bot_reset_plugin/src/bot_reset_plugin.cpp:22:13:[m[K [01;31m[Kerror: [m[K‘[01m[Kclass gazebo::BotResetPlugin[m[K’ has no member named ‘[01m[KrosNode[m[K’
[16.201s]    22 |       this->[01;31m[KrosNode[m[K = ros::NodeHandlePtr(new ros::NodeHandle());
[16.201s]       |             [01;31m[K^~~~~~~[m[K
[16.202s] [01m[K/home/emma/turtlebot3_rl_ws/src/bot_reset_plugin/src/bot_reset_plugin.cpp:22:23:[m[K [01;31m[Kerror: [m[K‘[01m[Kros[m[K’ has not been declared
[16.202s]    22 |       this->rosNode = [01;31m[Kros[m[K::NodeHandlePtr(new ros::NodeHandle());
[16.202s]       |                       [01;31m[K^~~[m[K
[16.207s] [01m[K/home/emma/turtlebot3_rl_ws/src/bot_reset_plugin/src/bot_reset_plugin.cpp:22:46:[m[K [01;31m[Kerror: [m[K‘[01m[Kros[m[K’ does not name a type
[16.207s]    22 |       this->rosNode = ros::NodeHandlePtr(new [01;31m[Kros[m[K::NodeHandle());
[16.208s]       |                                              [01;31m[K^~~[m[K
[16.208s] [01m[K/home/emma/turtlebot3_rl_ws/src/bot_reset_plugin/src/bot_reset_plugin.cpp:25:13:[m[K [01;31m[Kerror: [m[K‘[01m[Kclass gazebo::BotResetPlugin[m[K’ has no member named ‘[01m[KposeSub[m[K’
[16.209s]    25 |       this->[01;31m[KposeSub[m[K = this->rosNode->subscribe("/set_bot_position", 10, &BotResetPlugin::SetPositionCallback, this);
[16.209s]       |             [01;31m[K^~~~~~~[m[K
[16.209s] [01m[K/home/emma/turtlebot3_rl_ws/src/bot_reset_plugin/src/bot_reset_plugin.cpp:25:29:[m[K [01;31m[Kerror: [m[K‘[01m[Kclass gazebo::BotResetPlugin[m[K’ has no member named ‘[01m[KrosNode[m[K’
[16.209s]    25 |       this->poseSub = this->[01;31m[KrosNode[m[K->subscribe("/set_bot_position", 10, &BotResetPlugin::SetPositionCallback, this);
[16.209s]       |                             [01;31m[K^~~~~~~[m[K
[19.465s] gmake[2]: *** [CMakeFiles/bot_reset_plugin.dir/build.make:76: CMakeFiles/bot_reset_plugin.dir/src/bot_reset_plugin.cpp.o] Error 1
[19.465s] gmake[1]: *** [CMakeFiles/Makefile2:137: CMakeFiles/bot_reset_plugin.dir/all] Error 2
[19.466s] gmake: *** [Makefile:146: all] Error 2
[19.469s] Invoked command in '/home/emma/turtlebot3_rl_ws/build/bot_reset_plugin' returned '2': /usr/bin/cmake --build /home/emma/turtlebot3_rl_ws/build/bot_reset_plugin -- -j4 -l4
