[0.321s] Invoking command in '/home/emma/turtlebot3_rl_ws/build/train_reset_plugin': /usr/bin/cmake --build /home/emma/turtlebot3_rl_ws/build/train_reset_plugin -- -j4 -l4
[0.495s] [35m[1mConsolidate compiler generated dependencies of target train_reset_plugin[0m
[0.562s] [ 50%] [32mBuilding CXX object CMakeFiles/train_reset_plugin.dir/src/train_reset_plugin.cpp.o[0m
[17.214s] [01m[K/home/emma/turtlebot3_rl_ws/src/train_reset_plugin/src/train_reset_plugin.cpp:[m[K In member function ‘[01m[Kvoid gazebo::TrainResetPlugin::SetLinkState(const LinkPtr&, bool)[m[K’:
[17.214s] [01m[K/home/emma/turtlebot3_rl_ws/src/train_reset_plugin/src/train_reset_plugin.cpp:22:12:[m[K [01;31m[Kerror: [m[Kbase operand of ‘[01m[K->[m[K’ has non-pointer type ‘[01m[Kstd::pair<const unsigned int, gazebo::msgs::Visual>[m[K’
[17.215s]    22 |         vis[01;31m[K->[m[KSetVisible(enable);
[17.215s]       |            [01;31m[K^~[m[K
[17.217s] [01m[K/home/emma/turtlebot3_rl_ws/src/train_reset_plugin/src/train_reset_plugin.cpp:25:42:[m[K [01;31m[Kerror: [m[K‘[01m[Kclass gazebo::physics::Link[m[K’ has no member named ‘[01m[KGetCollisionCount[m[K’; did you mean ‘[01m[KGetCollisionById[m[K’?
[17.217s]    25 |       for (unsigned int i = 0; i < link->[01;31m[KGetCollisionCount[m[K(); ++i)
[17.217s]       |                                          [01;31m[K^~~~~~~~~~~~~~~~~[m[K
[17.217s]       |                                          [32m[KGetCollisionById[m[K
[17.285s] [01m[K/home/emma/turtlebot3_rl_ws/src/train_reset_plugin/src/train_reset_plugin.cpp:[m[K In member function ‘[01m[Kvoid gazebo::TrainResetPlugin::OnReset(std_msgs::msg::Empty_<std::allocator<void> >::SharedPtr)[m[K’:
[17.285s] [01m[K/home/emma/turtlebot3_rl_ws/src/train_reset_plugin/src/train_reset_plugin.cpp:87:20:[m[K [01;31m[Kerror: [m[K‘[01m[Ksolid_train_link[m[K’ was not declared in this scope; did you mean ‘[01m[Ksolid_train_link_[m[K’?
[17.285s]    87 |       SetLinkState([01;31m[Ksolid_train_link[m[K, true);
[17.286s]       |                    [01;31m[K^~~~~~~~~~~~~~~~[m[K
[17.286s]       |                    [32m[Ksolid_train_link_[m[K
[17.311s] [01m[K/home/emma/turtlebot3_rl_ws/src/train_reset_plugin/src/train_reset_plugin.cpp:88:20:[m[K [01;31m[Kerror: [m[K‘[01m[Ktrain_link[m[K’ was not declared in this scope; did you mean ‘[01m[Ktrain_link_[m[K’?
[17.311s]    88 |       SetLinkState([01;31m[Ktrain_link[m[K, false);
[17.311s]       |                    [01;31m[K^~~~~~~~~~[m[K
[17.311s]       |                    [32m[Ktrain_link_[m[K
[17.338s] [01m[K/home/emma/turtlebot3_rl_ws/src/train_reset_plugin/src/train_reset_plugin.cpp:89:20:[m[K [01;31m[Kerror: [m[K‘[01m[Kleft_door_link[m[K’ was not declared in this scope; did you mean ‘[01m[Kleft_door_link_[m[K’?
[17.338s]    89 |       SetLinkState([01;31m[Kleft_door_link[m[K, false);
[17.338s]       |                    [01;31m[K^~~~~~~~~~~~~~[m[K
[17.338s]       |                    [32m[Kleft_door_link_[m[K
[17.367s] [01m[K/home/emma/turtlebot3_rl_ws/src/train_reset_plugin/src/train_reset_plugin.cpp:90:20:[m[K [01;31m[Kerror: [m[K‘[01m[Kright_door_link[m[K’ was not declared in this scope; did you mean ‘[01m[Kright_door_link_[m[K’?
[17.367s]    90 |       SetLinkState([01;31m[Kright_door_link[m[K, false);
[17.368s]       |                    [01;31m[K^~~~~~~~~~~~~~~[m[K
[17.368s]       |                    [32m[Kright_door_link_[m[K
[17.399s] [01m[K/home/emma/turtlebot3_rl_ws/src/train_reset_plugin/src/train_reset_plugin.cpp:[m[K In member function ‘[01m[Kvoid gazebo::TrainResetPlugin::OnUpdate()[m[K’:
[17.399s] [01m[K/home/emma/turtlebot3_rl_ws/src/train_reset_plugin/src/train_reset_plugin.cpp:117:24:[m[K [01;31m[Kerror: [m[K‘[01m[Ksolid_train_link[m[K’ was not declared in this scope; did you mean ‘[01m[Ksolid_train_link_[m[K’?
[17.399s]   117 |           SetLinkState([01;31m[Ksolid_train_link[m[K, false);
[17.399s]       |                        [01;31m[K^~~~~~~~~~~~~~~~[m[K
[17.399s]       |                        [32m[Ksolid_train_link_[m[K
[17.420s] [01m[K/home/emma/turtlebot3_rl_ws/src/train_reset_plugin/src/train_reset_plugin.cpp:118:24:[m[K [01;31m[Kerror: [m[K‘[01m[Ktrain_link[m[K’ was not declared in this scope; did you mean ‘[01m[Ktrain_link_[m[K’?
[17.420s]   118 |           SetLinkState([01;31m[Ktrain_link[m[K, true);
[17.420s]       |                        [01;31m[K^~~~~~~~~~[m[K
[17.420s]       |                        [32m[Ktrain_link_[m[K
[17.450s] [01m[K/home/emma/turtlebot3_rl_ws/src/train_reset_plugin/src/train_reset_plugin.cpp:119:24:[m[K [01;31m[Kerror: [m[K‘[01m[Kleft_door_link[m[K’ was not declared in this scope; did you mean ‘[01m[Kleft_door_link_[m[K’?
[17.450s]   119 |           SetLinkState([01;31m[Kleft_door_link[m[K, true);
[17.450s]       |                        [01;31m[K^~~~~~~~~~~~~~[m[K
[17.450s]       |                        [32m[Kleft_door_link_[m[K
[17.481s] [01m[K/home/emma/turtlebot3_rl_ws/src/train_reset_plugin/src/train_reset_plugin.cpp:120:24:[m[K [01;31m[Kerror: [m[K‘[01m[Kright_door_link[m[K’ was not declared in this scope; did you mean ‘[01m[Kright_door_link_[m[K’?
[17.481s]   120 |           SetLinkState([01;31m[Kright_door_link[m[K, true);
[17.481s]       |                        [01;31m[K^~~~~~~~~~~~~~~[m[K
[17.481s]       |                        [32m[Kright_door_link_[m[K
[23.631s] gmake[2]: *** [CMakeFiles/train_reset_plugin.dir/build.make:76: CMakeFiles/train_reset_plugin.dir/src/train_reset_plugin.cpp.o] Error 1
[23.633s] gmake[1]: *** [CMakeFiles/Makefile2:137: CMakeFiles/train_reset_plugin.dir/all] Error 2
[23.634s] gmake: *** [Makefile:146: all] Error 2
[23.636s] Invoked command in '/home/emma/turtlebot3_rl_ws/build/train_reset_plugin' returned '2': /usr/bin/cmake --build /home/emma/turtlebot3_rl_ws/build/train_reset_plugin -- -j4 -l4
