[0.075s] Invoking command in '/home/emma/turtlebot3_rl_ws/build/train_reset_plugin': /usr/bin/cmake --build /home/emma/turtlebot3_rl_ws/build/train_reset_plugin -- -j4 -l4
[0.241s] [100%] Built target train_reset_plugin
[0.317s] Invoked command in '/home/emma/turtlebot3_rl_ws/build/train_reset_plugin' returned '0': /usr/bin/cmake --build /home/emma/turtlebot3_rl_ws/build/train_reset_plugin -- -j4 -l4
[0.318s] Invoking command in '/home/emma/turtlebot3_rl_ws/build/train_reset_plugin': /usr/bin/cmake --install /home/emma/turtlebot3_rl_ws/build/train_reset_plugin
[0.371s] -- Install configuration: ""
[0.373s] -- Up-to-date: /home/emma/turtlebot3_rl_ws/install/train_reset_plugin/lib/libtrain_reset_plugin.so
[0.374s] -- Up-to-date: /home/emma/turtlebot3_rl_ws/install/train_reset_plugin/share/ament_index/resource_index/package_run_dependencies/train_reset_plugin
[0.375s] -- Up-to-date: /home/emma/turtlebot3_rl_ws/install/train_reset_plugin/share/ament_index/resource_index/parent_prefix_path/train_reset_plugin
[0.376s] -- Up-to-date: /home/emma/turtlebot3_rl_ws/install/train_reset_plugin/share/train_reset_plugin/environment/ament_prefix_path.sh
[0.377s] -- Up-to-date: /home/emma/turtlebot3_rl_ws/install/train_reset_plugin/share/train_reset_plugin/environment/ament_prefix_path.dsv
[0.378s] -- Up-to-date: /home/emma/turtlebot3_rl_ws/install/train_reset_plugin/share/train_reset_plugin/environment/path.sh
[0.379s] -- Up-to-date: /home/emma/turtlebot3_rl_ws/install/train_reset_plugin/share/train_reset_plugin/environment/path.dsv
[0.379s] -- Up-to-date: /home/emma/turtlebot3_rl_ws/install/train_reset_plugin/share/train_reset_plugin/local_setup.bash
[0.380s] -- Up-to-date: /home/emma/turtlebot3_rl_ws/install/train_reset_plugin/share/train_reset_plugin/local_setup.sh
[0.384s] -- Up-to-date: /home/emma/turtlebot3_rl_ws/install/train_reset_plugin/share/train_reset_plugin/local_setup.zsh
[0.388s] -- Up-to-date: /home/emma/turtlebot3_rl_ws/install/train_reset_plugin/share/train_reset_plugin/local_setup.dsv
[0.391s] -- Installing: /home/emma/turtlebot3_rl_ws/install/train_reset_plugin/share/train_reset_plugin/package.dsv
[0.393s] -- Up-to-date: /home/emma/turtlebot3_rl_ws/install/train_reset_plugin/share/ament_index/resource_index/packages/train_reset_plugin
[0.393s] -- Up-to-date: /home/emma/turtlebot3_rl_ws/install/train_reset_plugin/share/train_reset_plugin/cmake/train_reset_pluginConfig.cmake
[0.393s] -- Up-to-date: /home/emma/turtlebot3_rl_ws/install/train_reset_plugin/share/train_reset_plugin/cmake/train_reset_pluginConfig-version.cmake
[0.397s] -- Up-to-date: /home/emma/turtlebot3_rl_ws/install/train_reset_plugin/share/train_reset_plugin/package.xml
[0.500s] Invoked command in '/home/emma/turtlebot3_rl_ws/build/train_reset_plugin' returned '0': /usr/bin/cmake --install /home/emma/turtlebot3_rl_ws/build/train_reset_plugin
