[1.263s] Invoking command in '/home/emma/turtlebot3_rl_ws/src/turtlebot3_rl': PYTHONPATH=/home/emma/turtlebot3_rl_ws/src/build/turtlebot3_rl/prefix_override:/usr/lib/python3/dist-packages/colcon_core/task/python/colcon_distutils_commands:/home/emma/turtlebot3_rl_ws/src/install/turtlebot3_rl/lib/python3.10/site-packages:${PYTHONPATH} /usr/bin/python3 -W ignore:setup.py install is deprecated -W ignore:easy_install command is deprecated setup.py egg_info --egg-base ../build/turtlebot3_rl build --build-base /home/emma/turtlebot3_rl_ws/src/build/turtlebot3_rl/build install --record /home/emma/turtlebot3_rl_ws/src/build/turtlebot3_rl/install.log --single-version-externally-managed install_data
[1.507s] running egg_info
[1.511s] creating ../build/turtlebot3_rl/turtlebot3_rl.egg-info
[1.512s] writing ../build/turtlebot3_rl/turtlebot3_rl.egg-info/PKG-INFO
[1.513s] writing dependency_links to ../build/turtlebot3_rl/turtlebot3_rl.egg-info/dependency_links.txt
[1.513s] writing entry points to ../build/turtlebot3_rl/turtlebot3_rl.egg-info/entry_points.txt
[1.513s] writing requirements to ../build/turtlebot3_rl/turtlebot3_rl.egg-info/requires.txt
[1.513s] writing top-level names to ../build/turtlebot3_rl/turtlebot3_rl.egg-info/top_level.txt
[1.515s] writing manifest file '../build/turtlebot3_rl/turtlebot3_rl.egg-info/SOURCES.txt'
[1.515s] reading manifest file '../build/turtlebot3_rl/turtlebot3_rl.egg-info/SOURCES.txt'
[1.516s] writing manifest file '../build/turtlebot3_rl/turtlebot3_rl.egg-info/SOURCES.txt'
[1.516s] running build
[1.516s] running build_py
[1.517s] creating /home/emma/turtlebot3_rl_ws/src/build/turtlebot3_rl/build
[1.517s] creating /home/emma/turtlebot3_rl_ws/src/build/turtlebot3_rl/build/lib
[1.517s] creating /home/emma/turtlebot3_rl_ws/src/build/turtlebot3_rl/build/lib/turtlebot3_rl
[1.518s] copying turtlebot3_rl/turtlebot3_env_test.py -> /home/emma/turtlebot3_rl_ws/src/build/turtlebot3_rl/build/lib/turtlebot3_rl
[1.518s] copying turtlebot3_rl/train_test.py -> /home/emma/turtlebot3_rl_ws/src/build/turtlebot3_rl/build/lib/turtlebot3_rl
[1.518s] copying turtlebot3_rl/turtlebot3_env.py -> /home/emma/turtlebot3_rl_ws/src/build/turtlebot3_rl/build/lib/turtlebot3_rl
[1.518s] copying turtlebot3_rl/train.py -> /home/emma/turtlebot3_rl_ws/src/build/turtlebot3_rl/build/lib/turtlebot3_rl
[1.518s] copying turtlebot3_rl/__init__.py -> /home/emma/turtlebot3_rl_ws/src/build/turtlebot3_rl/build/lib/turtlebot3_rl
[1.518s] running install
[1.524s] running install_lib
[1.524s] creating /home/emma/turtlebot3_rl_ws/src/install/turtlebot3_rl/lib/python3.10/site-packages/turtlebot3_rl
[1.524s] copying /home/emma/turtlebot3_rl_ws/src/build/turtlebot3_rl/build/lib/turtlebot3_rl/turtlebot3_env_test.py -> /home/emma/turtlebot3_rl_ws/src/install/turtlebot3_rl/lib/python3.10/site-packages/turtlebot3_rl
[1.524s] copying /home/emma/turtlebot3_rl_ws/src/build/turtlebot3_rl/build/lib/turtlebot3_rl/train_test.py -> /home/emma/turtlebot3_rl_ws/src/install/turtlebot3_rl/lib/python3.10/site-packages/turtlebot3_rl
[1.524s] copying /home/emma/turtlebot3_rl_ws/src/build/turtlebot3_rl/build/lib/turtlebot3_rl/turtlebot3_env.py -> /home/emma/turtlebot3_rl_ws/src/install/turtlebot3_rl/lib/python3.10/site-packages/turtlebot3_rl
[1.524s] copying /home/emma/turtlebot3_rl_ws/src/build/turtlebot3_rl/build/lib/turtlebot3_rl/train.py -> /home/emma/turtlebot3_rl_ws/src/install/turtlebot3_rl/lib/python3.10/site-packages/turtlebot3_rl
[1.524s] copying /home/emma/turtlebot3_rl_ws/src/build/turtlebot3_rl/build/lib/turtlebot3_rl/__init__.py -> /home/emma/turtlebot3_rl_ws/src/install/turtlebot3_rl/lib/python3.10/site-packages/turtlebot3_rl
[1.525s] byte-compiling /home/emma/turtlebot3_rl_ws/src/install/turtlebot3_rl/lib/python3.10/site-packages/turtlebot3_rl/turtlebot3_env_test.py to turtlebot3_env_test.cpython-310.pyc
[1.525s] byte-compiling /home/emma/turtlebot3_rl_ws/src/install/turtlebot3_rl/lib/python3.10/site-packages/turtlebot3_rl/train_test.py to train_test.cpython-310.pyc
[1.527s] byte-compiling /home/emma/turtlebot3_rl_ws/src/install/turtlebot3_rl/lib/python3.10/site-packages/turtlebot3_rl/turtlebot3_env.py to turtlebot3_env.cpython-310.pyc
[1.527s] byte-compiling /home/emma/turtlebot3_rl_ws/src/install/turtlebot3_rl/lib/python3.10/site-packages/turtlebot3_rl/train.py to train.cpython-310.pyc
[1.527s] byte-compiling /home/emma/turtlebot3_rl_ws/src/install/turtlebot3_rl/lib/python3.10/site-packages/turtlebot3_rl/__init__.py to __init__.cpython-310.pyc
[1.527s] running install_data
[1.527s] creating /home/emma/turtlebot3_rl_ws/src/install/turtlebot3_rl/share/ament_index
[1.527s] creating /home/emma/turtlebot3_rl_ws/src/install/turtlebot3_rl/share/ament_index/resource_index
[1.527s] creating /home/emma/turtlebot3_rl_ws/src/install/turtlebot3_rl/share/ament_index/resource_index/packages
[1.527s] copying resource/turtlebot3_rl -> /home/emma/turtlebot3_rl_ws/src/install/turtlebot3_rl/share/ament_index/resource_index/packages
[1.527s] copying package.xml -> /home/emma/turtlebot3_rl_ws/src/install/turtlebot3_rl/share/turtlebot3_rl
[1.527s] running install_egg_info
[1.527s] Copying ../build/turtlebot3_rl/turtlebot3_rl.egg-info to /home/emma/turtlebot3_rl_ws/src/install/turtlebot3_rl/lib/python3.10/site-packages/turtlebot3_rl-0.0.0-py3.10.egg-info
[1.528s] running install_scripts
[1.541s]   File "/home/emma/turtlebot3_rl_ws/src/install/turtlebot3_rl/lib/python3.10/site-packages/turtlebot3_rl/train_test.py", line 16
[1.541s]     model.save(f"model_{datetime.now().strftime("%Y-%m-%d %H:%M:%S")}")
[1.542s]                                                  ^
[1.543s] SyntaxError: f-string: unmatched '('
[1.543s] 
[1.563s] writing list of installed files to '/home/emma/turtlebot3_rl_ws/src/build/turtlebot3_rl/install.log'
[1.600s] Invoked command in '/home/emma/turtlebot3_rl_ws/src/turtlebot3_rl' returned '0': PYTHONPATH=/home/emma/turtlebot3_rl_ws/src/build/turtlebot3_rl/prefix_override:/usr/lib/python3/dist-packages/colcon_core/task/python/colcon_distutils_commands:/home/emma/turtlebot3_rl_ws/src/install/turtlebot3_rl/lib/python3.10/site-packages:${PYTHONPATH} /usr/bin/python3 -W ignore:setup.py install is deprecated -W ignore:easy_install command is deprecated setup.py egg_info --egg-base ../build/turtlebot3_rl build --build-base /home/emma/turtlebot3_rl_ws/src/build/turtlebot3_rl/build install --record /home/emma/turtlebot3_rl_ws/src/build/turtlebot3_rl/install.log --single-version-externally-managed install_data
