[1.283s] Invoking command in '/home/emma/turtlebot3_rl_ws/src/train_controller': PYTHONPATH=/home/emma/turtlebot3_rl_ws/src/build/train_controller/prefix_override:/usr/lib/python3/dist-packages/colcon_core/task/python/colcon_distutils_commands:/home/emma/turtlebot3_rl_ws/src/install/train_controller/lib/python3.10/site-packages:${PYTHONPATH} /usr/bin/python3 -W ignore:setup.py install is deprecated -W ignore:easy_install command is deprecated setup.py egg_info --egg-base ../build/train_controller build --build-base /home/emma/turtlebot3_rl_ws/src/build/train_controller/build install --record /home/emma/turtlebot3_rl_ws/src/build/train_controller/install.log --single-version-externally-managed install_data
[1.546s] running egg_info
[1.546s] creating ../build/train_controller/train_controller.egg-info
[1.546s] writing ../build/train_controller/train_controller.egg-info/PKG-INFO
[1.546s] writing dependency_links to ../build/train_controller/train_controller.egg-info/dependency_links.txt
[1.546s] writing entry points to ../build/train_controller/train_controller.egg-info/entry_points.txt
[1.546s] writing requirements to ../build/train_controller/train_controller.egg-info/requires.txt
[1.547s] writing top-level names to ../build/train_controller/train_controller.egg-info/top_level.txt
[1.547s] writing manifest file '../build/train_controller/train_controller.egg-info/SOURCES.txt'
[1.547s] reading manifest file '../build/train_controller/train_controller.egg-info/SOURCES.txt'
[1.547s] writing manifest file '../build/train_controller/train_controller.egg-info/SOURCES.txt'
[1.553s] running build
[1.553s] running build_py
[1.553s] creating /home/emma/turtlebot3_rl_ws/src/build/train_controller/build
[1.558s] creating /home/emma/turtlebot3_rl_ws/src/build/train_controller/build/lib
[1.558s] creating /home/emma/turtlebot3_rl_ws/src/build/train_controller/build/lib/train_controller
[1.558s] copying train_controller/__init__.py -> /home/emma/turtlebot3_rl_ws/src/build/train_controller/build/lib/train_controller
[1.558s] copying train_controller/train_control_node.py -> /home/emma/turtlebot3_rl_ws/src/build/train_controller/build/lib/train_controller
[1.558s] running install
[1.558s] running install_lib
[1.559s] creating /home/emma/turtlebot3_rl_ws/src/install/train_controller/lib/python3.10/site-packages/train_controller
[1.559s] copying /home/emma/turtlebot3_rl_ws/src/build/train_controller/build/lib/train_controller/__init__.py -> /home/emma/turtlebot3_rl_ws/src/install/train_controller/lib/python3.10/site-packages/train_controller
[1.559s] copying /home/emma/turtlebot3_rl_ws/src/build/train_controller/build/lib/train_controller/train_control_node.py -> /home/emma/turtlebot3_rl_ws/src/install/train_controller/lib/python3.10/site-packages/train_controller
[1.560s] byte-compiling /home/emma/turtlebot3_rl_ws/src/install/train_controller/lib/python3.10/site-packages/train_controller/__init__.py to __init__.cpython-310.pyc
[1.560s] byte-compiling /home/emma/turtlebot3_rl_ws/src/install/train_controller/lib/python3.10/site-packages/train_controller/train_control_node.py to train_control_node.cpython-310.pyc
[1.560s] running install_data
[1.561s] creating /home/emma/turtlebot3_rl_ws/src/install/train_controller/share/ament_index
[1.564s] creating /home/emma/turtlebot3_rl_ws/src/install/train_controller/share/ament_index/resource_index
[1.564s] creating /home/emma/turtlebot3_rl_ws/src/install/train_controller/share/ament_index/resource_index/packages
[1.564s] copying resource/train_controller -> /home/emma/turtlebot3_rl_ws/src/install/train_controller/share/ament_index/resource_index/packages
[1.565s] copying package.xml -> /home/emma/turtlebot3_rl_ws/src/install/train_controller/share/train_controller
[1.565s] running install_egg_info
[1.565s] Copying ../build/train_controller/train_controller.egg-info to /home/emma/turtlebot3_rl_ws/src/install/train_controller/lib/python3.10/site-packages/train_controller-1.0-py3.10.egg-info
[1.565s] running install_scripts
[1.597s] Installing train_control_node script to /home/emma/turtlebot3_rl_ws/src/install/train_controller/lib/train_controller
[1.597s] writing list of installed files to '/home/emma/turtlebot3_rl_ws/src/build/train_controller/install.log'
[1.659s] Invoked command in '/home/emma/turtlebot3_rl_ws/src/train_controller' returned '0': PYTHONPATH=/home/emma/turtlebot3_rl_ws/src/build/train_controller/prefix_override:/usr/lib/python3/dist-packages/colcon_core/task/python/colcon_distutils_commands:/home/emma/turtlebot3_rl_ws/src/install/train_controller/lib/python3.10/site-packages:${PYTHONPATH} /usr/bin/python3 -W ignore:setup.py install is deprecated -W ignore:easy_install command is deprecated setup.py egg_info --egg-base ../build/train_controller build --build-base /home/emma/turtlebot3_rl_ws/src/build/train_controller/build install --record /home/emma/turtlebot3_rl_ws/src/build/train_controller/install.log --single-version-externally-managed install_data
