[0.035s] Invoking command in '/home/emma/turtlebot3_rl_ws/build/bot_reset_plugin': /usr/bin/cmake --build /home/emma/turtlebot3_rl_ws/build/bot_reset_plugin -- -j4 -l4
[0.165s] [35m[1mConsolidate compiler generated dependencies of target bot_reset_plugin[0m
[0.296s] [ 50%] [32mBuilding CXX object CMakeFiles/bot_reset_plugin.dir/src/bot_reset_plugin.cpp.o[0m
[24.400s] [100%] [32m[1mLinking CXX shared library libbot_reset_plugin.so[0m
[25.027s] [100%] Built target bot_reset_plugin
[25.045s] Invoked command in '/home/emma/turtlebot3_rl_ws/build/bot_reset_plugin' returned '0': /usr/bin/cmake --build /home/emma/turtlebot3_rl_ws/build/bot_reset_plugin -- -j4 -l4
[25.051s] Invoking command in '/home/emma/turtlebot3_rl_ws/build/bot_reset_plugin': /usr/bin/cmake --install /home/emma/turtlebot3_rl_ws/build/bot_reset_plugin
[25.066s] -- Install configuration: ""
[25.066s] -- Installing: /home/emma/turtlebot3_rl_ws/install/bot_reset_plugin/lib/libbot_reset_plugin.so
[25.074s] -- Set runtime path of "/home/emma/turtlebot3_rl_ws/install/bot_reset_plugin/lib/libbot_reset_plugin.so" to ""
[25.075s] -- Up-to-date: /home/emma/turtlebot3_rl_ws/install/bot_reset_plugin/share/ament_index/resource_index/package_run_dependencies/bot_reset_plugin
[25.075s] -- Up-to-date: /home/emma/turtlebot3_rl_ws/install/bot_reset_plugin/share/ament_index/resource_index/parent_prefix_path/bot_reset_plugin
[25.075s] -- Up-to-date: /home/emma/turtlebot3_rl_ws/install/bot_reset_plugin/share/bot_reset_plugin/environment/ament_prefix_path.sh
[25.076s] -- Up-to-date: /home/emma/turtlebot3_rl_ws/install/bot_reset_plugin/share/bot_reset_plugin/environment/ament_prefix_path.dsv
[25.076s] -- Up-to-date: /home/emma/turtlebot3_rl_ws/install/bot_reset_plugin/share/bot_reset_plugin/environment/path.sh
[25.076s] -- Up-to-date: /home/emma/turtlebot3_rl_ws/install/bot_reset_plugin/share/bot_reset_plugin/environment/path.dsv
[25.077s] -- Up-to-date: /home/emma/turtlebot3_rl_ws/install/bot_reset_plugin/share/bot_reset_plugin/local_setup.bash
[25.077s] -- Up-to-date: /home/emma/turtlebot3_rl_ws/install/bot_reset_plugin/share/bot_reset_plugin/local_setup.sh
[25.077s] -- Up-to-date: /home/emma/turtlebot3_rl_ws/install/bot_reset_plugin/share/bot_reset_plugin/local_setup.zsh
[25.077s] -- Up-to-date: /home/emma/turtlebot3_rl_ws/install/bot_reset_plugin/share/bot_reset_plugin/local_setup.dsv
[25.078s] -- Installing: /home/emma/turtlebot3_rl_ws/install/bot_reset_plugin/share/bot_reset_plugin/package.dsv
[25.078s] -- Up-to-date: /home/emma/turtlebot3_rl_ws/install/bot_reset_plugin/share/ament_index/resource_index/packages/bot_reset_plugin
[25.078s] -- Up-to-date: /home/emma/turtlebot3_rl_ws/install/bot_reset_plugin/share/bot_reset_plugin/cmake/bot_reset_pluginConfig.cmake
[25.079s] -- Up-to-date: /home/emma/turtlebot3_rl_ws/install/bot_reset_plugin/share/bot_reset_plugin/cmake/bot_reset_pluginConfig-version.cmake
[25.079s] -- Up-to-date: /home/emma/turtlebot3_rl_ws/install/bot_reset_plugin/share/bot_reset_plugin/package.xml
[25.082s] Invoked command in '/home/emma/turtlebot3_rl_ws/build/bot_reset_plugin' returned '0': /usr/bin/cmake --install /home/emma/turtlebot3_rl_ws/build/bot_reset_plugin
