[0.128s] Invoking command in '/home/emma/turtlebot3_rl_ws/build/train_reset_plugin': /usr/bin/cmake --build /home/emma/turtlebot3_rl_ws/build/train_reset_plugin -- -j4 -l4
[0.295s] [100%] Built target train_reset_plugin
[0.414s] Invoked command in '/home/emma/turtlebot3_rl_ws/build/train_reset_plugin' returned '0': /usr/bin/cmake --build /home/emma/turtlebot3_rl_ws/build/train_reset_plugin -- -j4 -l4
[0.414s] Invoking command in '/home/emma/turtlebot3_rl_ws/build/train_reset_plugin': /usr/bin/cmake --install /home/emma/turtlebot3_rl_ws/build/train_reset_plugin
[0.455s] -- Install configuration: ""
[0.455s] -- Up-to-date: /home/emma/turtlebot3_rl_ws/install/train_reset_plugin/lib/libtrain_reset_plugin.so
[0.455s] -- Up-to-date: /home/emma/turtlebot3_rl_ws/install/train_reset_plugin/share/ament_index/resource_index/package_run_dependencies/train_reset_plugin
[0.455s] -- Up-to-date: /home/emma/turtlebot3_rl_ws/install/train_reset_plugin/share/ament_index/resource_index/parent_prefix_path/train_reset_plugin
[0.455s] -- Up-to-date: /home/emma/turtlebot3_rl_ws/install/train_reset_plugin/share/train_reset_plugin/environment/ament_prefix_path.sh
[0.455s] -- Up-to-date: /home/emma/turtlebot3_rl_ws/install/train_reset_plugin/share/train_reset_plugin/environment/ament_prefix_path.dsv
[0.455s] -- Up-to-date: /home/emma/turtlebot3_rl_ws/install/train_reset_plugin/share/train_reset_plugin/environment/path.sh
[0.455s] -- Up-to-date: /home/emma/turtlebot3_rl_ws/install/train_reset_plugin/share/train_reset_plugin/environment/path.dsv
[0.456s] -- Up-to-date: /home/emma/turtlebot3_rl_ws/install/train_reset_plugin/share/train_reset_plugin/local_setup.bash
[0.456s] -- Up-to-date: /home/emma/turtlebot3_rl_ws/install/train_reset_plugin/share/train_reset_plugin/local_setup.sh
[0.456s] -- Up-to-date: /home/emma/turtlebot3_rl_ws/install/train_reset_plugin/share/train_reset_plugin/local_setup.zsh
[0.456s] -- Up-to-date: /home/emma/turtlebot3_rl_ws/install/train_reset_plugin/share/train_reset_plugin/local_setup.dsv
[0.456s] -- Installing: /home/emma/turtlebot3_rl_ws/install/train_reset_plugin/share/train_reset_plugin/package.dsv
[0.456s] -- Up-to-date: /home/emma/turtlebot3_rl_ws/install/train_reset_plugin/share/ament_index/resource_index/packages/train_reset_plugin
[0.456s] -- Up-to-date: /home/emma/turtlebot3_rl_ws/install/train_reset_plugin/share/train_reset_plugin/cmake/train_reset_pluginConfig.cmake
[0.456s] -- Up-to-date: /home/emma/turtlebot3_rl_ws/install/train_reset_plugin/share/train_reset_plugin/cmake/train_reset_pluginConfig-version.cmake
[0.456s] -- Up-to-date: /home/emma/turtlebot3_rl_ws/install/train_reset_plugin/share/train_reset_plugin/package.xml
[0.572s] Invoked command in '/home/emma/turtlebot3_rl_ws/build/train_reset_plugin' returned '0': /usr/bin/cmake --install /home/emma/turtlebot3_rl_ws/build/train_reset_plugin
