[0.406s] Invoking command in '/home/emma/turtlebot3_rl_ws/build/train_reset_plugin': /usr/bin/cmake --build /home/emma/turtlebot3_rl_ws/build/train_reset_plugin -- -j4 -l4
[0.506s] [35m[1mConsolidate compiler generated dependencies of target train_reset_plugin[0m
[0.566s] [ 50%] [32mBuilding CXX object CMakeFiles/train_reset_plugin.dir/src/train_reset_plugin.cpp.o[0m
[13.050s] [01m[K/home/emma/turtlebot3_rl_ws/src/train_reset_plugin/src/train_reset_plugin.cpp:[m[K In member function ‘[01m[Kvoid gazebo::TrainResetPlugin::OnUpdate()[m[K’:
[13.051s] [01m[K/home/emma/turtlebot3_rl_ws/src/train_reset_plugin/src/train_reset_plugin.cpp:77:21:[m[K [01;31m[Kerror: [m[K‘[01m[Ksim_time[m[K’ was not declared in this scope; did you mean ‘[01m[Ksi_stime[m[K’?
[13.051s]    77 |         double t = ([01;31m[Ksim_time[m[K - door_timer_start_).Double();
[13.052s]       |                     [01;31m[K^~~~~~~~[m[K
[13.052s]       |                     [32m[Ksi_stime[m[K
[13.075s] [01m[K/home/emma/turtlebot3_rl_ws/src/train_reset_plugin/src/train_reset_plugin.cpp:85:15:[m[K [01;31m[Kerror: [m[K‘[01m[Klink_name[m[K’ was not declared in this scope; did you mean ‘[01m[Klink_name_[m[K’?
[13.076s]    85 |           if ([01;31m[Klink_name[m[K == "left_link")
[13.076s]       |               [01;31m[K^~~~~~~~~[m[K
[13.079s]       |               [32m[Klink_name_[m[K
[13.079s] [01m[K/home/emma/turtlebot3_rl_ws/src/train_reset_plugin/src/train_reset_plugin.cpp:86:20:[m[K [01;31m[Kerror: [m[Kexpected unqualified-id before ‘[01m[K->[m[K’ token
[13.080s]    86 |             link_->[01;31m[K->[m[KSetLinearVel(ignition::math::Vector3d(-speed, 0, 0));
[13.080s]       |                    [01;31m[K^~[m[K
[13.099s] [01m[K/home/emma/turtlebot3_rl_ws/src/train_reset_plugin/src/train_reset_plugin.cpp:87:15:[m[K [01;31m[Kerror: [m[K‘[01m[Klink_name[m[K’ was not declared in this scope; did you mean ‘[01m[Klink_name_[m[K’?
[13.099s]    87 |           if ([01;31m[Klink_name[m[K == "right_link")
[13.099s]       |               [01;31m[K^~~~~~~~~[m[K
[13.099s]       |               [32m[Klink_name_[m[K
[13.101s] [01m[K/home/emma/turtlebot3_rl_ws/src/train_reset_plugin/src/train_reset_plugin.cpp:88:20:[m[K [01;31m[Kerror: [m[Kexpected unqualified-id before ‘[01m[K->[m[K’ token
[13.101s]    88 |             link_->[01;31m[K->[m[KSetLinearVel(ignition::math::Vector3d(speed, 0, 0));
[13.101s]       |                    [01;31m[K^~[m[K
[13.101s] [01m[K/home/emma/turtlebot3_rl_ws/src/train_reset_plugin/src/train_reset_plugin.cpp:90:41:[m[K [01;31m[Kerror: [m[Krequest for member ‘[01m[KWorldPose[m[K’ in ‘[01m[K* link[m[K’, which is of non-class type ‘[01m[Kint(const char*, const char*) noexcept[m[K’
[13.102s]    90 |           double moved = std::abs(link->[01;31m[KWorldPose[m[K().Pos().X());
[13.102s]       |                                         [01;31m[K^~~~~~~~~[m[K
[13.102s] [01m[K/home/emma/turtlebot3_rl_ws/src/train_reset_plugin/src/train_reset_plugin.cpp:92:19:[m[K [01;31m[Kerror: [m[Krequest for member ‘[01m[KSetLinearVel[m[K’ in ‘[01m[K* link[m[K’, which is of non-class type ‘[01m[Kint(const char*, const char*) noexcept[m[K’
[13.102s]    92 |             link->[01;31m[KSetLinearVel[m[K(ignition::math::Vector3d(0, 0, 0));
[13.102s]       |                   [01;31m[K^~~~~~~~~~~~[m[K
[13.122s] [01m[K/home/emma/turtlebot3_rl_ws/src/train_reset_plugin/src/train_reset_plugin.cpp:94:17:[m[K [01;31m[Kerror: [m[K‘[01m[Klink_name[m[K’ was not declared in this scope; did you mean ‘[01m[Klink_name_[m[K’?
[13.122s]    94 |             if ([01;31m[Klink_name[m[K == "left_link")
[13.122s]       |                 [01;31m[K^~~~~~~~~[m[K
[13.122s]       |                 [32m[Klink_name_[m[K
[13.148s] [01m[K/home/emma/turtlebot3_rl_ws/src/train_reset_plugin/src/train_reset_plugin.cpp:96:17:[m[K [01;31m[Kerror: [m[K‘[01m[Klink_name[m[K’ was not declared in this scope; did you mean ‘[01m[Klink_name_[m[K’?
[13.148s]    96 |             if ([01;31m[Klink_name[m[K == "right_link")
[13.148s]       |                 [01;31m[K^~~~~~~~~[m[K
[13.148s]       |                 [32m[Klink_name_[m[K
[13.174s] [01m[K/home/emma/turtlebot3_rl_ws/src/train_reset_plugin/src/train_reset_plugin.cpp:108:15:[m[K [01;31m[Kerror: [m[K‘[01m[Klink_name[m[K’ was not declared in this scope; did you mean ‘[01m[Klink_name_[m[K’?
[13.174s]   108 |           if ([01;31m[Klink_name[m[K == "left_link")
[13.174s]       |               [01;31m[K^~~~~~~~~[m[K
[13.174s]       |               [32m[Klink_name_[m[K
[13.174s] [01m[K/home/emma/turtlebot3_rl_ws/src/train_reset_plugin/src/train_reset_plugin.cpp:109:20:[m[K [01;31m[Kerror: [m[Kexpected unqualified-id before ‘[01m[K->[m[K’ token
[13.175s]   109 |             link_->[01;31m[K->[m[KSetLinearVel(ignition::math::Vector3d(speed, 0, 0));
[13.175s]       |                    [01;31m[K^~[m[K
[13.196s] [01m[K/home/emma/turtlebot3_rl_ws/src/train_reset_plugin/src/train_reset_plugin.cpp:110:15:[m[K [01;31m[Kerror: [m[K‘[01m[Klink_name[m[K’ was not declared in this scope; did you mean ‘[01m[Klink_name_[m[K’?
[13.197s]   110 |           if ([01;31m[Klink_name[m[K == "right_link")
[13.197s]       |               [01;31m[K^~~~~~~~~[m[K
[13.197s]       |               [32m[Klink_name_[m[K
[13.197s] [01m[K/home/emma/turtlebot3_rl_ws/src/train_reset_plugin/src/train_reset_plugin.cpp:111:20:[m[K [01;31m[Kerror: [m[Kexpected unqualified-id before ‘[01m[K->[m[K’ token
[13.197s]   111 |             link_->[01;31m[K->[m[KSetLinearVel(ignition::math::Vector3d(-speed, 0, 0));
[13.197s]       |                    [01;31m[K^~[m[K
[13.197s] [01m[K/home/emma/turtlebot3_rl_ws/src/train_reset_plugin/src/train_reset_plugin.cpp:113:41:[m[K [01;31m[Kerror: [m[Krequest for member ‘[01m[KWorldPose[m[K’ in ‘[01m[K* link[m[K’, which is of non-class type ‘[01m[Kint(const char*, const char*) noexcept[m[K’
[13.197s]   113 |           double moved = std::abs(link->[01;31m[KWorldPose[m[K().Pos().X());
[13.197s]       |                                         [01;31m[K^~~~~~~~~[m[K
[13.197s] [01m[K/home/emma/turtlebot3_rl_ws/src/train_reset_plugin/src/train_reset_plugin.cpp:115:19:[m[K [01;31m[Kerror: [m[Krequest for member ‘[01m[KSetLinearVel[m[K’ in ‘[01m[K* link[m[K’, which is of non-class type ‘[01m[Kint(const char*, const char*) noexcept[m[K’
[13.197s]   115 |             link->[01;31m[KSetLinearVel[m[K(ignition::math::Vector3d(0, 0, 0));
[13.197s]       |                   [01;31m[K^~~~~~~~~~~~[m[K
[13.214s] [01m[K/home/emma/turtlebot3_rl_ws/src/train_reset_plugin/src/train_reset_plugin.cpp:117:17:[m[K [01;31m[Kerror: [m[K‘[01m[Klink_name[m[K’ was not declared in this scope; did you mean ‘[01m[Klink_name_[m[K’?
[13.214s]   117 |             if ([01;31m[Klink_name[m[K == "left_link")
[13.214s]       |                 [01;31m[K^~~~~~~~~[m[K
[13.214s]       |                 [32m[Klink_name_[m[K
[13.234s] [01m[K/home/emma/turtlebot3_rl_ws/src/train_reset_plugin/src/train_reset_plugin.cpp:119:17:[m[K [01;31m[Kerror: [m[K‘[01m[Klink_name[m[K’ was not declared in this scope; did you mean ‘[01m[Klink_name_[m[K’?
[13.234s]   119 |             if ([01;31m[Klink_name[m[K == "right_link")
[13.235s]       |                 [01;31m[K^~~~~~~~~[m[K
[13.235s]       |                 [32m[Klink_name_[m[K
[13.283s] [01m[K/home/emma/turtlebot3_rl_ws/src/train_reset_plugin/src/train_reset_plugin.cpp:122:13:[m[K [01;31m[Kerror: [m[K‘[01m[Kdoors_active_[m[K’ was not declared in this scope; did you mean ‘[01m[Kdoor_state_[m[K’?
[13.283s]   122 |             [01;31m[Kdoors_active_[m[K = false;
[13.283s]       |             [01;31m[K^~~~~~~~~~~~~[m[K
[13.283s]       |             [32m[Kdoor_state_[m[K
[13.321s] [01m[K/home/emma/turtlebot3_rl_ws/src/train_reset_plugin/src/train_reset_plugin.cpp:152:31:[m[K [01;31m[Kerror: [m[K‘[01m[Ksim_time[m[K’ was not declared in this scope; did you mean ‘[01m[Ksi_stime[m[K’?
[13.322s]   152 |           door_timer_start_ = [01;31m[Ksim_time[m[K;
[13.322s]       |                               [01;31m[K^~~~~~~~[m[K
[13.322s]       |                               [32m[Ksi_stime[m[K
[18.869s] gmake[2]: *** [CMakeFiles/train_reset_plugin.dir/build.make:76: CMakeFiles/train_reset_plugin.dir/src/train_reset_plugin.cpp.o] Error 1
[18.874s] gmake[1]: *** [CMakeFiles/Makefile2:137: CMakeFiles/train_reset_plugin.dir/all] Error 2
[18.875s] gmake: *** [Makefile:146: all] Error 2
[18.882s] Invoked command in '/home/emma/turtlebot3_rl_ws/build/train_reset_plugin' returned '2': /usr/bin/cmake --build /home/emma/turtlebot3_rl_ws/build/train_reset_plugin -- -j4 -l4
