[0.094s] Invoking command in '/home/emma/turtlebot3_rl_ws/build/contact_plugin': /usr/bin/cmake --build /home/emma/turtlebot3_rl_ws/build/contact_plugin -- -j4 -l4
[0.856s] [100%] Built target contact_plugin
[1.304s] Invoked command in '/home/emma/turtlebot3_rl_ws/build/contact_plugin' returned '0': /usr/bin/cmake --build /home/emma/turtlebot3_rl_ws/build/contact_plugin -- -j4 -l4
[1.311s] Invoking command in '/home/emma/turtlebot3_rl_ws/build/contact_plugin': /usr/bin/cmake --install /home/emma/turtlebot3_rl_ws/build/contact_plugin
[1.342s] -- Install configuration: ""
[1.342s] -- Up-to-date: /home/emma/turtlebot3_rl_ws/install/contact_plugin/lib/libcontact_plugin.so
[1.342s] -- Up-to-date: /home/emma/turtlebot3_rl_ws/install/contact_plugin/share/ament_index/resource_index/package_run_dependencies/contact_plugin
[1.342s] -- Up-to-date: /home/emma/turtlebot3_rl_ws/install/contact_plugin/share/ament_index/resource_index/parent_prefix_path/contact_plugin
[1.343s] -- Up-to-date: /home/emma/turtlebot3_rl_ws/install/contact_plugin/share/contact_plugin/environment/ament_prefix_path.sh
[1.343s] -- Up-to-date: /home/emma/turtlebot3_rl_ws/install/contact_plugin/share/contact_plugin/environment/ament_prefix_path.dsv
[1.343s] -- Up-to-date: /home/emma/turtlebot3_rl_ws/install/contact_plugin/share/contact_plugin/environment/path.sh
[1.343s] -- Up-to-date: /home/emma/turtlebot3_rl_ws/install/contact_plugin/share/contact_plugin/environment/path.dsv
[1.343s] -- Up-to-date: /home/emma/turtlebot3_rl_ws/install/contact_plugin/share/contact_plugin/local_setup.bash
[1.343s] -- Up-to-date: /home/emma/turtlebot3_rl_ws/install/contact_plugin/share/contact_plugin/local_setup.sh
[1.343s] -- Up-to-date: /home/emma/turtlebot3_rl_ws/install/contact_plugin/share/contact_plugin/local_setup.zsh
[1.343s] -- Up-to-date: /home/emma/turtlebot3_rl_ws/install/contact_plugin/share/contact_plugin/local_setup.dsv
[1.343s] -- Installing: /home/emma/turtlebot3_rl_ws/install/contact_plugin/share/contact_plugin/package.dsv
[1.343s] -- Up-to-date: /home/emma/turtlebot3_rl_ws/install/contact_plugin/share/ament_index/resource_index/packages/contact_plugin
[1.343s] -- Up-to-date: /home/emma/turtlebot3_rl_ws/install/contact_plugin/share/contact_plugin/cmake/contact_pluginConfig.cmake
[1.343s] -- Up-to-date: /home/emma/turtlebot3_rl_ws/install/contact_plugin/share/contact_plugin/cmake/contact_pluginConfig-version.cmake
[1.343s] -- Up-to-date: /home/emma/turtlebot3_rl_ws/install/contact_plugin/share/contact_plugin/package.xml
[1.394s] Invoked command in '/home/emma/turtlebot3_rl_ws/build/contact_plugin' returned '0': /usr/bin/cmake --install /home/emma/turtlebot3_rl_ws/build/contact_plugin
