[0.098s] Invoking command in '/home/emma/turtlebot3_rl_ws/build/bot_reset_plugin': /usr/bin/cmake --build /home/emma/turtlebot3_rl_ws/build/bot_reset_plugin -- -j4 -l4
[1.034s] [100%] Built target bot_reset_plugin
[1.195s] Invoked command in '/home/emma/turtlebot3_rl_ws/build/bot_reset_plugin' returned '0': /usr/bin/cmake --build /home/emma/turtlebot3_rl_ws/build/bot_reset_plugin -- -j4 -l4
[1.199s] Invoking command in '/home/emma/turtlebot3_rl_ws/build/bot_reset_plugin': /usr/bin/cmake --install /home/emma/turtlebot3_rl_ws/build/bot_reset_plugin
[1.267s] -- Install configuration: ""
[1.268s] -- Up-to-date: /home/emma/turtlebot3_rl_ws/install/bot_reset_plugin/lib/libbot_reset_plugin.so
[1.269s] -- Up-to-date: /home/emma/turtlebot3_rl_ws/install/bot_reset_plugin/share/ament_index/resource_index/package_run_dependencies/bot_reset_plugin
[1.269s] -- Up-to-date: /home/emma/turtlebot3_rl_ws/install/bot_reset_plugin/share/ament_index/resource_index/parent_prefix_path/bot_reset_plugin
[1.269s] -- Up-to-date: /home/emma/turtlebot3_rl_ws/install/bot_reset_plugin/share/bot_reset_plugin/environment/ament_prefix_path.sh
[1.269s] -- Up-to-date: /home/emma/turtlebot3_rl_ws/install/bot_reset_plugin/share/bot_reset_plugin/environment/ament_prefix_path.dsv
[1.269s] -- Up-to-date: /home/emma/turtlebot3_rl_ws/install/bot_reset_plugin/share/bot_reset_plugin/environment/path.sh
[1.269s] -- Up-to-date: /home/emma/turtlebot3_rl_ws/install/bot_reset_plugin/share/bot_reset_plugin/environment/path.dsv
[1.269s] -- Up-to-date: /home/emma/turtlebot3_rl_ws/install/bot_reset_plugin/share/bot_reset_plugin/local_setup.bash
[1.269s] -- Up-to-date: /home/emma/turtlebot3_rl_ws/install/bot_reset_plugin/share/bot_reset_plugin/local_setup.sh
[1.269s] -- Up-to-date: /home/emma/turtlebot3_rl_ws/install/bot_reset_plugin/share/bot_reset_plugin/local_setup.zsh
[1.269s] -- Up-to-date: /home/emma/turtlebot3_rl_ws/install/bot_reset_plugin/share/bot_reset_plugin/local_setup.dsv
[1.269s] -- Installing: /home/emma/turtlebot3_rl_ws/install/bot_reset_plugin/share/bot_reset_plugin/package.dsv
[1.269s] -- Up-to-date: /home/emma/turtlebot3_rl_ws/install/bot_reset_plugin/share/ament_index/resource_index/packages/bot_reset_plugin
[1.270s] -- Up-to-date: /home/emma/turtlebot3_rl_ws/install/bot_reset_plugin/share/bot_reset_plugin/cmake/bot_reset_pluginConfig.cmake
[1.270s] -- Up-to-date: /home/emma/turtlebot3_rl_ws/install/bot_reset_plugin/share/bot_reset_plugin/cmake/bot_reset_pluginConfig-version.cmake
[1.270s] -- Up-to-date: /home/emma/turtlebot3_rl_ws/install/bot_reset_plugin/share/bot_reset_plugin/package.xml
[1.391s] Invoked command in '/home/emma/turtlebot3_rl_ws/build/bot_reset_plugin' returned '0': /usr/bin/cmake --install /home/emma/turtlebot3_rl_ws/build/bot_reset_plugin
