[0.042s] Invoking command in '/home/emma/turtlebot3_rl_ws/build/bot_reset_plugin': /usr/bin/cmake --build /home/emma/turtlebot3_rl_ws/build/bot_reset_plugin -- -j4 -l4
[0.867s] [100%] Built target bot_reset_plugin
[1.521s] Invoked command in '/home/emma/turtlebot3_rl_ws/build/bot_reset_plugin' returned '0': /usr/bin/cmake --build /home/emma/turtlebot3_rl_ws/build/bot_reset_plugin -- -j4 -l4
[1.522s] Invoking command in '/home/emma/turtlebot3_rl_ws/build/bot_reset_plugin': /usr/bin/cmake --install /home/emma/turtlebot3_rl_ws/build/bot_reset_plugin
[1.563s] -- Install configuration: ""
[1.564s] -- Up-to-date: /home/emma/turtlebot3_rl_ws/install/bot_reset_plugin/lib/libbot_reset_plugin.so
[1.565s] -- Up-to-date: /home/emma/turtlebot3_rl_ws/install/bot_reset_plugin/share/ament_index/resource_index/package_run_dependencies/bot_reset_plugin
[1.567s] -- Up-to-date: /home/emma/turtlebot3_rl_ws/install/bot_reset_plugin/share/ament_index/resource_index/parent_prefix_path/bot_reset_plugin
[1.568s] -- Up-to-date: /home/emma/turtlebot3_rl_ws/install/bot_reset_plugin/share/bot_reset_plugin/environment/ament_prefix_path.sh
[1.568s] -- Up-to-date: /home/emma/turtlebot3_rl_ws/install/bot_reset_plugin/share/bot_reset_plugin/environment/ament_prefix_path.dsv
[1.569s] -- Up-to-date: /home/emma/turtlebot3_rl_ws/install/bot_reset_plugin/share/bot_reset_plugin/environment/path.sh
[1.570s] -- Up-to-date: /home/emma/turtlebot3_rl_ws/install/bot_reset_plugin/share/bot_reset_plugin/environment/path.dsv
[1.571s] -- Up-to-date: /home/emma/turtlebot3_rl_ws/install/bot_reset_plugin/share/bot_reset_plugin/local_setup.bash
[1.572s] -- Up-to-date: /home/emma/turtlebot3_rl_ws/install/bot_reset_plugin/share/bot_reset_plugin/local_setup.sh
[1.572s] -- Up-to-date: /home/emma/turtlebot3_rl_ws/install/bot_reset_plugin/share/bot_reset_plugin/local_setup.zsh
[1.572s] -- Up-to-date: /home/emma/turtlebot3_rl_ws/install/bot_reset_plugin/share/bot_reset_plugin/local_setup.dsv
[1.572s] -- Installing: /home/emma/turtlebot3_rl_ws/install/bot_reset_plugin/share/bot_reset_plugin/package.dsv
[1.572s] -- Up-to-date: /home/emma/turtlebot3_rl_ws/install/bot_reset_plugin/share/ament_index/resource_index/packages/bot_reset_plugin
[1.572s] -- Up-to-date: /home/emma/turtlebot3_rl_ws/install/bot_reset_plugin/share/bot_reset_plugin/cmake/bot_reset_pluginConfig.cmake
[1.572s] -- Up-to-date: /home/emma/turtlebot3_rl_ws/install/bot_reset_plugin/share/bot_reset_plugin/cmake/bot_reset_pluginConfig-version.cmake
[1.572s] -- Up-to-date: /home/emma/turtlebot3_rl_ws/install/bot_reset_plugin/share/bot_reset_plugin/package.xml
[1.623s] Invoked command in '/home/emma/turtlebot3_rl_ws/build/bot_reset_plugin' returned '0': /usr/bin/cmake --install /home/emma/turtlebot3_rl_ws/build/bot_reset_plugin
