[0.118s] DEBUG:colcon:Command line arguments: ['/usr/bin/colcon', 'build']
[0.118s] DEBUG:colcon:Parsed command line arguments: Namespace(log_base=None, log_level=None, verb_name='build', build_base='build', install_base='install', merge_install=False, symlink_install=False, test_result_base=None, continue_on_error=False, executor='parallel', parallel_workers=4, event_handlers=None, ignore_user_meta=False, metas=['./colcon.meta'], base_paths=['.'], packages_ignore=None, packages_ignore_regex=None, paths=None, packages_up_to=None, packages_up_to_regex=None, packages_above=None, packages_above_and_dependencies=None, packages_above_depth=None, packages_select_by_dep=None, packages_skip_by_dep=None, packages_skip_up_to=None, packages_select_build_failed=False, packages_skip_build_finished=False, packages_select_test_failures=False, packages_skip_test_passed=False, packages_select=None, packages_skip=None, packages_select_regex=None, packages_skip_regex=None, packages_start=None, packages_end=None, allow_overriding=[], cmake_args=None, cmake_target=None, cmake_target_skip_unavailable=False, cmake_clean_cache=False, cmake_clean_first=False, cmake_force_configure=False, ament_cmake_args=None, catkin_cmake_args=None, catkin_skip_building_tests=False, verb_parser=<colcon_defaults.argument_parser.defaults.DefaultArgumentsDecorator object at 0x797a867a3cd0>, verb_extension=<colcon_core.verb.build.BuildVerb object at 0x797a867a2e90>, main=<bound method BuildVerb.main of <colcon_core.verb.build.BuildVerb object at 0x797a867a2e90>>)
[0.301s] Level 1:colcon.colcon_core.package_discovery:discover_packages(colcon_meta) check parameters
[0.301s] Level 1:colcon.colcon_core.package_discovery:discover_packages(recursive) check parameters
[0.302s] Level 1:colcon.colcon_core.package_discovery:discover_packages(ignore) check parameters
[0.302s] Level 1:colcon.colcon_core.package_discovery:discover_packages(path) check parameters
[0.302s] Level 1:colcon.colcon_core.package_discovery:discover_packages(colcon_meta) discover
[0.302s] Level 1:colcon.colcon_core.package_discovery:discover_packages(recursive) discover
[0.302s] INFO:colcon.colcon_core.package_discovery:Crawling recursively for packages in '/home/emma/turtlebot3_rl_ws'
[0.302s] Level 1:colcon.colcon_core.package_identification:_identify(.) by extensions ['ignore', 'ignore_ament_install']
[0.302s] Level 1:colcon.colcon_core.package_identification:_identify(.) by extension 'ignore'
[0.303s] Level 1:colcon.colcon_core.package_identification:_identify(.) by extension 'ignore_ament_install'
[0.303s] Level 1:colcon.colcon_core.package_identification:_identify(.) by extensions ['colcon_pkg']
[0.303s] Level 1:colcon.colcon_core.package_identification:_identify(.) by extension 'colcon_pkg'
[0.303s] Level 1:colcon.colcon_core.package_identification:_identify(.) by extensions ['colcon_meta']
[0.303s] Level 1:colcon.colcon_core.package_identification:_identify(.) by extension 'colcon_meta'
[0.303s] Level 1:colcon.colcon_core.package_identification:_identify(.) by extensions ['ros']
[0.303s] Level 1:colcon.colcon_core.package_identification:_identify(.) by extension 'ros'
[0.313s] Level 1:colcon.colcon_core.package_identification:_identify(.) by extensions ['cmake', 'python']
[0.313s] Level 1:colcon.colcon_core.package_identification:_identify(.) by extension 'cmake'
[0.314s] Level 1:colcon.colcon_core.package_identification:_identify(.) by extension 'python'
[0.314s] Level 1:colcon.colcon_core.package_identification:_identify(.) by extensions ['python_setup_py']
[0.314s] Level 1:colcon.colcon_core.package_identification:_identify(.) by extension 'python_setup_py'
[0.315s] Level 1:colcon.colcon_core.package_identification:_identify(build) by extensions ['ignore', 'ignore_ament_install']
[0.315s] Level 1:colcon.colcon_core.package_identification:_identify(build) by extension 'ignore'
[0.315s] Level 1:colcon.colcon_core.package_identification:_identify(build) ignored
[0.317s] Level 1:colcon.colcon_core.package_identification:_identify(install) by extensions ['ignore', 'ignore_ament_install']
[0.317s] Level 1:colcon.colcon_core.package_identification:_identify(install) by extension 'ignore'
[0.317s] Level 1:colcon.colcon_core.package_identification:_identify(install) ignored
[0.317s] Level 1:colcon.colcon_core.package_identification:_identify(log) by extensions ['ignore', 'ignore_ament_install']
[0.318s] Level 1:colcon.colcon_core.package_identification:_identify(log) by extension 'ignore'
[0.318s] Level 1:colcon.colcon_core.package_identification:_identify(log) ignored
[0.318s] Level 1:colcon.colcon_core.package_identification:_identify(src) by extensions ['ignore', 'ignore_ament_install']
[0.318s] Level 1:colcon.colcon_core.package_identification:_identify(src) by extension 'ignore'
[0.318s] Level 1:colcon.colcon_core.package_identification:_identify(src) by extension 'ignore_ament_install'
[0.318s] Level 1:colcon.colcon_core.package_identification:_identify(src) by extensions ['colcon_pkg']
[0.318s] Level 1:colcon.colcon_core.package_identification:_identify(src) by extension 'colcon_pkg'
[0.318s] Level 1:colcon.colcon_core.package_identification:_identify(src) by extensions ['colcon_meta']
[0.318s] Level 1:colcon.colcon_core.package_identification:_identify(src) by extension 'colcon_meta'
[0.318s] Level 1:colcon.colcon_core.package_identification:_identify(src) by extensions ['ros']
[0.318s] Level 1:colcon.colcon_core.package_identification:_identify(src) by extension 'ros'
[0.318s] Level 1:colcon.colcon_core.package_identification:_identify(src) by extensions ['cmake', 'python']
[0.318s] Level 1:colcon.colcon_core.package_identification:_identify(src) by extension 'cmake'
[0.318s] Level 1:colcon.colcon_core.package_identification:_identify(src) by extension 'python'
[0.319s] Level 1:colcon.colcon_core.package_identification:_identify(src) by extensions ['python_setup_py']
[0.319s] Level 1:colcon.colcon_core.package_identification:_identify(src) by extension 'python_setup_py'
[0.319s] Level 1:colcon.colcon_core.package_identification:_identify(src/build) by extensions ['ignore', 'ignore_ament_install']
[0.319s] Level 1:colcon.colcon_core.package_identification:_identify(src/build) by extension 'ignore'
[0.319s] Level 1:colcon.colcon_core.package_identification:_identify(src/build) ignored
[0.319s] Level 1:colcon.colcon_core.package_identification:_identify(src/install) by extensions ['ignore', 'ignore_ament_install']
[0.319s] Level 1:colcon.colcon_core.package_identification:_identify(src/install) by extension 'ignore'
[0.319s] Level 1:colcon.colcon_core.package_identification:_identify(src/install) ignored
[0.320s] Level 1:colcon.colcon_core.package_identification:_identify(src/log) by extensions ['ignore', 'ignore_ament_install']
[0.320s] Level 1:colcon.colcon_core.package_identification:_identify(src/log) by extension 'ignore'
[0.320s] Level 1:colcon.colcon_core.package_identification:_identify(src/log) ignored
[0.320s] Level 1:colcon.colcon_core.package_identification:_identify(src/my_turtlebot3_gazebo) by extensions ['ignore', 'ignore_ament_install']
[0.320s] Level 1:colcon.colcon_core.package_identification:_identify(src/my_turtlebot3_gazebo) by extension 'ignore'
[0.320s] Level 1:colcon.colcon_core.package_identification:_identify(src/my_turtlebot3_gazebo) by extension 'ignore_ament_install'
[0.320s] Level 1:colcon.colcon_core.package_identification:_identify(src/my_turtlebot3_gazebo) by extensions ['colcon_pkg']
[0.320s] Level 1:colcon.colcon_core.package_identification:_identify(src/my_turtlebot3_gazebo) by extension 'colcon_pkg'
[0.321s] Level 1:colcon.colcon_core.package_identification:_identify(src/my_turtlebot3_gazebo) by extensions ['colcon_meta']
[0.321s] Level 1:colcon.colcon_core.package_identification:_identify(src/my_turtlebot3_gazebo) by extension 'colcon_meta'
[0.321s] Level 1:colcon.colcon_core.package_identification:_identify(src/my_turtlebot3_gazebo) by extensions ['ros']
[0.321s] Level 1:colcon.colcon_core.package_identification:_identify(src/my_turtlebot3_gazebo) by extension 'ros'
[0.323s] DEBUG:colcon.colcon_core.package_identification:Package 'src/my_turtlebot3_gazebo' with type 'ros.ament_cmake' and name 'my_turtlebot3_gazebo'
[0.323s] Level 1:colcon.colcon_core.package_identification:_identify(src/train_controller) by extensions ['ignore', 'ignore_ament_install']
[0.324s] Level 1:colcon.colcon_core.package_identification:_identify(src/train_controller) by extension 'ignore'
[0.324s] Level 1:colcon.colcon_core.package_identification:_identify(src/train_controller) by extension 'ignore_ament_install'
[0.324s] Level 1:colcon.colcon_core.package_identification:_identify(src/train_controller) by extensions ['colcon_pkg']
[0.324s] Level 1:colcon.colcon_core.package_identification:_identify(src/train_controller) by extension 'colcon_pkg'
[0.324s] Level 1:colcon.colcon_core.package_identification:_identify(src/train_controller) by extensions ['colcon_meta']
[0.324s] Level 1:colcon.colcon_core.package_identification:_identify(src/train_controller) by extension 'colcon_meta'
[0.324s] Level 1:colcon.colcon_core.package_identification:_identify(src/train_controller) by extensions ['ros']
[0.324s] Level 1:colcon.colcon_core.package_identification:_identify(src/train_controller) by extension 'ros'
[0.325s] DEBUG:colcon.colcon_core.package_identification:Package 'src/train_controller' with type 'ros.ament_python' and name 'train_controller'
[0.325s] Level 1:colcon.colcon_core.package_identification:_identify(src/turtlebot3_rl) by extensions ['ignore', 'ignore_ament_install']
[0.325s] Level 1:colcon.colcon_core.package_identification:_identify(src/turtlebot3_rl) by extension 'ignore'
[0.325s] Level 1:colcon.colcon_core.package_identification:_identify(src/turtlebot3_rl) by extension 'ignore_ament_install'
[0.325s] Level 1:colcon.colcon_core.package_identification:_identify(src/turtlebot3_rl) by extensions ['colcon_pkg']
[0.326s] Level 1:colcon.colcon_core.package_identification:_identify(src/turtlebot3_rl) by extension 'colcon_pkg'
[0.326s] Level 1:colcon.colcon_core.package_identification:_identify(src/turtlebot3_rl) by extensions ['colcon_meta']
[0.326s] Level 1:colcon.colcon_core.package_identification:_identify(src/turtlebot3_rl) by extension 'colcon_meta'
[0.326s] Level 1:colcon.colcon_core.package_identification:_identify(src/turtlebot3_rl) by extensions ['ros']
[0.326s] Level 1:colcon.colcon_core.package_identification:_identify(src/turtlebot3_rl) by extension 'ros'
[0.326s] DEBUG:colcon.colcon_core.package_identification:Package 'src/turtlebot3_rl' with type 'ros.ament_python' and name 'turtlebot3_rl'
[0.326s] Level 1:colcon.colcon_core.package_discovery:discover_packages(recursive) using defaults
[0.327s] Level 1:colcon.colcon_core.package_discovery:discover_packages(ignore) discover
[0.327s] Level 1:colcon.colcon_core.package_discovery:discover_packages(ignore) using defaults
[0.327s] Level 1:colcon.colcon_core.package_discovery:discover_packages(path) discover
[0.327s] Level 1:colcon.colcon_core.package_discovery:discover_packages(path) using defaults
[0.355s] Level 1:colcon.colcon_core.package_discovery:discover_packages(prefix_path) check parameters
[0.355s] Level 1:colcon.colcon_core.package_discovery:discover_packages(prefix_path) discover
[0.357s] DEBUG:colcon.colcon_installed_package_information.package_discovery:Found 3 installed packages in /home/emma/turtlebot3_rl_ws/install
[0.359s] DEBUG:colcon.colcon_installed_package_information.package_discovery:Found 295 installed packages in /opt/ros/humble
[0.360s] Level 1:colcon.colcon_core.package_discovery:discover_packages(prefix_path) using defaults
[0.401s] Level 5:colcon.colcon_core.verb:set package 'my_turtlebot3_gazebo' build argument 'cmake_args' from command line to 'None'
[0.401s] Level 5:colcon.colcon_core.verb:set package 'my_turtlebot3_gazebo' build argument 'cmake_target' from command line to 'None'
[0.401s] Level 5:colcon.colcon_core.verb:set package 'my_turtlebot3_gazebo' build argument 'cmake_target_skip_unavailable' from command line to 'False'
[0.401s] Level 5:colcon.colcon_core.verb:set package 'my_turtlebot3_gazebo' build argument 'cmake_clean_cache' from command line to 'False'
[0.401s] Level 5:colcon.colcon_core.verb:set package 'my_turtlebot3_gazebo' build argument 'cmake_clean_first' from command line to 'False'
[0.401s] Level 5:colcon.colcon_core.verb:set package 'my_turtlebot3_gazebo' build argument 'cmake_force_configure' from command line to 'False'
[0.401s] Level 5:colcon.colcon_core.verb:set package 'my_turtlebot3_gazebo' build argument 'ament_cmake_args' from command line to 'None'
[0.401s] Level 5:colcon.colcon_core.verb:set package 'my_turtlebot3_gazebo' build argument 'catkin_cmake_args' from command line to 'None'
[0.402s] Level 5:colcon.colcon_core.verb:set package 'my_turtlebot3_gazebo' build argument 'catkin_skip_building_tests' from command line to 'False'
[0.402s] DEBUG:colcon.colcon_core.verb:Building package 'my_turtlebot3_gazebo' with the following arguments: {'ament_cmake_args': None, 'build_base': '/home/emma/turtlebot3_rl_ws/build/my_turtlebot3_gazebo', 'catkin_cmake_args': None, 'catkin_skip_building_tests': False, 'cmake_args': None, 'cmake_clean_cache': False, 'cmake_clean_first': False, 'cmake_force_configure': False, 'cmake_target': None, 'cmake_target_skip_unavailable': False, 'install_base': '/home/emma/turtlebot3_rl_ws/install/my_turtlebot3_gazebo', 'merge_install': False, 'path': '/home/emma/turtlebot3_rl_ws/src/my_turtlebot3_gazebo', 'symlink_install': False, 'test_result_base': None}
[0.402s] Level 5:colcon.colcon_core.verb:set package 'train_controller' build argument 'cmake_args' from command line to 'None'
[0.402s] Level 5:colcon.colcon_core.verb:set package 'train_controller' build argument 'cmake_target' from command line to 'None'
[0.402s] Level 5:colcon.colcon_core.verb:set package 'train_controller' build argument 'cmake_target_skip_unavailable' from command line to 'False'
[0.402s] Level 5:colcon.colcon_core.verb:set package 'train_controller' build argument 'cmake_clean_cache' from command line to 'False'
[0.402s] Level 5:colcon.colcon_core.verb:set package 'train_controller' build argument 'cmake_clean_first' from command line to 'False'
[0.402s] Level 5:colcon.colcon_core.verb:set package 'train_controller' build argument 'cmake_force_configure' from command line to 'False'
[0.402s] Level 5:colcon.colcon_core.verb:set package 'train_controller' build argument 'ament_cmake_args' from command line to 'None'
[0.402s] Level 5:colcon.colcon_core.verb:set package 'train_controller' build argument 'catkin_cmake_args' from command line to 'None'
[0.402s] Level 5:colcon.colcon_core.verb:set package 'train_controller' build argument 'catkin_skip_building_tests' from command line to 'False'
[0.403s] DEBUG:colcon.colcon_core.verb:Building package 'train_controller' with the following arguments: {'ament_cmake_args': None, 'build_base': '/home/emma/turtlebot3_rl_ws/build/train_controller', 'catkin_cmake_args': None, 'catkin_skip_building_tests': False, 'cmake_args': None, 'cmake_clean_cache': False, 'cmake_clean_first': False, 'cmake_force_configure': False, 'cmake_target': None, 'cmake_target_skip_unavailable': False, 'install_base': '/home/emma/turtlebot3_rl_ws/install/train_controller', 'merge_install': False, 'path': '/home/emma/turtlebot3_rl_ws/src/train_controller', 'symlink_install': False, 'test_result_base': None}
[0.403s] Level 5:colcon.colcon_core.verb:set package 'turtlebot3_rl' build argument 'cmake_args' from command line to 'None'
[0.403s] Level 5:colcon.colcon_core.verb:set package 'turtlebot3_rl' build argument 'cmake_target' from command line to 'None'
[0.403s] Level 5:colcon.colcon_core.verb:set package 'turtlebot3_rl' build argument 'cmake_target_skip_unavailable' from command line to 'False'
[0.403s] Level 5:colcon.colcon_core.verb:set package 'turtlebot3_rl' build argument 'cmake_clean_cache' from command line to 'False'
[0.403s] Level 5:colcon.colcon_core.verb:set package 'turtlebot3_rl' build argument 'cmake_clean_first' from command line to 'False'
[0.403s] Level 5:colcon.colcon_core.verb:set package 'turtlebot3_rl' build argument 'cmake_force_configure' from command line to 'False'
[0.403s] Level 5:colcon.colcon_core.verb:set package 'turtlebot3_rl' build argument 'ament_cmake_args' from command line to 'None'
[0.403s] Level 5:colcon.colcon_core.verb:set package 'turtlebot3_rl' build argument 'catkin_cmake_args' from command line to 'None'
[0.403s] Level 5:colcon.colcon_core.verb:set package 'turtlebot3_rl' build argument 'catkin_skip_building_tests' from command line to 'False'
[0.403s] DEBUG:colcon.colcon_core.verb:Building package 'turtlebot3_rl' with the following arguments: {'ament_cmake_args': None, 'build_base': '/home/emma/turtlebot3_rl_ws/build/turtlebot3_rl', 'catkin_cmake_args': None, 'catkin_skip_building_tests': False, 'cmake_args': None, 'cmake_clean_cache': False, 'cmake_clean_first': False, 'cmake_force_configure': False, 'cmake_target': None, 'cmake_target_skip_unavailable': False, 'install_base': '/home/emma/turtlebot3_rl_ws/install/turtlebot3_rl', 'merge_install': False, 'path': '/home/emma/turtlebot3_rl_ws/src/turtlebot3_rl', 'symlink_install': False, 'test_result_base': None}
[0.404s] INFO:colcon.colcon_core.executor:Executing jobs using 'parallel' executor
[0.406s] DEBUG:colcon.colcon_parallel_executor.executor.parallel:run_until_complete
[0.407s] INFO:colcon.colcon_ros.task.ament_cmake.build:Building ROS package in '/home/emma/turtlebot3_rl_ws/src/my_turtlebot3_gazebo' with build type 'ament_cmake'
[0.408s] INFO:colcon.colcon_cmake.task.cmake.build:Building CMake package in '/home/emma/turtlebot3_rl_ws/src/my_turtlebot3_gazebo'
[0.410s] INFO:colcon.colcon_core.plugin_system:Skipping extension 'colcon_core.shell.bat': Not used on non-Windows systems
[0.410s] INFO:colcon.colcon_core.shell:Skip shell extension 'powershell' for command environment: Not usable outside of PowerShell
[0.410s] DEBUG:colcon.colcon_core.shell:Skip shell extension 'dsv' for command environment
[0.414s] INFO:colcon.colcon_ros.task.ament_python.build:Building ROS package in '/home/emma/turtlebot3_rl_ws/src/train_controller' with build type 'ament_python'
[0.415s] Level 1:colcon.colcon_core.shell:create_environment_hook('train_controller', 'ament_prefix_path')
[0.415s] INFO:colcon.colcon_core.shell:Creating environment hook '/home/emma/turtlebot3_rl_ws/install/train_controller/share/train_controller/hook/ament_prefix_path.ps1'
[0.417s] INFO:colcon.colcon_core.shell:Creating environment descriptor '/home/emma/turtlebot3_rl_ws/install/train_controller/share/train_controller/hook/ament_prefix_path.dsv'
[0.417s] INFO:colcon.colcon_core.shell:Creating environment hook '/home/emma/turtlebot3_rl_ws/install/train_controller/share/train_controller/hook/ament_prefix_path.sh'
[0.419s] INFO:colcon.colcon_core.shell:Skip shell extension 'powershell' for command environment: Not usable outside of PowerShell
[0.419s] DEBUG:colcon.colcon_core.shell:Skip shell extension 'dsv' for command environment
[0.424s] INFO:colcon.colcon_ros.task.ament_python.build:Building ROS package in '/home/emma/turtlebot3_rl_ws/src/turtlebot3_rl' with build type 'ament_python'
[0.425s] Level 1:colcon.colcon_core.shell:create_environment_hook('turtlebot3_rl', 'ament_prefix_path')
[0.425s] INFO:colcon.colcon_core.shell:Creating environment hook '/home/emma/turtlebot3_rl_ws/install/turtlebot3_rl/share/turtlebot3_rl/hook/ament_prefix_path.ps1'
[0.426s] INFO:colcon.colcon_core.shell:Creating environment descriptor '/home/emma/turtlebot3_rl_ws/install/turtlebot3_rl/share/turtlebot3_rl/hook/ament_prefix_path.dsv'
[0.429s] INFO:colcon.colcon_core.shell:Creating environment hook '/home/emma/turtlebot3_rl_ws/install/turtlebot3_rl/share/turtlebot3_rl/hook/ament_prefix_path.sh'
[0.432s] INFO:colcon.colcon_core.shell:Skip shell extension 'powershell' for command environment: Not usable outside of PowerShell
[0.432s] DEBUG:colcon.colcon_core.shell:Skip shell extension 'dsv' for command environment
[0.444s] DEBUG:colcon.colcon_core.event_handler.log_command:Invoking command in '/home/emma/turtlebot3_rl_ws/build/my_turtlebot3_gazebo': CMAKE_PREFIX_PATH=${CMAKE_PREFIX_PATH}:/home/emma/turtlebot3_rl_ws/install/turtlebot3_rl:/home/emma/turtlebot3_rl_ws/install/train_controller:/opt/ros/humble /usr/bin/cmake --build /home/emma/turtlebot3_rl_ws/build/my_turtlebot3_gazebo -- -j4 -l4
[0.755s] INFO:colcon.colcon_core.task.python.build:Building Python package in '/home/emma/turtlebot3_rl_ws/src/train_controller'
[0.757s] INFO:colcon.colcon_core.shell:Skip shell extension 'powershell' for command environment: Not usable outside of PowerShell
[0.759s] DEBUG:colcon.colcon_core.shell:Skip shell extension 'dsv' for command environment
[1.104s] INFO:colcon.colcon_core.task.python.build:Building Python package in '/home/emma/turtlebot3_rl_ws/src/turtlebot3_rl'
[1.105s] INFO:colcon.colcon_core.shell:Skip shell extension 'powershell' for command environment: Not usable outside of PowerShell
[1.105s] DEBUG:colcon.colcon_core.shell:Skip shell extension 'dsv' for command environment
[1.117s] DEBUG:colcon.colcon_core.event_handler.log_command:Invoked command in '/home/emma/turtlebot3_rl_ws/build/my_turtlebot3_gazebo' returned '0': CMAKE_PREFIX_PATH=${CMAKE_PREFIX_PATH}:/home/emma/turtlebot3_rl_ws/install/turtlebot3_rl:/home/emma/turtlebot3_rl_ws/install/train_controller:/opt/ros/humble /usr/bin/cmake --build /home/emma/turtlebot3_rl_ws/build/my_turtlebot3_gazebo -- -j4 -l4
[1.136s] DEBUG:colcon.colcon_core.event_handler.log_command:Invoking command in '/home/emma/turtlebot3_rl_ws/build/my_turtlebot3_gazebo': CMAKE_PREFIX_PATH=${CMAKE_PREFIX_PATH}:/home/emma/turtlebot3_rl_ws/install/turtlebot3_rl:/home/emma/turtlebot3_rl_ws/install/train_controller:/opt/ros/humble /usr/bin/cmake --install /home/emma/turtlebot3_rl_ws/build/my_turtlebot3_gazebo
[1.187s] Level 1:colcon.colcon_core.environment:create_environment_scripts_only(my_turtlebot3_gazebo)
[1.188s] DEBUG:colcon.colcon_core.event_handler.log_command:Invoked command in '/home/emma/turtlebot3_rl_ws/build/my_turtlebot3_gazebo' returned '0': CMAKE_PREFIX_PATH=${CMAKE_PREFIX_PATH}:/home/emma/turtlebot3_rl_ws/install/turtlebot3_rl:/home/emma/turtlebot3_rl_ws/install/train_controller:/opt/ros/humble /usr/bin/cmake --install /home/emma/turtlebot3_rl_ws/build/my_turtlebot3_gazebo
[1.191s] Level 1:colcon.colcon_core.environment:checking '/home/emma/turtlebot3_rl_ws/install/my_turtlebot3_gazebo' for CMake module files
[1.192s] Level 1:colcon.colcon_core.environment:checking '/home/emma/turtlebot3_rl_ws/install/my_turtlebot3_gazebo' for CMake config files
[1.192s] Level 1:colcon.colcon_core.shell:create_environment_hook('my_turtlebot3_gazebo', 'cmake_prefix_path')
[1.192s] INFO:colcon.colcon_core.shell:Creating environment hook '/home/emma/turtlebot3_rl_ws/install/my_turtlebot3_gazebo/share/my_turtlebot3_gazebo/hook/cmake_prefix_path.ps1'
[1.193s] INFO:colcon.colcon_core.shell:Creating environment descriptor '/home/emma/turtlebot3_rl_ws/install/my_turtlebot3_gazebo/share/my_turtlebot3_gazebo/hook/cmake_prefix_path.dsv'
[1.194s] INFO:colcon.colcon_core.shell:Creating environment hook '/home/emma/turtlebot3_rl_ws/install/my_turtlebot3_gazebo/share/my_turtlebot3_gazebo/hook/cmake_prefix_path.sh'
[1.195s] Level 1:colcon.colcon_core.environment:checking '/home/emma/turtlebot3_rl_ws/install/my_turtlebot3_gazebo/lib'
[1.195s] Level 1:colcon.colcon_core.environment:checking '/home/emma/turtlebot3_rl_ws/install/my_turtlebot3_gazebo/bin'
[1.195s] Level 1:colcon.colcon_core.environment:checking '/home/emma/turtlebot3_rl_ws/install/my_turtlebot3_gazebo/lib/pkgconfig/my_turtlebot3_gazebo.pc'
[1.196s] Level 1:colcon.colcon_core.environment:checking '/home/emma/turtlebot3_rl_ws/install/my_turtlebot3_gazebo/lib/python3.10/site-packages'
[1.196s] Level 1:colcon.colcon_core.environment:checking '/home/emma/turtlebot3_rl_ws/install/my_turtlebot3_gazebo/bin'
[1.197s] INFO:colcon.colcon_core.shell:Creating package script '/home/emma/turtlebot3_rl_ws/install/my_turtlebot3_gazebo/share/my_turtlebot3_gazebo/package.ps1'
[1.198s] INFO:colcon.colcon_core.shell:Creating package descriptor '/home/emma/turtlebot3_rl_ws/install/my_turtlebot3_gazebo/share/my_turtlebot3_gazebo/package.dsv'
[1.202s] INFO:colcon.colcon_core.shell:Creating package script '/home/emma/turtlebot3_rl_ws/install/my_turtlebot3_gazebo/share/my_turtlebot3_gazebo/package.sh'
[1.203s] INFO:colcon.colcon_core.shell:Creating package script '/home/emma/turtlebot3_rl_ws/install/my_turtlebot3_gazebo/share/my_turtlebot3_gazebo/package.bash'
[1.204s] INFO:colcon.colcon_core.shell:Creating package script '/home/emma/turtlebot3_rl_ws/install/my_turtlebot3_gazebo/share/my_turtlebot3_gazebo/package.zsh'
[1.204s] Level 1:colcon.colcon_core.environment:create_file_with_runtime_dependencies(/home/emma/turtlebot3_rl_ws/install/my_turtlebot3_gazebo/share/colcon-core/packages/my_turtlebot3_gazebo)
[1.205s] Level 1:colcon.colcon_core.environment:create_environment_scripts_only(my_turtlebot3_gazebo)
[1.206s] Level 1:colcon.colcon_core.environment:checking '/home/emma/turtlebot3_rl_ws/install/my_turtlebot3_gazebo' for CMake module files
[1.206s] Level 1:colcon.colcon_core.environment:checking '/home/emma/turtlebot3_rl_ws/install/my_turtlebot3_gazebo' for CMake config files
[1.206s] Level 1:colcon.colcon_core.shell:create_environment_hook('my_turtlebot3_gazebo', 'cmake_prefix_path')
[1.207s] INFO:colcon.colcon_core.shell:Creating environment hook '/home/emma/turtlebot3_rl_ws/install/my_turtlebot3_gazebo/share/my_turtlebot3_gazebo/hook/cmake_prefix_path.ps1'
[1.207s] INFO:colcon.colcon_core.shell:Creating environment descriptor '/home/emma/turtlebot3_rl_ws/install/my_turtlebot3_gazebo/share/my_turtlebot3_gazebo/hook/cmake_prefix_path.dsv'
[1.208s] INFO:colcon.colcon_core.shell:Creating environment hook '/home/emma/turtlebot3_rl_ws/install/my_turtlebot3_gazebo/share/my_turtlebot3_gazebo/hook/cmake_prefix_path.sh'
[1.208s] Level 1:colcon.colcon_core.environment:checking '/home/emma/turtlebot3_rl_ws/install/my_turtlebot3_gazebo/lib'
[1.209s] Level 1:colcon.colcon_core.environment:checking '/home/emma/turtlebot3_rl_ws/install/my_turtlebot3_gazebo/bin'
[1.209s] Level 1:colcon.colcon_core.environment:checking '/home/emma/turtlebot3_rl_ws/install/my_turtlebot3_gazebo/lib/pkgconfig/my_turtlebot3_gazebo.pc'
[1.209s] Level 1:colcon.colcon_core.environment:checking '/home/emma/turtlebot3_rl_ws/install/my_turtlebot3_gazebo/lib/python3.10/site-packages'
[1.209s] Level 1:colcon.colcon_core.environment:checking '/home/emma/turtlebot3_rl_ws/install/my_turtlebot3_gazebo/bin'
[1.210s] INFO:colcon.colcon_core.shell:Creating package script '/home/emma/turtlebot3_rl_ws/install/my_turtlebot3_gazebo/share/my_turtlebot3_gazebo/package.ps1'
[1.215s] INFO:colcon.colcon_core.shell:Creating package descriptor '/home/emma/turtlebot3_rl_ws/install/my_turtlebot3_gazebo/share/my_turtlebot3_gazebo/package.dsv'
[1.216s] INFO:colcon.colcon_core.shell:Creating package script '/home/emma/turtlebot3_rl_ws/install/my_turtlebot3_gazebo/share/my_turtlebot3_gazebo/package.sh'
[1.216s] INFO:colcon.colcon_core.shell:Creating package script '/home/emma/turtlebot3_rl_ws/install/my_turtlebot3_gazebo/share/my_turtlebot3_gazebo/package.bash'
[1.217s] INFO:colcon.colcon_core.shell:Creating package script '/home/emma/turtlebot3_rl_ws/install/my_turtlebot3_gazebo/share/my_turtlebot3_gazebo/package.zsh'
[1.218s] Level 1:colcon.colcon_core.environment:create_file_with_runtime_dependencies(/home/emma/turtlebot3_rl_ws/install/my_turtlebot3_gazebo/share/colcon-core/packages/my_turtlebot3_gazebo)
[1.621s] DEBUG:colcon.colcon_core.event_handler.log_command:Invoking command in '/home/emma/turtlebot3_rl_ws/src/train_controller': PYTHONPATH=/home/emma/turtlebot3_rl_ws/build/train_controller/prefix_override:/usr/lib/python3/dist-packages/colcon_core/task/python/colcon_distutils_commands:/home/emma/turtlebot3_rl_ws/install/train_controller/lib/python3.10/site-packages:${PYTHONPATH} /usr/bin/python3 -W ignore:setup.py install is deprecated -W ignore:easy_install command is deprecated setup.py egg_info --egg-base ../../build/train_controller build --build-base /home/emma/turtlebot3_rl_ws/build/train_controller/build install --record /home/emma/turtlebot3_rl_ws/build/train_controller/install.log --single-version-externally-managed install_data
[1.648s] DEBUG:colcon.colcon_core.event_handler.log_command:Invoking command in '/home/emma/turtlebot3_rl_ws/src/turtlebot3_rl': PYTHONPATH=/home/emma/turtlebot3_rl_ws/build/turtlebot3_rl/prefix_override:/usr/lib/python3/dist-packages/colcon_core/task/python/colcon_distutils_commands:/home/emma/turtlebot3_rl_ws/install/turtlebot3_rl/lib/python3.10/site-packages:${PYTHONPATH} /usr/bin/python3 -W ignore:setup.py install is deprecated -W ignore:easy_install command is deprecated setup.py egg_info --egg-base ../../build/turtlebot3_rl build --build-base /home/emma/turtlebot3_rl_ws/build/turtlebot3_rl/build install --record /home/emma/turtlebot3_rl_ws/build/turtlebot3_rl/install.log --single-version-externally-managed install_data
[2.013s] Level 1:colcon.colcon_core.environment:checking '/home/emma/turtlebot3_rl_ws/install/train_controller' for CMake module files
[2.016s] DEBUG:colcon.colcon_core.event_handler.log_command:Invoked command in '/home/emma/turtlebot3_rl_ws/src/train_controller' returned '0': PYTHONPATH=/home/emma/turtlebot3_rl_ws/build/train_controller/prefix_override:/usr/lib/python3/dist-packages/colcon_core/task/python/colcon_distutils_commands:/home/emma/turtlebot3_rl_ws/install/train_controller/lib/python3.10/site-packages:${PYTHONPATH} /usr/bin/python3 -W ignore:setup.py install is deprecated -W ignore:easy_install command is deprecated setup.py egg_info --egg-base ../../build/train_controller build --build-base /home/emma/turtlebot3_rl_ws/build/train_controller/build install --record /home/emma/turtlebot3_rl_ws/build/train_controller/install.log --single-version-externally-managed install_data
[2.017s] Level 1:colcon.colcon_core.environment:checking '/home/emma/turtlebot3_rl_ws/install/train_controller' for CMake config files
[2.018s] Level 1:colcon.colcon_core.environment:checking '/home/emma/turtlebot3_rl_ws/install/train_controller/lib'
[2.018s] Level 1:colcon.colcon_core.environment:checking '/home/emma/turtlebot3_rl_ws/install/train_controller/bin'
[2.018s] Level 1:colcon.colcon_core.environment:checking '/home/emma/turtlebot3_rl_ws/install/train_controller/lib/pkgconfig/train_controller.pc'
[2.018s] Level 1:colcon.colcon_core.environment:checking '/home/emma/turtlebot3_rl_ws/install/train_controller/lib/python3.10/site-packages'
[2.019s] Level 1:colcon.colcon_core.shell:create_environment_hook('train_controller', 'pythonpath')
[2.019s] INFO:colcon.colcon_core.shell:Creating environment hook '/home/emma/turtlebot3_rl_ws/install/train_controller/share/train_controller/hook/pythonpath.ps1'
[2.020s] INFO:colcon.colcon_core.shell:Creating environment descriptor '/home/emma/turtlebot3_rl_ws/install/train_controller/share/train_controller/hook/pythonpath.dsv'
[2.021s] INFO:colcon.colcon_core.shell:Creating environment hook '/home/emma/turtlebot3_rl_ws/install/train_controller/share/train_controller/hook/pythonpath.sh'
[2.022s] Level 1:colcon.colcon_core.environment:checking '/home/emma/turtlebot3_rl_ws/install/train_controller/bin'
[2.023s] Level 1:colcon.colcon_core.environment:create_environment_scripts_only(train_controller)
[2.023s] INFO:colcon.colcon_core.shell:Creating package script '/home/emma/turtlebot3_rl_ws/install/train_controller/share/train_controller/package.ps1'
[2.024s] INFO:colcon.colcon_core.shell:Creating package descriptor '/home/emma/turtlebot3_rl_ws/install/train_controller/share/train_controller/package.dsv'
[2.025s] INFO:colcon.colcon_core.shell:Creating package script '/home/emma/turtlebot3_rl_ws/install/train_controller/share/train_controller/package.sh'
[2.026s] INFO:colcon.colcon_core.shell:Creating package script '/home/emma/turtlebot3_rl_ws/install/train_controller/share/train_controller/package.bash'
[2.028s] INFO:colcon.colcon_core.shell:Creating package script '/home/emma/turtlebot3_rl_ws/install/train_controller/share/train_controller/package.zsh'
[2.029s] Level 1:colcon.colcon_core.environment:create_file_with_runtime_dependencies(/home/emma/turtlebot3_rl_ws/install/train_controller/share/colcon-core/packages/train_controller)
[2.035s] Level 1:colcon.colcon_core.environment:checking '/home/emma/turtlebot3_rl_ws/install/turtlebot3_rl' for CMake module files
[2.036s] DEBUG:colcon.colcon_core.event_handler.log_command:Invoked command in '/home/emma/turtlebot3_rl_ws/src/turtlebot3_rl' returned '0': PYTHONPATH=/home/emma/turtlebot3_rl_ws/build/turtlebot3_rl/prefix_override:/usr/lib/python3/dist-packages/colcon_core/task/python/colcon_distutils_commands:/home/emma/turtlebot3_rl_ws/install/turtlebot3_rl/lib/python3.10/site-packages:${PYTHONPATH} /usr/bin/python3 -W ignore:setup.py install is deprecated -W ignore:easy_install command is deprecated setup.py egg_info --egg-base ../../build/turtlebot3_rl build --build-base /home/emma/turtlebot3_rl_ws/build/turtlebot3_rl/build install --record /home/emma/turtlebot3_rl_ws/build/turtlebot3_rl/install.log --single-version-externally-managed install_data
[2.037s] Level 1:colcon.colcon_core.environment:checking '/home/emma/turtlebot3_rl_ws/install/turtlebot3_rl' for CMake config files
[2.038s] Level 1:colcon.colcon_core.environment:checking '/home/emma/turtlebot3_rl_ws/install/turtlebot3_rl/lib'
[2.038s] Level 1:colcon.colcon_core.environment:checking '/home/emma/turtlebot3_rl_ws/install/turtlebot3_rl/bin'
[2.038s] Level 1:colcon.colcon_core.environment:checking '/home/emma/turtlebot3_rl_ws/install/turtlebot3_rl/lib/pkgconfig/turtlebot3_rl.pc'
[2.039s] Level 1:colcon.colcon_core.environment:checking '/home/emma/turtlebot3_rl_ws/install/turtlebot3_rl/lib/python3.10/site-packages'
[2.039s] Level 1:colcon.colcon_core.shell:create_environment_hook('turtlebot3_rl', 'pythonpath')
[2.039s] INFO:colcon.colcon_core.shell:Creating environment hook '/home/emma/turtlebot3_rl_ws/install/turtlebot3_rl/share/turtlebot3_rl/hook/pythonpath.ps1'
[2.040s] INFO:colcon.colcon_core.shell:Creating environment descriptor '/home/emma/turtlebot3_rl_ws/install/turtlebot3_rl/share/turtlebot3_rl/hook/pythonpath.dsv'
[2.041s] INFO:colcon.colcon_core.shell:Creating environment hook '/home/emma/turtlebot3_rl_ws/install/turtlebot3_rl/share/turtlebot3_rl/hook/pythonpath.sh'
[2.042s] Level 1:colcon.colcon_core.environment:checking '/home/emma/turtlebot3_rl_ws/install/turtlebot3_rl/bin'
[2.042s] Level 1:colcon.colcon_core.environment:create_environment_scripts_only(turtlebot3_rl)
[2.042s] INFO:colcon.colcon_core.shell:Creating package script '/home/emma/turtlebot3_rl_ws/install/turtlebot3_rl/share/turtlebot3_rl/package.ps1'
[2.043s] INFO:colcon.colcon_core.shell:Creating package descriptor '/home/emma/turtlebot3_rl_ws/install/turtlebot3_rl/share/turtlebot3_rl/package.dsv'
[2.044s] INFO:colcon.colcon_core.shell:Creating package script '/home/emma/turtlebot3_rl_ws/install/turtlebot3_rl/share/turtlebot3_rl/package.sh'
[2.045s] INFO:colcon.colcon_core.shell:Creating package script '/home/emma/turtlebot3_rl_ws/install/turtlebot3_rl/share/turtlebot3_rl/package.bash'
[2.045s] INFO:colcon.colcon_core.shell:Creating package script '/home/emma/turtlebot3_rl_ws/install/turtlebot3_rl/share/turtlebot3_rl/package.zsh'
[2.046s] Level 1:colcon.colcon_core.environment:create_file_with_runtime_dependencies(/home/emma/turtlebot3_rl_ws/install/turtlebot3_rl/share/colcon-core/packages/turtlebot3_rl)
[2.047s] DEBUG:colcon.colcon_parallel_executor.executor.parallel:closing loop
[2.047s] DEBUG:colcon.colcon_parallel_executor.executor.parallel:loop closed
[2.048s] DEBUG:colcon.colcon_parallel_executor.executor.parallel:run_until_complete finished with '0'
[2.048s] DEBUG:colcon.colcon_core.event_reactor:joining thread
[2.057s] INFO:colcon.colcon_core.plugin_system:Skipping extension 'colcon_notification.desktop_notification.terminal_notifier': Not used on non-Darwin systems
[2.057s] INFO:colcon.colcon_core.plugin_system:Skipping extension 'colcon_notification.desktop_notification.win32': Not used on non-Windows systems
[2.057s] INFO:colcon.colcon_notification.desktop_notification:Sending desktop notification using 'notify2'
[2.076s] DEBUG:colcon.colcon_core.event_reactor:joined thread
[2.077s] INFO:colcon.colcon_core.shell:Creating prefix script '/home/emma/turtlebot3_rl_ws/install/local_setup.ps1'
[2.078s] INFO:colcon.colcon_core.shell:Creating prefix util module '/home/emma/turtlebot3_rl_ws/install/_local_setup_util_ps1.py'
[2.080s] INFO:colcon.colcon_core.shell:Creating prefix chain script '/home/emma/turtlebot3_rl_ws/install/setup.ps1'
[2.082s] INFO:colcon.colcon_core.shell:Creating prefix script '/home/emma/turtlebot3_rl_ws/install/local_setup.sh'
[2.083s] INFO:colcon.colcon_core.shell:Creating prefix util module '/home/emma/turtlebot3_rl_ws/install/_local_setup_util_sh.py'
[2.083s] INFO:colcon.colcon_core.shell:Creating prefix chain script '/home/emma/turtlebot3_rl_ws/install/setup.sh'
[2.085s] INFO:colcon.colcon_core.shell:Creating prefix script '/home/emma/turtlebot3_rl_ws/install/local_setup.bash'
[2.085s] INFO:colcon.colcon_core.shell:Creating prefix chain script '/home/emma/turtlebot3_rl_ws/install/setup.bash'
[2.088s] INFO:colcon.colcon_core.shell:Creating prefix script '/home/emma/turtlebot3_rl_ws/install/local_setup.zsh'
[2.089s] INFO:colcon.colcon_core.shell:Creating prefix chain script '/home/emma/turtlebot3_rl_ws/install/setup.zsh'
