[0.045s] Invoking command in '/home/emma/turtlebot3_rl_ws/build/bot_reset_plugin': /usr/bin/cmake --build /home/emma/turtlebot3_rl_ws/build/bot_reset_plugin -- -j4 -l4
[0.715s] [100%] Built target bot_reset_plugin
[0.772s] Invoked command in '/home/emma/turtlebot3_rl_ws/build/bot_reset_plugin' returned '0': /usr/bin/cmake --build /home/emma/turtlebot3_rl_ws/build/bot_reset_plugin -- -j4 -l4
[0.778s] Invoking command in '/home/emma/turtlebot3_rl_ws/build/bot_reset_plugin': /usr/bin/cmake --install /home/emma/turtlebot3_rl_ws/build/bot_reset_plugin
[0.800s] -- Install configuration: ""
[0.810s] -- Up-to-date: /home/emma/turtlebot3_rl_ws/install/bot_reset_plugin/lib/libbot_reset_plugin.so
[0.810s] -- Up-to-date: /home/emma/turtlebot3_rl_ws/install/bot_reset_plugin/share/ament_index/resource_index/package_run_dependencies/bot_reset_plugin
[0.810s] -- Up-to-date: /home/emma/turtlebot3_rl_ws/install/bot_reset_plugin/share/ament_index/resource_index/parent_prefix_path/bot_reset_plugin
[0.810s] -- Up-to-date: /home/emma/turtlebot3_rl_ws/install/bot_reset_plugin/share/bot_reset_plugin/environment/ament_prefix_path.sh
[0.810s] -- Up-to-date: /home/emma/turtlebot3_rl_ws/install/bot_reset_plugin/share/bot_reset_plugin/environment/ament_prefix_path.dsv
[0.811s] -- Up-to-date: /home/emma/turtlebot3_rl_ws/install/bot_reset_plugin/share/bot_reset_plugin/environment/path.sh
[0.811s] -- Up-to-date: /home/emma/turtlebot3_rl_ws/install/bot_reset_plugin/share/bot_reset_plugin/environment/path.dsv
[0.811s] -- Up-to-date: /home/emma/turtlebot3_rl_ws/install/bot_reset_plugin/share/bot_reset_plugin/local_setup.bash
[0.811s] -- Up-to-date: /home/emma/turtlebot3_rl_ws/install/bot_reset_plugin/share/bot_reset_plugin/local_setup.sh
[0.811s] -- Up-to-date: /home/emma/turtlebot3_rl_ws/install/bot_reset_plugin/share/bot_reset_plugin/local_setup.zsh
[0.811s] -- Up-to-date: /home/emma/turtlebot3_rl_ws/install/bot_reset_plugin/share/bot_reset_plugin/local_setup.dsv
[0.811s] -- Installing: /home/emma/turtlebot3_rl_ws/install/bot_reset_plugin/share/bot_reset_plugin/package.dsv
[0.811s] -- Up-to-date: /home/emma/turtlebot3_rl_ws/install/bot_reset_plugin/share/ament_index/resource_index/packages/bot_reset_plugin
[0.811s] -- Up-to-date: /home/emma/turtlebot3_rl_ws/install/bot_reset_plugin/share/bot_reset_plugin/cmake/bot_reset_pluginConfig.cmake
[0.811s] -- Up-to-date: /home/emma/turtlebot3_rl_ws/install/bot_reset_plugin/share/bot_reset_plugin/cmake/bot_reset_pluginConfig-version.cmake
[0.811s] -- Up-to-date: /home/emma/turtlebot3_rl_ws/install/bot_reset_plugin/share/bot_reset_plugin/package.xml
[1.192s] Invoked command in '/home/emma/turtlebot3_rl_ws/build/bot_reset_plugin' returned '0': /usr/bin/cmake --install /home/emma/turtlebot3_rl_ws/build/bot_reset_plugin
