[0.495s] Invoking command in '/home/emma/turtlebot3_rl_ws/build/train_reset_plugin': /usr/bin/cmake --build /home/emma/turtlebot3_rl_ws/build/train_reset_plugin -- -j4 -l4
[0.568s] [35m[1mConsolidate compiler generated dependencies of target train_reset_plugin[0m
[0.621s] [ 50%] [32mBuilding CXX object CMakeFiles/train_reset_plugin.dir/src/train_reset_plugin.cpp.o[0m
[9.925s] [01m[K/home/emma/turtlebot3_rl_ws/src/train_reset_plugin/src/train_reset_plugin.cpp:[m[K In member function ‘[01m[Kvoid gazebo::TrainResetPlugin::OnReset(std_msgs::msg::Empty_<std::allocator<void> >::SharedPtr)[m[K’:
[9.927s] [01m[K/home/emma/turtlebot3_rl_ws/src/train_reset_plugin/src/train_reset_plugin.cpp:59:7:[m[K [01;31m[Kerror: [m[K‘[01m[Kleft_door_link_[m[K’ was not declared in this scope
[9.927s]    59 |       [01;31m[Kleft_door_link_[m[K->SetKinematic(true);
[9.927s]       |       [01;31m[K^~~~~~~~~~~~~~~[m[K
[9.930s] [01m[K/home/emma/turtlebot3_rl_ws/src/train_reset_plugin/src/train_reset_plugin.cpp:60:7:[m[K [01;31m[Kerror: [m[K‘[01m[Kright_door_link_[m[K’ was not declared in this scope
[9.930s]    60 |       [01;31m[Kright_door_link_[m[K->SetKinematic(true);
[9.930s]       |       [01;31m[K^~~~~~~~~~~~~~~~[m[K
[9.981s] [01m[K/home/emma/turtlebot3_rl_ws/src/train_reset_plugin/src/train_reset_plugin.cpp:[m[K In member function ‘[01m[Kvoid gazebo::TrainResetPlugin::OnUpdate()[m[K’:
[9.981s] [01m[K/home/emma/turtlebot3_rl_ws/src/train_reset_plugin/src/train_reset_plugin.cpp:95:11:[m[K [01;31m[Kerror: [m[K‘[01m[Kleft_door_link_[m[K’ was not declared in this scope
[9.981s]    95 |           [01;31m[Kleft_door_link_[m[K->SetKinematic(false);
[9.981s]       |           [01;31m[K^~~~~~~~~~~~~~~[m[K
[10.048s] [01m[K/home/emma/turtlebot3_rl_ws/src/train_reset_plugin/src/train_reset_plugin.cpp:96:11:[m[K [01;31m[Kerror: [m[K‘[01m[Kright_door_link_[m[K’ was not declared in this scope
[10.048s]    96 |           [01;31m[Kright_door_link_[m[K->SetKinematic(false);
[10.048s]       |           [01;31m[K^~~~~~~~~~~~~~~~[m[K
[15.686s] gmake[2]: *** [CMakeFiles/train_reset_plugin.dir/build.make:76: CMakeFiles/train_reset_plugin.dir/src/train_reset_plugin.cpp.o] Error 1
[15.687s] gmake[1]: *** [CMakeFiles/Makefile2:137: CMakeFiles/train_reset_plugin.dir/all] Error 2
[15.687s] gmake: *** [Makefile:146: all] Error 2
[15.690s] Invoked command in '/home/emma/turtlebot3_rl_ws/build/train_reset_plugin' returned '2': /usr/bin/cmake --build /home/emma/turtlebot3_rl_ws/build/train_reset_plugin -- -j4 -l4
