[5.897s] Invoking command in '/home/emma/turtlebot3_rl_ws/src/train_controller': PYTHONPATH=/home/emma/turtlebot3_rl_ws/build/train_controller/prefix_override:/usr/lib/python3/dist-packages/colcon_core/task/python/colcon_distutils_commands:/home/emma/turtlebot3_rl_ws/install/train_controller/lib/python3.10/site-packages:${PYTHONPATH} /usr/bin/python3 -W ignore:setup.py install is deprecated -W ignore:easy_install command is deprecated setup.py egg_info --egg-base ../../build/train_controller build --build-base /home/emma/turtlebot3_rl_ws/build/train_controller/build install --record /home/emma/turtlebot3_rl_ws/build/train_controller/install.log --single-version-externally-managed install_data
[7.478s] running egg_info
[7.491s] writing ../../build/train_controller/train_controller.egg-info/PKG-INFO
[7.492s] writing dependency_links to ../../build/train_controller/train_controller.egg-info/dependency_links.txt
[7.497s] writing entry points to ../../build/train_controller/train_controller.egg-info/entry_points.txt
[7.499s] writing requirements to ../../build/train_controller/train_controller.egg-info/requires.txt
[7.502s] writing top-level names to ../../build/train_controller/train_controller.egg-info/top_level.txt
[7.537s] reading manifest file '../../build/train_controller/train_controller.egg-info/SOURCES.txt'
[7.546s] writing manifest file '../../build/train_controller/train_controller.egg-info/SOURCES.txt'
[7.548s] running build
[7.554s] running build_py
[7.555s] running install
[7.555s] running install_lib
[7.572s] running install_data
[7.572s] running install_egg_info
[7.609s] removing '/home/emma/turtlebot3_rl_ws/install/train_controller/lib/python3.10/site-packages/train_controller-1.0-py3.10.egg-info' (and everything under it)
[7.618s] Copying ../../build/train_controller/train_controller.egg-info to /home/emma/turtlebot3_rl_ws/install/train_controller/lib/python3.10/site-packages/train_controller-1.0-py3.10.egg-info
[7.638s] running install_scripts
[7.807s] Installing train_control_node script to /home/emma/turtlebot3_rl_ws/install/train_controller/lib/train_controller
[7.815s] writing list of installed files to '/home/emma/turtlebot3_rl_ws/build/train_controller/install.log'
[8.082s] Invoked command in '/home/emma/turtlebot3_rl_ws/src/train_controller' returned '0': PYTHONPATH=/home/emma/turtlebot3_rl_ws/build/train_controller/prefix_override:/usr/lib/python3/dist-packages/colcon_core/task/python/colcon_distutils_commands:/home/emma/turtlebot3_rl_ws/install/train_controller/lib/python3.10/site-packages:${PYTHONPATH} /usr/bin/python3 -W ignore:setup.py install is deprecated -W ignore:easy_install command is deprecated setup.py egg_info --egg-base ../../build/train_controller build --build-base /home/emma/turtlebot3_rl_ws/build/train_controller/build install --record /home/emma/turtlebot3_rl_ws/build/train_controller/install.log --single-version-externally-managed install_data
