[0.212s] Invoking command in '/home/emma/turtlebot3_rl_ws/build/my_turtlebot3_gazebo': CMAKE_PREFIX_PATH=${CMAKE_PREFIX_PATH}:/home/emma/turtlebot3_rl_ws/install/turtlebot3_rl:/home/emma/turtlebot3_rl_ws/install/train_controller:/opt/ros/humble /usr/bin/cmake --build /home/emma/turtlebot3_rl_ws/build/my_turtlebot3_gazebo -- -j4 -l4
[2.412s] [100%] Built target turtlebot3_drive
[2.436s] Invoked command in '/home/emma/turtlebot3_rl_ws/build/my_turtlebot3_gazebo' returned '0': CMAKE_PREFIX_PATH=${CMAKE_PREFIX_PATH}:/home/emma/turtlebot3_rl_ws/install/turtlebot3_rl:/home/emma/turtlebot3_rl_ws/install/train_controller:/opt/ros/humble /usr/bin/cmake --build /home/emma/turtlebot3_rl_ws/build/my_turtlebot3_gazebo -- -j4 -l4
[2.544s] Invoking command in '/home/emma/turtlebot3_rl_ws/build/my_turtlebot3_gazebo': CMAKE_PREFIX_PATH=${CMAKE_PREFIX_PATH}:/home/emma/turtlebot3_rl_ws/install/turtlebot3_rl:/home/emma/turtlebot3_rl_ws/install/train_controller:/opt/ros/humble /usr/bin/cmake --install /home/emma/turtlebot3_rl_ws/build/my_turtlebot3_gazebo
[4.686s] -- Install configuration: ""
[4.686s] -- Execute custom install script
[4.686s] -- Up-to-date symlink: /home/emma/turtlebot3_rl_ws/install/my_turtlebot3_gazebo/lib/my_turtlebot3_gazebo/turtlebot3_drive
[4.686s] -- Up-to-date symlink: /home/emma/turtlebot3_rl_ws/install/my_turtlebot3_gazebo/share/my_turtlebot3_gazebo//launch/empty_world.launch.py
[4.686s] -- Up-to-date symlink: /home/emma/turtlebot3_rl_ws/install/my_turtlebot3_gazebo/share/my_turtlebot3_gazebo//launch/robot_state_publisher.launch.py
[4.686s] -- Up-to-date symlink: /home/emma/turtlebot3_rl_ws/install/my_turtlebot3_gazebo/share/my_turtlebot3_gazebo//launch/spawn_turtlebot3.launch.py
[4.686s] -- Up-to-date symlink: /home/emma/turtlebot3_rl_ws/install/my_turtlebot3_gazebo/share/my_turtlebot3_gazebo//launch/train_world.launch.py
[4.686s] -- Up-to-date symlink: /home/emma/turtlebot3_rl_ws/install/my_turtlebot3_gazebo/share/my_turtlebot3_gazebo//launch/turtlebot3_dqn_stage1.launch.py
[4.687s] -- Up-to-date symlink: /home/emma/turtlebot3_rl_ws/install/my_turtlebot3_gazebo/share/my_turtlebot3_gazebo//launch/turtlebot3_dqn_stage2.launch.py
[4.687s] -- Up-to-date symlink: /home/emma/turtlebot3_rl_ws/install/my_turtlebot3_gazebo/share/my_turtlebot3_gazebo//launch/turtlebot3_dqn_stage3.launch.py
[4.687s] -- Up-to-date symlink: /home/emma/turtlebot3_rl_ws/install/my_turtlebot3_gazebo/share/my_turtlebot3_gazebo//launch/turtlebot3_dqn_stage4.launch.py
[4.696s] -- Up-to-date symlink: /home/emma/turtlebot3_rl_ws/install/my_turtlebot3_gazebo/share/my_turtlebot3_gazebo//launch/turtlebot3_house.launch.py
[4.708s] -- Up-to-date symlink: /home/emma/turtlebot3_rl_ws/install/my_turtlebot3_gazebo/share/my_turtlebot3_gazebo//launch/turtlebot3_world.launch.py
[4.713s] -- Up-to-date symlink: /home/emma/turtlebot3_rl_ws/install/my_turtlebot3_gazebo/share/my_turtlebot3_gazebo//models/turtlebot3_burger/model-1_4.sdf
[4.729s] -- Up-to-date symlink: /home/emma/turtlebot3_rl_ws/install/my_turtlebot3_gazebo/share/my_turtlebot3_gazebo//models/turtlebot3_burger/model.config
[4.729s] -- Up-to-date symlink: /home/emma/turtlebot3_rl_ws/install/my_turtlebot3_gazebo/share/my_turtlebot3_gazebo//models/turtlebot3_burger/model.sdf
[4.729s] -- Up-to-date symlink: /home/emma/turtlebot3_rl_ws/install/my_turtlebot3_gazebo/share/my_turtlebot3_gazebo//models/turtlebot3_common/meshes/burger_base.dae
[4.729s] -- Up-to-date symlink: /home/emma/turtlebot3_rl_ws/install/my_turtlebot3_gazebo/share/my_turtlebot3_gazebo//models/turtlebot3_common/meshes/lds.dae
[4.729s] -- Up-to-date symlink: /home/emma/turtlebot3_rl_ws/install/my_turtlebot3_gazebo/share/my_turtlebot3_gazebo//models/turtlebot3_common/meshes/r200.dae
[4.729s] -- Up-to-date symlink: /home/emma/turtlebot3_rl_ws/install/my_turtlebot3_gazebo/share/my_turtlebot3_gazebo//models/turtlebot3_common/meshes/tire.dae
[4.729s] -- Up-to-date symlink: /home/emma/turtlebot3_rl_ws/install/my_turtlebot3_gazebo/share/my_turtlebot3_gazebo//models/turtlebot3_common/meshes/waffle_base.dae
[4.730s] -- Up-to-date symlink: /home/emma/turtlebot3_rl_ws/install/my_turtlebot3_gazebo/share/my_turtlebot3_gazebo//models/turtlebot3_common/meshes/waffle_pi_base.dae
[4.730s] -- Up-to-date symlink: /home/emma/turtlebot3_rl_ws/install/my_turtlebot3_gazebo/share/my_turtlebot3_gazebo//models/turtlebot3_common/model.config
[4.730s] -- Up-to-date symlink: /home/emma/turtlebot3_rl_ws/install/my_turtlebot3_gazebo/share/my_turtlebot3_gazebo//models/turtlebot3_dqn_world/goal_box/model.config
[4.730s] -- Up-to-date symlink: /home/emma/turtlebot3_rl_ws/install/my_turtlebot3_gazebo/share/my_turtlebot3_gazebo//models/turtlebot3_dqn_world/goal_box/model.sdf
[4.730s] -- Up-to-date symlink: /home/emma/turtlebot3_rl_ws/install/my_turtlebot3_gazebo/share/my_turtlebot3_gazebo//models/turtlebot3_dqn_world/inner_walls/model.config
[4.730s] -- Up-to-date symlink: /home/emma/turtlebot3_rl_ws/install/my_turtlebot3_gazebo/share/my_turtlebot3_gazebo//models/turtlebot3_dqn_world/inner_walls/model.sdf
[4.730s] -- Up-to-date symlink: /home/emma/turtlebot3_rl_ws/install/my_turtlebot3_gazebo/share/my_turtlebot3_gazebo//models/turtlebot3_dqn_world/model.config
[4.730s] -- Up-to-date symlink: /home/emma/turtlebot3_rl_ws/install/my_turtlebot3_gazebo/share/my_turtlebot3_gazebo//models/turtlebot3_dqn_world/model.sdf
[4.742s] -- Up-to-date symlink: /home/emma/turtlebot3_rl_ws/install/my_turtlebot3_gazebo/share/my_turtlebot3_gazebo//models/turtlebot3_dqn_world/obstacle1/model.config
[4.747s] -- Up-to-date symlink: /home/emma/turtlebot3_rl_ws/install/my_turtlebot3_gazebo/share/my_turtlebot3_gazebo//models/turtlebot3_dqn_world/obstacle1/model.sdf
[4.747s] -- Up-to-date symlink: /home/emma/turtlebot3_rl_ws/install/my_turtlebot3_gazebo/share/my_turtlebot3_gazebo//models/turtlebot3_dqn_world/obstacle2/model.config
[4.747s] -- Up-to-date symlink: /home/emma/turtlebot3_rl_ws/install/my_turtlebot3_gazebo/share/my_turtlebot3_gazebo//models/turtlebot3_dqn_world/obstacle2/model.sdf
[4.755s] -- Up-to-date symlink: /home/emma/turtlebot3_rl_ws/install/my_turtlebot3_gazebo/share/my_turtlebot3_gazebo//models/turtlebot3_dqn_world/obstacle_plugin/CMakeLists.txt
[4.766s] -- Up-to-date symlink: /home/emma/turtlebot3_rl_ws/install/my_turtlebot3_gazebo/share/my_turtlebot3_gazebo//models/turtlebot3_dqn_world/obstacle_plugin/obstacle1.cc
[4.775s] -- Up-to-date symlink: /home/emma/turtlebot3_rl_ws/install/my_turtlebot3_gazebo/share/my_turtlebot3_gazebo//models/turtlebot3_dqn_world/obstacle_plugin/obstacle2.cc
[4.787s] -- Up-to-date symlink: /home/emma/turtlebot3_rl_ws/install/my_turtlebot3_gazebo/share/my_turtlebot3_gazebo//models/turtlebot3_dqn_world/obstacle_plugin/obstacles.cc
[4.787s] -- Up-to-date symlink: /home/emma/turtlebot3_rl_ws/install/my_turtlebot3_gazebo/share/my_turtlebot3_gazebo//models/turtlebot3_dqn_world/obstacles/model.config
[4.787s] -- Up-to-date symlink: /home/emma/turtlebot3_rl_ws/install/my_turtlebot3_gazebo/share/my_turtlebot3_gazebo//models/turtlebot3_dqn_world/obstacles/model.sdf
[4.788s] -- Up-to-date symlink: /home/emma/turtlebot3_rl_ws/install/my_turtlebot3_gazebo/share/my_turtlebot3_gazebo//models/turtlebot3_house/model.config
[4.789s] -- Up-to-date symlink: /home/emma/turtlebot3_rl_ws/install/my_turtlebot3_gazebo/share/my_turtlebot3_gazebo//models/turtlebot3_house/model.sdf
[4.789s] -- Up-to-date symlink: /home/emma/turtlebot3_rl_ws/install/my_turtlebot3_gazebo/share/my_turtlebot3_gazebo//models/turtlebot3_waffle/model-1_4.sdf
[4.789s] -- Up-to-date symlink: /home/emma/turtlebot3_rl_ws/install/my_turtlebot3_gazebo/share/my_turtlebot3_gazebo//models/turtlebot3_waffle/model.config
[4.790s] -- Up-to-date symlink: /home/emma/turtlebot3_rl_ws/install/my_turtlebot3_gazebo/share/my_turtlebot3_gazebo//models/turtlebot3_waffle/model.sdf
[4.796s] -- Up-to-date symlink: /home/emma/turtlebot3_rl_ws/install/my_turtlebot3_gazebo/share/my_turtlebot3_gazebo//models/turtlebot3_waffle_pi/model-1_4_.sdf
[4.796s] -- Up-to-date symlink: /home/emma/turtlebot3_rl_ws/install/my_turtlebot3_gazebo/share/my_turtlebot3_gazebo//models/turtlebot3_waffle_pi/model.config
[4.824s] -- Up-to-date symlink: /home/emma/turtlebot3_rl_ws/install/my_turtlebot3_gazebo/share/my_turtlebot3_gazebo//models/turtlebot3_waffle_pi/model.sdf
[4.826s] -- Up-to-date symlink: /home/emma/turtlebot3_rl_ws/install/my_turtlebot3_gazebo/share/my_turtlebot3_gazebo//models/turtlebot3_world/meshes/hexagon.dae
[4.826s] -- Up-to-date symlink: /home/emma/turtlebot3_rl_ws/install/my_turtlebot3_gazebo/share/my_turtlebot3_gazebo//models/turtlebot3_world/meshes/wall.dae
[4.827s] -- Up-to-date symlink: /home/emma/turtlebot3_rl_ws/install/my_turtlebot3_gazebo/share/my_turtlebot3_gazebo//models/turtlebot3_world/model-1_4.sdf
[4.827s] -- Up-to-date symlink: /home/emma/turtlebot3_rl_ws/install/my_turtlebot3_gazebo/share/my_turtlebot3_gazebo//models/turtlebot3_world/model.config
[4.831s] -- Up-to-date symlink: /home/emma/turtlebot3_rl_ws/install/my_turtlebot3_gazebo/share/my_turtlebot3_gazebo//models/turtlebot3_world/model.sdf
[4.833s] -- Up-to-date symlink: /home/emma/turtlebot3_rl_ws/install/my_turtlebot3_gazebo/share/my_turtlebot3_gazebo//rviz/tb3_gazebo.rviz
[4.834s] -- Up-to-date symlink: /home/emma/turtlebot3_rl_ws/install/my_turtlebot3_gazebo/share/my_turtlebot3_gazebo//urdf/common_properties.urdf
[4.834s] -- Up-to-date symlink: /home/emma/turtlebot3_rl_ws/install/my_turtlebot3_gazebo/share/my_turtlebot3_gazebo//urdf/turtlebot3_burger.urdf
[4.835s] -- Up-to-date symlink: /home/emma/turtlebot3_rl_ws/install/my_turtlebot3_gazebo/share/my_turtlebot3_gazebo//urdf/turtlebot3_waffle.urdf
[4.835s] -- Up-to-date symlink: /home/emma/turtlebot3_rl_ws/install/my_turtlebot3_gazebo/share/my_turtlebot3_gazebo//urdf/turtlebot3_waffle_pi.urdf
[4.835s] -- Up-to-date symlink: /home/emma/turtlebot3_rl_ws/install/my_turtlebot3_gazebo/share/my_turtlebot3_gazebo//worlds/empty_world.world
[4.838s] -- Symlinking: /home/emma/turtlebot3_rl_ws/install/my_turtlebot3_gazebo/share/my_turtlebot3_gazebo//worlds/train_world.world
[4.838s] -- Up-to-date symlink: /home/emma/turtlebot3_rl_ws/install/my_turtlebot3_gazebo/share/my_turtlebot3_gazebo//worlds/turtlebot3_dqn_stage1.world
[4.838s] -- Up-to-date symlink: /home/emma/turtlebot3_rl_ws/install/my_turtlebot3_gazebo/share/my_turtlebot3_gazebo//worlds/turtlebot3_dqn_stage2.world
[4.839s] -- Up-to-date symlink: /home/emma/turtlebot3_rl_ws/install/my_turtlebot3_gazebo/share/my_turtlebot3_gazebo//worlds/turtlebot3_dqn_stage3.world
[4.839s] -- Up-to-date symlink: /home/emma/turtlebot3_rl_ws/install/my_turtlebot3_gazebo/share/my_turtlebot3_gazebo//worlds/turtlebot3_dqn_stage4.world
[4.839s] -- Up-to-date symlink: /home/emma/turtlebot3_rl_ws/install/my_turtlebot3_gazebo/share/my_turtlebot3_gazebo//worlds/turtlebot3_house.world
[4.839s] -- Up-to-date symlink: /home/emma/turtlebot3_rl_ws/install/my_turtlebot3_gazebo/share/my_turtlebot3_gazebo//worlds/turtlebot3_world.world
[4.840s] -- Up-to-date symlink: /home/emma/turtlebot3_rl_ws/install/my_turtlebot3_gazebo/share/my_turtlebot3_gazebo//worlds/empty_world.world
[4.840s] -- Up-to-date symlink: /home/emma/turtlebot3_rl_ws/install/my_turtlebot3_gazebo/share/my_turtlebot3_gazebo//worlds/train_world.world
[4.840s] -- Up-to-date symlink: /home/emma/turtlebot3_rl_ws/install/my_turtlebot3_gazebo/share/my_turtlebot3_gazebo//worlds/turtlebot3_dqn_stage1.world
[4.841s] -- Up-to-date symlink: /home/emma/turtlebot3_rl_ws/install/my_turtlebot3_gazebo/share/my_turtlebot3_gazebo//worlds/turtlebot3_dqn_stage2.world
[4.841s] -- Up-to-date symlink: /home/emma/turtlebot3_rl_ws/install/my_turtlebot3_gazebo/share/my_turtlebot3_gazebo//worlds/turtlebot3_dqn_stage3.world
[4.841s] -- Up-to-date symlink: /home/emma/turtlebot3_rl_ws/install/my_turtlebot3_gazebo/share/my_turtlebot3_gazebo//worlds/turtlebot3_dqn_stage4.world
[4.841s] -- Up-to-date symlink: /home/emma/turtlebot3_rl_ws/install/my_turtlebot3_gazebo/share/my_turtlebot3_gazebo//worlds/turtlebot3_house.world
[4.842s] -- Up-to-date symlink: /home/emma/turtlebot3_rl_ws/install/my_turtlebot3_gazebo/share/my_turtlebot3_gazebo//worlds/turtlebot3_world.world
[4.842s] -- Up-to-date symlink: /home/emma/turtlebot3_rl_ws/install/my_turtlebot3_gazebo/include//turtlebot3_gazebo/turtlebot3_drive.hpp
[4.843s] -- Up-to-date symlink: /home/emma/turtlebot3_rl_ws/install/my_turtlebot3_gazebo/share/ament_index/resource_index/package_run_dependencies/my_turtlebot3_gazebo
[4.866s] -- Up-to-date symlink: /home/emma/turtlebot3_rl_ws/install/my_turtlebot3_gazebo/share/ament_index/resource_index/parent_prefix_path/my_turtlebot3_gazebo
[4.866s] -- Up-to-date symlink: /home/emma/turtlebot3_rl_ws/install/my_turtlebot3_gazebo/share/my_turtlebot3_gazebo/environment/ament_prefix_path.sh
[4.867s] -- Up-to-date symlink: /home/emma/turtlebot3_rl_ws/install/my_turtlebot3_gazebo/share/my_turtlebot3_gazebo/environment/ament_prefix_path.dsv
[4.872s] -- Up-to-date symlink: /home/emma/turtlebot3_rl_ws/install/my_turtlebot3_gazebo/share/my_turtlebot3_gazebo/environment/path.sh
[4.872s] -- Up-to-date symlink: /home/emma/turtlebot3_rl_ws/install/my_turtlebot3_gazebo/share/my_turtlebot3_gazebo/environment/path.dsv
[4.872s] -- Up-to-date symlink: /home/emma/turtlebot3_rl_ws/install/my_turtlebot3_gazebo/share/my_turtlebot3_gazebo/local_setup.bash
[4.872s] -- Up-to-date symlink: /home/emma/turtlebot3_rl_ws/install/my_turtlebot3_gazebo/share/my_turtlebot3_gazebo/local_setup.sh
[4.873s] -- Up-to-date symlink: /home/emma/turtlebot3_rl_ws/install/my_turtlebot3_gazebo/share/my_turtlebot3_gazebo/local_setup.zsh
[4.873s] -- Up-to-date symlink: /home/emma/turtlebot3_rl_ws/install/my_turtlebot3_gazebo/share/my_turtlebot3_gazebo/local_setup.dsv
[4.877s] -- Symlinking: /home/emma/turtlebot3_rl_ws/install/my_turtlebot3_gazebo/share/my_turtlebot3_gazebo/package.dsv
[4.877s] -- Up-to-date symlink: /home/emma/turtlebot3_rl_ws/install/my_turtlebot3_gazebo/share/ament_index/resource_index/packages/my_turtlebot3_gazebo
[4.878s] -- Up-to-date symlink: /home/emma/turtlebot3_rl_ws/install/my_turtlebot3_gazebo/share/my_turtlebot3_gazebo/cmake/ament_cmake_export_include_directories-extras.cmake
[4.878s] -- Up-to-date symlink: /home/emma/turtlebot3_rl_ws/install/my_turtlebot3_gazebo/share/my_turtlebot3_gazebo/cmake/ament_cmake_export_dependencies-extras.cmake
[4.894s] -- Up-to-date symlink: /home/emma/turtlebot3_rl_ws/install/my_turtlebot3_gazebo/share/my_turtlebot3_gazebo/cmake/my_turtlebot3_gazeboConfig.cmake
[4.896s] -- Up-to-date symlink: /home/emma/turtlebot3_rl_ws/install/my_turtlebot3_gazebo/share/my_turtlebot3_gazebo/cmake/my_turtlebot3_gazeboConfig-version.cmake
[4.897s] -- Up-to-date symlink: /home/emma/turtlebot3_rl_ws/install/my_turtlebot3_gazebo/share/my_turtlebot3_gazebo/package.xml
[4.897s] Invoked command in '/home/emma/turtlebot3_rl_ws/build/my_turtlebot3_gazebo' returned '0': CMAKE_PREFIX_PATH=${CMAKE_PREFIX_PATH}:/home/emma/turtlebot3_rl_ws/install/turtlebot3_rl:/home/emma/turtlebot3_rl_ws/install/train_controller:/opt/ros/humble /usr/bin/cmake --install /home/emma/turtlebot3_rl_ws/build/my_turtlebot3_gazebo
