[0.299s] Invoking command in '/home/emma/turtlebot3_rl_ws/build/my_turtlebot3_gazebo': CMAKE_PREFIX_PATH=${CMAKE_PREFIX_PATH}:/home/emma/turtlebot3_rl_ws/install/turtlebot3_rl:/home/emma/turtlebot3_rl_ws/install/train_controller:/opt/ros/humble /usr/bin/cmake --build /home/emma/turtlebot3_rl_ws/build/my_turtlebot3_gazebo -- -j4 -l4
[2.114s] [100%] Built target turtlebot3_drive
[3.501s] Invoked command in '/home/emma/turtlebot3_rl_ws/build/my_turtlebot3_gazebo' returned '0': CMAKE_PREFIX_PATH=${CMAKE_PREFIX_PATH}:/home/emma/turtlebot3_rl_ws/install/turtlebot3_rl:/home/emma/turtlebot3_rl_ws/install/train_controller:/opt/ros/humble /usr/bin/cmake --build /home/emma/turtlebot3_rl_ws/build/my_turtlebot3_gazebo -- -j4 -l4
[3.568s] Invoking command in '/home/emma/turtlebot3_rl_ws/build/my_turtlebot3_gazebo': CMAKE_PREFIX_PATH=${CMAKE_PREFIX_PATH}:/home/emma/turtlebot3_rl_ws/install/turtlebot3_rl:/home/emma/turtlebot3_rl_ws/install/train_controller:/opt/ros/humble /usr/bin/cmake --install /home/emma/turtlebot3_rl_ws/build/my_turtlebot3_gazebo
[3.682s] -- Install configuration: ""
[3.700s] -- Execute custom install script
[3.706s] -- Up-to-date symlink: /home/emma/turtlebot3_rl_ws/install/my_turtlebot3_gazebo/lib/my_turtlebot3_gazebo/turtlebot3_drive
[3.707s] -- Up-to-date symlink: /home/emma/turtlebot3_rl_ws/install/my_turtlebot3_gazebo/share/my_turtlebot3_gazebo//launch/empty_world.launch.py
[3.707s] -- Up-to-date symlink: /home/emma/turtlebot3_rl_ws/install/my_turtlebot3_gazebo/share/my_turtlebot3_gazebo//launch/robot_state_publisher.launch.py
[3.707s] -- Up-to-date symlink: /home/emma/turtlebot3_rl_ws/install/my_turtlebot3_gazebo/share/my_turtlebot3_gazebo//launch/spawn_turtlebot3.launch.py
[3.707s] -- Up-to-date symlink: /home/emma/turtlebot3_rl_ws/install/my_turtlebot3_gazebo/share/my_turtlebot3_gazebo//launch/spawn_turtlebot3_train.launch.py
[3.707s] -- Up-to-date symlink: /home/emma/turtlebot3_rl_ws/install/my_turtlebot3_gazebo/share/my_turtlebot3_gazebo//launch/train_world.launch.py
[3.714s] -- Up-to-date symlink: /home/emma/turtlebot3_rl_ws/install/my_turtlebot3_gazebo/share/my_turtlebot3_gazebo//launch/turtlebot3_dqn_stage1.launch.py
[3.714s] -- Up-to-date symlink: /home/emma/turtlebot3_rl_ws/install/my_turtlebot3_gazebo/share/my_turtlebot3_gazebo//launch/turtlebot3_dqn_stage2.launch.py
[3.714s] -- Up-to-date symlink: /home/emma/turtlebot3_rl_ws/install/my_turtlebot3_gazebo/share/my_turtlebot3_gazebo//launch/turtlebot3_dqn_stage3.launch.py
[3.714s] -- Up-to-date symlink: /home/emma/turtlebot3_rl_ws/install/my_turtlebot3_gazebo/share/my_turtlebot3_gazebo//launch/turtlebot3_dqn_stage4.launch.py
[3.715s] -- Up-to-date symlink: /home/emma/turtlebot3_rl_ws/install/my_turtlebot3_gazebo/share/my_turtlebot3_gazebo//launch/turtlebot3_house.launch.py
[3.715s] -- Up-to-date symlink: /home/emma/turtlebot3_rl_ws/install/my_turtlebot3_gazebo/share/my_turtlebot3_gazebo//launch/turtlebot3_world.launch.py
[3.715s] -- Up-to-date symlink: /home/emma/turtlebot3_rl_ws/install/my_turtlebot3_gazebo/share/my_turtlebot3_gazebo//models/turtlebot3_burger/model-1_4.sdf
[3.715s] -- Up-to-date symlink: /home/emma/turtlebot3_rl_ws/install/my_turtlebot3_gazebo/share/my_turtlebot3_gazebo//models/turtlebot3_burger/model.config
[3.716s] -- Up-to-date symlink: /home/emma/turtlebot3_rl_ws/install/my_turtlebot3_gazebo/share/my_turtlebot3_gazebo//models/turtlebot3_burger/model.sdf
[3.722s] -- Up-to-date symlink: /home/emma/turtlebot3_rl_ws/install/my_turtlebot3_gazebo/share/my_turtlebot3_gazebo//models/turtlebot3_common/meshes/burger_base.dae
[3.722s] -- Up-to-date symlink: /home/emma/turtlebot3_rl_ws/install/my_turtlebot3_gazebo/share/my_turtlebot3_gazebo//models/turtlebot3_common/meshes/lds.dae
[3.722s] -- Up-to-date symlink: /home/emma/turtlebot3_rl_ws/install/my_turtlebot3_gazebo/share/my_turtlebot3_gazebo//models/turtlebot3_common/meshes/r200.dae
[3.722s] -- Up-to-date symlink: /home/emma/turtlebot3_rl_ws/install/my_turtlebot3_gazebo/share/my_turtlebot3_gazebo//models/turtlebot3_common/meshes/tire.dae
[3.734s] -- Up-to-date symlink: /home/emma/turtlebot3_rl_ws/install/my_turtlebot3_gazebo/share/my_turtlebot3_gazebo//models/turtlebot3_common/meshes/waffle_base.dae
[3.736s] -- Up-to-date symlink: /home/emma/turtlebot3_rl_ws/install/my_turtlebot3_gazebo/share/my_turtlebot3_gazebo//models/turtlebot3_common/meshes/waffle_pi_base.dae
[3.736s] -- Up-to-date symlink: /home/emma/turtlebot3_rl_ws/install/my_turtlebot3_gazebo/share/my_turtlebot3_gazebo//models/turtlebot3_common/model.config
[3.736s] -- Up-to-date symlink: /home/emma/turtlebot3_rl_ws/install/my_turtlebot3_gazebo/share/my_turtlebot3_gazebo//models/turtlebot3_dqn_world/goal_box/model.config
[3.736s] -- Up-to-date symlink: /home/emma/turtlebot3_rl_ws/install/my_turtlebot3_gazebo/share/my_turtlebot3_gazebo//models/turtlebot3_dqn_world/goal_box/model.sdf
[3.736s] -- Up-to-date symlink: /home/emma/turtlebot3_rl_ws/install/my_turtlebot3_gazebo/share/my_turtlebot3_gazebo//models/turtlebot3_dqn_world/inner_walls/model.config
[3.736s] -- Up-to-date symlink: /home/emma/turtlebot3_rl_ws/install/my_turtlebot3_gazebo/share/my_turtlebot3_gazebo//models/turtlebot3_dqn_world/inner_walls/model.sdf
[3.736s] -- Up-to-date symlink: /home/emma/turtlebot3_rl_ws/install/my_turtlebot3_gazebo/share/my_turtlebot3_gazebo//models/turtlebot3_dqn_world/model.config
[3.743s] -- Up-to-date symlink: /home/emma/turtlebot3_rl_ws/install/my_turtlebot3_gazebo/share/my_turtlebot3_gazebo//models/turtlebot3_dqn_world/model.sdf
[3.743s] -- Up-to-date symlink: /home/emma/turtlebot3_rl_ws/install/my_turtlebot3_gazebo/share/my_turtlebot3_gazebo//models/turtlebot3_dqn_world/obstacle1/model.config
[3.743s] -- Up-to-date symlink: /home/emma/turtlebot3_rl_ws/install/my_turtlebot3_gazebo/share/my_turtlebot3_gazebo//models/turtlebot3_dqn_world/obstacle1/model.sdf
[3.743s] -- Up-to-date symlink: /home/emma/turtlebot3_rl_ws/install/my_turtlebot3_gazebo/share/my_turtlebot3_gazebo//models/turtlebot3_dqn_world/obstacle2/model.config
[3.743s] -- Up-to-date symlink: /home/emma/turtlebot3_rl_ws/install/my_turtlebot3_gazebo/share/my_turtlebot3_gazebo//models/turtlebot3_dqn_world/obstacle2/model.sdf
[3.743s] -- Up-to-date symlink: /home/emma/turtlebot3_rl_ws/install/my_turtlebot3_gazebo/share/my_turtlebot3_gazebo//models/turtlebot3_dqn_world/obstacle_plugin/CMakeLists.txt
[3.743s] -- Up-to-date symlink: /home/emma/turtlebot3_rl_ws/install/my_turtlebot3_gazebo/share/my_turtlebot3_gazebo//models/turtlebot3_dqn_world/obstacle_plugin/obstacle1.cc
[3.743s] -- Up-to-date symlink: /home/emma/turtlebot3_rl_ws/install/my_turtlebot3_gazebo/share/my_turtlebot3_gazebo//models/turtlebot3_dqn_world/obstacle_plugin/obstacle2.cc
[3.743s] -- Up-to-date symlink: /home/emma/turtlebot3_rl_ws/install/my_turtlebot3_gazebo/share/my_turtlebot3_gazebo//models/turtlebot3_dqn_world/obstacle_plugin/obstacles.cc
[3.743s] -- Up-to-date symlink: /home/emma/turtlebot3_rl_ws/install/my_turtlebot3_gazebo/share/my_turtlebot3_gazebo//models/turtlebot3_dqn_world/obstacles/model.config
[3.743s] -- Up-to-date symlink: /home/emma/turtlebot3_rl_ws/install/my_turtlebot3_gazebo/share/my_turtlebot3_gazebo//models/turtlebot3_dqn_world/obstacles/model.sdf
[3.744s] -- Up-to-date symlink: /home/emma/turtlebot3_rl_ws/install/my_turtlebot3_gazebo/share/my_turtlebot3_gazebo//models/turtlebot3_house/model.config
[3.744s] -- Up-to-date symlink: /home/emma/turtlebot3_rl_ws/install/my_turtlebot3_gazebo/share/my_turtlebot3_gazebo//models/turtlebot3_house/model.sdf
[3.744s] -- Up-to-date symlink: /home/emma/turtlebot3_rl_ws/install/my_turtlebot3_gazebo/share/my_turtlebot3_gazebo//models/turtlebot3_waffle/model-1_4.sdf
[3.744s] -- Up-to-date symlink: /home/emma/turtlebot3_rl_ws/install/my_turtlebot3_gazebo/share/my_turtlebot3_gazebo//models/turtlebot3_waffle/model.config
[3.744s] -- Up-to-date symlink: /home/emma/turtlebot3_rl_ws/install/my_turtlebot3_gazebo/share/my_turtlebot3_gazebo//models/turtlebot3_waffle/model.sdf
[3.744s] -- Up-to-date symlink: /home/emma/turtlebot3_rl_ws/install/my_turtlebot3_gazebo/share/my_turtlebot3_gazebo//models/turtlebot3_waffle_pi/model-1_4_.sdf
[3.744s] -- Up-to-date symlink: /home/emma/turtlebot3_rl_ws/install/my_turtlebot3_gazebo/share/my_turtlebot3_gazebo//models/turtlebot3_waffle_pi/model.config
[3.756s] -- Up-to-date symlink: /home/emma/turtlebot3_rl_ws/install/my_turtlebot3_gazebo/share/my_turtlebot3_gazebo//models/turtlebot3_waffle_pi/model.sdf
[3.756s] -- Up-to-date symlink: /home/emma/turtlebot3_rl_ws/install/my_turtlebot3_gazebo/share/my_turtlebot3_gazebo//models/turtlebot3_world/meshes/hexagon.dae
[3.756s] -- Up-to-date symlink: /home/emma/turtlebot3_rl_ws/install/my_turtlebot3_gazebo/share/my_turtlebot3_gazebo//models/turtlebot3_world/meshes/wall.dae
[3.756s] -- Up-to-date symlink: /home/emma/turtlebot3_rl_ws/install/my_turtlebot3_gazebo/share/my_turtlebot3_gazebo//models/turtlebot3_world/model-1_4.sdf
[3.756s] -- Up-to-date symlink: /home/emma/turtlebot3_rl_ws/install/my_turtlebot3_gazebo/share/my_turtlebot3_gazebo//models/turtlebot3_world/model.config
[3.761s] -- Up-to-date symlink: /home/emma/turtlebot3_rl_ws/install/my_turtlebot3_gazebo/share/my_turtlebot3_gazebo//models/turtlebot3_world/model.sdf
[3.761s] -- Up-to-date symlink: /home/emma/turtlebot3_rl_ws/install/my_turtlebot3_gazebo/share/my_turtlebot3_gazebo//rviz/tb3_gazebo.rviz
[3.764s] -- Up-to-date symlink: /home/emma/turtlebot3_rl_ws/install/my_turtlebot3_gazebo/share/my_turtlebot3_gazebo//urdf/common_properties.urdf
[3.764s] -- Up-to-date symlink: /home/emma/turtlebot3_rl_ws/install/my_turtlebot3_gazebo/share/my_turtlebot3_gazebo//urdf/turtlebot3_burger.urdf
[3.766s] -- Up-to-date symlink: /home/emma/turtlebot3_rl_ws/install/my_turtlebot3_gazebo/share/my_turtlebot3_gazebo//urdf/turtlebot3_waffle.urdf
[3.767s] -- Up-to-date symlink: /home/emma/turtlebot3_rl_ws/install/my_turtlebot3_gazebo/share/my_turtlebot3_gazebo//urdf/turtlebot3_waffle_pi.urdf
[3.785s] -- Up-to-date symlink: /home/emma/turtlebot3_rl_ws/install/my_turtlebot3_gazebo/share/my_turtlebot3_gazebo//worlds/empty_world.world
[3.787s] -- Up-to-date symlink: /home/emma/turtlebot3_rl_ws/install/my_turtlebot3_gazebo/share/my_turtlebot3_gazebo//worlds/train_world.world
[3.787s] -- Up-to-date symlink: /home/emma/turtlebot3_rl_ws/install/my_turtlebot3_gazebo/share/my_turtlebot3_gazebo//worlds/turtlebot3_dqn_stage1.world
[3.789s] -- Up-to-date symlink: /home/emma/turtlebot3_rl_ws/install/my_turtlebot3_gazebo/share/my_turtlebot3_gazebo//worlds/turtlebot3_dqn_stage2.world
[3.790s] -- Up-to-date symlink: /home/emma/turtlebot3_rl_ws/install/my_turtlebot3_gazebo/share/my_turtlebot3_gazebo//worlds/turtlebot3_dqn_stage3.world
[3.791s] -- Up-to-date symlink: /home/emma/turtlebot3_rl_ws/install/my_turtlebot3_gazebo/share/my_turtlebot3_gazebo//worlds/turtlebot3_dqn_stage4.world
[3.791s] -- Up-to-date symlink: /home/emma/turtlebot3_rl_ws/install/my_turtlebot3_gazebo/share/my_turtlebot3_gazebo//worlds/turtlebot3_house.world
[3.791s] -- Up-to-date symlink: /home/emma/turtlebot3_rl_ws/install/my_turtlebot3_gazebo/share/my_turtlebot3_gazebo//worlds/turtlebot3_world.world
[3.791s] -- Up-to-date symlink: /home/emma/turtlebot3_rl_ws/install/my_turtlebot3_gazebo/share/my_turtlebot3_gazebo//worlds/empty_world.world
[3.791s] -- Up-to-date symlink: /home/emma/turtlebot3_rl_ws/install/my_turtlebot3_gazebo/share/my_turtlebot3_gazebo//worlds/train_world.world
[3.791s] -- Up-to-date symlink: /home/emma/turtlebot3_rl_ws/install/my_turtlebot3_gazebo/share/my_turtlebot3_gazebo//worlds/turtlebot3_dqn_stage1.world
[3.792s] -- Up-to-date symlink: /home/emma/turtlebot3_rl_ws/install/my_turtlebot3_gazebo/share/my_turtlebot3_gazebo//worlds/turtlebot3_dqn_stage2.world
[3.792s] -- Up-to-date symlink: /home/emma/turtlebot3_rl_ws/install/my_turtlebot3_gazebo/share/my_turtlebot3_gazebo//worlds/turtlebot3_dqn_stage3.world
[3.792s] -- Up-to-date symlink: /home/emma/turtlebot3_rl_ws/install/my_turtlebot3_gazebo/share/my_turtlebot3_gazebo//worlds/turtlebot3_dqn_stage4.world
[3.800s] -- Up-to-date symlink: /home/emma/turtlebot3_rl_ws/install/my_turtlebot3_gazebo/share/my_turtlebot3_gazebo//worlds/turtlebot3_house.world
[3.809s] -- Up-to-date symlink: /home/emma/turtlebot3_rl_ws/install/my_turtlebot3_gazebo/share/my_turtlebot3_gazebo//worlds/turtlebot3_world.world
[3.815s] -- Up-to-date symlink: /home/emma/turtlebot3_rl_ws/install/my_turtlebot3_gazebo/include//turtlebot3_gazebo/turtlebot3_drive.hpp
[3.815s] -- Up-to-date symlink: /home/emma/turtlebot3_rl_ws/install/my_turtlebot3_gazebo/share/ament_index/resource_index/package_run_dependencies/my_turtlebot3_gazebo
[3.822s] -- Up-to-date symlink: /home/emma/turtlebot3_rl_ws/install/my_turtlebot3_gazebo/share/ament_index/resource_index/parent_prefix_path/my_turtlebot3_gazebo
[3.834s] -- Up-to-date symlink: /home/emma/turtlebot3_rl_ws/install/my_turtlebot3_gazebo/share/my_turtlebot3_gazebo/environment/ament_prefix_path.sh
[3.835s] -- Up-to-date symlink: /home/emma/turtlebot3_rl_ws/install/my_turtlebot3_gazebo/share/my_turtlebot3_gazebo/environment/ament_prefix_path.dsv
[3.835s] -- Up-to-date symlink: /home/emma/turtlebot3_rl_ws/install/my_turtlebot3_gazebo/share/my_turtlebot3_gazebo/environment/path.sh
[3.835s] -- Up-to-date symlink: /home/emma/turtlebot3_rl_ws/install/my_turtlebot3_gazebo/share/my_turtlebot3_gazebo/environment/path.dsv
[3.835s] -- Up-to-date symlink: /home/emma/turtlebot3_rl_ws/install/my_turtlebot3_gazebo/share/my_turtlebot3_gazebo/local_setup.bash
[3.835s] -- Up-to-date symlink: /home/emma/turtlebot3_rl_ws/install/my_turtlebot3_gazebo/share/my_turtlebot3_gazebo/local_setup.sh
[3.840s] -- Up-to-date symlink: /home/emma/turtlebot3_rl_ws/install/my_turtlebot3_gazebo/share/my_turtlebot3_gazebo/local_setup.zsh
[3.852s] -- Up-to-date symlink: /home/emma/turtlebot3_rl_ws/install/my_turtlebot3_gazebo/share/my_turtlebot3_gazebo/local_setup.dsv
[3.865s] -- Symlinking: /home/emma/turtlebot3_rl_ws/install/my_turtlebot3_gazebo/share/my_turtlebot3_gazebo/package.dsv
[3.960s] -- Up-to-date symlink: /home/emma/turtlebot3_rl_ws/install/my_turtlebot3_gazebo/share/ament_index/resource_index/packages/my_turtlebot3_gazebo
[3.968s] -- Up-to-date symlink: /home/emma/turtlebot3_rl_ws/install/my_turtlebot3_gazebo/share/my_turtlebot3_gazebo/cmake/ament_cmake_export_include_directories-extras.cmake
[3.973s] -- Up-to-date symlink: /home/emma/turtlebot3_rl_ws/install/my_turtlebot3_gazebo/share/my_turtlebot3_gazebo/cmake/ament_cmake_export_dependencies-extras.cmake
[3.974s] -- Up-to-date symlink: /home/emma/turtlebot3_rl_ws/install/my_turtlebot3_gazebo/share/my_turtlebot3_gazebo/cmake/my_turtlebot3_gazeboConfig.cmake
[3.976s] -- Up-to-date symlink: /home/emma/turtlebot3_rl_ws/install/my_turtlebot3_gazebo/share/my_turtlebot3_gazebo/cmake/my_turtlebot3_gazeboConfig-version.cmake
[3.986s] -- Up-to-date symlink: /home/emma/turtlebot3_rl_ws/install/my_turtlebot3_gazebo/share/my_turtlebot3_gazebo/package.xml
[4.013s] Invoked command in '/home/emma/turtlebot3_rl_ws/build/my_turtlebot3_gazebo' returned '0': CMAKE_PREFIX_PATH=${CMAKE_PREFIX_PATH}:/home/emma/turtlebot3_rl_ws/install/turtlebot3_rl:/home/emma/turtlebot3_rl_ws/install/train_controller:/opt/ros/humble /usr/bin/cmake --install /home/emma/turtlebot3_rl_ws/build/my_turtlebot3_gazebo
