[0.053s] Invoking command in '/home/emma/turtlebot3_rl_ws/build/my_turtlebot3_gazebo': CMAKE_PREFIX_PATH=/home/emma/turtlebot3_rl_ws/install/turtlebot3_rl:/home/emma/turtlebot3_rl_ws/install/train_controller:/opt/ros/humble:${CMAKE_PREFIX_PATH} /usr/bin/cmake --build /home/emma/turtlebot3_rl_ws/build/my_turtlebot3_gazebo -- -j4 -l4
[0.407s] [100%] Built target turtlebot3_drive
[0.704s] Invoked command in '/home/emma/turtlebot3_rl_ws/build/my_turtlebot3_gazebo' returned '0': CMAKE_PREFIX_PATH=/home/emma/turtlebot3_rl_ws/install/turtlebot3_rl:/home/emma/turtlebot3_rl_ws/install/train_controller:/opt/ros/humble:${CMAKE_PREFIX_PATH} /usr/bin/cmake --build /home/emma/turtlebot3_rl_ws/build/my_turtlebot3_gazebo -- -j4 -l4
[0.718s] Invoking command in '/home/emma/turtlebot3_rl_ws/build/my_turtlebot3_gazebo': CMAKE_PREFIX_PATH=/home/emma/turtlebot3_rl_ws/install/turtlebot3_rl:/home/emma/turtlebot3_rl_ws/install/train_controller:/opt/ros/humble:${CMAKE_PREFIX_PATH} /usr/bin/cmake --install /home/emma/turtlebot3_rl_ws/build/my_turtlebot3_gazebo
[0.732s] -- Install configuration: ""
[0.734s] -- Execute custom install script
[0.734s] -- Up-to-date symlink: /home/emma/turtlebot3_rl_ws/install/my_turtlebot3_gazebo/lib/my_turtlebot3_gazebo/turtlebot3_drive
[0.735s] -- Up-to-date symlink: /home/emma/turtlebot3_rl_ws/install/my_turtlebot3_gazebo/share/my_turtlebot3_gazebo//launch/empty_world.launch.py
[0.735s] -- Up-to-date symlink: /home/emma/turtlebot3_rl_ws/install/my_turtlebot3_gazebo/share/my_turtlebot3_gazebo//launch/robot_state_publisher.launch.py
[0.742s] -- Up-to-date symlink: /home/emma/turtlebot3_rl_ws/install/my_turtlebot3_gazebo/share/my_turtlebot3_gazebo//launch/spawn_turtlebot3.launch.py
[0.743s] -- Up-to-date symlink: /home/emma/turtlebot3_rl_ws/install/my_turtlebot3_gazebo/share/my_turtlebot3_gazebo//launch/spawn_turtlebot3_train.launch.py
[0.744s] -- Up-to-date symlink: /home/emma/turtlebot3_rl_ws/install/my_turtlebot3_gazebo/share/my_turtlebot3_gazebo//launch/train_world.launch.py
[0.747s] -- Up-to-date symlink: /home/emma/turtlebot3_rl_ws/install/my_turtlebot3_gazebo/share/my_turtlebot3_gazebo//launch/turtlebot3_dqn_stage1.launch.py
[0.748s] -- Up-to-date symlink: /home/emma/turtlebot3_rl_ws/install/my_turtlebot3_gazebo/share/my_turtlebot3_gazebo//launch/turtlebot3_dqn_stage2.launch.py
[0.750s] -- Up-to-date symlink: /home/emma/turtlebot3_rl_ws/install/my_turtlebot3_gazebo/share/my_turtlebot3_gazebo//launch/turtlebot3_dqn_stage3.launch.py
[0.751s] -- Up-to-date symlink: /home/emma/turtlebot3_rl_ws/install/my_turtlebot3_gazebo/share/my_turtlebot3_gazebo//launch/turtlebot3_dqn_stage4.launch.py
[0.752s] -- Up-to-date symlink: /home/emma/turtlebot3_rl_ws/install/my_turtlebot3_gazebo/share/my_turtlebot3_gazebo//launch/turtlebot3_house.launch.py
[0.752s] -- Up-to-date symlink: /home/emma/turtlebot3_rl_ws/install/my_turtlebot3_gazebo/share/my_turtlebot3_gazebo//launch/turtlebot3_world.launch.py
[0.752s] -- Up-to-date symlink: /home/emma/turtlebot3_rl_ws/install/my_turtlebot3_gazebo/share/my_turtlebot3_gazebo//models/turtlebot3_burger/model-1_4.sdf
[0.752s] -- Up-to-date symlink: /home/emma/turtlebot3_rl_ws/install/my_turtlebot3_gazebo/share/my_turtlebot3_gazebo//models/turtlebot3_burger/model.config
[0.752s] -- Up-to-date symlink: /home/emma/turtlebot3_rl_ws/install/my_turtlebot3_gazebo/share/my_turtlebot3_gazebo//models/turtlebot3_burger/model.sdf
[0.752s] -- Up-to-date symlink: /home/emma/turtlebot3_rl_ws/install/my_turtlebot3_gazebo/share/my_turtlebot3_gazebo//models/turtlebot3_common/meshes/burger_base.dae
[0.752s] -- Up-to-date symlink: /home/emma/turtlebot3_rl_ws/install/my_turtlebot3_gazebo/share/my_turtlebot3_gazebo//models/turtlebot3_common/meshes/lds.dae
[0.752s] -- Up-to-date symlink: /home/emma/turtlebot3_rl_ws/install/my_turtlebot3_gazebo/share/my_turtlebot3_gazebo//models/turtlebot3_common/meshes/r200.dae
[0.752s] -- Up-to-date symlink: /home/emma/turtlebot3_rl_ws/install/my_turtlebot3_gazebo/share/my_turtlebot3_gazebo//models/turtlebot3_common/meshes/tire.dae
[0.752s] -- Up-to-date symlink: /home/emma/turtlebot3_rl_ws/install/my_turtlebot3_gazebo/share/my_turtlebot3_gazebo//models/turtlebot3_common/meshes/waffle_base.dae
[0.752s] -- Up-to-date symlink: /home/emma/turtlebot3_rl_ws/install/my_turtlebot3_gazebo/share/my_turtlebot3_gazebo//models/turtlebot3_common/meshes/waffle_pi_base.dae
[0.752s] -- Up-to-date symlink: /home/emma/turtlebot3_rl_ws/install/my_turtlebot3_gazebo/share/my_turtlebot3_gazebo//models/turtlebot3_common/model.config
[0.752s] -- Up-to-date symlink: /home/emma/turtlebot3_rl_ws/install/my_turtlebot3_gazebo/share/my_turtlebot3_gazebo//models/turtlebot3_dqn_world/goal_box/model.config
[0.752s] -- Up-to-date symlink: /home/emma/turtlebot3_rl_ws/install/my_turtlebot3_gazebo/share/my_turtlebot3_gazebo//models/turtlebot3_dqn_world/goal_box/model.sdf
[0.752s] -- Up-to-date symlink: /home/emma/turtlebot3_rl_ws/install/my_turtlebot3_gazebo/share/my_turtlebot3_gazebo//models/turtlebot3_dqn_world/inner_walls/model.config
[0.752s] -- Up-to-date symlink: /home/emma/turtlebot3_rl_ws/install/my_turtlebot3_gazebo/share/my_turtlebot3_gazebo//models/turtlebot3_dqn_world/inner_walls/model.sdf
[0.753s] -- Up-to-date symlink: /home/emma/turtlebot3_rl_ws/install/my_turtlebot3_gazebo/share/my_turtlebot3_gazebo//models/turtlebot3_dqn_world/model.config
[0.753s] -- Up-to-date symlink: /home/emma/turtlebot3_rl_ws/install/my_turtlebot3_gazebo/share/my_turtlebot3_gazebo//models/turtlebot3_dqn_world/model.sdf
[0.753s] -- Up-to-date symlink: /home/emma/turtlebot3_rl_ws/install/my_turtlebot3_gazebo/share/my_turtlebot3_gazebo//models/turtlebot3_dqn_world/obstacle1/model.config
[0.753s] -- Up-to-date symlink: /home/emma/turtlebot3_rl_ws/install/my_turtlebot3_gazebo/share/my_turtlebot3_gazebo//models/turtlebot3_dqn_world/obstacle1/model.sdf
[0.753s] -- Up-to-date symlink: /home/emma/turtlebot3_rl_ws/install/my_turtlebot3_gazebo/share/my_turtlebot3_gazebo//models/turtlebot3_dqn_world/obstacle2/model.config
[0.753s] -- Up-to-date symlink: /home/emma/turtlebot3_rl_ws/install/my_turtlebot3_gazebo/share/my_turtlebot3_gazebo//models/turtlebot3_dqn_world/obstacle2/model.sdf
[0.753s] -- Up-to-date symlink: /home/emma/turtlebot3_rl_ws/install/my_turtlebot3_gazebo/share/my_turtlebot3_gazebo//models/turtlebot3_dqn_world/obstacle_plugin/CMakeLists.txt
[0.753s] -- Up-to-date symlink: /home/emma/turtlebot3_rl_ws/install/my_turtlebot3_gazebo/share/my_turtlebot3_gazebo//models/turtlebot3_dqn_world/obstacle_plugin/obstacle1.cc
[0.753s] -- Up-to-date symlink: /home/emma/turtlebot3_rl_ws/install/my_turtlebot3_gazebo/share/my_turtlebot3_gazebo//models/turtlebot3_dqn_world/obstacle_plugin/obstacle2.cc
[0.753s] -- Up-to-date symlink: /home/emma/turtlebot3_rl_ws/install/my_turtlebot3_gazebo/share/my_turtlebot3_gazebo//models/turtlebot3_dqn_world/obstacle_plugin/obstacles.cc
[0.753s] -- Up-to-date symlink: /home/emma/turtlebot3_rl_ws/install/my_turtlebot3_gazebo/share/my_turtlebot3_gazebo//models/turtlebot3_dqn_world/obstacles/model.config
[0.753s] -- Up-to-date symlink: /home/emma/turtlebot3_rl_ws/install/my_turtlebot3_gazebo/share/my_turtlebot3_gazebo//models/turtlebot3_dqn_world/obstacles/model.sdf
[0.753s] -- Up-to-date symlink: /home/emma/turtlebot3_rl_ws/install/my_turtlebot3_gazebo/share/my_turtlebot3_gazebo//models/turtlebot3_house/model.config
[0.753s] -- Up-to-date symlink: /home/emma/turtlebot3_rl_ws/install/my_turtlebot3_gazebo/share/my_turtlebot3_gazebo//models/turtlebot3_house/model.sdf
[0.753s] -- Up-to-date symlink: /home/emma/turtlebot3_rl_ws/install/my_turtlebot3_gazebo/share/my_turtlebot3_gazebo//models/turtlebot3_waffle/model-1_4.sdf
[0.753s] -- Up-to-date symlink: /home/emma/turtlebot3_rl_ws/install/my_turtlebot3_gazebo/share/my_turtlebot3_gazebo//models/turtlebot3_waffle/model.config
[0.753s] -- Up-to-date symlink: /home/emma/turtlebot3_rl_ws/install/my_turtlebot3_gazebo/share/my_turtlebot3_gazebo//models/turtlebot3_waffle/model.sdf
[0.753s] -- Up-to-date symlink: /home/emma/turtlebot3_rl_ws/install/my_turtlebot3_gazebo/share/my_turtlebot3_gazebo//models/turtlebot3_waffle_pi/model-1_4_.sdf
[0.754s] -- Up-to-date symlink: /home/emma/turtlebot3_rl_ws/install/my_turtlebot3_gazebo/share/my_turtlebot3_gazebo//models/turtlebot3_waffle_pi/model.config
[0.754s] -- Up-to-date symlink: /home/emma/turtlebot3_rl_ws/install/my_turtlebot3_gazebo/share/my_turtlebot3_gazebo//models/turtlebot3_waffle_pi/model.sdf
[0.754s] -- Up-to-date symlink: /home/emma/turtlebot3_rl_ws/install/my_turtlebot3_gazebo/share/my_turtlebot3_gazebo//models/turtlebot3_world/meshes/hexagon.dae
[0.754s] -- Up-to-date symlink: /home/emma/turtlebot3_rl_ws/install/my_turtlebot3_gazebo/share/my_turtlebot3_gazebo//models/turtlebot3_world/meshes/wall.dae
[0.754s] -- Up-to-date symlink: /home/emma/turtlebot3_rl_ws/install/my_turtlebot3_gazebo/share/my_turtlebot3_gazebo//models/turtlebot3_world/model-1_4.sdf
[0.754s] -- Up-to-date symlink: /home/emma/turtlebot3_rl_ws/install/my_turtlebot3_gazebo/share/my_turtlebot3_gazebo//models/turtlebot3_world/model.config
[0.754s] -- Up-to-date symlink: /home/emma/turtlebot3_rl_ws/install/my_turtlebot3_gazebo/share/my_turtlebot3_gazebo//models/turtlebot3_world/model.sdf
[0.754s] -- Up-to-date symlink: /home/emma/turtlebot3_rl_ws/install/my_turtlebot3_gazebo/share/my_turtlebot3_gazebo//rviz/tb3_gazebo.rviz
[0.754s] -- Up-to-date symlink: /home/emma/turtlebot3_rl_ws/install/my_turtlebot3_gazebo/share/my_turtlebot3_gazebo//urdf/common_properties.urdf
[0.754s] -- Up-to-date symlink: /home/emma/turtlebot3_rl_ws/install/my_turtlebot3_gazebo/share/my_turtlebot3_gazebo//urdf/turtlebot3_burger.urdf
[0.754s] -- Up-to-date symlink: /home/emma/turtlebot3_rl_ws/install/my_turtlebot3_gazebo/share/my_turtlebot3_gazebo//urdf/turtlebot3_waffle.urdf
[0.754s] -- Up-to-date symlink: /home/emma/turtlebot3_rl_ws/install/my_turtlebot3_gazebo/share/my_turtlebot3_gazebo//urdf/turtlebot3_waffle_pi.urdf
[0.754s] -- Up-to-date symlink: /home/emma/turtlebot3_rl_ws/install/my_turtlebot3_gazebo/share/my_turtlebot3_gazebo//worlds/empty_world.world
[0.754s] -- Up-to-date symlink: /home/emma/turtlebot3_rl_ws/install/my_turtlebot3_gazebo/share/my_turtlebot3_gazebo//worlds/train_world.world
[0.754s] -- Up-to-date symlink: /home/emma/turtlebot3_rl_ws/install/my_turtlebot3_gazebo/share/my_turtlebot3_gazebo//worlds/turtlebot3_dqn_stage1.world
[0.755s] -- Up-to-date symlink: /home/emma/turtlebot3_rl_ws/install/my_turtlebot3_gazebo/share/my_turtlebot3_gazebo//worlds/turtlebot3_dqn_stage2.world
[0.755s] -- Up-to-date symlink: /home/emma/turtlebot3_rl_ws/install/my_turtlebot3_gazebo/share/my_turtlebot3_gazebo//worlds/turtlebot3_dqn_stage3.world
[0.755s] -- Up-to-date symlink: /home/emma/turtlebot3_rl_ws/install/my_turtlebot3_gazebo/share/my_turtlebot3_gazebo//worlds/turtlebot3_dqn_stage4.world
[0.755s] -- Up-to-date symlink: /home/emma/turtlebot3_rl_ws/install/my_turtlebot3_gazebo/share/my_turtlebot3_gazebo//worlds/turtlebot3_house.world
[0.755s] -- Up-to-date symlink: /home/emma/turtlebot3_rl_ws/install/my_turtlebot3_gazebo/share/my_turtlebot3_gazebo//worlds/turtlebot3_world.world
[0.755s] -- Up-to-date symlink: /home/emma/turtlebot3_rl_ws/install/my_turtlebot3_gazebo/share/my_turtlebot3_gazebo//worlds/empty_world.world
[0.755s] -- Up-to-date symlink: /home/emma/turtlebot3_rl_ws/install/my_turtlebot3_gazebo/share/my_turtlebot3_gazebo//worlds/train_world.world
[0.755s] -- Up-to-date symlink: /home/emma/turtlebot3_rl_ws/install/my_turtlebot3_gazebo/share/my_turtlebot3_gazebo//worlds/turtlebot3_dqn_stage1.world
[0.755s] -- Up-to-date symlink: /home/emma/turtlebot3_rl_ws/install/my_turtlebot3_gazebo/share/my_turtlebot3_gazebo//worlds/turtlebot3_dqn_stage2.world
[0.755s] -- Up-to-date symlink: /home/emma/turtlebot3_rl_ws/install/my_turtlebot3_gazebo/share/my_turtlebot3_gazebo//worlds/turtlebot3_dqn_stage3.world
[0.755s] -- Up-to-date symlink: /home/emma/turtlebot3_rl_ws/install/my_turtlebot3_gazebo/share/my_turtlebot3_gazebo//worlds/turtlebot3_dqn_stage4.world
[0.755s] -- Up-to-date symlink: /home/emma/turtlebot3_rl_ws/install/my_turtlebot3_gazebo/share/my_turtlebot3_gazebo//worlds/turtlebot3_house.world
[0.755s] -- Up-to-date symlink: /home/emma/turtlebot3_rl_ws/install/my_turtlebot3_gazebo/share/my_turtlebot3_gazebo//worlds/turtlebot3_world.world
[0.755s] -- Up-to-date symlink: /home/emma/turtlebot3_rl_ws/install/my_turtlebot3_gazebo/include//turtlebot3_gazebo/turtlebot3_drive.hpp
[0.755s] -- Up-to-date symlink: /home/emma/turtlebot3_rl_ws/install/my_turtlebot3_gazebo/share/ament_index/resource_index/package_run_dependencies/my_turtlebot3_gazebo
[0.755s] -- Up-to-date symlink: /home/emma/turtlebot3_rl_ws/install/my_turtlebot3_gazebo/share/ament_index/resource_index/parent_prefix_path/my_turtlebot3_gazebo
[0.755s] -- Up-to-date symlink: /home/emma/turtlebot3_rl_ws/install/my_turtlebot3_gazebo/share/my_turtlebot3_gazebo/environment/ament_prefix_path.sh
[0.755s] -- Up-to-date symlink: /home/emma/turtlebot3_rl_ws/install/my_turtlebot3_gazebo/share/my_turtlebot3_gazebo/environment/ament_prefix_path.dsv
[0.756s] -- Up-to-date symlink: /home/emma/turtlebot3_rl_ws/install/my_turtlebot3_gazebo/share/my_turtlebot3_gazebo/environment/path.sh
[0.756s] -- Up-to-date symlink: /home/emma/turtlebot3_rl_ws/install/my_turtlebot3_gazebo/share/my_turtlebot3_gazebo/environment/path.dsv
[0.756s] -- Up-to-date symlink: /home/emma/turtlebot3_rl_ws/install/my_turtlebot3_gazebo/share/my_turtlebot3_gazebo/local_setup.bash
[0.756s] -- Up-to-date symlink: /home/emma/turtlebot3_rl_ws/install/my_turtlebot3_gazebo/share/my_turtlebot3_gazebo/local_setup.sh
[0.756s] -- Up-to-date symlink: /home/emma/turtlebot3_rl_ws/install/my_turtlebot3_gazebo/share/my_turtlebot3_gazebo/local_setup.zsh
[0.756s] -- Up-to-date symlink: /home/emma/turtlebot3_rl_ws/install/my_turtlebot3_gazebo/share/my_turtlebot3_gazebo/local_setup.dsv
[0.756s] -- Symlinking: /home/emma/turtlebot3_rl_ws/install/my_turtlebot3_gazebo/share/my_turtlebot3_gazebo/package.dsv
[1.018s] -- Up-to-date symlink: /home/emma/turtlebot3_rl_ws/install/my_turtlebot3_gazebo/share/ament_index/resource_index/packages/my_turtlebot3_gazebo
[1.018s] -- Up-to-date symlink: /home/emma/turtlebot3_rl_ws/install/my_turtlebot3_gazebo/share/my_turtlebot3_gazebo/cmake/ament_cmake_export_include_directories-extras.cmake
[1.018s] -- Up-to-date symlink: /home/emma/turtlebot3_rl_ws/install/my_turtlebot3_gazebo/share/my_turtlebot3_gazebo/cmake/ament_cmake_export_dependencies-extras.cmake
[1.018s] -- Up-to-date symlink: /home/emma/turtlebot3_rl_ws/install/my_turtlebot3_gazebo/share/my_turtlebot3_gazebo/cmake/my_turtlebot3_gazeboConfig.cmake
[1.018s] -- Up-to-date symlink: /home/emma/turtlebot3_rl_ws/install/my_turtlebot3_gazebo/share/my_turtlebot3_gazebo/cmake/my_turtlebot3_gazeboConfig-version.cmake
[1.018s] -- Up-to-date symlink: /home/emma/turtlebot3_rl_ws/install/my_turtlebot3_gazebo/share/my_turtlebot3_gazebo/package.xml
[1.029s] Invoked command in '/home/emma/turtlebot3_rl_ws/build/my_turtlebot3_gazebo' returned '0': CMAKE_PREFIX_PATH=/home/emma/turtlebot3_rl_ws/install/turtlebot3_rl:/home/emma/turtlebot3_rl_ws/install/train_controller:/opt/ros/humble:${CMAKE_PREFIX_PATH} /usr/bin/cmake --install /home/emma/turtlebot3_rl_ws/build/my_turtlebot3_gazebo
