[0.162s] Invoking command in '/home/emma/turtlebot3_rl_ws/build/my_turtlebot3_gazebo': CMAKE_PREFIX_PATH=${CMAKE_PREFIX_PATH}:/home/emma/turtlebot3_rl_ws/install/turtlebot3_rl:/home/emma/turtlebot3_rl_ws/install/train_controller:/opt/ros/humble /usr/bin/cmake /home/emma/turtlebot3_rl_ws/src/my_turtlebot3_gazebo -DAMENT_CMAKE_SYMLINK_INSTALL=1 -DCMAKE_INSTALL_PREFIX=/home/emma/turtlebot3_rl_ws/install/my_turtlebot3_gazebo
[5.106s] -- The C compiler identification is GNU 11.4.0
[5.107s] -- The CXX compiler identification is GNU 11.4.0
[5.107s] -- Detecting C compiler ABI info
[5.107s] -- Detecting C compiler ABI info - done
[5.107s] -- Check for working C compiler: /usr/bin/cc - skipped
[5.107s] -- Detecting C compile features
[5.107s] -- Detecting C compile features - done
[5.109s] -- Detecting CXX compiler ABI info
[5.109s] -- Detecting CXX compiler ABI info - done
[5.109s] -- Check for working CXX compiler: /usr/bin/c++ - skipped
[5.109s] -- Detecting CXX compile features
[5.109s] -- Detecting CXX compile features - done
[5.109s] -- Found ament_cmake: 1.3.11 (/opt/ros/humble/share/ament_cmake/cmake)
[5.109s] -- Found Python3: /usr/bin/python3 (found version "3.10.12") found components: Interpreter 
[5.298s] -- Override CMake install command with custom implementation using symlinks instead of copying resources
[5.576s] -- Found ros_gz_sim: 0.244.16 (/opt/ros/humble/share/ros_gz_sim/cmake)
[5.892s] -- Found rosidl_generator_c: 3.1.6 (/opt/ros/humble/share/rosidl_generator_c/cmake)
[5.909s] -- Found rosidl_adapter: 3.1.6 (/opt/ros/humble/share/rosidl_adapter/cmake)
[5.945s] -- Found rosidl_generator_cpp: 3.1.6 (/opt/ros/humble/share/rosidl_generator_cpp/cmake)
[6.107s] -- Using all available rosidl_typesupport_c: rosidl_typesupport_fastrtps_c;rosidl_typesupport_introspection_c
[6.263s] -- Using all available rosidl_typesupport_cpp: rosidl_typesupport_fastrtps_cpp;rosidl_typesupport_introspection_cpp
[6.699s] -- Found rmw_implementation_cmake: 6.1.2 (/opt/ros/humble/share/rmw_implementation_cmake/cmake)
[6.734s] -- Found rmw_fastrtps_cpp: 6.2.7 (/opt/ros/humble/share/rmw_fastrtps_cpp/cmake)
[7.754s] -- Found OpenSSL: /usr/lib/x86_64-linux-gnu/libcrypto.so (found version "3.0.2")  
[8.049s] -- Found FastRTPS: /opt/ros/humble/include  
[8.338s] -- Using RMW implementation 'rmw_fastrtps_cpp' as default
[8.394s] -- Looking for pthread.h
[9.016s] -- Looking for pthread.h - found
[9.016s] -- Performing Test CMAKE_HAVE_LIBC_PTHREAD
[9.715s] -- Performing Test CMAKE_HAVE_LIBC_PTHREAD - Success
[9.716s] -- Found Threads: TRUE  
[9.830s] -- Found geometry_msgs: 4.8.0 (/opt/ros/humble/share/geometry_msgs/cmake)
[9.930s] -- Found nav_msgs: 4.8.0 (/opt/ros/humble/share/nav_msgs/cmake)
[10.144s] -- Found sensor_msgs: 4.8.0 (/opt/ros/humble/share/sensor_msgs/cmake)
[10.347s] -- Found tf2: 0.25.12 (/opt/ros/humble/share/tf2/cmake)
[10.844s] -- Configuring done
[10.845s] [31mCMake Error at CMakeLists.txt:52 (add_executable):
[10.845s]   Cannot find source file:
[10.845s] 
[10.845s]     src/turtlebot3_drive.cpp
[10.871s] 
[10.871s]   Tried extensions .c .C .c++ .cc .cpp .cxx .cu .mpp .m .M .mm .ixx .cppm .h
[10.871s]   .hh .h++ .hm .hpp .hxx .in .txx .f .F .for .f77 .f90 .f95 .f03 .hip .ispc
[10.871s] 
[10.872s] [0m
[10.872s] [31mCMake Error at CMakeLists.txt:52 (add_executable):
[10.872s]   No SOURCES given to target: turtlebot3_drive
[10.872s] 
[10.903s] [0m
[10.914s] [0mCMake Generate step failed.  Build files cannot be regenerated correctly.[0m
[11.185s] Invoked command in '/home/emma/turtlebot3_rl_ws/build/my_turtlebot3_gazebo' returned '1': CMAKE_PREFIX_PATH=${CMAKE_PREFIX_PATH}:/home/emma/turtlebot3_rl_ws/install/turtlebot3_rl:/home/emma/turtlebot3_rl_ws/install/train_controller:/opt/ros/humble /usr/bin/cmake /home/emma/turtlebot3_rl_ws/src/my_turtlebot3_gazebo -DAMENT_CMAKE_SYMLINK_INSTALL=1 -DCMAKE_INSTALL_PREFIX=/home/emma/turtlebot3_rl_ws/install/my_turtlebot3_gazebo
