[33mCMake Warning:
  Manually-specified variables were not used by the project:

    CATKIN_INSTALL_INTO_PREFIX_ROOT

[0m
[01m[K/home/emma/turtlebot3_rl_ws/src/train_reset_plugin/src/train_reset_plugin.cpp:[m[K In member function ‘[01m[Kvoid gazebo::TrainResetPlugin::MoveDoors()[m[K’:
[01m[K/home/emma/turtlebot3_rl_ws/src/train_reset_plugin/src/train_reset_plugin.cpp:109:79:[m[K [01;31m[Kerror: [m[Kno matching function for call to ‘[01m[Kignition::math::v6::Pose3<double>::Pose3(ignition::math::v6::Vector3<double>)[m[K’
  109 | ft_door_->SetWorldPose(ignition::math::Pose3d(left_final_pos * ratio[01;31m[K)[m[K);
      |                                                                     [01;31m[K^[m[K

In file included from [01m[K/usr/include/ignition/math6/ignition/math/Pose3.hh:18[m[K,
                 from [01m[K/usr/include/sdformat-9.7/sdf/Actor.hh:23[m[K,
                 from [01m[K/usr/include/sdformat-9.7/sdf/sdf.hh:2[m[K,
                 from [01m[K/usr/include/gazebo-11/gazebo/common/Plugin.hh:33[m[K,
                 from [01m[K/home/emma/turtlebot3_rl_ws/src/train_reset_plugin/src/train_reset_plugin.cpp:1[m[K:
[01m[K/usr/include/ignition/math6/gz/math/Pose3.hh:79:15:[m[K [01;36m[Knote: [m[Kcandidate: ‘[01m[Kignition::math::v6::Pose3<T>::Pose3(const ignition::math::v6::Pose3<T>&) [with T = double][m[K’
   79 |       public: [01;36m[KPose3[m[K(const Pose3<T> &_pose)
      |               [01;36m[K^~~~~[m[K
[01m[K/usr/include/ignition/math6/gz/math/Pose3.hh:79:37:[m[K [01;36m[Knote: [m[K  no known conversion for argument 1 from ‘[01m[Kignition::math::v6::Vector3<double>[m[K’ to ‘[01m[Kconst ignition::math::v6::Pose3<double>&[m[K’
   79 |       public: Pose3([01;36m[Kconst Pose3<T> &_pose[m[K)
      |                     [01;36m[K~~~~~~~~~~~~~~~~^~~~~[m[K
[01m[K/usr/include/ignition/math6/gz/math/Pose3.hh:72:15:[m[K [01;36m[Knote: [m[Kcandidate: ‘[01m[Kignition::math::v6::Pose3<T>::Pose3(T, T, T, T, T, T, T) [with T = double][m[K’
   72 |       public: [01;36m[KPose3[m[K(T _x, T _y, T _z, T _qw, T _qx, T _qy, T _qz)
      |               [01;36m[K^~~~~[m[K
[01m[K/usr/include/ignition/math6/gz/math/Pose3.hh:72:15:[m[K [01;36m[Knote: [m[K  candidate expects 7 arguments, 1 provided
[01m[K/usr/include/ignition/math6/gz/math/Pose3.hh:59:15:[m[K [01;36m[Knote: [m[Kcandidate: ‘[01m[Kignition::math::v6::Pose3<T>::Pose3(T, T, T, T, T, T) [with T = double][m[K’
   59 |       public: [01;36m[KPose3[m[K(T _x, T _y, T _z, T _roll, T _pitch, T _yaw)
      |               [01;36m[K^~~~~[m[K
[01m[K/usr/include/ignition/math6/gz/math/Pose3.hh:59:15:[m[K [01;36m[Knote: [m[K  candidate expects 6 arguments, 1 provided
[01m[K/usr/include/ignition/math6/gz/math/Pose3.hh:47:15:[m[K [01;36m[Knote: [m[Kcandidate: ‘[01m[Kignition::math::v6::Pose3<T>::Pose3(const ignition::math::v6::Vector3<T>&, const ignition::math::v6::Quaternion<T>&) [with T = double][m[K’
   47 |       public: [01;36m[KPose3[m[K(const Vector3<T> &_pos, const Quaternion<T> &_rot)
      |               [01;36m[K^~~~~[m[K
[01m[K/usr/include/ignition/math6/gz/math/Pose3.hh:47:15:[m[K [01;36m[Knote: [m[K  candidate expects 2 arguments, 1 provided
[01m[K/usr/include/ignition/math6/gz/math/Pose3.hh:40:15:[m[K [01;36m[Knote: [m[Kcandidate: ‘[01m[Kignition::math::v6::Pose3<T>::Pose3() [with T = double][m[K’
   40 |       public: [01;36m[KPose3[m[K() : p(0, 0, 0), q(1, 0, 0, 0)
      |               [01;36m[K^~~~~[m[K
[01m[K/usr/include/ignition/math6/gz/math/Pose3.hh:40:15:[m[K [01;36m[Knote: [m[K  candidate expects 0 arguments, 1 provided
[01m[K/home/emma/turtlebot3_rl_ws/src/train_reset_plugin/src/train_reset_plugin.cpp:110:81:[m[K [01;31m[Kerror: [m[Kno matching function for call to ‘[01m[Kignition::math::v6::Pose3<double>::Pose3(ignition::math::v6::Vector3<double>)[m[K’
  110 | t_door_->SetWorldPose(ignition::math::Pose3d(right_final_pos * ratio[01;31m[K)[m[K);
      |                                                                     [01;31m[K^[m[K

In file included from [01m[K/usr/include/ignition/math6/ignition/math/Pose3.hh:18[m[K,
                 from [01m[K/usr/include/sdformat-9.7/sdf/Actor.hh:23[m[K,
                 from [01m[K/usr/include/sdformat-9.7/sdf/sdf.hh:2[m[K,
                 from [01m[K/usr/include/gazebo-11/gazebo/common/Plugin.hh:33[m[K,
                 from [01m[K/home/emma/turtlebot3_rl_ws/src/train_reset_plugin/src/train_reset_plugin.cpp:1[m[K:
[01m[K/usr/include/ignition/math6/gz/math/Pose3.hh:79:15:[m[K [01;36m[Knote: [m[Kcandidate: ‘[01m[Kignition::math::v6::Pose3<T>::Pose3(const ignition::math::v6::Pose3<T>&) [with T = double][m[K’
   79 |       public: [01;36m[KPose3[m[K(const Pose3<T> &_pose)
      |               [01;36m[K^~~~~[m[K
[01m[K/usr/include/ignition/math6/gz/math/Pose3.hh:79:37:[m[K [01;36m[Knote: [m[K  no known conversion for argument 1 from ‘[01m[Kignition::math::v6::Vector3<double>[m[K’ to ‘[01m[Kconst ignition::math::v6::Pose3<double>&[m[K’
   79 |       public: Pose3([01;36m[Kconst Pose3<T> &_pose[m[K)
      |                     [01;36m[K~~~~~~~~~~~~~~~~^~~~~[m[K
[01m[K/usr/include/ignition/math6/gz/math/Pose3.hh:72:15:[m[K [01;36m[Knote: [m[Kcandidate: ‘[01m[Kignition::math::v6::Pose3<T>::Pose3(T, T, T, T, T, T, T) [with T = double][m[K’
   72 |       public: [01;36m[KPose3[m[K(T _x, T _y, T _z, T _qw, T _qx, T _qy, T _qz)
      |               [01;36m[K^~~~~[m[K
[01m[K/usr/include/ignition/math6/gz/math/Pose3.hh:72:15:[m[K [01;36m[Knote: [m[K  candidate expects 7 arguments, 1 provided
[01m[K/usr/include/ignition/math6/gz/math/Pose3.hh:59:15:[m[K [01;36m[Knote: [m[Kcandidate: ‘[01m[Kignition::math::v6::Pose3<T>::Pose3(T, T, T, T, T, T) [with T = double][m[K’
   59 |       public: [01;36m[KPose3[m[K(T _x, T _y, T _z, T _roll, T _pitch, T _yaw)
      |               [01;36m[K^~~~~[m[K
[01m[K/usr/include/ignition/math6/gz/math/Pose3.hh:59:15:[m[K [01;36m[Knote: [m[K  candidate expects 6 arguments, 1 provided
[01m[K/usr/include/ignition/math6/gz/math/Pose3.hh:47:15:[m[K [01;36m[Knote: [m[Kcandidate: ‘[01m[Kignition::math::v6::Pose3<T>::Pose3(const ignition::math::v6::Vector3<T>&, const ignition::math::v6::Quaternion<T>&) [with T = double][m[K’
   47 |       public: [01;36m[KPose3[m[K(const Vector3<T> &_pos, const Quaternion<T> &_rot)
      |               [01;36m[K^~~~~[m[K
[01m[K/usr/include/ignition/math6/gz/math/Pose3.hh:47:15:[m[K [01;36m[Knote: [m[K  candidate expects 2 arguments, 1 provided
[01m[K/usr/include/ignition/math6/gz/math/Pose3.hh:40:15:[m[K [01;36m[Knote: [m[Kcandidate: ‘[01m[Kignition::math::v6::Pose3<T>::Pose3() [with T = double][m[K’
   40 |       public: [01;36m[KPose3[m[K() : p(0, 0, 0), q(1, 0, 0, 0)
      |               [01;36m[K^~~~~[m[K
[01m[K/usr/include/ignition/math6/gz/math/Pose3.hh:40:15:[m[K [01;36m[Knote: [m[K  candidate expects 0 arguments, 1 provided
[01m[K/home/emma/turtlebot3_rl_ws/src/train_reset_plugin/src/train_reset_plugin.cpp:122:80:[m[K [01;31m[Kerror: [m[Kno matching function for call to ‘[01m[Kignition::math::v6::Pose3<double>::Pose3(ignition::math::v6::Vector3<double>)[m[K’
  122 | t_door_->SetWorldPose(ignition::math::Pose3d(final_pos * (1 - ratio)[01;31m[K)[m[K);
      |                                                                     [01;31m[K^[m[K

In file included from [01m[K/usr/include/ignition/math6/ignition/math/Pose3.hh:18[m[K,
                 from [01m[K/usr/include/sdformat-9.7/sdf/Actor.hh:23[m[K,
                 from [01m[K/usr/include/sdformat-9.7/sdf/sdf.hh:2[m[K,
                 from [01m[K/usr/include/gazebo-11/gazebo/common/Plugin.hh:33[m[K,
                 from [01m[K/home/emma/turtlebot3_rl_ws/src/train_reset_plugin/src/train_reset_plugin.cpp:1[m[K:
[01m[K/usr/include/ignition/math6/gz/math/Pose3.hh:79:15:[m[K [01;36m[Knote: [m[Kcandidate: ‘[01m[Kignition::math::v6::Pose3<T>::Pose3(const ignition::math::v6::Pose3<T>&) [with T = double][m[K’
   79 |       public: [01;36m[KPose3[m[K(const Pose3<T> &_pose)
      |               [01;36m[K^~~~~[m[K
[01m[K/usr/include/ignition/math6/gz/math/Pose3.hh:79:37:[m[K [01;36m[Knote: [m[K  no known conversion for argument 1 from ‘[01m[Kignition::math::v6::Vector3<double>[m[K’ to ‘[01m[Kconst ignition::math::v6::Pose3<double>&[m[K’
   79 |       public: Pose3([01;36m[Kconst Pose3<T> &_pose[m[K)
      |                     [01;36m[K~~~~~~~~~~~~~~~~^~~~~[m[K
[01m[K/usr/include/ignition/math6/gz/math/Pose3.hh:72:15:[m[K [01;36m[Knote: [m[Kcandidate: ‘[01m[Kignition::math::v6::Pose3<T>::Pose3(T, T, T, T, T, T, T) [with T = double][m[K’
   72 |       public: [01;36m[KPose3[m[K(T _x, T _y, T _z, T _qw, T _qx, T _qy, T _qz)
      |               [01;36m[K^~~~~[m[K
[01m[K/usr/include/ignition/math6/gz/math/Pose3.hh:72:15:[m[K [01;36m[Knote: [m[K  candidate expects 7 arguments, 1 provided
[01m[K/usr/include/ignition/math6/gz/math/Pose3.hh:59:15:[m[K [01;36m[Knote: [m[Kcandidate: ‘[01m[Kignition::math::v6::Pose3<T>::Pose3(T, T, T, T, T, T) [with T = double][m[K’
   59 |       public: [01;36m[KPose3[m[K(T _x, T _y, T _z, T _roll, T _pitch, T _yaw)
      |               [01;36m[K^~~~~[m[K
[01m[K/usr/include/ignition/math6/gz/math/Pose3.hh:59:15:[m[K [01;36m[Knote: [m[K  candidate expects 6 arguments, 1 provided
[01m[K/usr/include/ignition/math6/gz/math/Pose3.hh:47:15:[m[K [01;36m[Knote: [m[Kcandidate: ‘[01m[Kignition::math::v6::Pose3<T>::Pose3(const ignition::math::v6::Vector3<T>&, const ignition::math::v6::Quaternion<T>&) [with T = double][m[K’
   47 |       public: [01;36m[KPose3[m[K(const Vector3<T> &_pos, const Quaternion<T> &_rot)
      |               [01;36m[K^~~~~[m[K
[01m[K/usr/include/ignition/math6/gz/math/Pose3.hh:47:15:[m[K [01;36m[Knote: [m[K  candidate expects 2 arguments, 1 provided
[01m[K/usr/include/ignition/math6/gz/math/Pose3.hh:40:15:[m[K [01;36m[Knote: [m[Kcandidate: ‘[01m[Kignition::math::v6::Pose3<T>::Pose3() [with T = double][m[K’
   40 |       public: [01;36m[KPose3[m[K() : p(0, 0, 0), q(1, 0, 0, 0)
      |               [01;36m[K^~~~~[m[K
[01m[K/usr/include/ignition/math6/gz/math/Pose3.hh:40:15:[m[K [01;36m[Knote: [m[K  candidate expects 0 arguments, 1 provided
[01m[K/home/emma/turtlebot3_rl_ws/src/train_reset_plugin/src/train_reset_plugin.cpp:123:81:[m[K [01;31m[Kerror: [m[Kno matching function for call to ‘[01m[Kignition::math::v6::Pose3<double>::Pose3(ignition::math::v6::Vector3<double>)[m[K’
  123 | t_door_->SetWorldPose(ignition::math::Pose3d(final_pos * (1 - ratio)[01;31m[K)[m[K);
      |                                                                     [01;31m[K^[m[K

In file included from [01m[K/usr/include/ignition/math6/ignition/math/Pose3.hh:18[m[K,
                 from [01m[K/usr/include/sdformat-9.7/sdf/Actor.hh:23[m[K,
                 from [01m[K/usr/include/sdformat-9.7/sdf/sdf.hh:2[m[K,
                 from [01m[K/usr/include/gazebo-11/gazebo/common/Plugin.hh:33[m[K,
                 from [01m[K/home/emma/turtlebot3_rl_ws/src/train_reset_plugin/src/train_reset_plugin.cpp:1[m[K:
[01m[K/usr/include/ignition/math6/gz/math/Pose3.hh:79:15:[m[K [01;36m[Knote: [m[Kcandidate: ‘[01m[Kignition::math::v6::Pose3<T>::Pose3(const ignition::math::v6::Pose3<T>&) [with T = double][m[K’
   79 |       public: [01;36m[KPose3[m[K(const Pose3<T> &_pose)
      |               [01;36m[K^~~~~[m[K
[01m[K/usr/include/ignition/math6/gz/math/Pose3.hh:79:37:[m[K [01;36m[Knote: [m[K  no known conversion for argument 1 from ‘[01m[Kignition::math::v6::Vector3<double>[m[K’ to ‘[01m[Kconst ignition::math::v6::Pose3<double>&[m[K’
   79 |       public: Pose3([01;36m[Kconst Pose3<T> &_pose[m[K)
      |                     [01;36m[K~~~~~~~~~~~~~~~~^~~~~[m[K
[01m[K/usr/include/ignition/math6/gz/math/Pose3.hh:72:15:[m[K [01;36m[Knote: [m[Kcandidate: ‘[01m[Kignition::math::v6::Pose3<T>::Pose3(T, T, T, T, T, T, T) [with T = double][m[K’
   72 |       public: [01;36m[KPose3[m[K(T _x, T _y, T _z, T _qw, T _qx, T _qy, T _qz)
      |               [01;36m[K^~~~~[m[K
[01m[K/usr/include/ignition/math6/gz/math/Pose3.hh:72:15:[m[K [01;36m[Knote: [m[K  candidate expects 7 arguments, 1 provided
[01m[K/usr/include/ignition/math6/gz/math/Pose3.hh:59:15:[m[K [01;36m[Knote: [m[Kcandidate: ‘[01m[Kignition::math::v6::Pose3<T>::Pose3(T, T, T, T, T, T) [with T = double][m[K’
   59 |       public: [01;36m[KPose3[m[K(T _x, T _y, T _z, T _roll, T _pitch, T _yaw)
      |               [01;36m[K^~~~~[m[K
[01m[K/usr/include/ignition/math6/gz/math/Pose3.hh:59:15:[m[K [01;36m[Knote: [m[K  candidate expects 6 arguments, 1 provided
[01m[K/usr/include/ignition/math6/gz/math/Pose3.hh:47:15:[m[K [01;36m[Knote: [m[Kcandidate: ‘[01m[Kignition::math::v6::Pose3<T>::Pose3(const ignition::math::v6::Vector3<T>&, const ignition::math::v6::Quaternion<T>&) [with T = double][m[K’
   47 |       public: [01;36m[KPose3[m[K(const Vector3<T> &_pos, const Quaternion<T> &_rot)
      |               [01;36m[K^~~~~[m[K
[01m[K/usr/include/ignition/math6/gz/math/Pose3.hh:47:15:[m[K [01;36m[Knote: [m[K  candidate expects 2 arguments, 1 provided
[01m[K/usr/include/ignition/math6/gz/math/Pose3.hh:40:15:[m[K [01;36m[Knote: [m[Kcandidate: ‘[01m[Kignition::math::v6::Pose3<T>::Pose3() [with T = double][m[K’
   40 |       public: [01;36m[KPose3[m[K() : p(0, 0, 0), q(1, 0, 0, 0)
      |               [01;36m[K^~~~~[m[K
[01m[K/usr/include/ignition/math6/gz/math/Pose3.hh:40:15:[m[K [01;36m[Knote: [m[K  candidate expects 0 arguments, 1 provided
gmake[2]: *** [CMakeFiles/train_reset_plugin.dir/build.make:76: CMakeFiles/train_reset_plugin.dir/src/train_reset_plugin.cpp.o] Error 1
gmake[1]: *** [CMakeFiles/Makefile2:137: CMakeFiles/train_reset_plugin.dir/all] Error 2
gmake: *** [Makefile:146: all] Error 2
