[0.641s] Invoking command in '/home/emma/turtlebot3_rl_ws/build/train_reset_plugin': /usr/bin/cmake /home/emma/turtlebot3_rl_ws/src/train_reset_plugin -DCATKIN_INSTALL_INTO_PREFIX_ROOT=0 -DCMAKE_INSTALL_PREFIX=/home/emma/turtlebot3_rl_ws/install/train_reset_plugin
[1.041s] -- The C compiler identification is GNU 11.4.0
[1.242s] -- The CXX compiler identification is GNU 11.4.0
[1.301s] -- Detecting C compiler ABI info
[1.641s] -- Detecting C compiler ABI info - done
[1.690s] -- Check for working C compiler: /usr/bin/cc - skipped
[1.691s] -- Detecting C compile features
[1.691s] -- Detecting C compile features - done
[1.734s] -- Detecting CXX compiler ABI info
[2.013s] -- Detecting CXX compiler ABI info - done
[2.028s] -- Check for working CXX compiler: /usr/bin/c++ - skipped
[2.029s] -- Detecting CXX compile features
[2.032s] -- Detecting CXX compile features - done
[2.060s] -- Found ament_cmake: 1.3.11 (/opt/ros/humble/share/ament_cmake/cmake)
[2.441s] -- Found Python3: /usr/bin/python3 (found version "3.10.12") found components: Interpreter 
[2.853s] -- Found rclcpp: 16.0.12 (/opt/ros/humble/share/rclcpp/cmake)
[3.114s] -- Found rosidl_generator_c: 3.1.6 (/opt/ros/humble/share/rosidl_generator_c/cmake)
[3.143s] -- Found rosidl_adapter: 3.1.6 (/opt/ros/humble/share/rosidl_adapter/cmake)
[3.197s] -- Found rosidl_generator_cpp: 3.1.6 (/opt/ros/humble/share/rosidl_generator_cpp/cmake)
[3.288s] -- Using all available rosidl_typesupport_c: rosidl_typesupport_fastrtps_c;rosidl_typesupport_introspection_c
[3.373s] -- Using all available rosidl_typesupport_cpp: rosidl_typesupport_fastrtps_cpp;rosidl_typesupport_introspection_cpp
[3.621s] -- Found rmw_implementation_cmake: 6.1.2 (/opt/ros/humble/share/rmw_implementation_cmake/cmake)
[3.647s] -- Found rmw_fastrtps_cpp: 6.2.7 (/opt/ros/humble/share/rmw_fastrtps_cpp/cmake)
[4.034s] -- Found OpenSSL: /usr/lib/x86_64-linux-gnu/libcrypto.so (found version "3.0.2")  
[4.104s] -- Found FastRTPS: /opt/ros/humble/include  
[4.199s] -- Using RMW implementation 'rmw_fastrtps_cpp' as default
[4.237s] -- Looking for pthread.h
[4.524s] -- Looking for pthread.h - found
[4.525s] -- Performing Test CMAKE_HAVE_LIBC_PTHREAD
[4.744s] -- Performing Test CMAKE_HAVE_LIBC_PTHREAD - Success
[4.744s] -- Found Threads: TRUE  
[5.043s] -- Found geometry_msgs: 4.8.0 (/opt/ros/humble/share/geometry_msgs/cmake)
[5.122s] -- Found gazebo_dev: 3.9.0 (/opt/ros/humble/share/gazebo_dev/cmake)
[5.153s] -- Found PkgConfig: /usr/bin/pkg-config (found version "0.29.2") 
[5.156s] -- Checking for module 'bullet>=2.82'
[5.222s] --   Found bullet, version 3.05
[5.640s] -- Found fcl: /usr/include (found suitable version "0.7.0", minimum required is "0.5.0") 
[5.847s] -- Found assimp: /usr/include (found version "5.2.0") 
[5.971s] -- Found DART: /usr/include (Required is at least version "6.6") found components: dart 
[6.059s] -- Found Boost: /usr/lib/x86_64-linux-gnu/cmake/Boost-1.74.0/BoostConfig.cmake (found suitable version "1.74.0", minimum required is "1.40.0") found components: thread system filesystem program_options regex iostreams date_time 
[6.142s] -- Found Protobuf: /usr/lib/x86_64-linux-gnu/libprotobuf.so (found version "3.12.4") 
[6.168s] -- Looking for ignition-math6 -- found version 6.15.1
[6.216s] -- Searching for dependencies of ignition-math6
[6.221s] -- Looking for OGRE...
[6.222s] -- OGRE_PREFIX_WATCH changed.
[6.251s] -- Checking for module 'OGRE'
[6.342s] --   Found OGRE, version 1.9.0
[6.486s] -- Found Ogre Ghadamon (1.9.0)
[6.503s] -- Found OGRE: optimized;/usr/lib/x86_64-linux-gnu/libOgreMain.so;debug;/usr/lib/x86_64-linux-gnu/libOgreMain.so
[6.526s] -- Looking for OGRE_Paging...
[6.534s] -- Found OGRE_Paging: optimized;/usr/lib/x86_64-linux-gnu/libOgrePaging.so;debug;/usr/lib/x86_64-linux-gnu/libOgrePaging.so
[6.534s] -- Looking for OGRE_Terrain...
[6.552s] -- Found OGRE_Terrain: optimized;/usr/lib/x86_64-linux-gnu/libOgreTerrain.so;debug;/usr/lib/x86_64-linux-gnu/libOgreTerrain.so
[6.553s] -- Looking for OGRE_Property...
[6.565s] -- Found OGRE_Property: optimized;/usr/lib/x86_64-linux-gnu/libOgreProperty.so;debug;/usr/lib/x86_64-linux-gnu/libOgreProperty.so
[6.565s] -- Looking for OGRE_RTShaderSystem...
[6.575s] -- Found OGRE_RTShaderSystem: optimized;/usr/lib/x86_64-linux-gnu/libOgreRTShaderSystem.so;debug;/usr/lib/x86_64-linux-gnu/libOgreRTShaderSystem.so
[6.581s] -- Looking for OGRE_Volume...
[6.589s] -- Found OGRE_Volume: optimized;/usr/lib/x86_64-linux-gnu/libOgreVolume.so;debug;/usr/lib/x86_64-linux-gnu/libOgreVolume.so
[6.590s] -- Looking for OGRE_Overlay...
[6.612s] -- Found OGRE_Overlay: optimized;/usr/lib/x86_64-linux-gnu/libOgreOverlay.so;debug;/usr/lib/x86_64-linux-gnu/libOgreOverlay.so
[6.871s] -- Looking for ignition-math6 -- found version 6.15.1
[6.876s] -- Looking for ignition-transport8 -- found version 8.2.1
[6.877s] -- Searching for dependencies of ignition-transport8
[6.911s] -- Found Protobuf: /usr/lib/x86_64-linux-gnu/libprotobuf.so (found suitable version "3.12.4", minimum required is "3") 
[6.931s] -- Config-file not installed for ZeroMQ -- checking for pkg-config
[6.949s] -- Checking for module 'libzmq >= 4'
[7.013s] --   Found libzmq , version 4.3.4
[7.176s] -- Found ZeroMQ: TRUE (Required is at least version "4") 
[7.194s] -- Checking for module 'uuid'
[7.238s] --   Found uuid, version 2.37.2
[7.370s] -- Found UUID: TRUE  
[7.378s] -- Looking for ignition-msgs5 -- found version 5.8.1
[7.379s] -- Searching for dependencies of ignition-msgs5
[7.421s] -- Looking for ignition-math6 -- found version 6.15.1
[7.446s] -- Checking for module 'tinyxml2'
[7.531s] --   Found tinyxml2, version 9.0.0
[7.662s] -- Looking for ignition-msgs5 -- found version 5.8.1
[7.671s] -- Looking for ignition-common3 -- found version 3.14.0
[7.671s] -- Searching for dependencies of ignition-common3
[7.673s] -- Looking for dlfcn.h - found
[7.675s] -- Looking for libdl - found
[7.679s] -- Found DL: TRUE  
[7.708s] -- Found tinyobjloader: /usr/lib/x86_64-linux-gnu/cmake/tinyobjloader/tinyobjloader-config.cmake (found version "2.0.0") 
[7.710s] -- Searching for <ignition-common3> component [graphics]
[7.714s] -- Looking for ignition-common3-graphics -- found version 3.14.0
[7.716s] -- Searching for dependencies of ignition-common3-graphics
[7.721s] -- Looking for ignition-math6 -- found version 6.15.1
[7.728s] -- Looking for ignition-fuel_tools4 -- found version 4.4.0
[7.729s] -- Searching for dependencies of ignition-fuel_tools4
[7.970s] -- Found CURL: /usr/lib/x86_64-linux-gnu/libcurl.so (found version "7.81.0")  
[8.004s] -- Checking for module 'jsoncpp'
[8.057s] --   Found jsoncpp, version 1.9.5
[8.204s] -- Found JSONCPP: TRUE  
[8.226s] -- Checking for module 'libzip'
[8.260s] --   Found libzip, version 1.7.3
[8.354s] -- Found ZIP: TRUE  
[8.355s] -- Looking for ignition-common3 -- found version 3.14.0
[8.356s] -- Looking for ignition-math6 -- found version 6.15.1
[8.356s] -- Looking for ignition-msgs5 -- found version 5.8.1
[8.370s] -- Gazebo version: 11.10
[8.370s] -- Checking for module 'tbb'
[8.399s] --   Found tbb, version 2021.5.0
[8.478s] -- Found gazebo_ros: 3.9.0 (/opt/ros/humble/share/gazebo_ros/cmake)
[8.630s] -- Configuring done
[8.678s] -- Generating done
[8.678s] [33mCMake Warning:
[8.678s]   Manually-specified variables were not used by the project:
[8.678s] 
[8.678s]     CATKIN_INSTALL_INTO_PREFIX_ROOT
[8.678s] 
[8.679s] [0m
[8.680s] -- Build files have been written to: /home/emma/turtlebot3_rl_ws/build/train_reset_plugin
[8.711s] Invoked command in '/home/emma/turtlebot3_rl_ws/build/train_reset_plugin' returned '0': /usr/bin/cmake /home/emma/turtlebot3_rl_ws/src/train_reset_plugin -DCATKIN_INSTALL_INTO_PREFIX_ROOT=0 -DCMAKE_INSTALL_PREFIX=/home/emma/turtlebot3_rl_ws/install/train_reset_plugin
[8.712s] Invoking command in '/home/emma/turtlebot3_rl_ws/build/train_reset_plugin': /usr/bin/cmake --build /home/emma/turtlebot3_rl_ws/build/train_reset_plugin -- -j4 -l4
[8.858s] [ 50%] [32mBuilding CXX object CMakeFiles/train_reset_plugin.dir/src/train_reset_plugin.cpp.o[0m
[23.037s] [01m[K/home/emma/turtlebot3_rl_ws/src/train_reset_plugin/src/train_reset_plugin.cpp:[m[K In member function ‘[01m[Kvoid gazebo::TrainResetPlugin::MoveDoors()[m[K’:
[23.039s] [01m[K/home/emma/turtlebot3_rl_ws/src/train_reset_plugin/src/train_reset_plugin.cpp:109:79:[m[K [01;31m[Kerror: [m[Kno matching function for call to ‘[01m[Kignition::math::v6::Pose3<double>::Pose3(ignition::math::v6::Vector3<double>)[m[K’
[23.039s]   109 | ft_door_->SetWorldPose(ignition::math::Pose3d(left_final_pos * ratio[01;31m[K)[m[K);
[23.039s]       |                                                                     [01;31m[K^[m[K
[23.039s] 
[23.039s] In file included from [01m[K/usr/include/ignition/math6/ignition/math/Pose3.hh:18[m[K,
[23.039s]                  from [01m[K/usr/include/sdformat-9.7/sdf/Actor.hh:23[m[K,
[23.040s]                  from [01m[K/usr/include/sdformat-9.7/sdf/sdf.hh:2[m[K,
[23.040s]                  from [01m[K/usr/include/gazebo-11/gazebo/common/Plugin.hh:33[m[K,
[23.040s]                  from [01m[K/home/emma/turtlebot3_rl_ws/src/train_reset_plugin/src/train_reset_plugin.cpp:1[m[K:
[23.040s] [01m[K/usr/include/ignition/math6/gz/math/Pose3.hh:79:15:[m[K [01;36m[Knote: [m[Kcandidate: ‘[01m[Kignition::math::v6::Pose3<T>::Pose3(const ignition::math::v6::Pose3<T>&) [with T = double][m[K’
[23.040s]    79 |       public: [01;36m[KPose3[m[K(const Pose3<T> &_pose)
[23.040s]       |               [01;36m[K^~~~~[m[K
[23.040s] [01m[K/usr/include/ignition/math6/gz/math/Pose3.hh:79:37:[m[K [01;36m[Knote: [m[K  no known conversion for argument 1 from ‘[01m[Kignition::math::v6::Vector3<double>[m[K’ to ‘[01m[Kconst ignition::math::v6::Pose3<double>&[m[K’
[23.040s]    79 |       public: Pose3([01;36m[Kconst Pose3<T> &_pose[m[K)
[23.040s]       |                     [01;36m[K~~~~~~~~~~~~~~~~^~~~~[m[K
[23.040s] [01m[K/usr/include/ignition/math6/gz/math/Pose3.hh:72:15:[m[K [01;36m[Knote: [m[Kcandidate: ‘[01m[Kignition::math::v6::Pose3<T>::Pose3(T, T, T, T, T, T, T) [with T = double][m[K’
[23.040s]    72 |       public: [01;36m[KPose3[m[K(T _x, T _y, T _z, T _qw, T _qx, T _qy, T _qz)
[23.040s]       |               [01;36m[K^~~~~[m[K
[23.040s] [01m[K/usr/include/ignition/math6/gz/math/Pose3.hh:72:15:[m[K [01;36m[Knote: [m[K  candidate expects 7 arguments, 1 provided
[23.041s] [01m[K/usr/include/ignition/math6/gz/math/Pose3.hh:59:15:[m[K [01;36m[Knote: [m[Kcandidate: ‘[01m[Kignition::math::v6::Pose3<T>::Pose3(T, T, T, T, T, T) [with T = double][m[K’
[23.041s]    59 |       public: [01;36m[KPose3[m[K(T _x, T _y, T _z, T _roll, T _pitch, T _yaw)
[23.041s]       |               [01;36m[K^~~~~[m[K
[23.048s] [01m[K/usr/include/ignition/math6/gz/math/Pose3.hh:59:15:[m[K [01;36m[Knote: [m[K  candidate expects 6 arguments, 1 provided
[23.048s] [01m[K/usr/include/ignition/math6/gz/math/Pose3.hh:47:15:[m[K [01;36m[Knote: [m[Kcandidate: ‘[01m[Kignition::math::v6::Pose3<T>::Pose3(const ignition::math::v6::Vector3<T>&, const ignition::math::v6::Quaternion<T>&) [with T = double][m[K’
[23.048s]    47 |       public: [01;36m[KPose3[m[K(const Vector3<T> &_pos, const Quaternion<T> &_rot)
[23.048s]       |               [01;36m[K^~~~~[m[K
[23.048s] [01m[K/usr/include/ignition/math6/gz/math/Pose3.hh:47:15:[m[K [01;36m[Knote: [m[K  candidate expects 2 arguments, 1 provided
[23.049s] [01m[K/usr/include/ignition/math6/gz/math/Pose3.hh:40:15:[m[K [01;36m[Knote: [m[Kcandidate: ‘[01m[Kignition::math::v6::Pose3<T>::Pose3() [with T = double][m[K’
[23.049s]    40 |       public: [01;36m[KPose3[m[K() : p(0, 0, 0), q(1, 0, 0, 0)
[23.052s]       |               [01;36m[K^~~~~[m[K
[23.052s] [01m[K/usr/include/ignition/math6/gz/math/Pose3.hh:40:15:[m[K [01;36m[Knote: [m[K  candidate expects 0 arguments, 1 provided
[23.052s] [01m[K/home/emma/turtlebot3_rl_ws/src/train_reset_plugin/src/train_reset_plugin.cpp:110:81:[m[K [01;31m[Kerror: [m[Kno matching function for call to ‘[01m[Kignition::math::v6::Pose3<double>::Pose3(ignition::math::v6::Vector3<double>)[m[K’
[23.052s]   110 | t_door_->SetWorldPose(ignition::math::Pose3d(right_final_pos * ratio[01;31m[K)[m[K);
[23.052s]       |                                                                     [01;31m[K^[m[K
[23.052s] 
[23.052s] In file included from [01m[K/usr/include/ignition/math6/ignition/math/Pose3.hh:18[m[K,
[23.052s]                  from [01m[K/usr/include/sdformat-9.7/sdf/Actor.hh:23[m[K,
[23.052s]                  from [01m[K/usr/include/sdformat-9.7/sdf/sdf.hh:2[m[K,
[23.052s]                  from [01m[K/usr/include/gazebo-11/gazebo/common/Plugin.hh:33[m[K,
[23.052s]                  from [01m[K/home/emma/turtlebot3_rl_ws/src/train_reset_plugin/src/train_reset_plugin.cpp:1[m[K:
[23.052s] [01m[K/usr/include/ignition/math6/gz/math/Pose3.hh:79:15:[m[K [01;36m[Knote: [m[Kcandidate: ‘[01m[Kignition::math::v6::Pose3<T>::Pose3(const ignition::math::v6::Pose3<T>&) [with T = double][m[K’
[23.053s]    79 |       public: [01;36m[KPose3[m[K(const Pose3<T> &_pose)
[23.053s]       |               [01;36m[K^~~~~[m[K
[23.053s] [01m[K/usr/include/ignition/math6/gz/math/Pose3.hh:79:37:[m[K [01;36m[Knote: [m[K  no known conversion for argument 1 from ‘[01m[Kignition::math::v6::Vector3<double>[m[K’ to ‘[01m[Kconst ignition::math::v6::Pose3<double>&[m[K’
[23.053s]    79 |       public: Pose3([01;36m[Kconst Pose3<T> &_pose[m[K)
[23.053s]       |                     [01;36m[K~~~~~~~~~~~~~~~~^~~~~[m[K
[23.053s] [01m[K/usr/include/ignition/math6/gz/math/Pose3.hh:72:15:[m[K [01;36m[Knote: [m[Kcandidate: ‘[01m[Kignition::math::v6::Pose3<T>::Pose3(T, T, T, T, T, T, T) [with T = double][m[K’
[23.053s]    72 |       public: [01;36m[KPose3[m[K(T _x, T _y, T _z, T _qw, T _qx, T _qy, T _qz)
[23.053s]       |               [01;36m[K^~~~~[m[K
[23.053s] [01m[K/usr/include/ignition/math6/gz/math/Pose3.hh:72:15:[m[K [01;36m[Knote: [m[K  candidate expects 7 arguments, 1 provided
[23.053s] [01m[K/usr/include/ignition/math6/gz/math/Pose3.hh:59:15:[m[K [01;36m[Knote: [m[Kcandidate: ‘[01m[Kignition::math::v6::Pose3<T>::Pose3(T, T, T, T, T, T) [with T = double][m[K’
[23.053s]    59 |       public: [01;36m[KPose3[m[K(T _x, T _y, T _z, T _roll, T _pitch, T _yaw)
[23.054s]       |               [01;36m[K^~~~~[m[K
[23.054s] [01m[K/usr/include/ignition/math6/gz/math/Pose3.hh:59:15:[m[K [01;36m[Knote: [m[K  candidate expects 6 arguments, 1 provided
[23.054s] [01m[K/usr/include/ignition/math6/gz/math/Pose3.hh:47:15:[m[K [01;36m[Knote: [m[Kcandidate: ‘[01m[Kignition::math::v6::Pose3<T>::Pose3(const ignition::math::v6::Vector3<T>&, const ignition::math::v6::Quaternion<T>&) [with T = double][m[K’
[23.054s]    47 |       public: [01;36m[KPose3[m[K(const Vector3<T> &_pos, const Quaternion<T> &_rot)
[23.054s]       |               [01;36m[K^~~~~[m[K
[23.054s] [01m[K/usr/include/ignition/math6/gz/math/Pose3.hh:47:15:[m[K [01;36m[Knote: [m[K  candidate expects 2 arguments, 1 provided
[23.054s] [01m[K/usr/include/ignition/math6/gz/math/Pose3.hh:40:15:[m[K [01;36m[Knote: [m[Kcandidate: ‘[01m[Kignition::math::v6::Pose3<T>::Pose3() [with T = double][m[K’
[23.054s]    40 |       public: [01;36m[KPose3[m[K() : p(0, 0, 0), q(1, 0, 0, 0)
[23.054s]       |               [01;36m[K^~~~~[m[K
[23.054s] [01m[K/usr/include/ignition/math6/gz/math/Pose3.hh:40:15:[m[K [01;36m[Knote: [m[K  candidate expects 0 arguments, 1 provided
[23.054s] [01m[K/home/emma/turtlebot3_rl_ws/src/train_reset_plugin/src/train_reset_plugin.cpp:122:80:[m[K [01;31m[Kerror: [m[Kno matching function for call to ‘[01m[Kignition::math::v6::Pose3<double>::Pose3(ignition::math::v6::Vector3<double>)[m[K’
[23.054s]   122 | t_door_->SetWorldPose(ignition::math::Pose3d(final_pos * (1 - ratio)[01;31m[K)[m[K);
[23.054s]       |                                                                     [01;31m[K^[m[K
[23.054s] 
[23.054s] In file included from [01m[K/usr/include/ignition/math6/ignition/math/Pose3.hh:18[m[K,
[23.054s]                  from [01m[K/usr/include/sdformat-9.7/sdf/Actor.hh:23[m[K,
[23.063s]                  from [01m[K/usr/include/sdformat-9.7/sdf/sdf.hh:2[m[K,
[23.063s]                  from [01m[K/usr/include/gazebo-11/gazebo/common/Plugin.hh:33[m[K,
[23.064s]                  from [01m[K/home/emma/turtlebot3_rl_ws/src/train_reset_plugin/src/train_reset_plugin.cpp:1[m[K:
[23.064s] [01m[K/usr/include/ignition/math6/gz/math/Pose3.hh:79:15:[m[K [01;36m[Knote: [m[Kcandidate: ‘[01m[Kignition::math::v6::Pose3<T>::Pose3(const ignition::math::v6::Pose3<T>&) [with T = double][m[K’
[23.064s]    79 |       public: [01;36m[KPose3[m[K(const Pose3<T> &_pose)
[23.064s]       |               [01;36m[K^~~~~[m[K
[23.064s] [01m[K/usr/include/ignition/math6/gz/math/Pose3.hh:79:37:[m[K [01;36m[Knote: [m[K  no known conversion for argument 1 from ‘[01m[Kignition::math::v6::Vector3<double>[m[K’ to ‘[01m[Kconst ignition::math::v6::Pose3<double>&[m[K’
[23.064s]    79 |       public: Pose3([01;36m[Kconst Pose3<T> &_pose[m[K)
[23.064s]       |                     [01;36m[K~~~~~~~~~~~~~~~~^~~~~[m[K
[23.064s] [01m[K/usr/include/ignition/math6/gz/math/Pose3.hh:72:15:[m[K [01;36m[Knote: [m[Kcandidate: ‘[01m[Kignition::math::v6::Pose3<T>::Pose3(T, T, T, T, T, T, T) [with T = double][m[K’
[23.064s]    72 |       public: [01;36m[KPose3[m[K(T _x, T _y, T _z, T _qw, T _qx, T _qy, T _qz)
[23.064s]       |               [01;36m[K^~~~~[m[K
[23.064s] [01m[K/usr/include/ignition/math6/gz/math/Pose3.hh:72:15:[m[K [01;36m[Knote: [m[K  candidate expects 7 arguments, 1 provided
[23.064s] [01m[K/usr/include/ignition/math6/gz/math/Pose3.hh:59:15:[m[K [01;36m[Knote: [m[Kcandidate: ‘[01m[Kignition::math::v6::Pose3<T>::Pose3(T, T, T, T, T, T) [with T = double][m[K’
[23.064s]    59 |       public: [01;36m[KPose3[m[K(T _x, T _y, T _z, T _roll, T _pitch, T _yaw)
[23.065s]       |               [01;36m[K^~~~~[m[K
[23.065s] [01m[K/usr/include/ignition/math6/gz/math/Pose3.hh:59:15:[m[K [01;36m[Knote: [m[K  candidate expects 6 arguments, 1 provided
[23.065s] [01m[K/usr/include/ignition/math6/gz/math/Pose3.hh:47:15:[m[K [01;36m[Knote: [m[Kcandidate: ‘[01m[Kignition::math::v6::Pose3<T>::Pose3(const ignition::math::v6::Vector3<T>&, const ignition::math::v6::Quaternion<T>&) [with T = double][m[K’
[23.065s]    47 |       public: [01;36m[KPose3[m[K(const Vector3<T> &_pos, const Quaternion<T> &_rot)
[23.065s]       |               [01;36m[K^~~~~[m[K
[23.065s] [01m[K/usr/include/ignition/math6/gz/math/Pose3.hh:47:15:[m[K [01;36m[Knote: [m[K  candidate expects 2 arguments, 1 provided
[23.065s] [01m[K/usr/include/ignition/math6/gz/math/Pose3.hh:40:15:[m[K [01;36m[Knote: [m[Kcandidate: ‘[01m[Kignition::math::v6::Pose3<T>::Pose3() [with T = double][m[K’
[23.065s]    40 |       public: [01;36m[KPose3[m[K() : p(0, 0, 0), q(1, 0, 0, 0)
[23.065s]       |               [01;36m[K^~~~~[m[K
[23.065s] [01m[K/usr/include/ignition/math6/gz/math/Pose3.hh:40:15:[m[K [01;36m[Knote: [m[K  candidate expects 0 arguments, 1 provided
[23.065s] [01m[K/home/emma/turtlebot3_rl_ws/src/train_reset_plugin/src/train_reset_plugin.cpp:123:81:[m[K [01;31m[Kerror: [m[Kno matching function for call to ‘[01m[Kignition::math::v6::Pose3<double>::Pose3(ignition::math::v6::Vector3<double>)[m[K’
[23.065s]   123 | t_door_->SetWorldPose(ignition::math::Pose3d(final_pos * (1 - ratio)[01;31m[K)[m[K);
[23.065s]       |                                                                     [01;31m[K^[m[K
[23.065s] 
[23.066s] In file included from [01m[K/usr/include/ignition/math6/ignition/math/Pose3.hh:18[m[K,
[23.066s]                  from [01m[K/usr/include/sdformat-9.7/sdf/Actor.hh:23[m[K,
[23.066s]                  from [01m[K/usr/include/sdformat-9.7/sdf/sdf.hh:2[m[K,
[23.066s]                  from [01m[K/usr/include/gazebo-11/gazebo/common/Plugin.hh:33[m[K,
[23.066s]                  from [01m[K/home/emma/turtlebot3_rl_ws/src/train_reset_plugin/src/train_reset_plugin.cpp:1[m[K:
[23.066s] [01m[K/usr/include/ignition/math6/gz/math/Pose3.hh:79:15:[m[K [01;36m[Knote: [m[Kcandidate: ‘[01m[Kignition::math::v6::Pose3<T>::Pose3(const ignition::math::v6::Pose3<T>&) [with T = double][m[K’
[23.066s]    79 |       public: [01;36m[KPose3[m[K(const Pose3<T> &_pose)
[23.066s]       |               [01;36m[K^~~~~[m[K
[23.066s] [01m[K/usr/include/ignition/math6/gz/math/Pose3.hh:79:37:[m[K [01;36m[Knote: [m[K  no known conversion for argument 1 from ‘[01m[Kignition::math::v6::Vector3<double>[m[K’ to ‘[01m[Kconst ignition::math::v6::Pose3<double>&[m[K’
[23.072s]    79 |       public: Pose3([01;36m[Kconst Pose3<T> &_pose[m[K)
[23.072s]       |                     [01;36m[K~~~~~~~~~~~~~~~~^~~~~[m[K
[23.072s] [01m[K/usr/include/ignition/math6/gz/math/Pose3.hh:72:15:[m[K [01;36m[Knote: [m[Kcandidate: ‘[01m[Kignition::math::v6::Pose3<T>::Pose3(T, T, T, T, T, T, T) [with T = double][m[K’
[23.072s]    72 |       public: [01;36m[KPose3[m[K(T _x, T _y, T _z, T _qw, T _qx, T _qy, T _qz)
[23.072s]       |               [01;36m[K^~~~~[m[K
[23.072s] [01m[K/usr/include/ignition/math6/gz/math/Pose3.hh:72:15:[m[K [01;36m[Knote: [m[K  candidate expects 7 arguments, 1 provided
[23.072s] [01m[K/usr/include/ignition/math6/gz/math/Pose3.hh:59:15:[m[K [01;36m[Knote: [m[Kcandidate: ‘[01m[Kignition::math::v6::Pose3<T>::Pose3(T, T, T, T, T, T) [with T = double][m[K’
[23.072s]    59 |       public: [01;36m[KPose3[m[K(T _x, T _y, T _z, T _roll, T _pitch, T _yaw)
[23.072s]       |               [01;36m[K^~~~~[m[K
[23.073s] [01m[K/usr/include/ignition/math6/gz/math/Pose3.hh:59:15:[m[K [01;36m[Knote: [m[K  candidate expects 6 arguments, 1 provided
[23.073s] [01m[K/usr/include/ignition/math6/gz/math/Pose3.hh:47:15:[m[K [01;36m[Knote: [m[Kcandidate: ‘[01m[Kignition::math::v6::Pose3<T>::Pose3(const ignition::math::v6::Vector3<T>&, const ignition::math::v6::Quaternion<T>&) [with T = double][m[K’
[23.073s]    47 |       public: [01;36m[KPose3[m[K(const Vector3<T> &_pos, const Quaternion<T> &_rot)
[23.073s]       |               [01;36m[K^~~~~[m[K
[23.073s] [01m[K/usr/include/ignition/math6/gz/math/Pose3.hh:47:15:[m[K [01;36m[Knote: [m[K  candidate expects 2 arguments, 1 provided
[23.073s] [01m[K/usr/include/ignition/math6/gz/math/Pose3.hh:40:15:[m[K [01;36m[Knote: [m[Kcandidate: ‘[01m[Kignition::math::v6::Pose3<T>::Pose3() [with T = double][m[K’
[23.073s]    40 |       public: [01;36m[KPose3[m[K() : p(0, 0, 0), q(1, 0, 0, 0)
[23.073s]       |               [01;36m[K^~~~~[m[K
[23.073s] [01m[K/usr/include/ignition/math6/gz/math/Pose3.hh:40:15:[m[K [01;36m[Knote: [m[K  candidate expects 0 arguments, 1 provided
[28.188s] gmake[2]: *** [CMakeFiles/train_reset_plugin.dir/build.make:76: CMakeFiles/train_reset_plugin.dir/src/train_reset_plugin.cpp.o] Error 1
[28.189s] gmake[1]: *** [CMakeFiles/Makefile2:137: CMakeFiles/train_reset_plugin.dir/all] Error 2
[28.189s] gmake: *** [Makefile:146: all] Error 2
[28.193s] Invoked command in '/home/emma/turtlebot3_rl_ws/build/train_reset_plugin' returned '2': /usr/bin/cmake --build /home/emma/turtlebot3_rl_ws/build/train_reset_plugin -- -j4 -l4
