[0.470s] Invoking command in '/home/emma/turtlebot3_rl_ws/build/train_reset_plugin': /usr/bin/cmake --build /home/emma/turtlebot3_rl_ws/build/train_reset_plugin -- -j4 -l4
[0.573s] [35m[1mConsolidate compiler generated dependencies of target train_reset_plugin[0m
[0.608s] [ 50%] [32mBuilding CXX object CMakeFiles/train_reset_plugin.dir/src/train_reset_plugin.cpp.o[0m
[16.254s] [01m[K/home/emma/turtlebot3_rl_ws/src/train_reset_plugin/src/train_reset_plugin.cpp:[m[K In member function ‘[01m[Kvoid gazebo::TrainResetPlugin::OnUpdate()[m[K’:
[16.255s] [01m[K/home/emma/turtlebot3_rl_ws/src/train_reset_plugin/src/train_reset_plugin.cpp:88:20:[m[K [01;31m[Kerror: [m[Kexpected unqualified-id before ‘[01m[K->[m[K’ token
[16.255s]    88 |             link_->[01;31m[K->[m[KSetLinearVel(ignition::math::Vector3d(-speed, 0, 0));
[16.255s]       |                    [01;31m[K^~[m[K
[16.255s] [01m[K/home/emma/turtlebot3_rl_ws/src/train_reset_plugin/src/train_reset_plugin.cpp:90:20:[m[K [01;31m[Kerror: [m[Kexpected unqualified-id before ‘[01m[K->[m[K’ token
[16.255s]    90 |             link_->[01;31m[K->[m[KSetLinearVel(ignition::math::Vector3d(speed, 0, 0));
[16.257s]       |                    [01;31m[K^~[m[K
[16.257s] [01m[K/home/emma/turtlebot3_rl_ws/src/train_reset_plugin/src/train_reset_plugin.cpp:111:20:[m[K [01;31m[Kerror: [m[Kexpected unqualified-id before ‘[01m[K->[m[K’ token
[16.257s]   111 |             link_->[01;31m[K->[m[KSetLinearVel(ignition::math::Vector3d(speed, 0, 0));
[16.257s]       |                    [01;31m[K^~[m[K
[16.257s] [01m[K/home/emma/turtlebot3_rl_ws/src/train_reset_plugin/src/train_reset_plugin.cpp:113:20:[m[K [01;31m[Kerror: [m[Kexpected unqualified-id before ‘[01m[K->[m[K’ token
[16.257s]   113 |             link_->[01;31m[K->[m[KSetLinearVel(ignition::math::Vector3d(-speed, 0, 0));
[16.257s]       |                    [01;31m[K^~[m[K
[21.567s] gmake[2]: *** [CMakeFiles/train_reset_plugin.dir/build.make:76: CMakeFiles/train_reset_plugin.dir/src/train_reset_plugin.cpp.o] Error 1
[21.568s] gmake[1]: *** [CMakeFiles/Makefile2:137: CMakeFiles/train_reset_plugin.dir/all] Error 2
[21.568s] gmake: *** [Makefile:146: all] Error 2
[21.570s] Invoked command in '/home/emma/turtlebot3_rl_ws/build/train_reset_plugin' returned '2': /usr/bin/cmake --build /home/emma/turtlebot3_rl_ws/build/train_reset_plugin -- -j4 -l4
