[1.104s] Invoking command in '/home/emma/turtlebot3_rl_ws/src/train_controller': PYTHONPATH=/home/emma/turtlebot3_rl_ws/build/train_controller/prefix_override:/usr/lib/python3/dist-packages/colcon_core/task/python/colcon_distutils_commands:/home/emma/turtlebot3_rl_ws/install/train_controller/lib/python3.10/site-packages:${PYTHONPATH} /usr/bin/python3 -W ignore:setup.py install is deprecated -W ignore:easy_install command is deprecated setup.py egg_info --egg-base ../../build/train_controller build --build-base /home/emma/turtlebot3_rl_ws/build/train_controller/build install --record /home/emma/turtlebot3_rl_ws/build/train_controller/install.log --single-version-externally-managed install_data
[1.409s] running egg_info
[1.410s] writing ../../build/train_controller/train_controller.egg-info/PKG-INFO
[1.411s] writing dependency_links to ../../build/train_controller/train_controller.egg-info/dependency_links.txt
[1.411s] writing entry points to ../../build/train_controller/train_controller.egg-info/entry_points.txt
[1.412s] writing requirements to ../../build/train_controller/train_controller.egg-info/requires.txt
[1.413s] writing top-level names to ../../build/train_controller/train_controller.egg-info/top_level.txt
[1.415s] reading manifest file '../../build/train_controller/train_controller.egg-info/SOURCES.txt'
[1.415s] writing manifest file '../../build/train_controller/train_controller.egg-info/SOURCES.txt'
[1.416s] running build
[1.416s] running build_py
[1.417s] running install
[1.417s] running install_lib
[1.418s] running install_data
[1.418s] running install_egg_info
[1.421s] removing '/home/emma/turtlebot3_rl_ws/install/train_controller/lib/python3.10/site-packages/train_controller-1.0-py3.10.egg-info' (and everything under it)
[1.422s] Copying ../../build/train_controller/train_controller.egg-info to /home/emma/turtlebot3_rl_ws/install/train_controller/lib/python3.10/site-packages/train_controller-1.0-py3.10.egg-info
[1.423s] running install_scripts
[1.444s] Installing train_control_node script to /home/emma/turtlebot3_rl_ws/install/train_controller/lib/train_controller
[1.445s] writing list of installed files to '/home/emma/turtlebot3_rl_ws/build/train_controller/install.log'
[1.475s] Invoked command in '/home/emma/turtlebot3_rl_ws/src/train_controller' returned '0': PYTHONPATH=/home/emma/turtlebot3_rl_ws/build/train_controller/prefix_override:/usr/lib/python3/dist-packages/colcon_core/task/python/colcon_distutils_commands:/home/emma/turtlebot3_rl_ws/install/train_controller/lib/python3.10/site-packages:${PYTHONPATH} /usr/bin/python3 -W ignore:setup.py install is deprecated -W ignore:easy_install command is deprecated setup.py egg_info --egg-base ../../build/train_controller build --build-base /home/emma/turtlebot3_rl_ws/build/train_controller/build install --record /home/emma/turtlebot3_rl_ws/build/train_controller/install.log --single-version-externally-managed install_data
