[7.667s] Invoking command in '/home/emma/turtlebot3_rl_ws/build/train_controller': PYTHONPATH=/home/emma/turtlebot3_rl_ws/build/train_controller/prefix_override:/usr/lib/python3/dist-packages/colcon_core/task/python/colcon_distutils_commands:/home/emma/turtlebot3_rl_ws/install/train_controller/lib/python3.10/site-packages:${PYTHONPATH} /usr/bin/python3 -W ignore:setup.py install is deprecated -W ignore:easy_install command is deprecated setup.py develop --editable --build-directory /home/emma/turtlebot3_rl_ws/build/train_controller/build --no-deps symlink_data
[9.693s] running develop
[10.680s] running egg_info
[10.680s] creating train_controller.egg-info
[10.680s] writing train_controller.egg-info/PKG-INFO
[10.680s] writing dependency_links to train_controller.egg-info/dependency_links.txt
[10.680s] writing entry points to train_controller.egg-info/entry_points.txt
[10.681s] writing requirements to train_controller.egg-info/requires.txt
[10.681s] writing top-level names to train_controller.egg-info/top_level.txt
[10.681s] writing manifest file 'train_controller.egg-info/SOURCES.txt'
[10.681s] reading manifest file 'train_controller.egg-info/SOURCES.txt'
[10.683s] writing manifest file 'train_controller.egg-info/SOURCES.txt'
[10.685s] running build_ext
[10.692s] Creating /home/emma/turtlebot3_rl_ws/install/train_controller/lib/python3.10/site-packages/train-controller.egg-link (link to .)
[10.692s] Installing train_control_node script to /home/emma/turtlebot3_rl_ws/install/train_controller/lib/train_controller
[10.692s] 
[10.692s] Installed /home/emma/turtlebot3_rl_ws/build/train_controller
[10.692s] running symlink_data
[10.692s] creating /home/emma/turtlebot3_rl_ws/install/train_controller/share/ament_index
[10.693s] creating /home/emma/turtlebot3_rl_ws/install/train_controller/share/ament_index/resource_index
[10.693s] creating /home/emma/turtlebot3_rl_ws/install/train_controller/share/ament_index/resource_index/packages
[10.693s] symbolically linking /home/emma/turtlebot3_rl_ws/build/train_controller/resource/train_controller -> /home/emma/turtlebot3_rl_ws/install/train_controller/share/ament_index/resource_index/packages
[10.693s] symbolically linking /home/emma/turtlebot3_rl_ws/build/train_controller/package.xml -> /home/emma/turtlebot3_rl_ws/install/train_controller/share/train_controller
[10.899s] Invoked command in '/home/emma/turtlebot3_rl_ws/build/train_controller' returned '0': PYTHONPATH=/home/emma/turtlebot3_rl_ws/build/train_controller/prefix_override:/usr/lib/python3/dist-packages/colcon_core/task/python/colcon_distutils_commands:/home/emma/turtlebot3_rl_ws/install/train_controller/lib/python3.10/site-packages:${PYTHONPATH} /usr/bin/python3 -W ignore:setup.py install is deprecated -W ignore:easy_install command is deprecated setup.py develop --editable --build-directory /home/emma/turtlebot3_rl_ws/build/train_controller/build --no-deps symlink_data
