[0.065s] Invoking command in '/home/emma/turtlebot3_rl_ws/build/bot_reset_plugin': /usr/bin/cmake --build /home/emma/turtlebot3_rl_ws/build/bot_reset_plugin -- -j4 -l4
[0.439s] [35m[1mConsolidate compiler generated dependencies of target bot_reset_plugin[0m
[0.441s] [ 50%] [32mBuilding CXX object CMakeFiles/bot_reset_plugin.dir/src/bot_reset_plugin.cpp.o[0m
[10.433s] [01m[K/home/emma/turtlebot3_rl_ws/src/bot_reset_plugin/src/bot_reset_plugin.cpp:36:36:[m[K [01;31m[Kerror: [m[K‘[01m[Kgeometry_msgs[m[K’ does not name a type
[10.433s]    36 |     void SetPositionCallback(const [01;31m[Kgeometry_msgs[m[K::Pose::ConstPtr& msg)
[10.433s]       |                                    [01;31m[K^~~~~~~~~~~~~[m[K
[10.433s] [01m[K/home/emma/turtlebot3_rl_ws/src/bot_reset_plugin/src/bot_reset_plugin.cpp:36:55:[m[K [01;31m[Kerror: [m[Kexpected unqualified-id before ‘[01m[K::[m[K’ token
[10.433s]    36 |     void SetPositionCallback(const geometry_msgs::Pose[01;31m[K::[m[KConstPtr& msg)
[10.433s]       |                                                       [01;31m[K^~[m[K
[10.433s] [01m[K/home/emma/turtlebot3_rl_ws/src/bot_reset_plugin/src/bot_reset_plugin.cpp:36:55:[m[K [01;31m[Kerror: [m[Kexpected ‘[01m[K)[m[K’ before ‘[01m[K::[m[K’ token
[10.433s]    36 |     void SetPositionCallback[34m[K([m[Kconst geometry_msgs::Pose[01;31m[K:[m[K[32m[K:[m[KConstPtr& msg)
[10.433s]       |                             [34m[K~[m[K                         [01;31m[K^[m[K[32m[K~[m[K
[10.433s]       |                                                       [32m[K)[m[K
[10.434s] [01m[K/home/emma/turtlebot3_rl_ws/src/bot_reset_plugin/src/bot_reset_plugin.cpp:36:51:[m[K [01;31m[Kerror: [m[Kexpected ‘[01m[K;[m[K’ at end of member declaration
[10.434s]    36 |     void SetPositionCallback(const geometry_msgs::[01;31m[KPose[m[K::ConstPtr& msg)
[10.434s]       |                                                   [01;31m[K^~~~[m[K
[10.434s]       |                                                       [32m[K;[m[K
[10.442s] [01m[K/home/emma/turtlebot3_rl_ws/src/bot_reset_plugin/src/bot_reset_plugin.cpp:36:57:[m[K [01;31m[Kerror: [m[K‘[01m[KConstPtr[m[K’ in namespace ‘[01m[K::[m[K’ does not name a type; did you mean ‘[01m[KConstSkyPtr[m[K’?
[10.443s]    36 |     void SetPositionCallback(const geometry_msgs::Pose::[01;31m[KConstPtr[m[K& msg)
[10.443s]       |                                                         [01;31m[K^~~~~~~~[m[K
[10.443s]       |                                                         [32m[KConstSkyPtr[m[K
[10.490s] [01m[K/home/emma/turtlebot3_rl_ws/src/bot_reset_plugin/src/bot_reset_plugin.cpp:57:26:[m[K [01;31m[Kerror: [m[K‘[01m[Kgeometry_msgs[m[K’ was not declared in this scope
[10.491s]    57 |     rclcpp::Subscription<[01;31m[Kgeometry_msgs[m[K::Pose>::SharedPtr pose_sub_;
[10.491s]       |                          [01;31m[K^~~~~~~~~~~~~[m[K
[10.491s] [01m[K/home/emma/turtlebot3_rl_ws/src/bot_reset_plugin/src/bot_reset_plugin.cpp:57:45:[m[K [01;31m[Kerror: [m[Ktemplate argument 1 is invalid
[10.491s]    57 |     rclcpp::Subscription<geometry_msgs::Pose[01;31m[K>[m[K::SharedPtr pose_sub_;
[10.491s]       |                                             [01;31m[K^[m[K
[10.491s] [01m[K/home/emma/turtlebot3_rl_ws/src/bot_reset_plugin/src/bot_reset_plugin.cpp:57:45:[m[K [01;31m[Kerror: [m[Ktemplate argument 3 is invalid
[10.491s] [01m[K/home/emma/turtlebot3_rl_ws/src/bot_reset_plugin/src/bot_reset_plugin.cpp:57:45:[m[K [01;31m[Kerror: [m[Ktemplate argument 4 is invalid
[10.491s] [01m[K/home/emma/turtlebot3_rl_ws/src/bot_reset_plugin/src/bot_reset_plugin.cpp:57:45:[m[K [01;31m[Kerror: [m[Ktemplate argument 5 is invalid
[10.494s] [01m[K/home/emma/turtlebot3_rl_ws/src/bot_reset_plugin/src/bot_reset_plugin.cpp:57:48:[m[K [01;31m[Kerror: [m[Kexpected ‘[01m[K;[m[K’ at end of member declaration
[10.494s]    57 |     rclcpp::Subscription<geometry_msgs::Pose>::[01;31m[KSharedPtr[m[K pose_sub_;
[10.494s]       |                                                [01;31m[K^~~~~~~~~[m[K
[10.494s]       |                                                         [32m[K;[m[K
[10.500s] [01m[K/home/emma/turtlebot3_rl_ws/src/bot_reset_plugin/src/bot_reset_plugin.cpp:57:58:[m[K [01;31m[Kerror: [m[K‘[01m[Kpose_sub_[m[K’ does not name a type
[10.500s]    57 |     rclcpp::Subscription<geometry_msgs::Pose>::SharedPtr [01;31m[Kpose_sub_[m[K;
[10.500s]       |                                                          [01;31m[K^~~~~~~~~[m[K
[10.503s] [01m[K/home/emma/turtlebot3_rl_ws/src/bot_reset_plugin/src/bot_reset_plugin.cpp:[m[K In member function ‘[01m[Kvirtual void gazebo::BotResetPlugin::Load(gazebo::physics::ModelPtr, sdf::v9::ElementPtr)[m[K’:
[10.503s] [01m[K/home/emma/turtlebot3_rl_ws/src/bot_reset_plugin/src/bot_reset_plugin.cpp:26:13:[m[K [01;31m[Kerror: [m[K‘[01m[Kclass gazebo::BotResetPlugin[m[K’ has no member named ‘[01m[KposeSub[m[K’
[10.503s]    26 |       this->[01;31m[KposeSub[m[K = this->rosNode->subscribe("/set_bot_position", 10, &BotResetPlugin::SetPositionCallback, this);
[10.503s]       |             [01;31m[K^~~~~~~[m[K
[10.503s] [01m[K/home/emma/turtlebot3_rl_ws/src/bot_reset_plugin/src/bot_reset_plugin.cpp:26:29:[m[K [01;31m[Kerror: [m[K‘[01m[Kclass gazebo::BotResetPlugin[m[K’ has no member named ‘[01m[KrosNode[m[K’; did you mean ‘[01m[Kros_node_[m[K’?
[10.508s]    26 |       this->poseSub = this->[01;31m[KrosNode[m[K->subscribe("/set_bot_position", 10, &BotResetPlugin::SetPositionCallback, this);
[10.508s]       |                             [01;31m[K^~~~~~~[m[K
[10.509s]       |                             [32m[Kros_node_[m[K
[10.543s] [01m[K/home/emma/turtlebot3_rl_ws/src/bot_reset_plugin/src/bot_reset_plugin.cpp:28:7:[m[K [01;31m[Kerror: [m[K‘[01m[Kreset_sub_[m[K’ was not declared in this scope
[10.543s]    28 |       [01;31m[Kreset_sub_[m[K = ros_node_->create_subscription<std_msgs::msg::Empty>(
[10.543s]       |       [01;31m[K^~~~~~~~~~[m[K
[12.305s] In file included from [01m[K/opt/ros/humble/include/rclcpp/rclcpp/client.hpp:39[m[K,
[12.306s]                  from [01m[K/opt/ros/humble/include/rclcpp/rclcpp/callback_group.hpp:24[m[K,
[12.306s]                  from [01m[K/opt/ros/humble/include/rclcpp/rclcpp/any_executable.hpp:20[m[K,
[12.306s]                  from [01m[K/opt/ros/humble/include/rclcpp/rclcpp/memory_strategy.hpp:25[m[K,
[12.306s]                  from [01m[K/opt/ros/humble/include/rclcpp/rclcpp/memory_strategies.hpp:18[m[K,
[12.306s]                  from [01m[K/opt/ros/humble/include/rclcpp/rclcpp/executor_options.hpp:20[m[K,
[12.306s]                  from [01m[K/opt/ros/humble/include/rclcpp/rclcpp/executor.hpp:37[m[K,
[12.306s]                  from [01m[K/opt/ros/humble/include/rclcpp/rclcpp/executors/multi_threaded_executor.hpp:25[m[K,
[12.306s]                  from [01m[K/opt/ros/humble/include/rclcpp/rclcpp/executors.hpp:21[m[K,
[12.306s]                  from [01m[K/opt/ros/humble/include/rclcpp/rclcpp/rclcpp.hpp:155[m[K,
[12.306s]                  from [01m[K/home/emma/turtlebot3_rl_ws/src/bot_reset_plugin/src/bot_reset_plugin.cpp:4[m[K:
[12.310s] /opt/ros/humble/include/rclcpp/rclcpp/function_traits.hpp: In instantiation of ‘[01m[Kstruct rclcpp::function_traits::function_traits<std::_Bind<void (gazebo::BotResetPlugin::*(gazebo::BotResetPlugin*, std::_Placeholder<1>))(...)> >[m[K’:
[12.310s] [01m[K/opt/ros/humble/include/rclcpp/rclcpp/any_subscription_callback.hpp:380:10:[m[K   recursively required by substitution of ‘[01m[Ktemplate<class MessageT, class CallbackT> struct rclcpp::detail::SubscriptionCallbackTypeHelper<MessageT, CallbackT, typename std::enable_if<rclcpp::function_traits::same_arguments<CallbackT, std::function<void(std::shared_ptr<_Tp>, const rclcpp::MessageInfo&)> >::value, void>::type> [with MessageT = std_msgs::msg::Empty_<std::allocator<void> >; CallbackT = std::_Bind<void (gazebo::BotResetPlugin::*(gazebo::BotResetPlugin*, std::_Placeholder<1>))(...)>][m[K’
[12.310s] [01m[K/opt/ros/humble/include/rclcpp/rclcpp/any_subscription_callback.hpp:380:10:[m[K   required from ‘[01m[Krclcpp::AnySubscriptionCallback<MessageT, AllocatorT> rclcpp::AnySubscriptionCallback<MessageT, AllocatorT>::set(CallbackT) [with CallbackT = std::_Bind<void (gazebo::BotResetPlugin::*(gazebo::BotResetPlugin*, std::_Placeholder<1>))(...)>; MessageT = std_msgs::msg::Empty_<std::allocator<void> >; AllocatorT = std::allocator<void>][m[K’
[12.310s] [01m[K/opt/ros/humble/include/rclcpp/rclcpp/subscription_factory.hpp:94:32:[m[K   required from ‘[01m[Krclcpp::SubscriptionFactory rclcpp::create_subscription_factory(CallbackT&&, const rclcpp::SubscriptionOptionsWithAllocator<AllocatorT>&, typename MessageMemoryStrategyT::SharedPtr, std::shared_ptr<rclcpp::topic_statistics::SubscriptionTopicStatistics<ROSMessageType> >) [with MessageT = std_msgs::msg::Empty_<std::allocator<void> >; CallbackT = std::_Bind<void (gazebo::BotResetPlugin::*(gazebo::BotResetPlugin*, std::_Placeholder<1>))(...)>; AllocatorT = std::allocator<void>; SubscriptionT = rclcpp::Subscription<std_msgs::msg::Empty_<std::allocator<void> >, std::allocator<void>, std_msgs::msg::Empty_<std::allocator<void> >, std_msgs::msg::Empty_<std::allocator<void> >, rclcpp::message_memory_strategy::MessageMemoryStrategy<std_msgs::msg::Empty_<std::allocator<void> >, std::allocator<void> > >; MessageMemoryStrategyT = rclcpp::message_memory_strategy::MessageMemoryStrategy<std_msgs::msg::Empty_<std::allocator<void> >, std::allocator<void> >; ROSMessageType = std_msgs::msg::Empty_<std::allocator<void> >; typename MessageMemoryStrategyT::SharedPtr = std::shared_ptr<rclcpp::message_memory_strategy::MessageMemoryStrategy<std_msgs::msg::Empty_<std::allocator<void> >, std::allocator<void> > >][m[K’
[12.310s] [01m[K/opt/ros/humble/include/rclcpp/rclcpp/create_subscription.hpp:122:63:[m[K   required from ‘[01m[Kstd::shared_ptr<ROSMessageT> rclcpp::detail::create_subscription(NodeParametersT&, NodeTopicsT&, const string&, const rclcpp::QoS&, CallbackT&&, const rclcpp::SubscriptionOptionsWithAllocator<AllocatorT>&, typename MessageMemoryStrategyT::SharedPtr) [with MessageT = std_msgs::msg::Empty_<std::allocator<void> >; CallbackT = std::_Bind<void (gazebo::BotResetPlugin::*(gazebo::BotResetPlugin*, std::_Placeholder<1>))(...)>; AllocatorT = std::allocator<void>; SubscriptionT = rclcpp::Subscription<std_msgs::msg::Empty_<std::allocator<void> >, std::allocator<void>, std_msgs::msg::Empty_<std::allocator<void> >, std_msgs::msg::Empty_<std::allocator<void> >, rclcpp::message_memory_strategy::MessageMemoryStrategy<std_msgs::msg::Empty_<std::allocator<void> >, std::allocator<void> > >; MessageMemoryStrategyT = rclcpp::message_memory_strategy::MessageMemoryStrategy<std_msgs::msg::Empty_<std::allocator<void> >, std::allocator<void> >; NodeParametersT = rclcpp::Node; NodeTopicsT = rclcpp::Node; ROSMessageType = std_msgs::msg::Empty_<std::allocator<void> >; std::string = std::__cxx11::basic_string<char>; typename MessageMemoryStrategyT::SharedPtr = std::shared_ptr<rclcpp::message_memory_strategy::MessageMemoryStrategy<std_msgs::msg::Empty_<std::allocator<void> >, std::allocator<void> > >][m[K’
[12.310s] [01m[K/opt/ros/humble/include/rclcpp/rclcpp/create_subscription.hpp:191:76:[m[K   required from ‘[01m[Kstd::shared_ptr<ROSMessageT> rclcpp::create_subscription(NodeT&, const string&, const rclcpp::QoS&, CallbackT&&, const rclcpp::SubscriptionOptionsWithAllocator<AllocatorT>&, typename MessageMemoryStrategyT::SharedPtr) [with MessageT = std_msgs::msg::Empty_<std::allocator<void> >; CallbackT = std::_Bind<void (gazebo::BotResetPlugin::*(gazebo::BotResetPlugin*, std::_Placeholder<1>))(...)>; AllocatorT = std::allocator<void>; SubscriptionT = rclcpp::Subscription<std_msgs::msg::Empty_<std::allocator<void> >, std::allocator<void>, std_msgs::msg::Empty_<std::allocator<void> >, std_msgs::msg::Empty_<std::allocator<void> >, rclcpp::message_memory_strategy::MessageMemoryStrategy<std_msgs::msg::Empty_<std::allocator<void> >, std::allocator<void> > >; MessageMemoryStrategyT = rclcpp::message_memory_strategy::MessageMemoryStrategy<std_msgs::msg::Empty_<std::allocator<void> >, std::allocator<void> >; NodeT = rclcpp::Node; std::string = std::__cxx11::basic_string<char>; typename MessageMemoryStrategyT::SharedPtr = std::shared_ptr<rclcpp::message_memory_strategy::MessageMemoryStrategy<std_msgs::msg::Empty_<std::allocator<void> >, std::allocator<void> > >][m[K’
[12.310s] [01m[K/opt/ros/humble/include/rclcpp/rclcpp/node_impl.hpp:99:47:[m[K   required from ‘[01m[Kstd::shared_ptr<ROSMessageT> rclcpp::Node::create_subscription(const string&, const rclcpp::QoS&, CallbackT&&, const rclcpp::SubscriptionOptionsWithAllocator<AllocatorT>&, typename MessageMemoryStrategyT::SharedPtr) [with MessageT = std_msgs::msg::Empty_<std::allocator<void> >; CallbackT = std::_Bind<void (gazebo::BotResetPlugin::*(gazebo::BotResetPlugin*, std::_Placeholder<1>))(...)>; AllocatorT = std::allocator<void>; SubscriptionT = rclcpp::Subscription<std_msgs::msg::Empty_<std::allocator<void> >, std::allocator<void>, std_msgs::msg::Empty_<std::allocator<void> >, std_msgs::msg::Empty_<std::allocator<void> >, rclcpp::message_memory_strategy::MessageMemoryStrategy<std_msgs::msg::Empty_<std::allocator<void> >, std::allocator<void> > >; MessageMemoryStrategyT = rclcpp::message_memory_strategy::MessageMemoryStrategy<std_msgs::msg::Empty_<std::allocator<void> >, std::allocator<void> >; std::string = std::__cxx11::basic_string<char>; typename MessageMemoryStrategyT::SharedPtr = std::shared_ptr<rclcpp::message_memory_strategy::MessageMemoryStrategy<std_msgs::msg::Empty_<std::allocator<void> >, std::allocator<void> > >][m[K’
[12.310s] [01m[K/home/emma/turtlebot3_rl_ws/src/bot_reset_plugin/src/bot_reset_plugin.cpp:28:72:[m[K   required from here
[12.310s] [01m[K/opt/ros/humble/include/rclcpp/rclcpp/function_traits.hpp:51:9:[m[K [01;31m[Kerror: [m[K‘[01m[Kdecltype[m[K’ cannot resolve address of overloaded function
[12.311s]    51 |   using [01;31m[Karguments[m[K = typename tuple_tail<
[12.311s]       |         [01;31m[K^~~~~~~~~[m[K
[12.311s] [01m[K/opt/ros/humble/include/rclcpp/rclcpp/function_traits.hpp:57:9:[m[K [01;31m[Kerror: [m[K‘[01m[Kdecltype[m[K’ cannot resolve address of overloaded function
[12.311s]    57 |   using [01;31m[Kargument_type[m[K = typename std::tuple_element<N, arguments>::type;
[12.311s]       |         [01;31m[K^~~~~~~~~~~~~[m[K
[12.311s] [01m[K/opt/ros/humble/include/rclcpp/rclcpp/function_traits.hpp:59:9:[m[K [01;31m[Kerror: [m[K‘[01m[Kdecltype[m[K’ cannot resolve address of overloaded function
[12.311s]    59 |   using [01;31m[Kreturn_type[m[K = typename function_traits<decltype( &FunctionT::operator())>::return_type;
[12.311s]       |         [01;31m[K^~~~~~~~~~~[m[K
[16.153s] gmake[2]: *** [CMakeFiles/bot_reset_plugin.dir/build.make:76: CMakeFiles/bot_reset_plugin.dir/src/bot_reset_plugin.cpp.o] Error 1
[16.153s] gmake[1]: *** [CMakeFiles/Makefile2:137: CMakeFiles/bot_reset_plugin.dir/all] Error 2
[16.153s] gmake: *** [Makefile:146: all] Error 2
[16.157s] Invoked command in '/home/emma/turtlebot3_rl_ws/build/bot_reset_plugin' returned '2': /usr/bin/cmake --build /home/emma/turtlebot3_rl_ws/build/bot_reset_plugin -- -j4 -l4
