[1.431s] Invoking command in '/home/emma/turtlebot3_rl_ws/src/turtlebot3_rl': PYTHONPATH=/home/emma/turtlebot3_rl_ws/build/turtlebot3_rl/prefix_override:/usr/lib/python3/dist-packages/colcon_core/task/python/colcon_distutils_commands:/home/emma/turtlebot3_rl_ws/install/turtlebot3_rl/lib/python3.10/site-packages:${PYTHONPATH} /usr/bin/python3 -W ignore:setup.py install is deprecated -W ignore:easy_install command is deprecated setup.py egg_info --egg-base ../../build/turtlebot3_rl build --build-base /home/emma/turtlebot3_rl_ws/build/turtlebot3_rl/build install --record /home/emma/turtlebot3_rl_ws/build/turtlebot3_rl/install.log --single-version-externally-managed install_data
[1.792s] running egg_info
[1.793s] writing ../../build/turtlebot3_rl/turtlebot3_rl.egg-info/PKG-INFO
[1.795s] writing dependency_links to ../../build/turtlebot3_rl/turtlebot3_rl.egg-info/dependency_links.txt
[1.796s] writing entry points to ../../build/turtlebot3_rl/turtlebot3_rl.egg-info/entry_points.txt
[1.796s] writing requirements to ../../build/turtlebot3_rl/turtlebot3_rl.egg-info/requires.txt
[1.797s] writing top-level names to ../../build/turtlebot3_rl/turtlebot3_rl.egg-info/top_level.txt
[1.802s] reading manifest file '../../build/turtlebot3_rl/turtlebot3_rl.egg-info/SOURCES.txt'
[1.803s] writing manifest file '../../build/turtlebot3_rl/turtlebot3_rl.egg-info/SOURCES.txt'
[1.805s] running build
[1.805s] running build_py
[1.805s] copying turtlebot3_rl/turtlebot3_env_test2.py -> /home/emma/turtlebot3_rl_ws/build/turtlebot3_rl/build/lib/turtlebot3_rl
[1.805s] running install
[1.807s] running install_lib
[1.807s] copying /home/emma/turtlebot3_rl_ws/build/turtlebot3_rl/build/lib/turtlebot3_rl/turtlebot3_env_test2.py -> /home/emma/turtlebot3_rl_ws/install/turtlebot3_rl/lib/python3.10/site-packages/turtlebot3_rl
[1.808s] byte-compiling /home/emma/turtlebot3_rl_ws/install/turtlebot3_rl/lib/python3.10/site-packages/turtlebot3_rl/turtlebot3_env_test2.py to turtlebot3_env_test2.cpython-310.pyc
[1.811s] running install_data
[1.812s] running install_egg_info
[1.816s] removing '/home/emma/turtlebot3_rl_ws/install/turtlebot3_rl/lib/python3.10/site-packages/turtlebot3_rl-0.0.0-py3.10.egg-info' (and everything under it)
[1.818s] Copying ../../build/turtlebot3_rl/turtlebot3_rl.egg-info to /home/emma/turtlebot3_rl_ws/install/turtlebot3_rl/lib/python3.10/site-packages/turtlebot3_rl-0.0.0-py3.10.egg-info
[1.818s] running install_scripts
[1.850s] writing list of installed files to '/home/emma/turtlebot3_rl_ws/build/turtlebot3_rl/install.log'
[1.880s] Invoked command in '/home/emma/turtlebot3_rl_ws/src/turtlebot3_rl' returned '0': PYTHONPATH=/home/emma/turtlebot3_rl_ws/build/turtlebot3_rl/prefix_override:/usr/lib/python3/dist-packages/colcon_core/task/python/colcon_distutils_commands:/home/emma/turtlebot3_rl_ws/install/turtlebot3_rl/lib/python3.10/site-packages:${PYTHONPATH} /usr/bin/python3 -W ignore:setup.py install is deprecated -W ignore:easy_install command is deprecated setup.py egg_info --egg-base ../../build/turtlebot3_rl build --build-base /home/emma/turtlebot3_rl_ws/build/turtlebot3_rl/build install --record /home/emma/turtlebot3_rl_ws/build/turtlebot3_rl/install.log --single-version-externally-managed install_data
