[1.508s] Invoking command in '/home/emma/turtlebot3_rl_ws/src/train_controller': PYTHONPATH=/home/emma/turtlebot3_rl_ws/build/train_controller/prefix_override:/usr/lib/python3/dist-packages/colcon_core/task/python/colcon_distutils_commands:/home/emma/turtlebot3_rl_ws/install/train_controller/lib/python3.10/site-packages:${PYTHONPATH} /usr/bin/python3 -W ignore:setup.py install is deprecated -W ignore:easy_install command is deprecated setup.py egg_info --egg-base ../../build/train_controller build --build-base /home/emma/turtlebot3_rl_ws/build/train_controller/build install --record /home/emma/turtlebot3_rl_ws/build/train_controller/install.log --single-version-externally-managed install_data
[1.961s] running egg_info
[1.964s] writing ../../build/train_controller/train_controller.egg-info/PKG-INFO
[1.964s] writing dependency_links to ../../build/train_controller/train_controller.egg-info/dependency_links.txt
[1.964s] writing entry points to ../../build/train_controller/train_controller.egg-info/entry_points.txt
[1.965s] writing requirements to ../../build/train_controller/train_controller.egg-info/requires.txt
[1.965s] writing top-level names to ../../build/train_controller/train_controller.egg-info/top_level.txt
[1.968s] reading manifest file '../../build/train_controller/train_controller.egg-info/SOURCES.txt'
[1.968s] writing manifest file '../../build/train_controller/train_controller.egg-info/SOURCES.txt'
[1.969s] running build
[1.969s] running build_py
[1.969s] copying train_controller/train_control_node.py -> /home/emma/turtlebot3_rl_ws/build/train_controller/build/lib/train_controller
[1.969s] running install
[1.969s] running install_lib
[1.975s] copying /home/emma/turtlebot3_rl_ws/build/train_controller/build/lib/train_controller/train_control_node.py -> /home/emma/turtlebot3_rl_ws/install/train_controller/lib/python3.10/site-packages/train_controller
[1.976s] byte-compiling /home/emma/turtlebot3_rl_ws/install/train_controller/lib/python3.10/site-packages/train_controller/train_control_node.py to train_control_node.cpython-310.pyc
[1.976s] running install_data
[1.976s] running install_egg_info
[1.985s] removing '/home/emma/turtlebot3_rl_ws/install/train_controller/lib/python3.10/site-packages/train_controller-1.0-py3.10.egg-info' (and everything under it)
[1.997s] Copying ../../build/train_controller/train_controller.egg-info to /home/emma/turtlebot3_rl_ws/install/train_controller/lib/python3.10/site-packages/train_controller-1.0-py3.10.egg-info
[1.998s] running install_scripts
[2.022s] Installing train_control_node script to /home/emma/turtlebot3_rl_ws/install/train_controller/lib/train_controller
[2.023s] writing list of installed files to '/home/emma/turtlebot3_rl_ws/build/train_controller/install.log'
[2.068s] Invoked command in '/home/emma/turtlebot3_rl_ws/src/train_controller' returned '0': PYTHONPATH=/home/emma/turtlebot3_rl_ws/build/train_controller/prefix_override:/usr/lib/python3/dist-packages/colcon_core/task/python/colcon_distutils_commands:/home/emma/turtlebot3_rl_ws/install/train_controller/lib/python3.10/site-packages:${PYTHONPATH} /usr/bin/python3 -W ignore:setup.py install is deprecated -W ignore:easy_install command is deprecated setup.py egg_info --egg-base ../../build/train_controller build --build-base /home/emma/turtlebot3_rl_ws/build/train_controller/build install --record /home/emma/turtlebot3_rl_ws/build/train_controller/install.log --single-version-externally-managed install_data
