[0.042s] Invoking command in '/home/emma/turtlebot3_rl_ws/build/bot_reset_plugin': /usr/bin/cmake --build /home/emma/turtlebot3_rl_ws/build/bot_reset_plugin -- -j4 -l4
[0.474s] [35m[1mConsolidate compiler generated dependencies of target bot_reset_plugin[0m
[0.474s] [100%] Built target bot_reset_plugin
[0.482s] Invoked command in '/home/emma/turtlebot3_rl_ws/build/bot_reset_plugin' returned '0': /usr/bin/cmake --build /home/emma/turtlebot3_rl_ws/build/bot_reset_plugin -- -j4 -l4
[0.515s] Invoking command in '/home/emma/turtlebot3_rl_ws/build/bot_reset_plugin': /usr/bin/cmake --install /home/emma/turtlebot3_rl_ws/build/bot_reset_plugin
[0.561s] -- Install configuration: ""
[0.561s] -- Up-to-date: /home/emma/turtlebot3_rl_ws/install/bot_reset_plugin/lib/libbot_reset_plugin.so
[0.589s] -- Up-to-date: /home/emma/turtlebot3_rl_ws/install/bot_reset_plugin/share/ament_index/resource_index/package_run_dependencies/bot_reset_plugin
[0.589s] -- Up-to-date: /home/emma/turtlebot3_rl_ws/install/bot_reset_plugin/share/ament_index/resource_index/parent_prefix_path/bot_reset_plugin
[0.590s] -- Up-to-date: /home/emma/turtlebot3_rl_ws/install/bot_reset_plugin/share/bot_reset_plugin/environment/ament_prefix_path.sh
[0.590s] -- Up-to-date: /home/emma/turtlebot3_rl_ws/install/bot_reset_plugin/share/bot_reset_plugin/environment/ament_prefix_path.dsv
[0.590s] -- Up-to-date: /home/emma/turtlebot3_rl_ws/install/bot_reset_plugin/share/bot_reset_plugin/environment/path.sh
[0.591s] -- Up-to-date: /home/emma/turtlebot3_rl_ws/install/bot_reset_plugin/share/bot_reset_plugin/environment/path.dsv
[0.591s] -- Up-to-date: /home/emma/turtlebot3_rl_ws/install/bot_reset_plugin/share/bot_reset_plugin/local_setup.bash
[0.591s] -- Up-to-date: /home/emma/turtlebot3_rl_ws/install/bot_reset_plugin/share/bot_reset_plugin/local_setup.sh
[0.591s] -- Up-to-date: /home/emma/turtlebot3_rl_ws/install/bot_reset_plugin/share/bot_reset_plugin/local_setup.zsh
[0.591s] -- Up-to-date: /home/emma/turtlebot3_rl_ws/install/bot_reset_plugin/share/bot_reset_plugin/local_setup.dsv
[0.591s] -- Installing: /home/emma/turtlebot3_rl_ws/install/bot_reset_plugin/share/bot_reset_plugin/package.dsv
[0.591s] -- Up-to-date: /home/emma/turtlebot3_rl_ws/install/bot_reset_plugin/share/ament_index/resource_index/packages/bot_reset_plugin
[0.591s] -- Up-to-date: /home/emma/turtlebot3_rl_ws/install/bot_reset_plugin/share/bot_reset_plugin/cmake/bot_reset_pluginConfig.cmake
[0.591s] -- Up-to-date: /home/emma/turtlebot3_rl_ws/install/bot_reset_plugin/share/bot_reset_plugin/cmake/bot_reset_pluginConfig-version.cmake
[0.591s] -- Up-to-date: /home/emma/turtlebot3_rl_ws/install/bot_reset_plugin/share/bot_reset_plugin/package.xml
[0.614s] Invoked command in '/home/emma/turtlebot3_rl_ws/build/bot_reset_plugin' returned '0': /usr/bin/cmake --install /home/emma/turtlebot3_rl_ws/build/bot_reset_plugin
