[6.911s] Invoking command in '/home/emma/turtlebot3_rl_ws/src/train_controller': PYTHONPATH=/home/emma/turtlebot3_rl_ws/build/train_controller/prefix_override:/usr/lib/python3/dist-packages/colcon_core/task/python/colcon_distutils_commands:/home/emma/turtlebot3_rl_ws/install/train_controller/lib/python3.10/site-packages:${PYTHONPATH} /usr/bin/python3 -W ignore:setup.py install is deprecated -W ignore:easy_install command is deprecated setup.py egg_info --egg-base ../../build/train_controller build --build-base /home/emma/turtlebot3_rl_ws/build/train_controller/build install --record /home/emma/turtlebot3_rl_ws/build/train_controller/install.log --single-version-externally-managed install_data
[8.859s] running egg_info
[8.864s] writing ../../build/train_controller/train_controller.egg-info/PKG-INFO
[8.865s] writing dependency_links to ../../build/train_controller/train_controller.egg-info/dependency_links.txt
[8.866s] writing entry points to ../../build/train_controller/train_controller.egg-info/entry_points.txt
[8.884s] writing requirements to ../../build/train_controller/train_controller.egg-info/requires.txt
[8.884s] writing top-level names to ../../build/train_controller/train_controller.egg-info/top_level.txt
[8.905s] reading manifest file '../../build/train_controller/train_controller.egg-info/SOURCES.txt'
[8.919s] writing manifest file '../../build/train_controller/train_controller.egg-info/SOURCES.txt'
[8.931s] running build
[8.931s] running build_py
[8.941s] running install
[8.941s] running install_lib
[8.955s] running install_data
[8.965s] running install_egg_info
[8.992s] removing '/home/emma/turtlebot3_rl_ws/install/train_controller/lib/python3.10/site-packages/train_controller-1.0-py3.10.egg-info' (and everything under it)
[9.001s] Copying ../../build/train_controller/train_controller.egg-info to /home/emma/turtlebot3_rl_ws/install/train_controller/lib/python3.10/site-packages/train_controller-1.0-py3.10.egg-info
[9.025s] running install_scripts
[9.163s] Installing train_control_node script to /home/emma/turtlebot3_rl_ws/install/train_controller/lib/train_controller
[9.181s] writing list of installed files to '/home/emma/turtlebot3_rl_ws/build/train_controller/install.log'
[9.372s] Invoked command in '/home/emma/turtlebot3_rl_ws/src/train_controller' returned '0': PYTHONPATH=/home/emma/turtlebot3_rl_ws/build/train_controller/prefix_override:/usr/lib/python3/dist-packages/colcon_core/task/python/colcon_distutils_commands:/home/emma/turtlebot3_rl_ws/install/train_controller/lib/python3.10/site-packages:${PYTHONPATH} /usr/bin/python3 -W ignore:setup.py install is deprecated -W ignore:easy_install command is deprecated setup.py egg_info --egg-base ../../build/train_controller build --build-base /home/emma/turtlebot3_rl_ws/build/train_controller/build install --record /home/emma/turtlebot3_rl_ws/build/train_controller/install.log --single-version-externally-managed install_data
