[5.679s] Invoking command in '/home/emma/turtlebot3_rl_ws/src/turtlebot3_rl': PYTHONPATH=/home/emma/turtlebot3_rl_ws/build/turtlebot3_rl/prefix_override:/usr/lib/python3/dist-packages/colcon_core/task/python/colcon_distutils_commands:/home/emma/turtlebot3_rl_ws/install/turtlebot3_rl/lib/python3.10/site-packages:${PYTHONPATH} /usr/bin/python3 -W ignore:setup.py install is deprecated -W ignore:easy_install command is deprecated setup.py egg_info --egg-base ../../build/turtlebot3_rl build --build-base /home/emma/turtlebot3_rl_ws/build/turtlebot3_rl/build install --record /home/emma/turtlebot3_rl_ws/build/turtlebot3_rl/install.log --single-version-externally-managed install_data
[7.320s] running egg_info
[7.321s] writing ../../build/turtlebot3_rl/turtlebot3_rl.egg-info/PKG-INFO
[7.321s] writing dependency_links to ../../build/turtlebot3_rl/turtlebot3_rl.egg-info/dependency_links.txt
[7.326s] writing entry points to ../../build/turtlebot3_rl/turtlebot3_rl.egg-info/entry_points.txt
[7.337s] writing requirements to ../../build/turtlebot3_rl/turtlebot3_rl.egg-info/requires.txt
[7.337s] writing top-level names to ../../build/turtlebot3_rl/turtlebot3_rl.egg-info/top_level.txt
[7.359s] reading manifest file '../../build/turtlebot3_rl/turtlebot3_rl.egg-info/SOURCES.txt'
[7.363s] writing manifest file '../../build/turtlebot3_rl/turtlebot3_rl.egg-info/SOURCES.txt'
[7.369s] running build
[7.370s] running build_py
[7.379s] running install
[7.382s] running install_lib
[7.397s] running install_data
[7.405s] running install_egg_info
[7.411s] removing '/home/emma/turtlebot3_rl_ws/install/turtlebot3_rl/lib/python3.10/site-packages/turtlebot3_rl-0.0.0-py3.10.egg-info' (and everything under it)
[7.413s] Copying ../../build/turtlebot3_rl/turtlebot3_rl.egg-info to /home/emma/turtlebot3_rl_ws/install/turtlebot3_rl/lib/python3.10/site-packages/turtlebot3_rl-0.0.0-py3.10.egg-info
[7.416s] running install_scripts
[7.537s] writing list of installed files to '/home/emma/turtlebot3_rl_ws/build/turtlebot3_rl/install.log'
[7.721s] Invoked command in '/home/emma/turtlebot3_rl_ws/src/turtlebot3_rl' returned '0': PYTHONPATH=/home/emma/turtlebot3_rl_ws/build/turtlebot3_rl/prefix_override:/usr/lib/python3/dist-packages/colcon_core/task/python/colcon_distutils_commands:/home/emma/turtlebot3_rl_ws/install/turtlebot3_rl/lib/python3.10/site-packages:${PYTHONPATH} /usr/bin/python3 -W ignore:setup.py install is deprecated -W ignore:easy_install command is deprecated setup.py egg_info --egg-base ../../build/turtlebot3_rl build --build-base /home/emma/turtlebot3_rl_ws/build/turtlebot3_rl/build install --record /home/emma/turtlebot3_rl_ws/build/turtlebot3_rl/install.log --single-version-externally-managed install_data
